center_freq
3781250000.0
Spectral resolution
97656.25
-102.066894317
-102.532929868
-101.818978127
-102.075977298
-104.276167564
-102.131243117
-102.006801875
-100.329339974
-101.371217181
-100.91677137
-101.243640807
-103.027885893
-102.766096097
-100.818843475
-101.742057426
-101.059158411
-101.749418867
-103.217996732
-103.482038781
-104.128337216
-101.617893587
-100.883939294
-103.216991301
-103.218254703
-103.086506493
-102.247194209
-101.680970466
-103.505669859
-104.159055283
-103.840973739
-101.943883073
-103.676297314
-103.834468217
-103.793143719
-104.419055102
-104.634669991
-105.293548669
-104.718615348
-104.718963013
-104.243442576
-104.221364031
-104.896825328
-103.440012267
-103.298878872
-104.02649323
-105.010551507
-105.163664944
-103.568282004
-103.949966083
-103.209753134
-103.406516777
-103.027344583
-104.49754127
-104.225541167
-105.033283192
-104.581736181
-104.425432738
-104.579799348
-104.184209208
-103.077393557
-104.864228817
-105.091834283
-105.143596045
-105.237371969
-104.674800172
-104.758853921
-104.427278941
-104.161571616
-103.915194272
-104.549573148
-104.31976251
-104.363563373
-104.103686514
-101.562313573
-101.565407331
-102.163366928
-103.545284892
-104.050440676
-103.687433385
-102.975078983
-103.558531148
-102.254580431
-103.437539166
-104.194944087
-103.743815259
-103.691008568
-104.321032918
-104.572037752
-104.080427073
-103.524183665
-102.180430755
-105.069244511
-104.563671948
-102.895526856
-104.195092325
-104.043281458
-103.858126376
-103.606185695
-102.927411224
-104.564741525
-104.082884265
-104.058584745
-103.432260194
-103.823299844
-103.336397439
-103.013120113
-102.364483878
-104.133439035
-104.394269119
-103.668238328
-102.620113632
-103.577958462
-104.180908566
-104.156302901
-103.931656934
-104.489588543
-103.033774815
-104.448852888
-104.622517563
-103.064546585
-103.945483012
-105.108893075
-104.297284306
-104.100626884
-104.254176128
-105.76389698
-105.700711215
-105.40833252
-103.890654841
-102.961933477
-102.92268606
-104.169271982
-104.746030693
-104.398789729
-104.167030702
-104.504315139
-104.304050701
-105.316100185
-104.715328589
-104.9683313
-103.625455479
-103.954328619
-103.247819817
-104.48774039
-104.975476969
-102.430532363
-104.470330177
-104.378670305
-104.879451383
-103.863791071
-103.466813225
-103.126521058
-104.4717782
-104.723812248
-103.137910681
-104.005608971
-104.553873496
-103.579241465
-104.716296892
-104.036398343
