2356250000.0
97656.25
-62.3486541896
-62.5326522893
-65.6826743881
-69.67097951
-68.2255346665
-66.2405180558
-65.0581082901
-67.6414460277
-65.2775649955
-68.2823641438
-67.6087466704
-64.6105776995
-65.4200727423
-65.1891703018
-64.9055428243
-64.6704644463
-66.847252498
-68.3096448469
-68.328592808
-67.0765851546
-66.7529551852
-67.9304962163
-67.9940405134
-68.0071729829
-63.8164103365
-64.3725738102
-67.0547905566
-66.0145101723
-64.8701681028
-64.199504098
-67.7441283627
-65.6411083736
-63.8039213822
-63.8015008058
-68.1662365159
-67.815224692
-65.4425706133
-66.6254111956
-67.993091213
-66.5580660607
-65.836940976
-68.1092169366
-65.8828662984
-67.3689131746
-67.3995458296
-67.2034156229
-68.2838081571
-69.0271248932
-68.2208072297
-66.8054703795
-67.4861712593
-67.3505885124
-68.4730269534
-68.6113005623
-67.7247072148
-65.5100146191
-64.9812904908
-67.5402251841
-68.3160529249
-69.34126291
-67.8859655035
-67.2728907916
-66.6680474031
-65.0323014754
-64.0493745346
-64.3453794999
-65.7785033832
-66.9550721563
-66.2172793652
-66.1586893484
-65.5827332525
-65.2851973451
-65.7894687404
-68.0428004195
-66.7004760767
-65.4926591926
-68.0663528873
-67.8971288209
-63.8169018333
-64.1434485593
-66.6740572247
-66.2951702996
-64.5323547044
-66.7917682494
-69.2184747173
-67.901604443
-65.8081578789
-68.5864095397
-66.7780192735
-66.8206067255
-67.538506184
-67.4201677207
-67.3794563163
-66.6115877483
-67.4949504883
-67.1882391962
-68.3298035939
-67.4838177181
-66.2049152662
-66.1912317084
-68.345446706
-70.2770492597
-68.8203551706
-67.291887456
-68.2037371075
-68.6960736122
-68.6556771488
-66.2572195754
-64.930101704
-65.9355130514
-66.7254498753
-67.0465847979
-68.5110975555
-66.2510892147
-68.0942155007
-69.6266658373
-68.4342268449
-66.1963792106
-66.6474853594
-67.4883244505
-67.0532747515
-66.0019969458
-67.3083634169
-67.448476224
-63.6425405189
-63.7820266938
-66.7895745199
-67.6171466989
-68.9112683582
-67.6574163306
-66.7530214678
-70.2696227858
-68.5047396547
-66.4275928425
-64.9579160832
-65.6909298938
-66.2213316439
-67.3673713406
-67.3685199821
-68.0802630475
-65.8515089059
-67.3898143863
-67.3768610324
-67.7066722846
-67.1216531661
-66.9214030916
-69.3494820362
-68.9617169663
-70.108878819
-70.2920436286
-66.3975513632
-64.2804975655
-64.6444142914
-66.7543979441
-67.0289715062
-64.6280143477
-64.1035516839
-62.260540389
-64.4095915446
-67.9134161858
-65.6900761855
-65.8454325975
-66.6297768031
-65.6245258788
-65.6622940942
-67.7219815819
-67.7786036469
-67.0594918233
-65.4893182031
-65.3904317922
-65.0797335571
-65.3133694598
-64.6669213983
-66.8439466649
-66.1338459786
-66.2733077171
-64.7903324908
-61.8651268245
-62.5011919807
-66.267418001
-66.5420146403
-65.0474050215
-67.2585014352
-67.5583340614
-66.7839147143
-64.3224178203
-68.3850296556
-68.0208299858
-63.5617367209
-67.4769185661
-67.8970532795
-67.2792193927
-65.380015081
-64.2974404047
-64.9576763843
-65.5574034485
-65.9662104474
-65.346066411
-65.8501645706
-66.0756590469
-62.5517975958
-66.3709728011
-66.7810988255
-65.1447944906
-62.6843286161
-63.5300046442
-66.8262088801
-62.4736111223
-62.9018744581
-65.6683286084
-65.2297269044
-65.2465620849
-64.3028614854
-62.9212672075
-56.4497354601
-49.7839289555
-46.2738700267
-45.3376916457
-46.9089790728
-45.8979858673
-45.584334986
-44.8065173966
-46.1501682041
-44.73895596
-44.5211393346
-43.8282850967
-42.094791617
-42.6863212228
-44.558473831
-44.3468250556
-43.9453472977
-43.7794558116
-44.1212155801
-45.7087003121
-43.8583634096
-43.0318053103
-44.1008716965
-46.6452206937
-46.2438964931
-46.3031397312
-47.494166962
-47.9332687199
-48.7857401492
-49.5036875583
-51.2755082329
-52.748884068
-53.338431592
-52.6630981363
-49.7562047441
-49.0728496512
-48.6730773091
-48.679871559
-50.3391664441
-50.7012295918
-54.9012555112
-57.652992282
-52.8895169491
-53.5126273759
-58.2203396076
-58.3973655907
-55.2966373382
-53.5935888177
-51.3868721989
-52.3305615289
-52.7305198667
-52.9095579745
-53.6590500808
-55.2056918135
-58.9066018676
-59.2682759985
-54.8857259877
-54.4116974757
-53.6687519558
-53.1043977438
-52.6832016571
-52.4709370642
-53.1640671752
-53.5219497006
-52.8567249184
-50.7943806041
-48.8598345312
-49.0897277763
-52.1221079593
-54.0866900904
-56.7519682031
-56.487530455
-59.131146068
-56.1306124804
-55.3416807416
-50.1913107975
-47.3797216027
-47.4696610594
-50.7095074238
-49.8402768427
-49.0721709562
-51.4755805633
-55.7593817024
-53.1920431259
-52.7321694537
-55.2166517422
-55.0273053388
-50.8292548682
-47.5751817157
-46.6272046445
-48.543656201
-49.5183729962
-50.0035600546
-50.9091440237
-53.6876697744
-50.3568675425
-50.7754200853
-49.6397846678
-46.6609052797
-47.042344163
-52.1216763219
-56.8992710169
-51.2976896199
-50.4484680346
-51.2662674176
-48.0605194384
-48.0981170397
-51.7145877297
-53.5846035259
-53.2502948167
-54.0841463431
-53.7063122146
-49.4927698921
-48.5287337408
-48.478343529
-48.9046058752
-53.6886693501
-56.8156565859
-53.5610295237
-49.8791241848
-48.2477568528
-47.9922101723
-49.3947432943
-49.5566449858
-49.2038178125
-48.9309410017
-49.429480352
-50.409757649
-49.900396706
-48.7287696346
-48.5204929469
-49.3601867119
-50.8878368903
-50.9434968684
-49.4624406309
-49.5376021849
-51.2094172948
-53.0118143137
-50.7091759699
-48.3447547251
-48.0739865684
-49.5269807944
-49.874467786
-49.7357242816
-49.2193175969
-48.4969023524
-52.9900754508
-55.3066419204
-56.1083781059
-55.5167735539
-55.6229045761
-48.4125530931
-47.6785409979
-50.2455879485
-48.0668051528
-50.0916207703
-53.5959244988
-49.2969249757
-47.0924982104
-48.9314628452
-48.7953636895
-47.7156655552
-45.8563245875
-45.4368001404
-45.5268787538
-46.0492964518
-45.700382353
-44.9944890349
-44.5765406408
-45.0355585749
