3406250000.0
97656.25
-68.0346275344
-69.4125413698
-71.4800295328
-71.3029522496
-71.906735834
-71.1787303966
-69.7945938952
-69.5969539794
-70.7495336297
-72.6084906963
-71.5478532608
-69.39192399
-70.4410499491
-71.7227741752
-72.5769720944
-68.5774569548
-71.2047567504
-70.1318655984
-68.2115027533
-71.5289928307
-70.46456629
-70.0673546972
-72.7958382599
-69.9878406923
-69.8628532074
-69.1384035048
-68.7713068515
-69.8051361422
-70.7000570293
-72.4961759604
-71.8076455275
-70.6795521359
-72.0708500788
-71.2224771607
-70.5873426282
-70.2736019589
-69.5927238723
-67.6521354144
-70.0473757267
-66.7972596053
-68.0840482202
-68.695635588
-70.4339663006
-70.2253984662
-69.7205467605
-70.872488067
-72.6317093402
-71.6025037559
-70.4283210363
-69.9247294167
-70.5703698596
-71.2705837716
-70.4622354992
-69.2189770872
-67.9283580494
-68.2716626849
-68.3367551573
-72.3064989061
-69.7531531843
-70.3641098638
-70.4394942577
-71.6409831684
-71.3786220784
-70.7907128809
-70.7302367208
-69.9187668411
-68.0525588195
-67.8420833113
-70.402432016
-70.816431116
-72.3195005349
-71.3900207082
-68.6872878369
-67.2827905711
-68.9086704481
-68.8170274926
-69.386469603
-70.0691815394
-70.1717673727
-69.529312812
-69.8218041551
-73.3422031998
-72.7672084174
-71.4470788686
-68.1229319287
-68.0078022973
-69.036101383
-68.5275235402
-69.575190966
-68.1255148079
-67.8080289513
-70.4299971087
-70.0495779059
-68.7853763668
-68.0923291441
-68.3821773427
-70.200710476
-70.6427460785
-70.7008882561
-69.3889818434
-70.0327611142
-70.9187487997
-68.6511860887
-67.4478737039
-70.1666170461
-71.4037833627
-69.6185185589
-70.5756463349
-68.840570311
-69.4718087112
-69.8061836953
-69.0575486671
-70.6820965719
-72.6806406095
-70.1847598661
-70.9291503166
-71.5143363609
-70.5712385131
-70.2367620712
-68.1618861675
-67.8397821945
-68.5856902489
-69.3465193204
-70.7648966023
-68.091017588
-66.8990957836
-66.8557692596
-68.0867914889
-69.6030373554
-70.5906098239
-68.1685673593
-68.9403734908
-70.9829437245
-69.7278996651
-68.5278245301
-70.9339888623
-71.7391612262
-64.0313803867
-61.3647615809
-62.9022606642
-63.2904320398
-68.732381878
-72.1375672184
-72.0246029311
-72.8841719946
-72.8521717677
-69.338929282
-69.4675356571
-67.7009345106
-68.6597770731
-67.1396887527
-70.3918467625
-71.1719021326
-70.5098223134
-69.1515308903
-66.8246683047
-66.3066345375
-68.3556076034
-71.4590824695
-68.8927788289
-66.8280939669
-68.7286971514
-70.2240629085
-72.5956355588
-71.5341940796
-70.2646426058
-70.5704005595
-71.2642978476
-69.8426402601
-69.4074256298
-67.1485931525
-66.9695364027
-68.8164928912
-69.1288408171
-67.7599389258
-66.4153458417
-67.3291747401
-70.7691584299
-70.2606738284
-71.4624039946
-69.1386341297
-69.1149252936
-70.0927903869
-69.9249630748
-70.8126275308
-72.4642245033
-71.182633203
-71.317105379
-71.1407398012
-70.5691977599
-68.7991583125
-68.5939098181
-70.5315612407
-70.4401684445
-71.572044785
-70.4563679819
-71.1611517869
-70.0173321646
-69.6111256984
-67.988669707
-68.3710961787
-70.0544305767
-69.5979687311
-70.7548323937
-69.6278848574
-69.6408610297
-73.3574046421
-72.2603815435
-70.9456796439
-70.624076087
-70.0395063502
-71.8060256295
-72.2957816464
-72.5049951306
-70.1473978131
-66.8770582465
-67.1022029818
-70.5189161036
-69.5518838486
-69.8866645195
-68.2747821023
-69.3145382057
-72.3265695278
-71.6888973582
-70.0085536867
-70.2747939953
-70.3176298989
-69.9367489822
-72.7201674178
-72.1663263067
-72.8303239606
-72.9085529016
-71.7919767256
-67.190777067
-66.7450242607
-70.3886314595
-71.5190335092
-68.9341824511
-69.0573766466
-70.309898456
-71.9172768963
-69.650530961
-69.7443525845
-68.8225299829
-69.8858410402
-70.6609897902
-73.8854764525
-73.3711083152
-70.8422759086
-71.3130008805
-72.2603822405
-69.1665536012
-68.2153329836
-70.698408673
-68.1786013787
-69.2820834149
-68.2021948971
-68.7542971485
-68.6599206588
-69.7856739169
-68.9878239194
-69.4473140107
-70.7129526121
-73.0770321379
-71.0821315376
-71.5688464018
-70.1628116247
-70.4760906886
-67.7065115647
-68.0530029526
-69.5728014267
-71.8786765182
-71.0005773662
-69.7274709839
-69.4509222264
-70.4194061208
-70.7456371886
-71.2897711035
-70.7422488488
-71.3267556505
-70.5245093948
-71.9899756993
-69.6735800599
-68.4211304604
-70.0478359225
-69.6290399543
-71.4717429699
-69.5776750171
-70.3787227759
-70.9173099923
-71.747836171
-70.3190097027
-69.1136873838
-70.0312991003
-71.3394991021
-69.470733912
-69.6897810458
-69.8737646199
-68.687087323
-68.20743248
-67.5997303149
-67.8632363389
-70.0345033225
-71.0983470563
-73.2116329314
-71.8031991619
-71.2505574314
-73.4582545645
-75.4403534643
-71.7907751909
-69.1851697511
-70.1135167886
-69.2229732044
-73.2874692945
-71.7637503089
-72.8667302854
-71.5384048393
-68.7798906973
-69.4877985256
-71.2909470833
-71.8784722543
-70.4412910991
-70.0773342739
-72.7832568484
-72.4804908863
-71.4085720466
-71.5839677393
-70.5807540544
-71.7170405686
-70.2321916513
-70.3438362509
-70.395239548
-71.3597331713
-73.1133737439
-73.1192777296
-74.211514349
-72.9670733425
-70.46417359
-70.2307120498
-70.7966522289
-68.1846176126
-67.5657644225
-69.958158425
-70.6603132288
-69.6212491957
-69.4717445312
-68.7996772753
-69.1479750408
-70.0250760295
-72.1050503332
-71.096242934
-70.5315818373
-70.9400817908
-71.6609887756
-73.1466170194
-74.2928165214
-71.0478300214
-69.2762336284
-70.8407179509
-71.4426733477
-71.8502620491
-68.4504562927
-68.8432023609
-71.8614544658
-69.861208588
-69.9552170256
-70.9516059523
-74.4692812955
-75.7730147945
-72.6321421049
-69.0151975741
-70.3138960207
-71.7245194841
-71.2346781486
-70.8672072247
-70.7429437026
-73.6929921574
-72.3828268827
-70.7368147414
-69.8437592276
-71.2092867737
-73.5289047551
-72.0336782898
-72.9749600621
