4381250000.0
97656.25
-86.9987205694
-88.8005185422
-89.4499239666
-87.8988933646
-88.4164763842
-88.4727908725
-89.5075830318
-88.6582632664
-88.1799245574
-85.9458865277
-82.5000832636
-83.3840597024
-85.6360837163
-88.8268766339
-87.8334494469
-86.5135755126
-88.1590004283
-88.8088396381
-86.8301843027
-86.3250992905
-87.8746338625
-88.349108229
-88.7226429247
-87.5654358418
-88.0026263841
-89.3966836748
-89.8372494461
-90.0946260573
-91.5418592344
-88.7586841915
-86.4553932995
-86.6500249342
-89.0016331446
-87.0671981316
-86.3528321
-88.7409576506
-90.0406731908
-89.4574106313
-89.5998374685
-89.7106428352
-87.2379710857
-86.2855480827
-86.2411374749
-86.2259462962
-88.0490808295
-91.1069553856
-89.9912253729
-88.0394051252
-85.758772568
-87.6945386028
-86.9160110449
-87.2287823881
-88.3484754973
-88.9307363455
-88.5265716124
-86.9084788382
-86.962473539
-90.6632502146
-90.946740636
-90.824212563
-87.5930354412
-88.2031765313
-90.0219903138
-89.8801555516
-87.8953387817
-87.0394499892
-89.1633302452
-87.2763118552
-86.5041797338
-85.5164339161
-84.9914313416
-86.5201228828
-88.8382124925
-90.1181992043
-90.2612541512
-88.8700253077
-88.9727308967
-88.8131868816
-88.4976823959
-88.8140526171
-87.9221078426
-87.221854106
-88.338111386
-90.2346926828
-87.7344056113
-88.2938935218
-85.6921976377
-88.0024976863
-91.9541451142
-91.0521792943
-88.9627872084
-88.6013522765
-88.9584994918
-87.3353976814
-88.1850879693
-89.3585231941
-89.2302794306
-90.0789252856
-90.3664967504
-90.1895664285
-90.323119176
-89.985798517
-90.3482639073
-88.2592425853
-89.0792713706
-87.0711853779
-85.108146191
-85.6068734708
-84.6592813208
-84.6530545102
-84.6988451373
-83.6159974396
-89.762209179
-87.6212269242
-88.1819483092
-85.1282261283
-85.3570697298
-86.961506417
-88.1062968948
-87.2934712472
-87.4899729251
-90.1689834166
-89.4102842997
-88.3773389307
-87.0301710616
-87.3950796428
-90.707725158
-91.9620298428
-88.8737426494
-85.6534595204
-85.8930863811
-86.6034657617
-85.5145618373
-86.8054242316
-85.3415570796
-86.925468862
-88.1310717577
-89.2841503988
-89.9446236176
-89.7476285912
-89.6036960411
-88.3823074002
-85.8926977809
-87.5976470784
-89.549028186
-87.7964350984
-86.551652825
-86.4865332102
-86.185632611
-86.4930549156
-83.7188925351
-84.1198176235
-87.3622752405
-89.6281715237
-86.8852257919
-86.5826790786
-90.1446416336
-91.7100349874
-89.4820771423
-88.7121941398
-89.437110295
-87.5734764595
-88.7318205956
-90.3642842272
-88.3352257003
-88.9225866141
-86.9495153561
-87.4783068883
-89.6312919908
-93.0092917505
-88.733123677
-86.3333319528
-87.1656686349
-87.3811155572
-89.639926699
-89.9865655331
-85.7833479674
-85.3823471773
-84.2363914526
-85.3026352319
-88.1106986122
-87.8946094033
-89.8047599808
-86.7396282077
-88.0235440102
-87.6657893735
-90.0779072229
-88.4085634748
-83.23264953
-82.8834837803
-85.1535574908
-80.7903863778
-78.1022376562
-81.1609852581
-86.7997636679
-88.0518072494
-87.3096553832
-87.5895211342
-87.659500792
-87.9124280955
-88.5733098469
-88.209603765
-89.5132859994
-87.9471796837
-89.2027296675
-88.8021341389
-90.8178954136
-87.7281419927
-90.248379994
-85.7159497371
-84.7564638497
-85.3745890662
-86.5233526096
-85.9652705579
-87.7892672228
-89.1685622721
-86.8890420779
-86.0720709606
-87.1467367241
-87.8298149007
-87.3152595257
-86.2009257597
-85.2913548068
-83.5174294128
-85.5391218998
-89.2310323913
-87.6747015324
-87.478124391
-90.3529766541
-90.6985253431
-88.3255351911
-89.527151693
-88.4962466522
-87.9437510339
-87.7260648152
-90.9281097035
-89.1230624981
-88.5953218345
-88.6825145615
-87.471038998
-88.3576768778
-89.5234625631
-89.1745470516
-87.0303745407
-84.9430874539
-85.6940167929
-87.5932983109
-87.7039901961
-86.4062655252
-86.3080953636
-89.0828914349
-86.9852531053
-88.1653697793
-89.1190851881
-86.8840000209
-85.8183849485
-87.1472060984
-87.7504734187
-86.5412675825
-87.6635373587
-86.6802845359
-85.9380541594
-88.5826415772
-87.3352866111
-86.2563740516
-85.277709293
-86.5649276052
-87.7244323764
-88.6457947148
-88.795230563
-88.1020296396
-86.4851467288
-87.6174362324
-88.6631914666
-89.8496633469
-86.4840161464
-86.1339339469
-89.249992069
-90.5299987632
-88.3060023579
-84.5519524494
-85.8705828387
-88.7632165987
-89.5931944128
-90.5260436009
-88.0384282757
-87.3729207549
-88.6588738771
-86.8559117664
-87.6064408656
-89.6907276235
-88.1267103129
-87.7227224042
-89.9374873024
-88.2595585743
-88.4194629057
-88.0462789448
-88.3938178813
-89.449157169
-87.5296101946
-86.1630402774
-87.85995759
-85.8903342515
-85.8504150286
-90.0273834851
-90.020307641
-90.4706675815
-91.9052088329
-90.8166721373
-93.4759546683
-89.2292263721
-85.0279384131
-84.4258727968
-86.0590863511
-87.7364156908
-90.0188381524
-89.4529214772
-88.7064941117
-89.7818832577
-87.1824094228
-86.0592537604
-87.0712124136
-89.6084228125
-89.4401237176
-84.7287915203
-83.8499645667
-84.4759486441
-86.341347529
-86.5852366033
-87.2196946302
-88.6064125329
-88.7633363464
-88.8346471561
-89.23320961
-89.9130426547
-89.8134158677
-90.1971350058
-87.2097706959
-86.5336306677
-87.2986011143
-86.8590451483
-87.1772324589
-88.4413685829
-88.4831970351
-88.4099014107
-90.9988017618
-91.3199319994
-87.8572730886
-86.2602744468
-88.4174499363
-88.4038028337
-89.0065006027
-90.6796398153
-89.9231111499
-87.8977781071
-85.6543735356
-87.1533915448
-85.1618015476
-84.5259715192
-88.6375794284
-92.3237667305
-92.2868584907
-89.8415236524
-90.6784401097
-91.3382207408
-87.2677633813
-85.2370151582
-84.3396335245
-87.8684457062
-88.520314005
-87.4860247785
-85.6227789227
-87.1421744599
-86.8245611717
-88.804219589
-86.6908666377
-88.9736504905
-89.2161737855
-85.7820751165
-88.1142130562
-90.2872129375
-89.6313172561
-89.1321174557
-84.9370487497
