4643750000.0
97656.25
-87.9307819184
-85.9845196835
-84.6052829068
-85.9137548449
-87.3085719159
-87.7396479062
-88.8207716253
-86.9822877128
-86.0356345917
-88.7719424819
-87.9937637323
-88.5352065636
-88.9628555038
-88.473310384
-87.574746925
-87.4148181511
-87.9402691068
-86.6537678347
-86.5080645381
-87.8454962454
-87.8776756722
-86.7112878173
-87.5532016054
-87.4288206732
-87.8064108422
-87.4048417315
-86.7827514482
-87.7509245055
-87.2152115514
-88.7322903558
-88.1521282669
-86.7832009812
-84.7099573341
-86.3256229901
-86.1982703238
-87.0521853306
-87.8236494568
-85.8472147013
-85.2709781639
-85.5857759279
-86.4537701747
-86.6309746281
-87.7069151465
-87.473770628
-86.3468299791
-87.0275208255
-87.52543478
-87.8736560944
-88.7805793896
-87.9877635347
-86.74668967
-87.4887212074
-86.5059540966
-86.7282089155
-86.0718255243
-85.7857834506
-86.8017956506
-85.8883360803
-87.6273812159
-87.4944185665
-87.1087621762
-85.2454046017
-86.7463457777
-85.3081363975
-86.1092980151
-86.2603160262
-87.226462962
-87.1210319678
-87.7807517819
-87.2976833071
-86.7741258535
-86.794353609
-88.1783871535
-88.5167003555
-88.0922854325
-88.0840265059
-87.1332020735
-86.0587672206
-87.1897012344
-85.8381540188
-88.0793148743
-87.2506150381
-88.5769214964
-87.2990802436
-86.5860612384
-87.9957331438
-88.1791470643
-87.0795537153
-85.8424601198
-86.7458030706
-85.0378224884
-88.3840721757
-85.8733685186
-86.1192510255
-86.0877936101
-87.8634742194
-87.6993515559
-87.282553579
-86.9953882608
-86.0905927757
-86.6935666718
-86.2721097016
-87.2019969387
-86.3360888313
-85.7748088309
-84.9452047438
-84.7868478262
-86.4844873546
-86.7775455629
-88.1646737698
-87.1830406541
-86.313795178
-85.9685938932
-86.3703844599
-86.7946552285
-86.9951264777
-87.7021868355
-87.1199668705
-86.5398757724
-87.1336977492
-85.5074394637
-85.7510979539
-86.2202177077
-85.3922232632
-86.206571391
-86.7186565429
-86.3269091822
-84.1155906196
-83.3510275805
-86.2851967387
-84.9412320376
-84.6989539725
-85.5296350919
-85.6507756829
-86.2071366553
-84.8934299022
-85.6839645609
-85.5419981867
-86.9924560907
-87.2946946567
-85.8162412911
-86.0521864019
-85.3384534003
-84.5778067433
-85.885763119
-87.4573827765
-86.7695604805
-86.410927085
-86.8735156803
-86.2563431687
-87.0186526553
-85.0323025805
-85.4315093515
-85.4111934995
-85.5992373561
-85.601476293
-85.4379816346
-87.2357008522
-85.9456570248
-86.6858251878
-85.799359778
-86.221919602
-87.2159815329
-87.1240209036
-85.4631993974
-85.14250624
-86.1628353845
-86.3517005179
-86.7173489423
-86.4177270008
-84.8682563133
-85.5634329897
-87.336415666
-86.197489971
-87.2425905699
-85.9249292187
-86.6889366107
-87.1445693361
-85.1281983056
-85.4948916538
-86.2583586731
-85.6732716508
-84.9179670011
-84.9888398606
-86.3256549251
-86.9972779081
-86.8848660155
-85.8307829706
-85.8982878217
-85.021333947
-84.5650664181
-76.4242135008
-73.2211998266
-76.3968586444
-83.509767748
-85.0242618058
-85.8738234625
-85.6859681618
-84.887325802
-85.6968702096
-86.1234706564
-85.7046054748
-87.0031582158
-85.7388910585
-85.8209519113
-86.6724541773
-86.9334911891
-85.9494196542
-86.2297433904
-87.7814556845
-87.6695555457
-86.7923996218
-86.3740887355
-87.5898127699
-85.8562803686
-86.7481065244
-87.0140510996
-87.0773172358
-88.9840995005
-88.0037427423
-85.1693909552
-85.7562323418
-87.7024434321
-87.8072669508
-87.0423256395
-87.2299264929
-86.5441418999
-87.6809632359
-86.5146804615
-85.8531364899
-85.4533365907
-86.3162453935
-87.3413751385
-85.537490147
-86.4241628798
-86.3648304613
-85.9406130605
-85.2869743936
-87.6880650134
-87.4073845417
-85.158585081
-85.1824445609
-85.4987528257
-88.5907951353
-86.130499489
-85.6904329837
-87.3439902321
-87.7322916521
-85.5490130921
-84.5765345918
-85.2251371674
-86.5271490178
-86.4996598468
-87.0652103253
-88.5243835339
-86.1994017337
-87.5098041508
-86.6879702585
-87.0362799118
-86.5170270176
-86.0484402691
-86.2086698861
-86.6496141092
-87.4637507695
-86.6386415499
-85.8766643114
-86.2531926226
-86.9822560567
-85.8574480053
-86.6349441605
-88.5073282766
-85.727508568
-83.334510703
-83.3666708503
-84.9322029516
-86.7467536174
-85.736282905
-86.0273411893
-87.3317678196
-88.0168716539
-87.0523885306
-87.3581469732
-85.2055152704
-85.6262813105
-85.7393942432
-84.8233719118
-85.4339832151
-86.9953996007
-87.2079663035
-87.876862727
-88.2271021921
-87.5475510152
-85.9477382606
-85.9260430214
-87.1203046455
-88.2377914061
-88.6279615233
-87.3787770559
-86.8649684316
-86.492887237
-87.2099790219
-87.3785487955
-86.0949729179
-85.6607117467
-86.0093613192
-85.7367499001
-87.8691710997
-87.1672192395
-86.7860794654
-85.8863814946
-87.6454254243
-86.2822028012
-85.510367569
-85.7837974998
-85.3592045471
-85.6121232644
-85.1687381761
-85.6996461633
-87.5781644406
-86.7664670031
-87.5094540134
-87.6490971376
-87.7101105762
-86.4499833357
-86.3525635671
-86.6365421777
-88.1190416194
-85.706023393
-86.9406365991
-86.4381045141
-87.8457602686
-86.6667220754
-86.0430426927
-87.5846212396
-85.0351569716
-84.9118335543
-86.4828006306
-87.6842220123
-86.8662803631
-86.6797313414
-87.5745914285
-85.4413607153
-86.2435859949
-86.997448409
-87.1762041564
-85.6761425512
-86.4037317748
-84.604807543
-84.1420591726
-86.9577268048
-88.6154699156
-89.6006874181
-87.4908066356
-85.8379147507
-86.4747532942
-86.1296154847
-88.2400761934
-87.9539582499
-87.7517763007
-87.4983012351
-86.9039775783
-88.8508697336
-88.1975001344
-86.5357939521
-87.2475404726
-87.881710497
-89.3353509345
-87.4129094207
-86.740988369
-86.9798773395
-86.6092542472
-87.4868740583
-87.2155315935
-85.9444806949
-86.4039757809
-87.918135102
-87.662009088
-86.2506810906
-86.6917602188
-84.8812258885
-85.6467637217
-85.4542158014
-85.8561961234
-86.5288527666
