3556250000.0
97656.25
-76.2896982933
-78.3739429297
-76.0923690407
-76.1512476111
-75.0901675352
-73.7287404462
-75.6872233152
-79.1571266381
-75.138425628
-78.4370790242
-74.5481281747
-77.7808034933
-75.1014790433
-75.4900514549
-77.0375064432
-78.0047145181
-75.4886789537
-73.3319528331
-73.2415789746
-74.5462946503
-75.7196987208
-77.1989478279
-77.3963834698
-76.9001920203
-74.0173263642
-74.7142759762
-76.2700988284
-78.2367807195
-79.8841803344
-78.3346836348
-75.2954450503
-75.2566710559
-77.5186598257
-78.2951333924
-75.0670661863
-75.7966416069
-79.508957962
-75.7679650688
-75.4768187653
-78.9529109835
-77.9500526718
-76.9382260749
-75.0823345134
-76.1486515879
-77.8289714516
-77.0918848539
-76.394042563
-78.4748447854
-76.9475895877
-74.2603992107
-75.9070602632
-76.891759575
-75.0971647963
-75.6669322765
-75.7683054426
-73.5412030958
-77.279840639
-77.1680821694
-75.284373348
-78.7426397012
-78.5452752917
-77.8573417614
-78.371967403
-79.0757259319
-78.8198100595
-78.9003096563
-80.1725553709
-77.925674618
-75.7578703325
-75.9656217427
-77.4505266958
-76.0597104731
-75.8457950904
-77.1244918344
-76.5613456587
-77.9364698126
-77.5194022638
-73.908596219
-73.3450644907
-75.732383541
-77.9334332832
-77.7530839714
-75.7956441642
-75.1911044002
-72.752590026
-73.1466101813
-74.3782898264
-75.5374641143
-78.7396722603
-80.419937019
-80.005372071
-80.6911203876
-78.7806333449
-74.9643823714
-74.2771032089
-72.2908933384
-74.6733337313
-77.7345044031
-80.9650187958
-77.7333574505
-76.3988355522
-77.3982688809
-78.2749873544
-75.59969943
-74.7760910637
-79.3912181467
-77.7087014566
-76.0044130748
-74.3245279678
-74.472529666
-76.5755763687
-73.0560354547
-72.6244449549
-71.9749685145
-72.8965912484
-78.8064963045
-81.081891564
-79.2615145205
-75.6907555302
-74.530969381
-73.5370279258
-74.3699787496
-75.4208493009
-76.2830504432
-80.1266539787
-81.0252506097
-76.5158700604
-73.018085561
-73.7968812191
-73.4133831606
-76.3576148229
-77.9603075808
-77.3757555072
-74.2563172421
-72.5434348497
-72.4655022965
-73.8504821274
-75.4099898092
-76.5880892033
-76.3304512197
-76.6628206401
-79.704859198
-84.0013764162
-83.8180370116
-79.078653297
-77.5747461846
-77.2628174725
-76.6518297334
-76.2382119584
-77.1829461327
-78.1835299098
-76.8380703126
-75.3980516039
-75.9263498105
-74.4697179999
-75.6668188882
-77.7145618256
-77.1692288727
-75.4117221202
-78.8486090601
-79.2879284359
-79.3959191802
-80.6003561553
-86.5223073412
-78.9190221006
-76.1724810177
-74.2688801442
-73.972394784
-74.3202458665
-74.1704185835
-75.9374387441
-77.8701894696
-75.5656498095
-77.1630807867
-79.186296937
-79.8582616474
-77.9289255278
-77.0617410896
-77.4661541214
-76.3387182198
-74.6143029963
-74.918992897
-75.7867202519
-76.987360582
-75.3995799146
-73.0768592794
-73.8068671028
-76.4414870085
-77.5971471765
-77.8397033624
-75.0432694705
-75.621377058
-77.345414297
-80.2908031717
-79.3083469014
-76.3513020477
-75.8398499242
-77.1743748257
-78.142167509
-80.3206904823
-78.7509716871
-78.4803675044
-77.7818394041
-74.9220294263
-72.9500816032
-72.6386311515
-72.9553483689
-74.2384089448
-79.8577460507
-80.1545649656
-75.4735344106
-74.9599954553
-74.634060337
-79.2727162023
-77.8684239186
-76.5353113158
-79.3402134406
-75.7336739907
-75.2235499117
-74.9075692499
-75.2458608392
-77.9171740123
-80.8626978376
-79.4021449242
-78.2638503256
-75.2257953755
-72.952045982
-75.0457627705
-77.1243906351
-72.9426305207
-71.6971209626
-74.8508218282
-78.6025490503
-75.5029407577
-76.4252771901
-77.5498103691
-77.4684969509
-76.3672927697
-77.1822065416
-79.0038108892
-75.7991976159
-73.2637188078
-73.8856233814
-76.9725559979
-79.2360704479
-80.0599291275
-78.9388526387
-79.8128119072
-77.6137275953
-76.2090992769
-73.1017285342
-74.5636539944
-77.8744655834
-76.1517841624
-73.2931560612
-75.1410029268
-79.028127022
-78.3261014692
-77.9822086656
-80.6900724857
-82.2562268955
-79.605497961
-77.7256031166
-76.3406144389
-75.6573432954
-76.2304259975
-78.2927754337
-77.13972557
-74.454364981
-75.466162339
-75.4214020088
-76.4638312438
-74.9693491683
-74.7189959755
-76.2418774428
-79.216742039
-81.4151464745
-81.9545059226
-79.7486000657
-77.7548807321
-77.5885197652
-78.6395264792
-75.1583102587
-77.5425098349
-79.8629494202
-79.9887639878
-81.405974515
-81.794845674
-75.4279034088
-74.1877798056
-77.6544338632
-82.3482631016
-83.1800530871
-78.6127617664
-78.2430369876
-76.354691217
-75.1326132181
-75.333634436
-74.3907304201
-75.4106512667
-75.1719028995
-78.7980917591
-78.5968414964
-74.9651751831
-76.1198065732
-80.4162018662
-78.5268583379
-75.8232601612
-76.877334298
-79.4244562977
-78.7300033148
-79.0228660879
-78.1825016208
-77.9190992901
-77.3127573143
-77.0446138995
-78.9432390061
-79.1604977068
-78.9992683771
-75.493782672
-75.4118751208
-77.2222856521
-77.8466620879
-82.1819943123
-79.940199738
-77.6122335544
-78.1536776377
-78.3432700664
-78.6555100748
-76.7409858022
-74.9008412148
-73.7480069846
-75.7477091573
-78.2117675272
-77.2147259776
-75.0170159553
-78.4032375348
-81.3314923228
-74.9513443332
-74.6579856114
-73.5243581368
-74.33088242
-74.2497187994
-76.3305370679
-80.4186435315
-82.0689198218
-78.3291460065
-75.9523086695
-74.2291097861
-74.494590628
-74.873042772
-76.2502092517
-74.8985957326
-75.0981928852
-76.8554369502
-78.4964655541
-81.7732593524
-79.2964854835
-78.8472545903
-77.3584400336
-78.0125273569
-80.2400164807
-79.3812534519
-77.9010705374
-75.7932168049
-75.8789035527
-74.0369630262
-76.247233547
-78.4049756065
-77.9193121937
-80.8675993605
-77.763892409
-77.5449877746
-78.5866421757
-75.3191698975
-76.1842686068
-76.5760710318
-78.9816296983
-78.7546673628
-75.5921181248
-75.7131891995
-74.1630234794
-73.9509068506
-77.9268863575
