4118750000.0
97656.25
-84.3657168388
-85.2612502342
-84.0889094041
-83.7592088504
-82.8049698982
-84.5490790209
-83.2336672795
-83.6480827628
-83.2625989588
-84.871914412
-84.9156509904
-84.1231676743
-85.824280396
-83.401651876
-81.7590265602
-83.3230002829
-85.9390773357
-82.0498199125
-82.3445596119
-82.977116986
-83.8849220937
-84.9976018246
-83.407047542
-80.9213035117
-82.1499325546
-82.9515752345
-82.2508837736
-83.3457183621
-85.5595139085
-83.8144995205
-81.9270473217
-80.23043711
-83.2508608727
-83.4736588763
-83.4015626471
-81.1358109987
-82.4397971315
-84.1561794665
-81.693967724
-82.5132004666
-81.5892297626
-81.49446042
-85.5627009792
-82.4018817216
-82.6266258765
-83.7856495348
-85.8937983187
-85.0560966639
-83.1671286393
-83.4955195397
-82.8649351865
-84.3563305143
-82.0009747574
-81.9603276551
-82.488582338
-84.2638763114
-83.3621062076
-83.2186049909
-83.8912830414
-81.9483789901
-81.5762626515
-81.4941974962
-85.3743129002
-82.6187357197
-84.1147973876
-81.9862895448
-80.1517378488
-82.6027428041
-83.0486996889
-82.669439515
-82.0555460986
-84.0403608563
-84.1999306355
-84.0271598344
-82.0719174292
-81.609190119
-84.80158633
-81.7351676665
-81.4220573926
-83.8888473162
-84.0658710841
-83.3733358692
-81.7315709151
-83.2345909538
-81.0780048818
-80.8425493881
-80.7438743002
-80.7621040235
-81.5180094291
-82.1642698975
-81.7419514124
-80.6614606846
-82.7886485238
-83.2887260107
-83.8375697841
-82.4890304585
-83.2663211969
-84.0951052443
-81.5568416876
-81.0447134684
-84.0400753765
-84.3920659247
-83.6965647365
-84.4859129764
-85.0625923032
-84.21003749
-83.7786110869
-84.719714149
-85.656071707
-83.8080129366
-84.2212026529
-82.2331254566
-82.4713912845
-82.8996387336
-82.5867282623
-84.2118262075
-83.3519633963
-84.1302122087
-83.3516564758
-84.1376420107
-84.3583743606
-82.4960871048
-83.6437763629
-84.1614063809
-83.3960128129
-84.9434878012
-83.730894979
-83.3294216539
-83.2781347901
-82.7429316387
-82.067503256
-83.7424042755
-84.4615752714
-84.9400248675
-83.0706490348
-82.3199101686
-81.6883088077
-83.2832089907
-83.688266934
-81.3531200077
-80.5316315736
-82.6618534889
-84.0324855444
-84.8230194221
-83.6594357141
-81.0926875465
-83.1002851715
-84.2263995425
-83.0109875424
-82.0772042458
-84.5957064461
-83.6147723897
-83.9372009308
-82.0030775255
-81.3701565741
-84.778216593
-84.7270184979
-81.7297412726
-82.6129887184
-83.519070817
-81.7750824929
-82.4604900822
-82.1958620565
-83.0433283672
-82.6480054188
-83.5728172542
-82.9495561354
-83.4451760315
-84.2856438009
-84.9985476909
-81.7768654785
-82.4272289785
-84.4364851711
-83.6757629836
-84.1009458834
-84.5333116311
-82.597509789
-82.0767453019
-84.4203641065
-83.7894030049
-84.1039930224
-83.2292396963
-81.685076868
-82.2079335056
-82.8519065965
-83.882653532
-81.4072263419
-81.6402130029
-83.1262947663
-84.3039088734
-82.5459412908
-78.443966207
-76.1365211316
-77.9899771747
-81.7228483835
-83.1210521166
-83.6318724735
-82.4920973766
-84.2694019665
-84.3544216753
-85.0893559217
-84.0371127442
-84.0192731342
-83.4568282515
-80.9237899196
-82.0353953102
-83.1273237922
-84.2868050439
-82.994229689
-83.14246053
-82.6464982451
-83.3812763105
-82.69562135
-81.0458907237
-82.2332440699
-84.0358455831
-84.1601054715
-84.1703164036
-84.1611735651
-84.3897949079
-84.5686489623
-86.427508204
-84.9035089535
-82.7371629042
-83.0147219774
-83.5854155776
-83.0269212631
-83.5778157372
-83.255393826
-83.9201502013
-83.5723803004
-82.1009927937
-82.0602938117
-81.5110102325
-84.3569481557
-83.8463906284
-83.6363398974
-83.4752354148
-83.4785894428
-83.1210021943
-83.5812824374
-84.6432380274
-83.562628793
-84.710969328
-83.7848066576
-84.4779359805
-83.7668872453
-84.7698252809
-84.155393613
-85.0761292685
-82.9751835533
-82.8585477385
-81.3154449755
-82.7772456209
-84.6038980691
-84.2027434958
-83.4279114264
-83.603685602
-83.5260973663
-83.2563930862
-82.3411543896
-81.9188814936
-83.6940285234
-83.4792428531
-85.9380978452
-86.756267786
-85.4857970136
-84.6744449172
-83.4948729374
-83.6718664503
-82.7253584269
-84.7295052393
-84.4081728097
-86.3031861556
-84.2441941097
-84.822968339
-81.8481963913
-82.7106572304
-83.4815724001
-83.0910919151
-82.8193487823
-84.9852426915
-85.1978158349
-86.8703664928
-83.8911514571
-82.5516234839
-83.5171463544
-82.8961158834
-82.37035089
-82.3879007577
-81.695791152
-83.886913403
-86.336317931
-87.1392430042
-85.2551248428
-86.1061770752
-83.0658734413
-82.8364053781
-84.8377820426
-86.1594712804
-84.5334307324
-82.9710971046
-82.5810042043
-84.9727636616
-83.6362211967
-82.8795329076
-84.2328147119
-85.5607231645
-83.4402700858
-82.2109705075
-85.147098055
-85.1226516559
-85.5899185125
-85.8546296606
-85.7661917271
-84.7825314279
-86.1030720952
-85.1329206019
-85.6170722706
-84.4970133614
-84.8614028476
-86.6024149454
-86.2368001087
-86.4973801433
-86.7664082972
-84.4479650832
-84.4338290167
-86.5796478371
-84.5362912478
-82.7534106398
-83.8527591467
-85.1545370961
-84.704142654
-82.7639330857
-83.9142906335
-85.760568629
-85.9105312416
-83.6139602445
-83.9822662207
-84.6755041231
-86.0662499736
-84.2608827287
-84.9954032362
-85.1019784835
-86.5158231177
-83.9271249962
-83.0910022511
-84.8753540627
-85.7653314933
-84.8312921961
-85.1860828765
-85.963145141
-84.7643331078
-83.6275886744
-86.528773034
-84.7326799407
-84.2333477933
-83.4388841795
-85.7216926852
-85.6258482622
-85.245112711
-85.1622391439
-83.6136967018
-85.0461084951
-84.316687199
-84.2533522992
-85.7610835979
-86.7898540772
-85.802628912
-84.6686612518
-83.5859212291
-83.2596137585
-84.1473168687
-84.50093458
-85.0864736301
-85.8324345532
-84.9406599021
-85.015533435
-84.3159836474
-83.9684011002
-85.2333978603
-84.4393677737
-85.6532111851
-84.9053859642
