4531250000.0
97656.25
-90.2256808991
-89.571491521
-88.4404203842
-89.330272771
-89.3182907759
-88.70694192
-87.5834050125
-85.6740827687
-86.0346974882
-85.9960915058
-87.5364362489
-88.0029969734
-87.8300155404
-87.1939419962
-86.4554648294
-86.927089748
-88.0123780547
-88.0483705889
-87.7450366896
-88.1639104507
-87.0759076434
-87.2133210913
-85.6224728166
-85.8901086703
-84.1873132513
-85.9728265293
-88.1185888184
-88.0683577735
-88.9465156464
-86.6559981046
-86.5794170169
-88.7793269743
-88.0909455192
-88.4304438633
-88.5969293836
-87.7620982565
-87.2445569523
-86.2156293329
-87.5835756644
-87.033325242
-85.9345906634
-85.1412109492
-85.2001592061
-86.688873509
-86.6993473521
-87.4606557641
-89.1680484838
-87.3835555815
-89.0402884972
-91.0156343733
-89.8703911151
-87.6324402989
-89.4525309507
-89.6151638462
-85.4965799779
-85.3944215999
-86.4601783813
-86.8197890951
-84.4020391484
-84.3391779284
-86.040642483
-86.6728903311
-88.1214297822
-87.2231264743
-88.3011151211
-86.8601090599
-88.0186981999
-86.9625118039
-85.9206301589
-87.0474107334
-87.8424119101
-86.1926696699
-84.7096231178
-86.4076677976
-84.9318983296
-84.6943623535
-85.5883369285
-83.7880422913
-85.8754469348
-85.0788004702
-87.5906067872
-90.2394635656
-89.1985805544
-89.8487898147
-88.0388101726
-86.8402230299
-88.6394359279
-87.5822373394
-84.8658039471
-86.0723093379
-88.2008251111
-85.7246610718
-87.7736810391
-85.6402176733
-85.5046222844
-85.8086982446
-88.7133012627
-85.7511942956
-85.0263000464
-86.0036740058
-87.6780557061
-86.0410637959
-86.2621418061
-86.4245509326
-86.7587808283
-85.0454487549
-85.4203905381
-85.5139711616
-84.3810992638
-85.7531824281
-86.1128394859
-86.4001950856
-86.2931757013
-87.1114634694
-88.1641962556
-85.9874338974
-85.3727530484
-87.0539126698
-87.2050815821
-86.6865671513
-87.1529907113
-85.0277995934
-84.4177621748
-84.6497086465
-84.4078231731
-84.4739654801
-84.4959239116
-83.5799239946
-83.6306163622
-86.164217663
-86.5828290462
-87.5598073248
-87.6785323226
-87.7337434724
-87.0801318469
-86.4501267901
-84.9251139417
-89.6442488598
-89.5166277719
-87.1043748262
-86.7214502667
-84.6108386525
-85.6150492675
-87.7064457092
-85.7907744009
-87.6326354008
-86.8353497191
-86.6348740855
-87.3147604746
-87.3521836877
-84.8909082021
-84.7296706111
-88.3052716157
-86.1418040471
-85.762995271
-87.2050030368
-87.4135682839
-86.5512377454
-87.4709851348
-86.7665250951
-87.176098097
-87.4553050482
-87.819733999
-87.7623877978
-86.9981813794
-88.8016562722
-86.4912670621
-87.6711674832
-87.8252917782
-84.1117980369
-84.0254687846
-84.7053077974
-85.8068979442
-87.4227013476
-87.4880417717
-86.6737453196
-86.4969176445
-85.4004052213
-86.3782084936
-88.8716809485
-88.6226475395
-87.9014588258
-86.3530101066
-85.7619517707
-85.3242469596
-86.0945495026
-87.3426338791
-87.8801599087
-85.4257933408
-86.4537893374
-85.0558375378
-78.276073633
-75.3770672257
-77.9150849329
-82.8646873583
-82.5623867522
-83.2438773076
-84.5796153549
-86.8225337684
-87.0862618011
-86.5082026834
-86.8106329227
-86.7138824544
-86.7577371549
-86.6988646539
-87.0767754625
-89.1407184708
-87.1342804579
-87.2463045276
-87.0301795533
-85.9399767512
-86.5470759803
-86.9229814703
-85.9146581253
-86.2381884438
-86.3577029442
-85.4571805306
-83.8868139426
-83.3134834218
-88.2572262586
-84.513744764
-84.24807695
-87.3861891154
-88.4937004734
-86.8815056458
-87.0570502975
-85.5023132477
-86.2156648012
-86.1404645407
-86.7123049052
-88.2426156328
-88.8305057946
-88.2944410068
-86.8966666721
-87.6228228919
-86.8086231825
-88.5339232007
-87.6240236229
-85.0710089566
-85.1222003492
-86.7896498183
-85.5187560092
-87.2813771868
-88.5867054592
-88.996484519
-88.476634269
-87.7630577985
-86.8308792835
-85.4271799782
-84.4142733004
-86.9085140896
-88.2688660653
-88.6705432831
-87.2752622453
-85.6773139264
-87.2299011867
-86.5473290514
-86.4449163234
-87.4330912403
-86.8674246959
-86.4649357652
-84.0735671537
-84.8350942304
-86.7005172478
-87.4338743167
-85.4986766154
-85.9838194131
-87.7365332815
-84.9592185908
-84.6501564756
-88.4363276085
-88.2972879051
-87.4999731095
-87.9428007009
-86.7440527365
-86.2934789017
-88.6895536366
-86.5600207902
-84.783426138
-87.3068032863
-88.3152822555
-87.6997436358
-88.9242245312
-87.2175836274
-87.7243687624
-86.8046157923
-86.0442785624
-85.5769388218
-86.8001012848
-86.9964313378
-86.633976927
-88.2186625603
-87.592766639
-87.069007576
-88.1379637634
-86.7074522827
-84.1030424344
-85.0673061135
-87.09961754
-89.4430367651
-87.5726626241
-86.9937815245
-89.3042670556
-87.8504432382
-86.8676615898
-86.7127869745
-84.7569324994
-85.5093333261
-83.8613199541
-84.5694851046
-86.9948737813
-85.8659789786
-84.9378620866
-85.5115728854
-86.3611088731
-88.1188800492
-89.1682480605
-87.2010986402
-87.3392157411
-86.0047060553
-85.5599450486
-88.5409431514
-88.2948482791
-90.2685002795
-88.7936459632
-87.4892635257
-86.4791575614
-87.3350066705
-87.0197322883
-86.2953578383
-87.1088965358
-87.1595326494
-86.7968884835
-88.6408436126
-87.2558902505
-86.0950835183
-84.9559335177
-84.4349109044
-86.5284631381
-87.6227139552
-89.776360338
-90.5346926993
-88.6683367169
-87.270398368
-87.6780405402
-85.7042314527
-87.0024334916
-87.1549081926
-88.3509604949
-87.9075879062
-87.8634615575
-87.1062367231
-87.3093224085
-88.4639418654
-88.2096577581
-87.2350283676
-85.5857009854
-85.556177978
-86.6852212102
-85.7393913316
-85.0773090446
-87.6836126562
-90.0190682451
-90.0169773837
-89.8077400456
-90.2588720261
-89.7445415046
-88.8704039836
-88.5407193138
-89.4349648117
-88.9315276696
-89.8298497765
-87.029625014
-86.1990381401
-88.9025161828
-90.8112687711
-89.8823261016
-87.6570531827
-88.3755274709
-89.5417189179
-87.7870334763
-86.2732863054
-86.6244702138
-88.4893277704
