3181250000.0
97656.25
-68.2202526764
-66.3492562341
-68.2602014077
-66.8752425554
-65.5376428071
-66.0643721381
-69.8809086794
-69.635671163
-67.2837512998
-65.9232645884
-68.2097293214
-66.1152720681
-65.4584446788
-66.2648683392
-67.2329826823
-67.7158651908
-66.0561500655
-65.0559929619
-66.2103316945
-65.9752300457
-63.8629191996
-63.8440065286
-65.6144813358
-67.2490911748
-66.0930904894
-65.3360871359
-67.1485605023
-67.0160601433
-66.7467690751
-65.0516646613
-64.3181179841
-64.7673332902
-64.2131483319
-65.6420733737
-67.425151377
-65.3778902118
-64.0663135086
-65.6554213355
-68.1114106576
-66.0771096132
-67.412229302
-67.9364395527
-68.6516536592
-67.2342996269
-66.6649908396
-66.8819094599
-67.0436684669
-65.7055056475
-65.8748084068
-68.2990999989
-66.6886342259
-64.4497148301
-63.8665169609
-66.0046727948
-67.1272058178
-67.7617859601
-66.2245479234
-66.0649823333
-68.4804724406
-66.8963651682
-67.7721734518
-68.2416635165
-67.047163095
-65.152051433
-66.5566788151
-67.2082323073
-67.133104604
-67.8634551315
-66.3516850075
-66.8015107874
-67.1400231745
-67.9061204854
-69.4509047071
-67.7958527089
-68.7459318679
-67.8964944158
-66.3022919063
-66.8774166325
-65.8472886639
-65.2475309023
-67.4277055945
-67.7688266307
-68.9390909109
-67.836032078
-65.5099642448
-67.9289996975
-67.4795507105
-67.2956054997
-65.6774501689
-67.1315201412
-67.3513905986
-68.7108068673
-68.5866685733
-67.4244344327
-67.3967465561
-67.9465655939
-66.4804955579
-65.734090319
-65.1228237037
-66.4019961367
-67.6015142556
-67.0035339775
-67.1240904687
-65.9250855087
-66.336314145
-66.7119167022
-66.1930937323
-65.4968200302
-67.1367923654
-67.656038522
-65.6276940858
-63.1683827264
-63.5185336508
-65.3410488308
-68.310786358
-67.8843951855
-66.1158345899
-65.264761664
-65.7023223719
-68.5043888958
-66.3611721585
-67.1026497268
-69.0017156092
-67.6424418212
-67.5652059358
-67.525658988
-67.9507880955
-68.2437637586
-67.9799065068
-67.6697878791
-67.9829926356
-68.796626902
-65.380079981
-64.8935210238
-65.2063019145
-66.4729218339
-65.8495207498
-66.7406914924
-66.5185535398
-66.7575267449
-66.9311910742
-67.4646368688
-65.8769242162
-64.7908397112
-66.6812665032
-66.3625728942
-68.6394323135
-66.3917348012
-65.3459044356
-66.1222547322
-64.7465362957
-65.9134478936
-69.3210940767
-69.0358024979
-67.8607311386
-68.6588122514
-67.2166125219
-66.543199512
-67.3984239925
-66.0783951219
-65.7998385853
-67.0824248472
-67.6066909719
-65.8391216703
-65.2978448503
-66.4650757227
-65.7512013218
-66.955798253
-69.7197514637
-68.8793497528
-68.4200401799
-66.0359415319
-66.9552821243
-66.3680708813
-66.7024267586
-66.0908660566
-66.9253699129
-65.8521931822
-65.5180129888
-67.2117198463
-67.6849976166
-68.0987249826
-68.1705616007
-67.5264237718
-67.5513919684
-68.0696543043
-67.9236134144
-68.908778368
-67.0511751047
-65.6831645672
-67.0097958731
-68.428797788
-67.7281095447
-65.1436070714
-63.6023528154
-64.0579441475
-66.5346663922
-66.0195387596
-68.0540358238
-69.3235120624
-67.9156054426
-67.5678670761
-68.148980744
-66.4639167421
-66.4237340167
-67.6635157135
-67.6239608786
-65.6754014716
-67.2728863708
-67.5509512683
-68.0203980574
-68.2849473612
-67.3999186258
-68.6383627224
-67.087100652
-67.4385965248
-68.9733996877
-67.4842957505
-67.1937088264
-68.9120062521
-67.856893108
-66.9248288249
-65.7726531617
-66.2278819677
-66.9403094795
-63.7731004878
-65.5091294708
-68.1205555849
-66.7761885198
-67.2307308703
-67.7785897399
-69.3625693022
-67.8887084316
-66.8369618525
-66.6672382617
-68.1445936028
-67.5245298659
-67.3128821292
-65.5366862083
-65.9348418351
-67.6950001622
-69.5053155473
-66.5374817824
-66.4341208918
-65.4080769717
-67.9186231163
-67.09215932
-67.872990402
-68.0727097597
-68.1487624986
-68.0099893762
-67.1175909043
-67.2490212684
-68.3433993881
-67.277996752
-67.4404997236
-66.130065439
-65.9024772045
-66.569932728
-68.1157606318
-66.1536300296
-68.8104241825
-68.5375222494
-69.5598470796
-67.9910964795
-66.6385827083
-68.4420868931
-68.9604290466
-69.1405638422
-69.8162586409
-67.1330540909
-69.1134290378
-68.7642444335
-68.7816138842
-68.5223335657
-69.8347485655
-69.459061745
-69.1096373423
-68.0293139366
-67.7987289024
-67.9502889291
-69.1087979663
-68.5851385245
-68.6735363053
-67.7745248579
-67.9633025232
-67.7858636912
-67.3614386701
-68.9442322741
-66.9565742053
-66.5788282455
-67.6172433674
-69.5658340654
-67.6467934552
-67.1937795845
-66.4026437256
-66.6807326149
-66.3092559416
-65.0404814623
-65.3295677647
-67.1216813451
-67.9489859927
-66.4447003514
-66.1368218002
-66.9070915046
-69.2632277556
-67.4366964552
-67.7250878999
-69.0082947877
-68.7476326284
-69.1938706825
-68.8588721925
-68.3285409448
-67.1667696723
-68.6731035996
-67.6948237965
-66.146756413
-67.5352585343
-67.7255245515
-68.0826978776
-67.2680729956
-68.7597667519
-67.4971964847
-68.0203124646
-69.5488903379
-68.3617896466
-69.1888080825
-67.2178463741
-66.7592074629
-68.4342343539
-68.6299544365
-69.956912403
-68.3883947783
-68.4119204909
-70.5386222114
-66.7149543854
-64.3843383254
-65.5691358421
-68.5333395831
-68.1791449197
-68.2251487738
-66.2514487625
-68.0656648883
-69.8982124867
-69.7798774525
-66.8942731555
-67.8689898945
-69.5326350056
-68.7832038013
-69.4324799905
-69.1611044613
-68.9515026927
-68.3290528387
-68.315557455
-69.4489619622
-69.2004259277
-67.7797531114
-68.4564318017
-67.7759492187
-67.2189958698
-68.3037764308
-69.0198293302
-68.4395314167
-69.728812018
-67.6437084307
-69.5770925727
-69.9005094966
-68.742177346
-67.1490051674
-68.4948081431
-68.540583241
-68.1042227435
-69.5224511786
-69.8662117858
-70.4394887583
-68.6997795672
-69.1217846045
-67.5859996463
-69.6205105856
-70.1542849874
-68.8219767043
-69.3936764033
-70.4941654756
-69.3518020784
