2506250000.0
97656.25
-64.8365234553
-66.3483682156
-71.0182548842
-69.8400287267
-65.3236281985
-64.5236523103
-65.8377636909
-65.3644009596
-64.4292285398
-62.9815853774
-62.1881723575
-61.683530373
-64.4660654085
-66.225298442
-64.7727934943
-62.3954698371
-60.8879169711
-63.0188310679
-62.5383334949
-62.2675001617
-58.8020179648
-56.3854048851
-59.0479413613
-59.8924410083
-59.1854333616
-58.538093455
-57.1323249692
-57.8573990523
-58.2460405179
-58.3612144683
-58.4423653529
-55.4741692433
-57.7159545844
-60.1586690307
-60.5324966093
-62.0510355963
-60.5531220882
-61.9892574528
-60.3745727459
-58.8312102665
-55.4753404069
-51.4013623813
-51.7796048376
-53.9754125795
-53.9713172746
-53.7855546293
-51.5091938851
-51.041362956
-54.0707125135
-54.1589169376
-53.2429732796
-50.4047749129
-49.1278998953
-52.2725062705
-52.6634715734
-51.7649504582
-51.1236972093
-48.8873506541
-52.0904206506
-52.2939565448
-52.2309894961
-50.7274504962
-48.1795507353
-51.4201716457
-51.3023785074
-51.4397074118
-50.9273067954
-48.4740786209
-50.8473056258
-51.9068582406
-52.0407842131
-51.7284106069
-47.7981622923
-49.8178121487
-51.4729713476
-51.4125002572
-51.4097042163
-48.310280194
-49.5449284695
-51.8411497379
-51.6852383537
-52.5055281324
-49.0953519251
-49.5312094822
-51.7225150781
-50.9044952034
-51.5677680568
-50.2016569696
-49.9505848503
-53.8467540437
-56.3963348243
-58.1830798313
-59.9065115736
-61.1680216901
-59.4347129566
-57.9201495193
-56.1910204629
-52.7246092709
-51.1422980173
-54.1006573089
-54.247814543
-54.3411292647
-53.1064352262
-51.2277689493
-54.6151013716
-56.0357502746
-56.2204260306
-55.9184147958
-53.0428230762
-55.7959255331
-57.2965903149
-57.3600421045
-57.4917494617
-55.1754777181
-57.1273058537
-59.3845274259
-59.6559728676
-60.06561583
-57.5559504405
-58.9068656512
-60.2835912936
-59.987297443
-61.3955003766
-59.4603289069
-60.0936648099
-63.9065379249
-62.6139558344
-60.3497070199
-57.9311152367
-59.126679324
-60.4917724586
-59.4891407471
-60.146844346
-56.8273918609
-58.6419082482
-59.7461074499
-60.4831844601
-59.2701840914
-55.912076172
-56.6500040192
-57.1473749513
-58.7437252239
-56.4223786219
-53.6911221669
-54.5535304505
-57.6181601987
-58.1410157021
-57.5679703192
-53.7802147443
-54.3062012451
-55.7111440499
-54.8110235677
-54.6123206131
-52.415945801
-52.0793143412
-55.6647626976
-54.3335143638
-54.7039645886
-52.3612307808
-51.5956935156
-53.2415981252
-52.3801699519
-53.1950414467
-51.1422673283
-49.8230448498
-54.1620024625
-54.9238877168
-56.2211999192
-59.2662542901
-57.7901139979
-58.8082441532
-57.9832717963
-55.0855592779
-51.2759210599
-48.3481775198
-50.8209677567
-51.6931737197
-51.2176374196
-50.5286816455
-47.799343256
-49.8340277063
-51.4272597068
-51.584437942
-50.971988722
-46.9973344706
-48.8681782722
-50.2350189127
-49.8345308583
-49.9498615881
-47.1761058256
-48.6879186313
-50.1302194092
-49.3134188672
-49.273276287
-45.4702803476
-46.131486476
-48.0409021756
-47.582446428
-47.9921460641
-45.2156255479
-45.2429118899
-47.8059818509
-46.8764642948
-47.5985659333
-44.6193455744
-44.0915884524
-46.7121066117
-45.7796706875
-45.741218789
-43.7689382174
-42.3777435545
-45.4189066244
-45.7538774442
-45.3065138254
-43.4080706903
-41.1724131659
-43.8559290377
-43.7665872663
-43.7742896576
-43.1431287519
-40.678563882
-43.5952404648
-46.4265578213
-48.1839643857
-50.317170133
-49.3189887904
-49.7270510261
-47.5682967765
-45.8859178693
-43.5336417315
-39.5198453191
-41.0597740117
-42.0208533647
-41.6558299105
-42.4347479992
-39.4661911347
-40.5820570542
-43.3944874055
-42.9280628576
-43.4515826602
-40.052274733
-40.2548839721
-42.3587179314
-41.6547843307
-42.3206272446
-40.0666686123
-39.6029773268
-43.101795546
-42.5145608886
-42.9105690505
-40.705762843
-39.481389344
-42.511587961
-42.0942506298
-42.6912869281
-41.425335449
-39.4066467351
-43.0413776949
-43.1814202404
-43.4175260747
-42.2011514241
-39.644503533
-42.62935038
-43.0014686741
-43.1665292877
-42.7881869063
-39.8953192066
-42.8226958057
-44.2697859399
-44.1945349817
-43.8673808673
-40.47154463
-42.4705530399
-43.283614224
-42.8856771929
-43.5788805429
-41.1356328409
-42.4739065558
-46.5760946641
-47.9144442816
-51.0592429322
-51.4778769275
-51.9681496043
-51.463486796
-48.797275526
-47.3228376768
-43.4442921998
-43.1177598455
-45.8687421551
-45.4601773221
-46.0427224789
-44.7859255224
-44.221956115
-47.9845186073
-47.99399189
-48.1966715863
-46.0809869158
-44.3502402008
-47.7166224799
-47.9827267779
-48.5008774089
-48.0477161724
-46.075148128
-49.2524233442
-50.0784071005
-50.4272536432
-49.774985324
-46.8369853005
-50.1915476475
-50.6805168113
-51.1669831125
-51.5465415022
-49.2673826137
-51.1637467162
-53.4172515478
-54.144790998
-54.2958149092
-51.3927486795
-52.5259392985
-55.9076523816
-55.5360334588
-56.1082926337
-54.4928795409
-55.6288898366
-58.6070946543
-58.7828955353
-60.801324785
-58.8413043456
-60.3065001943
-61.108901325
-61.8057340493
-62.9910170687
-62.8483208673
-64.301755494
-63.7841544992
-63.6632758681
-62.6299480533
-58.2577061816
-59.5156873545
-60.7083183491
-60.7470799402
-58.7678260386
-55.1013649376
-55.1705915078
-57.0522245911
-56.7595938059
-56.5924163401
-53.2078995541
-52.4783005815
-56.3102764691
-54.9521037957
-55.0741155847
-53.3843949511
-52.396774364
-55.7185140858
-56.0323550656
-56.9441590169
-57.3031589698
-55.9056646939
-58.4767306318
-56.9755457411
-55.4206795485
-52.2863059696
-49.8553827334
-52.4704496654
-52.7904313255
-52.714765553
-51.5895154703
-48.5913902868
-51.0865831121
-53.6658369899
-53.0948586854
-52.3883741769
-48.7841374956
-50.8449514701
-51.8585035384
-51.3442276941
-52.3743159946
-48.8017051546
-49.8572778757
-51.7202345765
-52.1634988288
-51.994369594
-48.5233812763
