2168750000.0
97656.25
-49.6640898664
-50.1792789296
-48.0751741893
-45.7674404343
-47.8743514855
-49.2090469006
-47.2766218384
-48.7406229534
-49.2967103493
-46.9053223272
-46.3959261598
-45.5030963236
-46.6944088234
-48.8636105737
-48.2320658448
-49.4661010269
-49.0599614467
-47.8287535326
-47.3722515027
-46.2813269398
-46.3486067942
-46.3692285443
-47.3091411762
-45.8665950471
-45.0813701037
-44.7203798121
-44.7976809897
-44.8748545912
-44.7227219859
-45.0959707853
-46.0566376924
-48.5484689562
-48.7368932428
-49.0557549076
-50.8325167999
-47.5463799771
-46.7637949857
-45.4647663199
-44.8260813778
-45.4499902651
-45.972489351
-44.5109780668
-45.3067944879
-45.857314596
-47.7134116306
-49.7749093148
-47.0706873575
-45.2900788815
-44.4556839815
-45.2185920248
-46.7459097995
-46.0141251025
-48.5851221862
-46.9169010438
-46.4415910224
-46.4556473006
-47.7758737307
-47.2023711705
-47.9367136148
-46.4161773686
-45.9341225468
-43.5052551936
-43.5261750749
-44.9752413612
-44.1908303918
-43.9672434058
-43.5526991681
-43.9119430726
-46.0889446114
-44.3899081887
-45.9212553265
-47.89460757
-47.6581820267
-46.9595501166
-45.5996199645
-44.6194113062
-46.3898941929
-46.7063723328
-48.358963837
-44.3285480575
-45.5341365133
-49.4982961399
-47.3938604801
-45.6015115575
-45.820170335
-45.5143969251
-45.9489770417
-45.0343826601
-43.4838249482
-43.8560645597
-46.3267584331
-45.7161361841
-44.2087115097
-41.7763217231
-43.0306959986
-44.8677147193
-45.396374745
-44.3752738836
-42.6694998523
-43.5981355463
-44.5450306981
-46.9168924418
-49.4716309752
-49.0273565567
-47.6300850934
-45.4035330131
-45.8126667366
-47.0222303737
-46.6016294963
-47.2565317274
-47.3358583519
-47.5625978981
-45.5379435671
-44.5098685403
-45.3809110733
-45.0078191233
-45.5217276038
-46.0767074068
-47.2868315666
-46.2967560789
-45.5578925094
-45.9713213584
-46.085733435
-44.2424372153
-44.1462393664
-45.1735073945
-44.8876641338
-45.7421550555
-46.7993017306
-46.7988699506
-44.6954865767
-47.4785497793
-47.5994797066
-48.7216117635
-47.9685956939
-47.45174519
-44.4861553046
-45.6115446412
-47.2966431576
-46.2099093315
-45.6563513263
-45.9410224766
-48.1052740384
-47.1076321386
-46.8378831372
-46.9113005969
-47.0953564044
-46.8098691029
-46.4004526307
-46.0478878199
-45.9701406841
-45.4793415763
-45.0359933283
-46.4048225764
-46.065112564
-45.9596979879
-45.3096842072
-45.1799441848
-45.8523602806
-43.1843664254
-43.1267918403
-44.8048129796
-44.7602505969
-43.9608473339
-44.257546349
-44.3940820359
-45.9691853946
-49.3622433077
-48.5357461713
-50.4973339991
-52.4719246709
-57.6690275537
-60.0307676567
-60.4337467016
-61.0394719284
-59.9389162617
-61.6379057412
-60.9063720314
-57.3686952421
-55.9422772649
-58.4074165054
-59.8073033713
-59.3404732712
-58.1963631644
-61.9393927316
-62.6122709627
-59.992771202
-59.7632896557
-60.833446432
-61.363359933
-59.3919556756
-59.9301368968
-59.9198738017
-60.3940438351
-60.6059094156
-58.3641326125
-58.5541044887
-56.8391934981
-56.4615460162
-57.021532655
-58.6064772808
-59.6299846397
-59.7618669683
-58.3809140403
-59.078685558
-59.4727309551
-59.4096602092
-60.1540264729
-60.1415831201
-59.3408740866
-59.7126656972
-59.7678695753
-58.4988156024
-59.1855674046
-60.3698538789
-59.968471712
-57.33287591
-57.2260411989
-60.174676388
-58.6224823043
-59.7679606639
-59.7278413122
-56.8862930509
-58.270939269
-58.2787317723
-59.1458467383
-61.136220743
-61.9182801672
-62.8669579734
-61.4175892526
-60.9903511971
-60.5949021792
-61.2029283613
-61.1230370877
-62.8837778194
-65.231478218
-64.1957177101
-61.4795014277
-60.0179619458
-63.3424332677
-63.8418652538
-62.3094261411
-62.6267946417
-63.24832887
-63.3062305661
-63.4100607156
-62.7400198489
-61.2885243944
-60.5390038833
-62.1403584001
-63.0845330822
-62.5542886959
-63.7772420503
-62.7257307045
-62.1800971105
-63.0075007013
-63.1061483765
-63.9095773327
-63.0238563477
-62.1571035193
-63.5349356292
-61.6286496414
-62.0389774988
-61.40011664
-63.0800583184
-64.5811053042
-63.1861092714
-61.3647035101
-60.7656024997
-62.1518491663
-64.099131824
-64.7090057159
-64.6380746702
-61.9821400876
-61.6066161756
-61.18138849
-64.5023913509
-63.736034024
-62.6270078921
-63.2528739941
-65.0984472324
-64.1797379738
-64.7362889143
-63.3022469271
-62.784378291
-64.1109715306
-64.2324022876
-64.1689164898
-63.940359059
-65.5217796153
-63.8737097149
-63.7966799782
-64.3790639399
-65.3162858609
-63.3342595227
-63.7262049146
-63.2139975912
-63.2242536113
-61.9194991413
-62.4306577034
-64.4306234259
-61.0609690597
-61.228889178
-60.6449351832
-61.6051117341
-63.8822252243
-62.9248059991
-62.5412341397
-63.2499647629
-61.1672976596
-60.5251875618
-62.9801988609
-63.2084940181
-62.207431223
-62.2990308965
-63.5862920737
-63.9797119721
-63.0368364063
-60.8254186629
-61.5904705575
-63.0389174743
-64.9390972299
-64.2702633215
-62.6175509202
-62.0277534001
-62.0906144866
-61.857654853
-61.4488785815
-61.964450666
-62.3941858856
-64.8533395365
-62.3955486407
-61.6896639835
-61.8480983952
-62.3320292266
-62.9413169594
-63.5907836884
-64.0230156762
-63.2494682937
-62.3971388225
-60.4822979725
-63.3526680067
-60.7766430507
-59.1003234246
-59.2190317563
-61.7089031328
-61.2168907759
-59.4997396306
-58.8495895451
-60.6995245048
-62.0599578294
-61.2479213219
-61.5263479819
-62.866080627
-61.5857993763
-60.4097492013
-60.8326524592
-60.3928637758
-58.8420890093
-59.9302060205
-58.9102302967
-59.9234283254
-60.5797369524
-60.100813037
-60.5251673695
-61.5362562075
-59.7403258324
-60.0881632442
-58.8546797459
-57.2252708503
-58.9536619115
-61.1637053063
-59.9858988703
-60.444524994
-61.9411281733
-58.9128736392
-61.7606523305
-60.3915563994
-60.2830059616
-60.3495867149
-59.4457955894
-59.6442583974
-59.3412962922
-60.2892626637
