2393750000.0
97656.25
-49.7915467377
-51.2645778047
-51.2062233187
-53.7328255398
-55.8878456331
-55.1246143752
-50.8237001725
-50.8430353328
-55.0066499388
-53.6800123449
-47.2588213902
-44.835234705
-44.7353899574
-45.6812453551
-48.082862102
-49.8444491283
-54.3712088643
-63.6160726142
-64.4538268517
-65.2446101334
-62.8315837822
-62.8686808063
-63.8826330896
-64.5173973478
-64.3412549484
-66.0176963542
-65.4440858038
-64.9272594822
-64.9584165362
-65.3664120736
-65.3613382081
-63.2287903209
-61.0462472102
-62.5763137667
-64.5461597406
-66.5980193348
-67.7143062401
-64.8554982639
-64.1910913372
-65.4286268696
-64.9002706153
-65.5034823199
-64.8467640856
-65.889314778
-66.3008263598
-64.3643225873
-65.2203225056
-64.4953855787
-64.4001603258
-64.5568924564
-64.1440271087
-64.5923192603
-65.9228482724
-66.5212647992
-66.0411751125
-64.965775101
-64.3280734896
-63.5080254299
-63.0418018069
-62.2751978255
-65.2451752277
-64.2012172011
-64.726752361
-64.699048772
-65.4076833414
-65.5240133204
