4568750000.0
97656.25
-88.4624586384
-87.702424368
-86.8845470112
-87.668789716
-88.2563412425
-85.9780136762
-86.9515923427
-87.2695313651
-86.6546903595
-87.0071751135
-88.2231779907
-86.5366564775
-85.5097590527
-87.1386378631
-89.6136452316
-90.286688201
-89.2228773929
-88.209789744
-87.5756681709
-89.1821970441
-87.999071233
-87.7758063272
-88.7720824688
-88.8959295743
-88.3973704983
-87.2587627997
-87.8674297253
-86.3750455621
-86.9082203362
-87.8940467097
-86.2839066118
-85.96559516
-86.2661739357
-88.4173285675
-89.5891031812
-86.8934240695
-87.5909129889
-86.9128270881
-88.4524771906
-87.0943327623
-86.1665479598
-85.6444856541
-84.9149674251
-83.7183282008
-85.9775476864
-86.2638862208
-86.5613988424
-87.7779051102
-88.0296929607
-87.5362399165
-87.0718956163
-88.4716414296
-89.9810968119
-88.2173805357
-84.5764376919
-84.5075965827
-87.1478980063
-88.765412498
-86.6282450352
-86.3132529655
-83.0586651751
-85.2310623897
-87.8011626651
-87.4925755324
-87.1290743097
-86.8020085387
-88.1092571174
-87.2679893422
-85.4915453905
-84.0378240246
-85.967581129
-88.0350087679
-88.9444089655
-87.3536654729
-86.1478186846
-85.5428171527
-82.2370448738
-82.4047886124
-85.5435685484
-88.6282894689
-86.5205341277
-87.1956598184
-86.5935842296
-86.2234108665
-86.3801851956
-85.9248952875
-85.3524827349
-86.9955087899
-88.4506300477
-88.1036523169
-87.0395000668
-88.28161053
-86.8318161862
-88.1762893669
-87.3592192758
-87.4764677819
-86.4223375651
-85.5238241053
-86.9296729995
-87.4989488054
-86.8199437442
-86.8300676516
-87.7695203166
-88.165371476
-90.3364276198
-86.7255140588
-84.4447464809
-84.982007581
-85.4510523834
-85.927121641
-86.5025429041
-86.5518090385
-87.65136127
-85.4501238735
-85.3403369434
-87.1221954032
-87.8738222796
-88.5161609126
-84.7284566204
-84.4214655723
-86.7824645366
-84.7265526807
-87.2189291068
-85.9632340412
-85.9628094826
-86.2828959592
-86.221079144
-86.2400664772
-83.8995764557
-83.6773563818
-86.3130940254
-85.6122820769
-85.5791924799
-85.7034964992
-85.7359459044
-85.4833264052
-86.5942367456
-85.3319155812
-86.804880914
-87.2462049806
-85.9097125931
-86.3818055195
-87.0128388508
-83.9136171463
-83.5916083197
-83.9705647508
-85.5727399455
-84.3385181722
-85.7552907939
-88.0663410626
-86.843209959
-86.0962779182
-87.8954547761
-86.3426038179
-87.0037321091
-87.4437169136
-87.8120825805
-86.6778360695
-85.7504824881
-85.2051960116
-85.4620889177
-86.8166870076
-85.121478861
-87.3426107153
-85.2233447159
-85.8860662727
-87.9535041579
-86.7960311887
-84.9079104774
-86.8534729784
-88.5679929337
-88.2390872369
-87.6907446285
-86.337109991
-86.377632043
-86.4296767092
-86.5389828563
-87.0197632413
-86.2290078769
-85.4160055639
-88.3300957695
-86.7863175212
-84.7556245861
-85.5230641139
-84.6752101476
-84.2449924148
-84.3496514834
-85.5537809298
-85.7803509667
-84.9736313125
-83.286482445
-76.5006850487
-73.9222375678
-76.3985273918
-83.8386770098
-84.904063404
-86.840905236
-86.9211200459
-87.3240299992
-85.7110039771
-87.5282997494
-86.4674128136
-86.5820197537
-87.4372167909
-87.3532115961
-87.7722944636
-85.519212643
-84.3455733005
-84.8843409309
-87.2685123748
-86.2696488897
-86.4084670351
-85.4157911607
-85.4952861491
-86.8188666046
-83.6310469709
-84.8547371122
-87.189752736
-86.2808008762
-87.0065036401
-86.7670525685
-87.0838532223
-86.5313546132
-86.3361063682
-85.3411701052
-84.7368226212
-86.4894998419
-88.7693937524
-88.2176892002
-85.3309499132
-85.1396438383
-87.7938055295
-86.9893909759
-86.9741667642
-88.9399132247
-86.4174793847
-85.163243658
-86.374224369
-84.724734857
-86.4312951207
-87.748896525
-88.7564426031
-87.8766198256
-86.6312567689
-86.6446011656
-84.3914286822
-84.0312790029
-86.0972610755
-87.4779082285
-87.4610770083
-86.9173995891
-86.2661328481
-86.7465458683
-86.6043276209
-85.52713157
-86.1298673943
-86.1719911694
-87.6441499172
-85.4797234571
-86.8793439187
-86.410518443
-85.1795326888
-85.879059498
-84.9695146635
-84.6740746928
-85.2289447561
-86.3781101178
-86.7686559769
-86.1488189129
-86.1755294301
-87.6723979391
-88.2173294514
-84.5856837341
-84.7357109984
-86.3141770936
-88.7344165112
-87.7270279314
-85.8566143743
-86.8218096137
-88.6504630854
-87.1468873612
-86.8090018391
-86.6051905396
-88.9674362939
-87.8722435786
-86.1290798603
-85.5336355859
-86.5102698852
-88.9672112976
-87.5026913244
-85.7874886603
-86.3460319595
-86.3697798713
-86.7380577697
-86.6952441608
-86.9631350227
-86.2680969974
-85.4318267014
-84.235090198
-84.2755366767
-85.2691074737
-86.6124925272
-85.0704074041
-83.6834420216
-84.4484264687
-85.2287009945
-87.7622022417
-86.6769040992
-87.96538596
-84.9238533288
-85.1373054263
-87.0745710991
-86.2518235088
-87.4039350136
-87.77925661
-88.1597467872
-87.7492834682
-87.5832447541
-87.6074501807
-86.4882533849
-86.4020953377
-86.6710723102
-86.9468997728
-85.801453276
-87.344585701
-87.7920653042
-89.8012005095
-86.8677600634
-85.9649418909
-86.0598140145
-84.6579506569
-86.9896097023
-86.1927291904
-88.2768398648
-86.5684248789
-86.1859870168
-84.3097042902
-86.5120403613
-88.1462305586
-88.1044883515
-88.1678128454
-86.6984715744
-86.8433526174
-86.9902879535
-89.1398352792
-88.7906812946
-88.185967106
-87.2627514521
-87.8598219813
-88.5329504252
-87.9256089502
-88.4904905903
-86.9468058962
-87.0590159598
-85.5861511283
-88.7690033102
-86.9486434268
-87.7178773734
-85.5024272001
-85.255321041
-86.8994613299
-87.1393006092
-88.9858683847
-89.5736618346
-89.5067357996
-88.14326065
-87.8311716569
-86.7405789315
-86.309149798
-87.1242732174
-88.0984832678
-87.1426332862
-87.3182260703
-87.1207171467
-87.0210061052
-87.5651414053
-86.530288205
-87.7588608836
-89.4760014023
-88.9280725053
-86.8130042709
-87.5649784948
-88.1468167592
-89.5426827969
