2131250000.0
97656.25
-49.6824513195
-52.9268644813
-51.7686337171
-52.0989273291
-55.9090121141
-54.8960096772
-49.6575054428
-46.4291034648
-47.0107401484
-48.1528365656
-46.227228367
-46.5191737909
-48.3586764594
-50.865814792
-52.0243535852
-50.3557462331
-49.8654587823
-49.082744085
-46.7583092503
-48.1357188974
-49.8531542425
-49.2880466822
-49.3484684402
-51.5879646895
-51.3621158845
-48.6130320731
-48.6919764019
-47.3777168608
-46.171309428
-47.5872871029
-49.2191634632
-51.3195901121
-51.0509093875
-47.642857032
-45.4539565042
-46.0720273865
-48.0777874179
-51.2834562648
-52.4914027929
-51.474554184
-51.6375193502
-51.4560232328
-47.2753763255
-47.2943442775
-50.3930430313
-52.2410897262
-49.3379049453
-47.8378666122
-48.9382325953
-50.4736736852
-48.9555832012
-47.6122976561
-44.6692196475
-44.1489187026
-45.1356177228
-45.6911036532
-44.4013234161
-46.1826347471
-46.4772833249
-45.441657716
-47.8872569186
-51.5045931474
-53.6854334916
-47.7695553448
-47.1316209783
-48.879613051
-48.287865008
-49.7402351967
-48.3753364849
-48.8545074821
-48.416576465
-48.7399839249
-47.9851252709
-46.9349052404
-44.4474562191
-44.8588461954
-46.7054163622
-45.2117886307
-45.6557347873
-46.0513525938
-49.7311702076
-48.7027113527
-46.6588930935
-46.869209393
-45.5703793325
-44.9581340131
-45.4251502489
-44.7132993405
-45.2369519277
-48.8813177144
-45.778508485
-45.6526136591
-46.3136038866
-48.4116086029
-47.4460248711
-45.6443222126
-48.3115284814
-51.5467871288
-48.5271551805
-49.2591084097
-46.0628691676
-44.7929135408
-46.6261747631
-45.5191282453
-48.4090939063
-49.1944674438
-48.7546409501
-48.6693368415
-49.3920342567
-53.543819691
-50.7935588959
-48.0242441143
-48.0788275636
-50.302966419
-52.3046983344
-51.0943364218
-50.1603013563
-48.4008978009
-49.2387196132
-48.2935513761
-50.1749297185
-52.1363678773
-52.2378321981
-48.4788544342
-45.9748380297
-46.2177896824
-48.2384654176
-47.0536047534
-47.5302701263
-49.9493896982
-51.4412423376
-52.1547817001
-51.3036265836
-50.3100641775
-52.3220498723
-50.4120598185
-47.9495401424
-47.9128470163
-50.4280416441
-51.6211361175
-49.1726747211
-50.3668039285
-54.0965589954
-50.889679854
-44.9795518582
-45.5788762149
-51.4861294228
-49.2546335877
-46.408071856
-48.703974646
-51.8398562881
-52.0112247989
-49.4461900858
-50.2671400598
-48.6908107134
-48.4410655634
-51.7649496622
-50.6960427505
-51.1208294866
-50.2231710615
-50.0925462028
-48.7016862785
-49.1553583049
-46.7981272474
-47.486113905
-49.5567048231
-46.4499110836
-45.8524447375
-47.5224417731
-49.9637230465
-54.3901820665
-61.4157894313
-63.4579022985
-63.7776385924
-63.1969570564
-61.0912448533
-62.2091077219
-64.6749455715
-63.8540321737
-61.4578183022
-59.172669901
-60.2149248856
-60.1687995049
-59.2012418513
-60.1377121758
-60.2550941096
-61.9230879521
-58.2662364163
-60.1280906632
-61.6516042797
-60.6731444588
-64.9271971443
-61.5362637588
-59.2514695727
-59.4095656326
-64.4070030696
-61.8523808445
-58.7693686734
-61.9096926227
-63.7748248357
-64.2692510515
-62.1862029777
-62.0919230389
-59.7670646238
-58.6155418637
-58.1038274601
-57.5922873424
-56.4417322621
-58.1571832514
-60.43042853
-60.7625987106
-63.7420987294
-66.8277627707
-63.0683161136
-62.8537540263
-57.7630925161
-56.0688621404
-57.1093353913
-58.5008849167
-58.061140714
-58.6934968365
-57.6731375495
-57.922793571
-60.4170374292
-60.8851751463
-61.830011733
-62.9150763089
-63.9406188936
-63.1932914604
-66.4968273113
-66.5352464088
-67.3986155717
-65.0232021341
-62.7218939837
-61.1507261244
-62.106932249
-62.8861680408
-64.1214101869
-65.2706633089
-64.1817978062
-63.190197716
-61.3566097844
-63.0451329331
-68.6028525831
-67.0399051338
-64.1768364306
-62.7184701951
-61.797982999
-65.0359065685
-67.1562908367
-66.1426020175
-66.2629991177
-65.366595622
-65.1418721547
-67.5414500989
-62.9538383947
-62.5426970897
-65.0334884099
-65.1864522933
-63.1518354945
-62.8617727584
-66.8172072621
-66.5583383128
-61.7717222619
-61.4447799768
-64.6223637197
-65.3170838117
-65.1292019586
-65.0735495086
-63.5110369775
-63.9641913025
-67.3134059671
-68.5500657011
-67.0121666052
-63.8337924949
-64.8766945784
-65.6546245262
-64.7125798457
-65.9524329424
-65.3871799527
-64.6053907528
-62.2448867658
-62.3636231289
-66.2481060112
-67.725219872
-66.3838613122
-67.6604352254
-67.2981406579
-66.214941565
-67.7943116416
-67.6622921534
-67.8240778122
-67.5923230291
-64.8945747485
-64.1569878714
-63.730447854
-64.2028285093
-64.6310137329
-62.7301091211
-60.6434436361
-61.9768554131
-65.9638479312
-68.0243106112
-69.3026195893
-68.9402751668
-66.2132904397
-64.790195212
-65.9847133354
-64.2577809877
-60.5634194293
-61.5239513991
-66.532994662
-70.4639284009
-69.934927625
-72.973839082
-67.6150100117
-65.0300636257
-66.2211963103
-67.8095333756
-70.2866505386
-65.2996227323
-62.2543236164
-60.7420538772
-64.5285262849
-69.443215447
-67.6197431405
-66.8658586653
-66.9919980827
-64.4566449451
-64.2976213401
-64.7470586908
-64.3963992189
-66.793735042
-65.6674454244
-64.6912551743
-67.1917245952
-65.1909091656
-60.9057964564
-59.3973940325
-59.5873797298
-60.4004347096
-63.6021192852
-64.7475613763
-63.1529433723
-57.8327611251
-55.4414573737
-56.5879238587
-61.0176232966
-61.3688198378
-61.9189553283
-64.7508859032
-65.5504168392
-62.738689973
-63.5549572595
-62.7735083482
-60.9111681891
-60.2993974618
-61.5596886011
-59.5760120634
-64.4155927536
-65.2778489875
-63.6357161125
-61.3627563204
-61.8745076063
-61.3394154895
-63.9445782657
-64.7089934674
-62.8631014724
-63.0706824436
-63.0757284245
-63.9814014296
-63.801089756
-61.6397396108
-60.5061222712
-62.3508275976
-62.8607524001
-63.9232671514
-61.9638113597
-59.3519798152
-61.6620991195
-70.1116274344
-64.7681825025
-61.7362798284
-63.1028902971
