4793750000.0
97656.25
-88.0833201012
-88.2066394615
-87.891873134
-88.5052503238
-88.236448964
-88.6772866377
-87.3799284493
-87.1798996129
-86.7066873404
-87.6971152055
-85.3997257567
-86.2503819549
-86.8759083846
-87.0279311357
-88.4339751392
-87.3695447441
-86.9602830333
-87.631289751
-86.4516179097
-86.0380889532
-85.9883947736
-88.6488839623
-87.3413495253
-87.9906578824
-88.6386359986
-88.849152992
-88.3318747111
-88.8993386575
-88.7915415751
-87.3649583389
-87.9651615503
-87.6729538409
-87.2767729758
-86.9612209514
-87.4516538691
-86.5198911391
-86.4823650167
-86.017016703
-86.5377192022
-86.7852746187
-88.2869068083
-88.9784467723
-86.9105632943
-86.5297991946
-87.3522273038
-88.3058823115
-88.4556622646
-86.5150978631
-87.7217598592
-87.1146892575
-87.9990222449
-87.2215247233
-87.2508566028
-87.9594883255
-86.9424295911
-87.5245658492
-87.4879564867
-86.9175342035
-87.2186712336
-84.8668926141
-85.5050296184
-86.4092737802
-87.711689113
-86.2137087913
-88.5077417834
-86.9239212462
-87.3431635225
-88.4716600914
-88.3149340879
-87.5312402851
-85.3554658626
-87.0414771197
-88.6186454797
-88.0621878396
-86.4015035567
-85.8964178054
-88.0842921139
-87.8564426206
-87.1939406396
-87.3667561097
-86.591138979
-85.8212342562
-85.6118970727
-86.1266823043
-87.7817849622
-86.5196152698
-86.7061898819
-86.8106959556
-86.0007895913
-87.0525273949
-87.3418719939
-87.6613446753
-87.0561962676
-87.3972168906
-86.6751409791
-85.1585600347
-86.6527742431
-88.335141453
-88.6726384624
-89.0838854903
-87.6836369528
-87.3415796985
-86.8321825162
-85.7493364458
-84.7177825866
-88.1296697626
-89.5210140595
-88.2848549275
-86.3213974308
-87.0127298756
-87.5568602947
-88.7866990843
-88.071755496
-87.0180582224
-86.3796357559
-85.7962460046
-85.4226207764
-87.4620368619
-87.7216189235
-86.0385289934
-85.4521650406
-86.3442338837
-86.1738043187
-85.5140798915
-84.7656700167
-85.2805903982
-86.9868444011
-88.4406278132
-86.0363744437
-85.5812760497
-83.7823130208
-84.9470489198
-84.5012972674
-84.1824975412
-84.1933908004
-83.5993589436
-84.9875826551
-85.4032507925
-87.542832731
-86.8269837736
-86.7005432827
-85.5614613625
-85.8879232997
-87.0766064404
-86.3436237224
-86.1062974659
-86.0476616314
-85.8185500031
-85.0406842293
-84.5903212239
-86.0678457346
-85.2102575675
-85.6825337094
-85.4171223431
-84.2181261998
-85.0471100855
-85.717591529
-86.5823956568
-86.2446284242
-87.5427658418
-86.2869353025
-84.3215179263
-85.6293905037
-84.9578689985
-86.8826700985
-86.909048613
-86.9731303097
-86.8690665444
-86.3261900786
-87.3029666531
-87.0645996099
-87.6943524979
-86.5099059678
-88.1269112746
-88.5524850172
-87.5516840452
-86.8650008163
-85.1979100767
-86.2909814367
-86.8855334734
-87.0662992907
-87.1085636376
-86.4225610376
-85.5555444036
-85.2031720104
-85.2946518885
-85.321208507
-86.0316769139
-84.5787181983
-84.4271205782
-82.4561432666
-75.2967048746
-72.4416309027
-75.5139835087
-82.7022267511
-84.4087964399
-85.5808502727
-85.5532983315
-86.774085826
-85.4285724793
-86.0500068245
-85.1441361572
-86.7550248385
-85.7455128181
-84.9695166957
-86.7885912867
-85.3172729662
-86.0127635391
-87.0407937741
-87.2214407604
-85.1665150378
-85.7062174599
-87.2464668969
-85.6900045262
-85.7087628024
-86.8643000398
-85.198764343
-85.1954484675
-84.4019371486
-84.4160633643
-84.4240087865
-86.3474534293
-87.204209842
-88.8431246962
-87.8497004552
-87.3381126038
-88.3968394113
-85.121137101
-85.4530108508
-86.4950132807
-84.3622603204
-83.0296328886
-83.4863606048
-84.8007555033
-83.8106004319
-85.9433382504
-86.2031054877
-83.9848670187
-86.6330173605
-87.9574390437
-86.8638112294
-86.369089537
-86.4338413067
-87.5265773921
-84.8503764696
-86.0395602603
-85.5614622941
-84.2003177214
-85.2740047694
-85.2039076287
-85.060628272
-87.9220621214
-85.5015978977
-85.7745187257
-84.9684869233
-82.6887956818
-82.3647919641
-84.095020838
-84.2461555682
-85.4266769267
-86.685460438
-86.7422435048
-86.4491187094
-84.968211844
-84.1636761456
-87.2836350749
-87.0061275044
-87.0693005449
-86.3232804388
-83.9754778045
-85.6571676847
-88.5931428505
-87.578494964
-86.7263508447
-86.1804655521
-86.989279352
-85.1540353918
-84.2060814479
-86.1831764972
-86.780341671
-87.9847885141
-87.8996585746
-88.4230865328
-86.9781656374
-86.5829690011
-88.5394014962
-87.9760125055
-87.2046232508
-84.9274470811
-84.086410392
-86.0455087957
-86.5183659465
-85.2918319187
-86.3487405203
-87.5731999826
-86.8526649517
-86.3616061326
-87.4780907167
-85.0635158834
-86.5655412003
-87.9310660478
-87.7738864666
-88.8779189694
-87.5540836546
-86.1351927684
-86.553103136
-88.3291151735
-86.0145199332
-87.0023974695
-88.1566054912
-86.0450230124
-86.1672700247
-83.3816992463
-86.1479567622
-85.1311620052
-85.696786598
-87.0304085092
-87.0846965029
-87.6411477462
-88.0182003848
-87.306755599
-86.7531105245
-86.115043956
-86.2029877825
-87.2279424529
-87.1688061407
-88.9110598912
-88.7960279845
-86.8327751375
-86.3775182234
-86.1134913213
-85.956035956
-86.8869818276
-86.7913750423
-86.7467940058
-85.0993897264
-88.461130751
-86.6862388492
-88.6224628058
-88.9284729632
-86.9859930726
-86.0755520441
-86.9520757365
-87.614917294
-87.8926956662
-88.2358699403
-87.9793773234
-87.3066483914
-88.7928430978
-88.6234530134
-89.3216723184
-87.5895898619
-86.2786727395
-86.1886015859
-88.6861450509
-86.7692941229
-86.6926802737
-84.483922714
-84.9773422417
-88.8477535825
-87.0461861881
-85.7691545393
-86.3167746776
-88.4229474529
-89.3646913289
-88.9304328068
-88.478149241
-87.6064416115
-86.4228424533
-87.5214831701
-87.9431335759
-88.5793503738
-89.2712342488
-87.6927794879
-87.0602424842
-88.6132967905
-86.3005381514
-86.4293857493
-87.6428146106
-88.0536378026
-87.9317621832
-87.759979278
-87.5904927103
-88.088119837
