3481250000.0
97656.25
-75.403169503
-78.4202620573
-76.6039070028
-74.7548431217
-72.7894144738
-75.675688531
-75.1495254556
-73.9490391918
-73.3103206452
-72.7448079094
-72.8846616457
-72.9876894357
-72.8954661104
-73.4639410568
-72.4016500464
-72.0084592214
-71.4434704756
-69.3802750714
-72.2325739905
-71.7101547437
-72.4526356135
-72.9548813526
-73.4788067355
-73.795771383
-74.503470669
-75.5890293046
-75.0847238042
-72.8279896864
-72.2658092085
-73.3791329976
-75.2467500641
-74.3531003047
-72.7692794555
-73.0409770993
-72.9082260093
-73.1779448576
-71.6942528136
-72.7779908154
-75.3678419043
-78.2631373999
-75.4634368283
-73.2341596451
-75.7843017962
-76.2374678256
-74.0243789461
-74.5692978481
-74.3347373159
-74.6907321909
-74.4009156423
-71.3694375782
-71.1393499225
-73.0254196285
-72.5892077589
-72.8822987945
-72.6756086732
-77.1823426516
-74.4580646202
-72.9703953882
-73.0833181775
-75.1479298489
-72.2505863873
-71.0246578832
-71.4591462207
-73.1138135817
-73.1078716906
-72.5721729837
-71.8251311149
-73.947250448
-73.0494589957
-75.4453669336
-73.4867386665
-73.3067335671
-72.2073211961
-74.9417229955
-72.619453447
-77.3112057931
-76.1797190028
-76.8926277512
-75.5489536433
-74.0352066676
-74.088350095
-73.7101044374
-75.8654152537
-75.3058230215
-73.3967324615
-73.7006718865
-73.5511245104
-73.57660424
-75.7119862171
-76.3238699831
-77.884203643
-76.0093712337
-72.7099773196
-71.5399178748
-73.4044917299
-72.0337130205
-70.5453828592
-70.1173111555
-71.75521479
-75.4556119995
-72.9919056711
-74.7173604044
-73.1419892307
-74.8198747671
-73.8816352645
-70.9746373019
-73.0601769894
-73.6161478497
-72.6117439698
-69.7717962839
-71.5263224368
-71.4360116063
-73.7137734297
-76.4002071767
-74.9403676051
-72.5524210569
-72.3141341762
-72.169938588
-70.8405319784
-73.1853307837
-72.4521289499
-72.166506713
-74.5805011769
-76.1399340156
-74.9488687192
-74.373302179
-73.2729616804
-71.5970813012
-73.2241743385
-74.8813683851
-73.4341774583
-72.1109457302
-74.2042267361
-74.0094557256
-75.4917987689
-73.9316021242
-72.1666049335
-71.4259584562
-77.112577477
-75.7238388093
-73.1045723623
-70.8205492171
-69.9547558827
-69.7395337707
-73.5709215529
-73.8639766579
-71.7429692121
-74.1089126335
-71.8040370579
-73.6067440021
-72.7570473492
-75.5649206884
-73.3011437054
-71.9294672901
-73.2808245158
-71.0624829253
-69.6869873374
-72.9436276378
-76.6744537458
-75.4556127268
-72.7896301922
-72.5205241664
-72.9660347504
-73.2518150304
-71.2921281219
-72.5838826075
-73.5529271725
-75.1338087782
-73.4815937514
-75.2983848583
-70.9131885963
-73.4318738735
-74.1363672547
-75.3148941652
-77.4431456272
-74.820352902
-75.3977602163
-76.6285982816
-76.7655378837
-75.0002042713
-75.0091551627
-75.6414775109
-77.3720866828
-73.8782830161
-73.9024634253
-74.9057691535
-75.4726698084
-73.5906113725
-74.3416936545
-74.0378856809
-73.1353807395
-71.3416122196
-68.9831848607
-69.3425773953
-71.8783385304
-73.517847605
-72.8019517822
-73.2694321321
-74.040486014
-74.274703645
-74.8833525126
-74.9181474191
-73.4148649429
-73.9218022605
-74.7940908727
-76.0841935342
-76.5075608227
-73.8764286269
-72.5073859649
-72.5418643406
-72.3101144593
-72.179183229
-72.9758561506
-73.7147402385
-74.4494349109
-70.118346984
-70.7760398444
-73.7241824363
-75.4725420313
-76.3710706787
-77.1505557291
-75.0332039859
-74.0211517775
-75.589576084
-76.9996539833
-77.6158879907
-77.5760765734
-76.0050939754
-74.9777629432
-73.9573809646
-73.4213297888
-70.9330563544
-70.7480420409
-73.4148735805
-76.2765524546
-72.851365921
-72.4438391396
-75.4005589907
-77.4488092224
-73.3859191863
-71.9887027398
-73.4865436233
-72.2284231879
-72.5614710908
-73.9200246975
-72.1356840388
-72.7100225406
-73.6794901572
-74.134593312
-76.6107006178
-75.2636066097
-72.8039577021
-70.3536763515
-71.8947537881
-73.5363696211
-76.1898671506
-79.1211687713
-74.8363451036
-74.3902793914
-75.5401011531
-73.2790264436
-71.3032376731
-70.8509884451
-73.8152899158
-74.3815466423
-75.9395521226
-75.1225115437
-73.806670573
-72.853646479
-72.3708151254
-74.7220699378
-75.1718432853
-76.9896068549
-74.758598531
-74.8904940742
-72.5588259561
-69.6177208662
-69.6381873919
-70.6749844194
-73.5351603399
-74.2620421345
-74.2162492525
-74.6970036017
-77.1222659932
-79.7170317407
-76.1138976506
-74.0755412888
-75.261874291
-72.9147527337
-72.7616007738
-74.8706520615
-74.4038623529
-74.908646075
-73.8348139397
-73.5432587068
-77.4724335997
-74.8992364949
-74.7051692028
-75.638723211
-73.0046935698
-71.7783199174
-72.7510786054
-77.2023109113
-75.897031863
-73.3850052601
-73.4402847187
-75.0774242065
-74.12538588
-73.7433105496
-73.0763739665
-73.2191755055
-73.3293212487
-74.1286561057
-74.3553231355
-73.4039933318
-74.6881950145
-75.3456863032
-74.3441975358
-74.9652495674
-77.8951837287
-74.5782049521
-74.2769535092
-74.019867643
-73.0542996139
-73.4679710441
-76.2965474337
-75.9238223849
-76.4073774029
-77.317416044
-76.5792399061
-77.6771400818
-76.240227287
-76.3029384098
-77.5920555646
-76.1828310807
-74.4157301934
-73.1712922146
-74.1199791156
-76.0655724431
-76.5786685845
-75.2138472938
-74.6184296719
-74.890316238
-74.935467052
-73.5312888851
-72.2080028843
-73.1611384908
-78.3398800144
-77.2442127368
-77.8223369873
-74.2956927164
-75.0355825686
-76.6893200111
-75.5007689375
-75.8131598161
-75.7592179063
-75.2843216087
-75.7978131866
-75.4334129846
-75.1254103614
-74.8750141905
-75.475261209
-73.7418873647
-74.8314577888
-74.9407693974
-74.8499313148
-75.5545375732
-75.2339335246
-76.5788489689
-75.9379877172
-74.808130196
-74.0837835511
-75.4357475685
-77.6227912962
-74.6426803831
-74.1512269219
-74.4395152637
-76.3379767175
-74.6488147877
-75.9245993368
-79.1826441522
-80.4273007252
-79.9398269872
-77.0319096615
