2881250000.0
97656.25
-66.8002493489
-68.4606738046
-69.2371314433
-69.1831672735
-67.6651857281
-69.0557157985
-70.0043348525
-70.2446569844
-71.6838600651
-70.11994249
-70.6648843577
-70.5917454749
-70.1847226992
-69.6985071915
-69.343311516
-69.251256163
-69.6660089632
-67.7390830638
-68.151213589
-68.5511552993
-69.9705585387
-70.2412887057
-70.356030957
-72.9597220285
-72.8925539662
-72.4557829142
-70.8387596082
-69.9871444006
-68.8880894454
-66.4796267006
-66.1392248342
-68.0648427756
-70.5129002459
-69.2205610399
-67.9996586267
-68.1508309969
-70.6837988624
-67.9084810835
-67.306237463
-67.5719385683
-66.5841547734
-69.5666350283
-69.5903197697
-68.8529669562
-66.7825091084
-68.3232006655
-67.9161560053
-67.7903590188
-67.9362881275
-68.1200007902
-69.6207569015
-68.8151568331
-70.3392713779
-70.2136933912
-70.0549183652
-66.8883936037
-67.6474203611
-68.140741008
-67.6264045753
-69.5228326322
-67.4300559588
-69.5533604509
-69.6088264532
-71.3699099403
-69.5560133937
-71.2694260523
-71.5187379524
-69.3724652719
-69.2338693791
-70.0564345083
-68.1748131871
-68.282609846
-71.4080925968
-71.0403711522
-70.2584802377
-67.0852737584
-67.7616672197
-69.1713438974
-69.3131688852
-71.3410098171
-71.5154232772
-70.1208073222
-68.0732970827
-69.0618904414
-66.9666643336
-68.7815638274
-68.2996887925
-69.6812113312
-66.3699180187
-66.6624488026
-71.8920031412
-71.7875551161
-69.899762309
-67.1180921336
-67.0026910161
-66.6779589178
-64.6263993382
-66.5356381037
-70.3748290154
-70.9777598486
-69.5101905395
-70.3005444032
-71.7906948085
-68.6921608737
-70.3322828214
-70.4509228219
-70.0359497109
-71.7222033371
-68.5088939725
-67.6147876002
-66.4015457756
-69.5269179184
-72.0326136812
-67.5169896141
-67.7075448675
-67.7644064951
-67.1631757792
-66.466588955
-67.5059812596
-69.2843617494
-69.0790692241
-71.5123645797
-68.9832903878
-69.6712267852
-70.3472751708
-70.6919570091
-69.7321627167
-69.5047061421
-70.6073219136
-70.3173491786
-67.4193734085
-66.8126158215
-68.3157679455
-67.3050281255
-66.5395252583
-69.4268260063
-68.1886730999
-67.713040402
-68.9568418403
-65.7106616243
-65.2410350325
-65.8755290507
-66.1356971647
-65.3669479199
-65.6273493469
-69.3621297897
-69.5042752862
-67.9892473373
-68.2216134791
-69.0232463591
-68.5751269684
-69.2298344375
-70.6977826757
-70.2479371052
-69.2705244103
-69.4170057964
-69.9737157721
-67.6968797301
-65.9548522428
-65.6881722222
-66.1272334658
-67.8458578272
-67.3308840692
-69.4017305291
-71.4135154115
-70.0277116587
-67.5363899797
-66.7304388942
-68.2580693532
-72.0815417597
-71.0246523772
-69.6016979412
-69.4228428201
-67.4986277148
-68.2622048727
-66.8403548105
-65.8527969138
-65.7779387177
-66.2105303815
-67.3584528272
-67.0530335157
-65.6170721196
-68.2272129555
-70.817938383
-68.6790303495
-69.9502634292
-71.1871050843
-70.6405840926
-68.2258069039
-67.7610557584
-67.6510703552
-67.243523729
-66.3665442202
-68.8713088085
-68.0126267527
-66.5208647318
-64.7961866006
-65.5279996146
-68.8797068623
-70.5399765009
-66.6239371702
-66.3616739055
-67.2526499753
-71.4873734038
-73.8047848368
-71.1894367063
-67.5610807506
-68.0094160518
-68.1460557611
-65.9575831196
-66.68236882
-66.3213110307
-68.2710120335
-68.4273601238
-70.7776609655
-68.1838522799
-67.0157909653
-66.5197784893
-64.7454333933
-66.5372556182
-67.2077789238
-66.9600088832
-67.9715173955
-66.6410133424
-65.1962000953
-65.5871570501
-67.7278051747
-69.1419933336
-70.8574387184
-70.3286993863
-66.0456831079
-66.0084947112
-66.2924131079
-67.5481582225
-66.4710884464
-67.9489544832
-68.6273926083
-67.2575749094
-66.7799995805
-67.2678561791
-68.7310266037
-67.5910665587
-67.2824183902
-65.9240872945
-66.5950971178
-69.3441689781
-70.7731136511
-69.8190970564
-68.5094193453
-69.041639953
-67.5484653319
-66.7735155544
-67.5003636094
-67.9754181019
-67.7601159775
-69.5258275388
-70.04003134
-69.9953281291
-68.0067384846
-69.1699122407
-67.5754133128
-67.9455940958
-69.1500846344
-69.0403035435
-69.902704851
-69.1451772227
-68.3943378139
-69.6821312499
-68.128235147
-66.8921700008
-69.3776680909
-71.0254117519
-68.9176637339
-68.8109495329
-69.7006147323
-71.7440437205
-70.8584333554
-68.6909290035
-67.0303212367
-66.2496652924
-67.1938420958
-66.5538704372
-68.1866331524
-70.0191622097
-68.6410067537
-65.9671080955
-65.4100758865
-65.3132013793
-66.1580631091
-66.8704148974
-68.3928339853
-69.3279990352
-66.3768062021
-64.9251286497
-67.78477876
-67.4262178561
-67.7743685541
-68.4566175893
-70.4968273755
-71.8302305849
-70.3909063029
-71.7985123109
-69.9641022492
-67.1486077593
-66.0539140841
-67.2607165578
-69.0376412496
-70.5545402009
-68.1094428515
-66.3678386535
-67.6038632906
-67.8624311554
-68.6780435234
-71.4977023359
-71.0400598654
-70.0503219906
-69.0421787513
-70.9118660788
-71.3875569545
-71.8281274242
-67.4213665522
-66.08170448
-69.8593027482
-67.7731892618
-65.8967629631
-66.1641799046
-68.2510661307
-69.0734124785
-68.4203507971
-66.6095700453
-65.384636558
-66.0609251249
-70.7423255033
-69.1410681549
-67.7398391159
-67.6616553615
-68.1256826608
-68.8203018243
-70.1873632086
-70.0794044837
-70.0441126248
-69.5992949099
-67.8533838699
-66.7653299101
-65.6034464028
-66.8809799041
-66.6993486233
-65.976214176
-67.6244296626
-69.7821012802
-70.6232871605
-69.2435978604
-65.7386959336
-65.7645449143
-67.2107291597
-67.4786342151
-69.8904312744
-71.1614504995
-68.9365969185
-67.4923703761
-67.6682395674
-68.2029651123
-71.5121310769
-68.9675140708
-69.673819799
-71.5643518962
-70.3923435887
-72.3126796939
-70.6985740643
-70.6359598187
-68.5169593303
-66.470617633
-66.47594915
-71.0121478385
-70.9228165712
-66.4297519922
-64.6345078497
-64.8882582741
-67.0286576463
-66.8437896694
-67.2429841044
-68.1411003058
-67.7558608217
-69.0862992827
