2318750000.0
97656.25
-63.7463701864
-65.3599273069
-64.8451349213
-65.6392281806
-64.7021328567
-65.6017677781
-65.2735539526
-65.6354996476
-64.9390874145
-62.878025437
-64.6399457359
-64.5836359408
-64.0826240161
-65.4466413286
-66.1583555253
-64.2926256589
-66.0012009118
-65.8287486997
-64.6648975422
-66.6497896132
-65.7911093188
-66.0033739375
-64.8493638225
-65.3727712442
-65.1047642684
-63.7783954044
-65.654859655
-64.9643030657
-64.3425840332
-63.8472845027
-64.4722755875
-64.3558403884
-63.8666166386
-64.3108889165
-63.4484638391
-64.1662729418
-63.9937492676
-65.0320352053
-66.1607113054
-66.1411576896
-66.3214569775
-65.5664078524
-64.4133695912
-63.9059335564
-64.5182257898
-65.8501250657
-65.0041565554
-62.9516600634
-62.5722553593
-63.1877381126
-64.8111551862
-65.8994324113
-65.8743057251
-65.6275848197
-65.468513067
-65.9688787374
-65.8366633845
-64.5288787985
-64.9570154651
-65.1214752581
-63.2124074704
-62.9711422752
-63.8019615936
-65.3991456301
-65.045920945
-64.9096123993
-63.2935311998
-63.4001434001
-65.3704650544
-64.3784032757
-63.6699644027
-63.9499434045
-65.0782359935
-65.0397760986
-65.0736819221
-63.9208559752
-65.1143713811
-65.4893375536
-64.5762508778
-64.4014126222
-66.2281933732
-66.5407602467
-65.574766206
-65.3522833408
-64.699218396
-66.0831513527
-65.9760098547
-65.7078624169
-65.4082168227
-65.6872889832
-64.5292430927
-65.1507839214
-65.3041773846
-64.7766355007
-64.8133914053
-64.6899086578
-66.0136916619
-65.9467614367
-64.5307316105
-65.0611070799
-64.367917858
-66.1160374678
-67.7970995239
-65.6209178284
-65.3689237118
-64.3400180764
-65.6592798261
-63.2518499719
-63.1682219136
-64.5730217208
-65.8990064523
-65.0784453652
-64.6954222621
-64.6474776804
-65.0260301252
-65.4905922919
-63.9245122984
-64.9145399685
-63.6028138372
-64.6534227806
-65.0520638937
-65.4468178474
-64.2854144226
-65.1822977428
-66.2247010728
-66.0951845989
-65.0679619819
-65.4934591118
-65.7561954944
-66.5233121891
-67.6571791792
-65.8851841945
-65.8462842969
-65.0906883447
-65.1291002234
-63.2865062901
-63.968387467
-66.2138761951
-64.546223921
-66.0192389802
-66.253865039
-65.6195877118
-65.9810308084
-65.1279961325
-65.4284802886
-66.9888672163
-66.0905155194
-64.3976837226
-63.7015553608
-64.5459648456
-65.3773661571
-65.2212896211
-65.1348502405
-65.2145270826
-65.5340964159
-66.9317337728
-64.55538738
-65.1874783557
-66.857418935
-63.9942288344
-63.569029446
-65.5556201671
-65.2838218664
-65.8082440174
-65.5131009414
-65.5055241715
-65.7706425885
-64.6453943022
-67.2284382172
-66.4899186603
-66.7505061815
-64.1845055334
-63.7635682987
-64.3360204566
-66.371947724
-65.4923461315
-65.8808624553
-66.0444279002
-65.1137240965
-65.6395705252
-64.6598851386
-66.3159208275
-66.2224363313
-64.9655253525
-65.4682233323
-65.9405852886
-67.0129476986
-65.2232162256
-65.2223592388
-64.4424957776
-65.251744194
-66.4535960895
-65.1199093775
-64.5488584958
-65.1684381179
-63.0076079877
-64.3333855787
-65.2554434177
-65.733659801
-65.0046201469
-64.2590127661
-64.5625925392
-61.304922361
-62.4918418537
-63.7782138999
-65.8819201022
-64.6992863452
-65.1080403658
-64.4284417019
-62.8864056862
-62.6317861718
-63.9465940405
-63.9493457166
-65.1335021081
-65.2354887335
-66.3608783051
-66.2893414692
-66.3182873778
-66.1984733356
-66.0730766138
-64.9700659478
-63.2882389335
-63.2475974161
-62.6973068711
-62.9156108725
-64.7535535952
-65.0474624884
-64.992900033
-65.2146283618
-66.2801972533
-65.4902142781
-65.8383203031
-66.1434690494
-66.3657968759
-66.4122930157
-65.5743601644
-65.7440494225
-66.4883766134
-65.1261522898
-64.1114210955
-64.0833845615
-65.1614636854
-65.5755703281
-66.1845887717
-66.162444574
-66.1393055371
-65.9079716764
-65.8360657021
-65.2853391689
-63.5299613229
-64.4731604318
-64.1687828032
-65.9334159262
-67.2281629877
-64.9121381198
-67.4407763379
-66.5307261954
-65.4156745767
-66.3111586452
-66.4047119536
-66.8545188641
-64.8205925547
-63.6663766337
-64.5095249599
-66.9923424584
-66.6087379589
-65.4496948373
-65.1463092259
-66.7044539465
-67.3908867582
-67.1663684785
-64.6985536253
-65.7201100785
-67.0565777508
-65.4046273027
-64.6587531683
-65.5035443851
-66.901020086
-64.5136467227
-63.7029654851
-66.4452337649
-67.2275565815
-67.2307820946
-66.900098197
-66.8506045714
-67.1629300852
-67.9825688786
-66.9598965851
-66.1064536303
-67.6748502588
-67.7800442514
-66.3516038358
-66.4237896432
-65.1495026813
-65.2224116237
-66.7723827703
-66.8509034164
-67.7120948117
-64.9222629203
-64.5307198545
-64.8888342551
-65.6455400936
-65.2738346134
-65.0510266549
-66.3650231172
-65.8556767906
-66.5612261354
-65.8636519327
-65.2589714586
-65.5669770123
-64.084595431
-65.9442619896
-64.9765667137
-64.9215517998
-65.2912509346
-67.3254470995
-67.2790883474
-66.0890015638
-66.2366362371
-63.8818437206
-65.8934270911
-66.4194289398
-67.5961160537
-67.2452831334
-67.1463056557
-65.1514695741
-64.4733790027
-65.7353880246
-64.8475328669
-64.8402824008
-64.7298625889
-64.7387419378
-67.7213693099
-66.9724524507
-65.3673207711
-63.5944641719
-62.7838630975
-64.2499109812
-66.1955877922
-66.4067319144
-65.6382531928
-65.9529502951
-66.9019547533
-66.7915842422
-65.9455201634
-67.2545997328
-66.332192001
-67.0086064163
-67.0200435096
-68.7960442679
-67.464734822
-67.0169240421
-66.8054807009
-66.5652861384
-67.9184594877
-67.9379623388
-65.6937424833
-66.5376515999
-66.9784688852
-67.0550323105
-66.252546808
-65.3758892007
-65.0371668788
-66.8399210426
-65.21027714
-66.5967373124
-65.7019088467
-67.1526505594
-68.0167442712
-67.8386691072
-67.0510419414
-66.9014015586
-67.0918989531
-67.2212062187
-65.4055569738
-67.8520369382
-67.7847489171
-66.1210372196
-66.4047800065
-64.4521252355
-65.3949803142
-67.3954585501
-66.2919972464
-65.811155745
