4718750000.0
97656.25
-83.9468127549
-84.6346701552
-85.0481446014
-86.4054053154
-87.5930848908
-87.2740138958
-85.6728601751
-84.9326748355
-84.5969838537
-84.2966251609
-84.5729952486
-85.8717098032
-86.5924870775
-85.7774877156
-84.727652351
-83.5583316649
-82.6232536529
-82.2102539039
-82.2875296567
-83.109792972
-84.4632927051
-85.1594146623
-85.0056720316
-84.4823591349
-84.0235459748
-83.9257929974
-84.7390983678
-83.6471726421
-82.7628360213
-82.884754593
-83.750494686
-84.286110136
-83.4490613097
-82.3303517278
-82.0538730175
-83.0177687822
-84.2436655413
-83.8724976856
-82.9074963555
-82.3759670448
-82.204962279
-81.9058062684
-81.2353168274
-80.8472139497
-81.3417997824
-82.4423442956
-83.341050529
-83.2813093624
-82.4278179497
-81.601643886
-81.007114801
-81.2322680734
-82.6486608335
-83.173378564
-81.5454152545
-80.5205118343
-80.4272695923
-80.6860716628
-81.2631407638
-81.4719349301
-81.1871033832
-80.9519843827
-81.0702952603
-81.8361216194
-81.755394879
-81.0311688706
-81.1430104174
-81.0330080172
-80.1573550042
-79.60138025
-79.694653903
-80.144189302
-81.0980404527
-82.4104743084
-82.2833266347
-81.5189737205
-82.1295725508
-82.5830438576
-82.7716389276
-81.7265619579
-81.7154184518
-81.8132829911
-80.9146346663
-79.8693062966
-79.6922142348
-80.3221575163
-80.4414074381
-79.8008682431
-79.6279255354
-79.8486857527
-80.4551907147
-81.6786221002
-82.130935939
-81.1289685888
-80.1930092874
-80.4220253159
-81.8075262121
-82.3875804726
-81.3915116571
-80.6669052083
-81.0050934301
-81.6401691961
-81.3382734068
-80.6553040836
-80.0553579671
-79.657609618
-79.734943174
-80.5112453415
-81.4009397186
-81.278170749
-81.2307749133
-81.8628962536
-82.0505927083
-81.693934842
-81.1180918633
-80.6073735967
-80.9718429025
-81.6242196925
-81.1508135507
-80.6003927153
-81.008560753
-82.2090492084
-82.9975161081
-82.3099624439
-81.1257476612
-80.5901358736
-80.817961821
-80.7662984445
-80.5946357715
-81.7565576486
-84.2116828372
-84.6187612171
-83.0195910431
-82.0397678438
-81.5004235669
-81.4235613942
-81.4363353129
-80.7335191527
-80.1877088459
-80.4354088677
-80.7297426927
-80.5249824881
-80.0422943086
-79.3360196965
-78.8228402855
-78.9878204747
-79.516436769
-79.3787699972
-79.0131712894
-79.3619533177
-80.3017464116
-81.6757811398
-82.2148635062
-80.9902443112
-80.4555836958
-80.593809437
-79.905760232
-79.6130806165
-80.9309436761
-82.2289825172
-80.8191295064
-79.0269123627
-78.4144482674
-79.1143730038
-80.2914569903
-80.3065767758
-79.587148161
-79.13175818
-79.5244295906
-81.5020910434
-83.9382643
-82.4791627722
-79.6557085915
-78.0589716765
-78.0449064457
-79.0213933577
-79.4205705145
-78.7435785149
-77.8726421455
-77.3023177493
-77.2164711336
-77.7517763007
-78.6478565602
-78.9653705411
-78.6167312972
-78.6878660881
-79.2211713117
-79.1833836435
-78.7442426292
-78.9648801852
-79.6546799732
-74.4841175922
-72.7386660844
-75.3384100389
-78.2235157841
-78.3634736286
-78.8174628708
-79.7781188282
-80.2780818974
-80.0158550697
-79.6321974112
-78.9047167904
-78.3111816203
-78.5419829447
-78.7719668695
-78.3805380822
-78.450316424
-78.9013109216
-78.5284481178
-77.7885550525
-77.5623777789
-77.3371225435
-76.7481791239
-76.5747914244
-77.1197836227
-77.9587609564
-78.4400310409
-78.2417306533
-77.9871668205
-77.8997379759
-77.4081420456
-76.7364360075
-76.8984071896
-78.1721838369
-79.235465199
-78.8550361371
-77.7878223896
-77.0013093537
-77.0586465578
-77.6764996538
-77.9948026089
-77.9814126722
-77.8158463331
-77.6663330862
-78.1775853493
-78.5614429654
-78.2568978762
-78.5650905177
-79.168760483
-78.5877314909
-77.8315398409
-77.7356421303
-77.7199676351
-77.8905476116
-78.6451259674
-79.2436383994
-79.11074391
-79.3571884258
-80.4019758904
-80.4355754146
-79.053670775
-78.2539742019
-78.5406516099
-78.8584636118
-78.2009735932
-77.5819896016
-77.5355411919
-77.707187825
-77.7285369874
-77.4046212111
-77.3102991137
-78.3136984717
-80.340799581
-80.7465153661
-79.1245831316
-78.3245069596
-78.6572669911
-79.1253970347
-78.8720305201
-78.3533197035
-77.9446948019
-77.3902254082
-76.9302082186
-76.9179427821
-77.2056581011
-77.6722852527
-78.3103036982
-79.0357185749
-79.3722209938
-79.2627136005
-79.5847587167
-80.0419978991
-79.5496768869
-78.816757897
-78.5434064961
-78.4077964338
-78.2660568326
-78.2006749236
-78.5378803533
-79.2600978923
-79.4317359114
-78.9877499402
-78.5676197184
-78.5276609011
-78.6999059065
-78.8275931331
-79.41696252
-80.4655019189
-80.6608716978
-79.5523978189
-78.3801152074
-77.8694866499
-77.9089571062
-78.005396068
-78.0296267701
-78.2286902542
-78.4250953624
-78.4062448238
-78.3496590905
-78.2754185616
-78.4279577709
-78.8543580453
-78.8244355753
-78.3376830008
-78.1140403475
-78.5976870866
-79.3908505091
-79.5392119708
-79.3928825798
-79.7260496752
-80.5763918318
-80.8773696104
-80.323679708
-79.8009419268
-79.1573730986
-78.8852173816
-79.666061889
-80.5548938602
-80.0421244065
-79.2049226481
-79.0983336499
-79.4436970391
-79.771666015
-80.1272987385
-80.5068161439
-80.4600133004
-79.8391379102
-79.5590448418
-80.1893833655
-81.3474378492
-82.1915632616
-81.8541969981
-81.3661486483
-81.8164851576
-82.3304956044
-81.6876765065
-80.6263754295
-80.2710515618
-80.8712116715
-81.6331733342
-81.2872947552
-80.6494580045
-80.6209724887
-80.3927469618
-79.8003233196
-79.605394427
-80.1109420295
-81.2920321296
-82.3812782661
-82.1236462595
-81.0496178939
-80.6321548675
-81.2138847903
-82.3921856079
-83.5646961608
-83.366129965
-82.2909057971
-82.1830682801
-83.0293598818
-83.7330149943
-84.0519178611
-83.9432538809
-83.0581560845
-81.9144579677
-81.7216522754
-83.2206480111
-85.7064659553
-86.5614926632
-85.4332424004
-84.3265033422
-84.2970620413
-85.1693641442
-85.3784876011
-84.2080523677
