2993750000.0
97656.25
-68.7768460598
-67.1310216386
-66.5545553131
-68.4947732925
-67.4588536899
-69.026182158
-68.0173395537
-68.1561629958
-66.279170968
-67.6115345198
-68.1231792593
-69.9113549419
-68.1521940338
-68.344597901
-69.1920921694
-68.1777861949
-66.785156797
-68.6694474628
-69.2631197465
-67.6377377554
-66.6699297015
-67.7803051016
-66.7955957849
-67.7981910302
-67.6164786918
-67.6593024107
-68.4196066773
-68.180934238
-70.0519815574
-68.2360691192
-67.0914367768
-65.7432392953
-67.266519751
-66.7946057181
-67.1199132557
-67.7242515158
-68.3402353987
-67.6357812333
-67.3527290891
-66.9971782039
-68.9436671698
-67.5507481371
-68.9480076929
-67.9443565505
-67.2475266831
-66.24740251
-67.3185973398
-67.3808891426
-67.6534965427
-67.5229594221
-67.577932274
-66.7398350763
-68.1883084804
-68.928529637
-68.2145018161
-67.3637696854
-67.9366023149
-69.0975293447
-67.8875496311
-67.7160017787
-68.0750483614
-68.6805324052
-68.8020143186
-67.4072590758
-68.0414190431
-66.6840701083
-66.7017716535
-68.2834111938
-67.1273391995
-67.2162433509
-68.9418333608
-68.3623443916
-68.0627716037
-67.4202902873
-68.6642124734
-66.434973037
-67.2611265631
-67.5325924197
-68.8325672272
-66.2911286159
-66.6435906658
-68.5600528822
-69.0587319932
-68.4640483502
-67.8953911901
-66.9024199298
-66.5912547703
-66.7033444596
-68.5661285176
-67.5351293926
-67.9114758854
-67.6094101453
-67.3401039106
-67.2510450531
-65.3110273365
-66.8149397783
-68.9067083838
-66.8110363363
-68.5543025185
-67.9439159085
-68.4959615926
-67.673728708
-65.3720140785
-66.9490227843
-67.4914841796
-66.5530983954
-68.0908545385
-67.761408476
-69.3324100263
-67.4205271982
-67.2908090638
-68.1278335813
-68.3958833858
-66.596943137
-67.4568349697
-67.8797649091
-67.0549936289
-66.9865335838
-67.5780816655
-67.1416703633
-67.1488122588
-66.6454891748
-66.0856092844
-67.9360584245
-67.5745592933
-68.2387362028
-67.4865009497
-63.8121543543
-65.0328601943
-67.0248993592
-67.7997424588
-67.4380068541
-67.3672245062
-68.4292838463
-68.6766947147
-67.4483924462
-65.951207656
-66.1039625976
-65.2259316855
-66.2913201017
-67.2215640158
-66.8235336613
-68.2551234814
-67.981571599
-66.2865774064
-66.8789122449
-66.7069454108
-67.0797071935
-66.7521245806
-66.8586561006
-64.5966058511
-67.3356581646
-68.2857142532
-66.6605578408
-67.1676545867
-65.5863822604
-66.4985140256
-66.9999227338
-64.381945247
-65.0700205908
-67.0443474548
-65.7150525123
-66.8421904006
-66.8578689188
-66.8456507518
-67.9473968568
-66.4739721434
-66.9514475981
-68.1411758944
-68.2915253192
-68.1123821566
-65.505471495
-65.9566404221
-62.6124883385
-62.7615433571
-65.3619403359
-67.4435186216
-67.6400915568
-66.5740866955
-67.2236886882
-67.805139598
-66.4199843227
-67.0950753074
-67.5386528153
-66.4411267102
-67.8710467656
-67.5386509354
-67.058296674
-67.0519464399
-66.6099514241
-67.1172454098
-66.4337098226
-68.4686171306
-67.5922578416
-67.3768392983
-67.5358343182
-68.5443403861
-68.6043744699
-68.4352138091
-66.428601671
-64.5099508128
-63.9793400317
-66.4651285778
-68.4162129784
-66.818301235
-67.6645586717
-67.4162524414
-69.0415572457
-66.7469829179
-65.8694776271
-67.2296167821
-68.3176729409
-66.3203097761
-67.2362052156
-66.7419623497
-66.2265611758
-65.6982614929
-65.0165973178
-65.552088817
-67.6147163353
-65.784001898
-66.3661979789
-67.2440893309
-66.827179448
-67.6660359793
-66.0040007073
-67.0095845012
-66.9335012826
-67.4254581518
-67.7567863389
-66.2725853743
-65.9654186552
-65.2933943586
-67.3296588921
-67.8436989028
-66.4640660931
-65.9934112442
-68.302689436
-66.4139649847
-67.1263393641
-66.4405945309
-69.3168824715
-70.1123801022
-66.556406667
-67.0258568978
-68.3596054415
-66.6405474387
-66.7455715933
-67.7476342202
-63.9349417864
-64.2556870155
-66.6681881722
-68.6757902456
-67.9566977064
-68.0952069339
-67.813493983
-68.2329682757
-68.336041599
-67.9309591616
-66.5546130155
-67.0593588256
-67.1739439223
-67.0180982699
-66.5985480712
-64.7306129203
-65.1067152943
-64.7474610323
-68.1084331591
-67.3050895865
-66.8322628134
-67.1698993934
-68.3729114147
-67.2488827778
-68.190957035
-68.2164590341
-67.6547205232
-68.5041009718
-68.4613866329
-68.272391341
-69.5123733567
-66.2296884996
-66.6053990754
-66.5156787186
-66.214489747
-66.8261562291
-66.2064079321
-66.0301384048
-66.8995768807
-66.0025921697
-68.1461660307
-67.5882095726
-65.5178267647
-64.5192025885
-65.7631732033
-65.7508852507
-66.2057502245
-66.7172877239
-67.0792682986
-67.6150138382
-68.0733669821
-65.5046981946
-64.0357154324
-64.9168526884
-67.0152572423
-69.2534161907
-68.832243093
-66.7209450313
-67.5914295228
-66.119546486
-65.8417905711
-65.3325519085
-66.6859025947
-66.3392284326
-67.2681962017
-66.2056240197
-66.4585504897
-67.8533323292
-68.282246736
-67.5024907583
-67.442127958
-67.9580210757
-67.685527484
-66.5002457988
-65.7573725846
-66.9859405434
-68.958589777
-66.6887319953
-67.4152683484
-68.3538548684
-67.2595348128
-67.1455826348
-66.9548860289
-66.9865749714
-68.0800503576
-68.2823058578
-68.4463806431
-67.8689234618
-66.4706859915
-68.4221703253
-68.608400371
-69.3281022834
-67.5189522826
-66.4547790496
-65.4395255859
-64.6171137577
-67.6370045573
-66.1712729287
-65.2615894638
-66.8340298517
-68.1209234273
-68.6696374073
-67.4763347882
-67.0561693647
-68.406101709
-68.9577305448
-69.9580177272
-69.1983489088
-68.1215893309
-67.2308236874
-66.4787801095
-68.1228217099
-67.4911369106
-67.1341179874
-67.9288233376
-66.7861312746
-67.4061799188
-67.2827848109
-65.7634039777
-68.5109549853
-66.3146499288
-68.1309356451
-67.9776367659
-67.0635009204
-67.2570009415
-68.144919445
-67.00792717
-65.9965154178
-67.4371137748
-68.1007876997
-67.7938326311
-67.1361484625
-69.0771917539
-67.3742396946
-68.1771949148
