3743750000.0
97656.25
-81.142576984
-82.7299945358
-82.1767805728
-82.7455675294
-83.1267542082
-80.6828054352
-80.2952969085
-81.0748732383
-81.0329121339
-80.7277432066
-79.5060427693
-78.996691518
-80.1492817385
-80.5836347334
-81.0667038581
-81.2539394687
-79.2796246079
-79.4748986359
-80.6648553961
-81.7145493805
-81.2760848648
-81.1873374689
-81.4884084451
-81.2319724254
-81.3772009505
-81.6120463685
-79.765373844
-81.6758401568
-83.8553218755
-81.9082719483
-81.6322900309
-80.3747913145
-82.2793118675
-81.6243754664
-80.7222063353
-81.6410491932
-83.4425896821
-81.8647737274
-81.484254603
-81.3791229649
-81.3567338191
-83.0291615077
-78.9406038956
-80.3958653285
-82.5334610999
-82.571467426
-80.8167147822
-80.8169987793
-78.8099151917
-79.1488829665
-79.2757759486
-82.0203032548
-84.3392496394
-79.7515439075
-78.7382781587
-81.3935591851
-81.9863341229
-82.8164211679
-83.2578337623
-82.3806248123
-82.198498948
-81.7651628159
-80.7760158888
-81.4249731942
-83.3547939123
-82.1163612099
-80.6730752663
-79.7916967314
-80.7764396202
-80.3736615676
-80.6358407867
-80.5288317181
-80.375254415
-81.4788903059
-79.7792022007
-81.1831125985
-79.8907314515
-80.1231823445
-80.7834531303
-80.7808465243
-80.4323309027
-83.4737098535
-79.9591053824
-79.273564042
-78.7380048124
-80.366931785
-82.3899324713
-82.3304597455
-81.722898421
-81.7926559227
-83.761597543
-81.4040105398
-78.7884937361
-79.2716955983
-80.3901144918
-77.2983849501
-77.910392975
-81.2530598939
-80.8889734414
-79.6557042871
-80.8562560856
-81.5433979231
-80.3794491204
-79.4892898573
-80.4977936114
-80.3161325436
-78.9665415816
-81.0852562573
-80.7923005937
-81.8806920656
-80.3360786963
-79.9471888643
-80.1734381266
-81.2966836068
-81.0416916062
-83.1989097836
-81.9155868647
-80.3960263958
-81.8761445628
-81.8137031286
-80.0633754985
-80.594161441
-81.4611940021
-81.5484132449
-83.5604986489
-79.9777423926
-79.5738649923
-80.1100155981
-81.1717985223
-80.617018976
-79.7322622106
-80.1723436655
-78.6967953134
-78.5807075354
-78.4790490856
-76.2544351379
-77.0604905933
-79.4372191035
-80.2394253394
-80.674739493
-79.0993807905
-80.8932986216
-79.4625467081
-79.444484626
-80.7653100496
-80.1170155917
-81.0177246282
-81.500128835
-81.3649787861
-79.1518643366
-78.9052611566
-80.5906717479
-82.554131767
-81.6121326666
-82.9353891266
-79.7627931523
-79.1443766951
-80.9364890328
-80.7257351565
-81.9815717556
-81.1674156586
-82.172875439
-80.9999241897
-79.4481488509
-81.1056906725
-80.7532706943
-78.7522016759
-80.7182842355
-78.6738406441
-80.9089179904
-82.1924367466
-80.5806168198
-78.1173189613
-77.6104306328
-79.7831813125
-80.9478537928
-79.8463034447
-79.2647241674
-79.5278461266
-80.9259865183
-78.8518351215
-77.1955086336
-79.2614712811
-81.123070519
-79.5483879806
-80.4432893536
-83.3490216601
-82.3483053311
-81.147591896
-78.8080139913
-79.415502422
-79.4700247672
-77.5475589623
-79.7923175658
-78.5497919354
-79.4624881542
-80.3244154812
-82.8866547167
-81.3694883887
-79.0412948516
-78.1990037106
-79.5406695523
-81.5244528726
-81.6964005342
-80.5352744086
-81.4975421962
-82.2513393245
-83.2440821848
-79.6153805045
-78.0452101061
-81.5981877809
-80.5525037497
-82.3522335853
-82.8062391798
-81.0782925543
-80.7249563001
-81.7405096413
-81.5635960904
-79.7060013751
-80.3728985059
-82.784683174
-82.7443051409
-81.8482795882
-83.0954045644
-83.0742785755
-83.1054130994
-84.1915648077
-84.1426705964
-81.8866102676
-81.2529269022
-81.3680973457
-79.9991386004
-79.5458826613
-78.8665803252
-77.9540723459
-79.9610988419
-80.3829059632
-81.9831035964
-79.2617206775
-80.8372971436
-81.5065355312
-81.703976556
-81.6732388395
-82.120784852
-80.27136926
-78.4325524506
-77.1689987525
-79.8864962604
-80.3277204671
-82.8596637513
-80.2555888007
-77.7567001656
-76.5474966826
-76.1167803902
-77.0760254771
-75.34487124
-74.1296407891
-74.4556669778
-76.0259112329
-76.026019881
-76.960187003
-77.6854432599
-78.3420127562
-79.6589854392
-77.4922891184
-77.3107849008
-80.2027577915
-82.365839802
-82.7953270857
-82.4847141704
-83.0075408713
-82.1119913237
-79.6532601055
-80.9274124357
-81.3839505941
-80.9411235087
-79.4076030558
-79.9011859621
-80.3721158369
-80.8399048827
-81.3539476052
-81.2182428627
-81.5806447913
-83.3126241298
-82.0481540136
-82.7025112976
-82.1446778218
-82.5742395851
-80.222498338
-81.4692459359
-80.4184611001
-80.550392913
-79.5957251184
-81.4491093297
-78.8602138049
-78.5749170982
-80.6910533119
-82.6296473722
-82.2618576571
-81.8890590712
-82.0951489598
-81.3888267208
-82.4161015356
-81.5744849946
-80.4439501951
-82.1465114389
-81.4542712291
-79.4680382751
-80.5405456232
-81.076482227
-82.2598823577
-79.7877211529
-80.3082930454
-80.4758688569
-82.2911655077
-81.2444690569
-83.145492563
-82.8697463556
-83.4456246948
-82.9138190349
-82.2260854577
-81.021956306
-83.0035055481
-83.2262422351
-81.9136655816
-84.1008034651
-82.8055363372
-80.113568125
-81.5172832306
-80.826228322
-83.2912057388
-81.3485779237
-77.7202935086
-76.4526516187
-78.3377599711
-78.7052848756
-79.2148870746
-81.7350877664
-80.8558941646
-80.1567570262
-79.4283496455
-80.9254742636
-82.0954471298
-82.6753441927
-82.8173387139
-82.4314119063
-81.520778762
-81.5164198806
-84.3347566299
-82.6525634555
-81.2200783017
-81.8971092669
-81.6069851718
-82.5290137908
-83.6370611406
-80.7163422193
-78.783644957
-81.4894588344
-82.6276563529
-80.6755329837
-81.4963101001
-82.7773736875
-81.696530608
-81.6508147689
-83.0351041802
-83.3485221436
-80.5722182003
-80.2173193732
-81.8251560205
-82.9966247262
-82.4305166492
-82.0737664779
-80.9631439074
-81.7598521719
-81.1284969451
-79.2130190809
-81.7767489542
-80.1751033786
-79.6085933028
-80.6671161889
-81.5233928837
-79.1789425838
-78.83519538
-81.6524046742
