4981250000.0
97656.25
-87.7050388463
-87.7870533043
-87.9270140385
-85.9443346935
-87.2205739205
-86.3288093106
-86.4235036104
-87.1902637192
-88.6021280125
-88.3488945058
-87.4205976194
-87.0108786909
-86.8443773303
-86.7125638438
-86.6160793969
-86.6623884973
-87.028475338
-86.0506563341
-86.9382050986
-88.4907214544
-90.2325694958
-88.8648837732
-87.8940399355
-86.9494974029
-86.3210406781
-85.9820938622
-85.8403775595
-85.5822030777
-85.1699089078
-84.9216439154
-84.8470778407
-84.6899055329
-84.4901262525
-84.4985526886
-84.8256207386
-85.458600426
-86.2568337689
-86.7613251045
-86.5846520535
-86.1780110157
-86.1007951136
-86.2840213048
-85.8459224992
-85.6757241087
-84.7845110946
-84.1246007605
-83.9167610866
-83.8578647214
-83.4919557414
-82.9243231911
-82.6542453948
-82.8715381294
-83.378146738
-84.0034527669
-84.7569537853
-84.0506815688
-83.6076613126
-84.4463214352
-83.847083273
-83.5157784504
-83.3526688918
-83.3450590105
-83.5299104514
-83.6639027095
-83.4408757371
-83.144627158
-83.2224079356
-83.5542500269
-83.5854649285
-83.1394852804
-82.590290305
-82.2721826839
-82.3019871239
-82.6250858317
-82.9839165159
-83.006424486
-82.6713080462
-82.4027355343
-82.5305363609
-82.9782083891
-83.303063772
-83.2369232268
-83.1015930218
-83.2498872296
-83.6330479804
-83.7902238508
-83.3466102399
-82.7743315319
-82.7020623013
-82.9931414722
-82.9045794707
-82.3667972685
-82.0749283769
-82.2717572615
-82.6090412358
-82.7263141557
-82.6581115072
-82.5021884193
-82.2970829561
-82.21990438
-82.2957783964
-82.1530388958
-81.622064266
-81.0820645854
-80.864034269
-81.0582535399
-81.6232972045
-82.3443228914
-82.9338653406
-83.267293039
-83.2777867914
-82.967232864
-82.5032786942
-81.9455452368
-81.3143023535
-80.8429652029
-80.7944363299
-81.2075001219
-81.8215170711
-82.2061791777
-82.2154062609
-82.1034974823
-82.0588488665
-82.0395492367
-82.012797217
-82.1300421844
-82.4728846337
-82.7213089754
-82.5716728664
-82.3288512684
-82.3126638218
-82.4897233917
-82.8048982961
-83.1217824293
-82.9807282964
-82.2783909904
-81.5288360237
-81.0333117713
-80.752279411
-80.6324108787
-80.7034854655
-80.9581282552
-81.2703336414
-81.4871103983
-81.5616871237
-81.4591933103
-81.1574069735
-80.8526678432
-80.729049764
-80.6327642287
-80.3617311248
-80.0986246316
-80.1075627972
-80.3013085628
-80.3743570438
-80.2942513611
-80.2563422344
-80.2250905471
-80.056883076
-79.8711061644
-79.8580922804
-79.9990324903
-80.1567524639
-80.240585814
-80.2297427407
-80.1455092974
-80.0357797958
-79.9758622687
-80.0558786885
-80.2760674579
-80.4733925056
-80.4819499326
-80.319524846
-80.1228646518
-80.038284824
-80.1484523614
-80.4480421967
-80.9022212832
-81.3662192046
-81.5284572808
-81.339611584
-81.0792827978
-80.8800661992
-80.8708383793
-81.3393169946
-82.2752422354
-82.9900289244
-82.8757151197
-82.4037002701
-81.8866242568
-81.1853685481
-74.3161346986
-71.5396498231
-74.1270810766
-81.048603083
-80.7426815222
-80.6458977812
-80.7698425823
-81.0044931394
-81.2925114151
-81.543707056
-81.4918118257
-81.0810478096
-80.5756014709
-80.1621127744
-79.8839827337
-79.7988901311
-79.9861632359
-80.3775395979
-80.696057394
-80.690829329
-80.3179266802
-79.7564075957
-79.3550141098
-79.3057084258
-79.4589978445
-79.5622130237
-79.5640529492
-79.5272726479
-79.4582350415
-79.3603976531
-79.2872434224
-79.2723098584
-79.2663648608
-79.191641122
-79.0900823203
-79.1511084766
-79.4743036666
-79.8554113491
-79.9568918987
-79.7056893147
-79.3445479106
-79.2244504379
-79.5603528228
-80.2272091254
-80.8121106218
-81.0181127258
-80.9126242542
-80.7324674064
-80.689144061
-80.7993379187
-80.8550559982
-80.7598919249
-80.6568272089
-80.5463031851
-80.3104020098
-80.0969058549
-80.1517399933
-80.4713653513
-80.8534088216
-81.1085265205
-81.1216529693
-80.8998822137
-80.6664051133
-80.6671370159
-80.8779573361
-81.036471088
-81.0361897871
-81.0475189903
-81.1164047913
-81.056812082
-80.8529182873
-80.7500396978
-80.8342900617
-80.9015394687
-80.7895138772
-80.6186048444
-80.6067496294
-80.8184962419
-81.0875610214
-81.233128661
-81.3189451402
-81.4451986898
-81.5226224124
-81.4322100764
-81.2136937709
-81.0373772245
-81.0804422404
-81.4649641977
-80.9793678906
-81.2880778647
-82.3001732948
-81.4171420398
-80.7296036694
-80.4131016077
-80.3142278331
-80.2570048919
-80.2094259822
-80.2750204619
-80.5261958357
-80.9319602333
-81.4255662224
-81.9287323759
-82.260559278
-82.1889657142
-81.8048989638
-81.4911414454
-81.4163406908
-81.4139898681
-81.3555838207
-81.4236285782
-81.7460694726
-81.9995407963
-81.7708037432
-81.2348689237
-80.8305371907
-80.760865825
-80.9423125669
-81.0889934303
-81.0321779739
-80.9188722615
-80.9417922737
-81.1838077889
-81.606833768
-81.934936716
-81.9112185444
-81.7963298709
-81.9656308792
-82.3675517847
-82.6711222582
-82.6915942265
-82.4767930981
-82.1622792807
-81.9207857492
-81.8642845995
-81.9402862965
-81.994736888
-81.962359989
-81.8832777156
-81.8021972556
-81.8220455103
-82.0711324891
-82.4657938525
-82.599456418
-82.2417545834
-81.8651205247
-81.9454565092
-82.2538326598
-82.2712637539
-82.2671610772
-82.8315763295
-81.4317655167
-81.1034617067
-83.2563098057
-83.7374595028
-83.1749064915
-82.8907908746
-82.8354340664
-82.8710021241
-82.921071894
-82.9956442627
-83.2057655753
-83.7004252411
-84.3620917542
-84.6975534531
-84.4879292513
-84.0652363832
-83.6931726433
-83.4072480671
-83.1451739906
-82.903292237
-81.9548640202
-79.9026315466
-81.309999809
-83.39128103
-83.7126812799
-83.7409212938
-83.3712076659
-82.9808121128
-83.0038022646
-82.3195078652
-81.5739207463
-82.4396232577
-83.4727137461
-84.1323836056
-84.2020441971
-82.9063255249
-81.7476551565
-82.7428819846
-83.4169202754
-82.8978479433
-82.7951635069
-83.6291659847
-85.6886210842
