4268750000.0
97656.25
-86.6305650053
-84.4755819009
-85.0316251443
-85.8215195865
-86.1240840589
-85.7816262523
-87.2160234615
-85.5315395854
-84.4406629785
-86.7232639408
-86.2720787065
-85.9879949822
-85.3099624379
-85.7894713912
-85.5695450353
-85.2780361091
-85.6539885885
-85.7780032259
-84.2352398344
-84.9241336568
-85.7177363802
-86.3622311477
-86.1817570092
-85.1412654934
-84.3612885927
-85.8823004376
-87.1489239912
-85.6186299033
-84.5729533296
-87.0685630523
-86.9775170259
-86.5870057661
-87.1714532774
-86.4671580449
-86.1091579909
-86.5007898836
-86.3891096803
-86.0415964771
-85.8707974046
-85.8771506563
-85.8984398337
-85.5491124848
-85.784863916
-84.4954264787
-85.6723880536
-84.2675008651
-85.0594443044
-85.6982995441
-84.9338533589
-84.4829862431
-83.8617261883
-84.2470079194
-85.50916949
-84.1355941012
-85.8034118612
-85.5944775776
-85.9334898898
-85.1083014506
-84.4023369587
-85.9557957151
-86.7851184211
-87.5659782187
-86.1831799907
-86.0780324849
-86.1385694977
-85.2080633162
-84.9742611086
-85.186611369
-85.3164162012
-86.1935517881
-85.5658181215
-84.0720820505
-84.596873068
-84.5939477816
-82.7677130611
-84.1014663487
-84.4032347931
-84.5537673127
-85.0888144847
-85.9647844667
-85.8359018461
-84.8208642379
-84.9310571036
-83.6331609175
-84.3093394498
-86.4364263043
-85.592573437
-83.3240010313
-83.8184685265
-85.3048347742
-85.4585976968
-83.9325902422
-83.7563545418
-86.4542927467
-84.763550075
-84.6605400947
-85.2328183012
-85.9854794016
-84.0810917182
-85.6848735185
-86.1266544521
-85.9514247343
-86.8198130544
-85.7365137291
-84.0927773639
-85.5842230086
-86.1831455929
-85.2792628708
-83.8090578925
-83.9228494732
-84.9612265255
-84.1303834014
-85.2527325448
-84.0284879499
-83.6864499312
-85.2201676155
-85.2920862539
-86.5933928356
-85.4956311324
-84.5055477823
-83.8378109379
-84.8772973256
-86.3358288469
-87.2387365465
-86.9905653033
-86.9512427417
-84.3636469104
-85.3324409135
-84.3381825329
-83.6191546439
-82.0724221681
-83.9934357233
-85.5220388442
-85.7882129392
-85.9686844397
-86.5613531055
-83.7442663013
-83.8137298255
-85.9939437517
-85.4818476414
-86.2200754164
-85.262153572
-85.7723648238
-83.7050047871
-84.1737415192
-84.5023533927
-85.2912178109
-85.0697951209
-83.3883605582
-81.5489771471
-82.6192788538
-86.6012711766
-87.3710688526
-85.6903015152
-84.3345094174
-83.5410705865
-84.9726103255
-84.4447522436
-86.1938653536
-85.9451120677
-86.7986853281
-85.4168060659
-85.1577471694
-84.1424901838
-86.1915252034
-85.3936023586
-85.7831553249
-84.483683217
-84.9333333827
-84.9225540817
-84.7585056128
-85.696478114
-86.1003307907
-85.6013206956
-85.2709481046
-84.8694492561
-84.6782203493
-84.9971608726
-84.1501385881
-84.1070599618
-82.90828821
-83.3477090481
-85.0632189376
-84.307222584
-83.2277981312
-85.7185191431
-86.0606771302
-84.7553394514
-85.3500362173
-85.1738251297
-81.8952886516
-81.8844752382
-80.0722742384
-81.1728622047
-81.4749556779
-83.7767253248
-84.9601451833
-84.1055377137
-84.3782976298
-84.1958933139
-83.8451672366
-83.5122023544
-83.0338096906
-83.9794899767
-84.4205890335
-83.6251851614
-86.5353570707
-86.8559977371
-84.7714403497
-84.3362391465
-84.1008463898
-84.4348433459
-85.7810407405
-84.3040605512
-84.3695293752
-83.8412718741
-83.6638870626
-85.8195963185
-84.5336898993
-84.8996505775
-85.3406379611
-83.7601987493
-83.2508942524
-84.5594564584
-84.2208954568
-83.9714434968
-84.8620534502
-84.08752155
-86.6955280891
-85.5809134348
-83.503971554
-83.7920265392
-83.8051366403
-84.0153013803
-83.9713553235
-84.4762508406
-83.2948519802
-84.9130212783
-84.057317522
-81.372861948
-83.3021603042
-84.6966632814
-84.7022523987
-84.9953026578
-83.5362769382
-82.2338648947
-83.795689993
-83.0057526204
-81.4193588952
-81.6222703582
-85.2316857498
-85.1047662642
-84.6477041764
-83.2837790688
-81.02933608
-74.9365462998
-72.8648942313
-77.6265145787
-84.8597397144
-85.5833802813
-85.3265386674
-85.7861469044
-86.2535397482
-85.1311885814
-84.2043189485
-84.3700016196
-85.1707942943
-86.2531349986
-84.0184509363
-84.2356874017
-84.8257025217
-86.0167203046
-85.0938893444
-86.1031533532
-86.0175930049
-84.6141674254
-84.9120377026
-86.1187931982
-86.3829033294
-85.6332798911
-83.9495977468
-84.5802592672
-85.5260776196
-84.1724846081
-83.7605824035
-84.8347734911
-84.4523166715
-82.7477990362
-84.407638902
-84.9385815488
-85.331013077
-84.581846233
-85.8055156898
-85.6402617838
-85.6260747089
-85.6300065527
-83.8197283962
-83.9951104466
-85.9072510162
-86.4357643163
-84.1223356041
-83.5826888527
-82.1287728955
-84.2518588726
-85.5458114492
-86.1913168083
-86.924811815
-85.615096424
-85.2617249196
-84.5531299009
-85.7612162513
-85.777644859
-86.1248683011
-84.7665593201
-85.2981193699
-87.8047787669
-85.89890748
-86.9556240887
-85.2788700599
-85.4961408588
-84.4292475465
-83.8249813744
-84.4934482432
-84.7290833772
-84.9699751732
-85.7557910115
-85.1562933054
-84.7354649084
-85.9531187702
-84.9593876741
-84.8122220382
-83.363114886
-83.5600899618
-85.5746704479
-86.2331186259
-86.813955348
-86.2095552605
-83.7686534533
-85.9098973055
-84.8472856851
-83.8679390602
-84.7388540128
-87.0455509375
-86.4653102722
-85.1149118448
-85.5430110189
-86.8253300261
-86.8762976821
-85.6875209771
-84.0165292723
-84.5348451264
-85.4146783261
-85.1386168778
-83.7299978909
-85.5196679408
-85.655115928
-86.3873877617
-87.4636183235
-84.2726503242
-82.9785162309
-84.8795256891
-83.9343620686
-84.998715039
-85.5425620788
-84.628676148
-84.7413305746
-86.4161887757
-83.9775091402
-82.6740637172
-83.6473485959
-86.7815573418
-85.5181998111
-85.0550042931
-86.3210121058
-86.1580402809
-86.5969822859
-85.5970625006
-85.5534963856
-86.8010702981
-85.8028184811
-85.95097993
-84.2866254893
-83.5871233851
-85.8253186888
