4043750000.0
97656.25
-78.2969654863
-78.4804802489
-79.0201685985
-79.0081121819
-78.0549986735
-78.8163967803
-79.6267923037
-79.7564071062
-78.4504207816
-78.713195494
-78.1388920125
-78.1899777661
-78.5363192722
-78.1934071301
-80.0375641051
-80.5078966867
-78.93106409
-80.1553590238
-78.8403890733
-78.8770645952
-80.2335344645
-77.7014224732
-76.4905629722
-78.6431576545
-79.7792420574
-80.3599261161
-78.5922037993
-79.4766771485
-78.0778929027
-77.9068451175
-77.3166406375
-78.0494761369
-78.8199741853
-77.4350553985
-78.3547139207
-77.8112055835
-79.0212776437
-76.5805189404
-77.8200990208
-78.4564937784
-78.2199471112
-79.2802351655
-78.3958713626
-79.0287529008
-78.1464481362
-78.026978001
-80.0748849499
-78.9572997708
-77.0986779225
-78.8344950435
-78.2184900274
-78.809630608
-80.3839665717
-78.7772749278
-77.4271436821
-78.6550648792
-78.3513446789
-79.2556117506
-78.412051945
-79.5087392663
-79.5415918532
-79.3124963187
-79.1921839835
-79.319971645
-80.5607944876
-78.5136690319
-77.2242865763
-80.2189048926
-79.9776589516
-80.1464152198
-78.4454709099
-77.4638050483
-79.4128690599
-78.9744308674
-77.4516186
-77.9094948615
-77.8602262105
-77.7465338368
-80.4862377281
-78.6574292682
-79.7076036382
-79.2989253986
-79.3850349974
-79.7564697601
-79.3548775539
-79.2507903899
-78.5973778423
-78.5037480634
-78.4178736749
-81.0834513307
-80.4397486123
-79.4240268912
-79.1570741924
-79.0184320491
-79.0362874917
-80.5072141155
-78.573240142
-80.5718936607
-77.8517194015
-79.1204731988
-80.4744347342
-78.3846477447
-79.5865903338
-79.1808079789
-78.9922516788
-79.2915407137
-80.2350040433
-77.9101609899
-77.0960657419
-79.0765897452
-79.8246646954
-78.7609972883
-78.927377859
-79.3158761149
-77.5715384571
-76.4314703971
-77.4838020553
-76.5258252335
-78.0185505717
-77.4560287356
-78.9293765561
-78.3425252509
-77.9365480387
-79.686271563
-79.7593880844
-79.2364447544
-79.9743946796
-78.5179092637
-76.8439027096
-78.618413835
-78.3705797324
-79.1967453238
-79.6128769776
-80.3319443737
-80.359178679
-79.4654181919
-79.1843240602
-79.1706300631
-78.9105345376
-79.111156931
-77.8892128611
-78.5709758993
-78.1075072782
-78.8162016478
-78.8564348122
-77.6047173665
-78.7072254277
-79.1266615747
-78.6162573068
-77.9235178966
-79.339588612
-80.4180093303
-81.7063674337
-78.5412920649
-79.1419132818
-79.9366986734
-81.1617574184
-80.1021461174
-78.3224211448
-77.7244591252
-77.6180710006
-80.4900936149
-78.5527544451
-78.6042411184
-78.2611110256
-79.6515802893
-80.4029264191
-80.3302891205
-79.9818236866
-78.9699512295
-79.538322295
-79.8187794445
-78.5451986283
-79.1896705421
-78.9999267099
-78.7207777081
-79.7041665881
-76.7202559861
-77.6648894859
-79.2324601765
-78.7047423373
-80.0703543293
-78.6832747293
-78.8053251608
-78.4452077845
-80.2955055495
-80.0950853608
-81.1798305596
-79.7374956681
-79.4893105701
-78.8160108601
-77.0212628039
-75.4436980353
-76.1840931369
-75.8869659204
-77.8702779245
-77.8823125271
-78.50477642
-77.9685918282
-79.2591448542
-79.5463536686
-77.5748051266
-79.6155951597
-78.4402967449
-79.2334581481
-79.3152269192
-79.9626512549
-78.1688832547
-78.6771024286
-79.2077473278
-78.3446554023
-80.1140703614
-80.378996306
-79.052716183
-77.9617527597
-78.908460334
-79.4116278032
-79.4853470363
-78.8990317806
-79.6147058076
-79.0610014369
-78.4646386346
-78.9175482492
-78.0234472873
-77.8818960644
-76.9814626617
-78.7419215797
-76.5215338243
-76.2187081397
-79.4767455321
-79.0529959196
-79.3491500915
-78.7272151911
-79.1124232391
-77.5859919254
-77.7871343279
-80.3218263241
-79.4905212846
-80.7471280746
-79.6543333296
-78.8761016767
-78.9987421116
-80.5035775812
-80.7214122183
-79.0084788845
-78.534401866
-79.4196966583
-79.7949924126
-79.1295205294
-78.0909012378
-80.1706538938
-80.4468797508
-79.9515440996
-77.8300126348
-77.6265439534
-78.5361947204
-78.052661384
-78.7270719121
-80.0391326052
-80.0385399767
-79.4263884717
-79.6709228767
-79.9759111797
-78.5455541804
-79.3120424902
-80.8597412764
-79.496012865
-80.2238377208
-78.9713424748
-79.2786659601
-79.293366239
-81.4692916828
-79.5573739498
-79.9338759892
-80.477752187
-79.9091913104
-80.291071386
-78.105493981
-79.5884448565
-80.0587503329
-78.2038046191
-79.7619442081
-79.5941244598
-80.3404258088
-80.3183898844
-80.8711512466
-79.5007461684
-80.1955495602
-78.9659788715
-81.6228292635
-78.6340925847
-78.2707579471
-80.32067599
-79.7655705357
-80.9793075637
-81.6682886901
-81.002216052
-81.5710277542
-81.9702657716
-81.6858996069
-80.2117687657
-79.0953589436
-79.0356907944
-79.3477749842
-79.7324642234
-80.0707047757
-81.0716172917
-78.3532732845
-78.736701814
-80.5339534327
-80.7228890007
-79.9048828788
-79.8842705684
-79.8646849285
-79.4312971553
-78.9508164466
-78.3423644271
-80.2878630349
-80.9308580382
-80.7928237877
-80.041411413
-81.7794625591
-80.1496983621
-79.5372122016
-80.263899174
-80.9728162913
-80.8506994457
-81.0238941182
-82.1088010311
-80.1547503223
-81.4694950083
-81.8529824112
-82.3478332726
-81.1782167837
-81.7354853517
-80.3473723056
-81.1746877205
-81.6206925724
-79.8656079053
-81.0945889064
-81.3019084193
-79.6716577266
-79.6140496896
-79.1829143694
-81.9999272422
-81.1677594454
-79.9120456809
-80.6044849288
-82.1571044551
-80.7583309947
-81.6607283237
-81.994300507
-82.0883260043
-80.8000007621
-80.6100473114
-81.5958560807
-80.8438746027
-81.3730068312
-79.7344678226
-80.7562668533
-81.9342513072
-80.5149075399
-82.1018037296
-82.0436201141
-81.6632135742
-80.8747418179
-81.1968838003
-81.4067385231
-81.439377546
-79.4921251954
-78.9402355782
-81.9472277575
-80.7400148536
-80.9930197353
-81.0053384638
-81.4408879195
-80.9873065649
-81.8831814648
-80.040434896
-79.5170926637
-81.3309362678
-79.7937456243
-82.7464541481
-82.1531251675
