4418750000.0
97656.25
-86.0237008648
-84.4913755239
-84.786658441
-85.125400082
-84.837585692
-84.8820587115
-87.2386741807
-84.1672788153
-88.4342391192
-88.9818362977
-85.9396134056
-87.9508657886
-86.321774744
-85.4911966068
-89.1342700232
-89.5444331772
-86.9970993108
-85.9955932023
-86.7966637754
-88.7240643365
-87.2637208404
-86.2335326607
-86.7779168968
-86.9760617137
-88.1418513402
-87.1979557185
-87.6531820968
-83.8123561765
-84.8208198569
-87.1075265288
-87.7411125748
-86.8551481452
-86.2187595104
-89.5580694337
-88.0227562493
-84.8589896104
-84.5946970936
-86.8918628358
-84.6484507428
-85.4568831481
-83.510239399
-83.833907458
-85.9244420515
-85.3170673448
-85.6176922368
-85.3565889518
-86.6879521471
-86.5538848136
-85.4313240154
-84.9013026615
-87.5603106222
-86.42620637
-84.5104744994
-85.0065708774
-84.2157024121
-85.3035428306
-84.8363494394
-84.5204561482
-84.2528319192
-86.6405842835
-86.5619925861
-85.2496973128
-83.5620738204
-85.3206391439
-87.3862157034
-86.8212421427
-84.4218374472
-86.583410404
-88.4682313094
-87.3669929276
-85.687997624
-86.8935956053
-87.3996834054
-87.5503562468
-87.0671674975
-86.5423606265
-85.4678652391
-85.098174632
-85.3064464013
-86.8288713795
-85.8405553728
-85.1535108484
-84.4856162876
-86.6705037523
-84.5822536601
-89.6400327274
-87.6806988001
-84.3921132501
-85.9413445247
-87.836715394
-87.8225937266
-86.3594481141
-85.6704375126
-86.2352272711
-88.4852594378
-86.8158379203
-84.9700564687
-84.312209424
-85.7960645883
-86.0786599654
-86.3712574042
-85.7140437008
-85.7914186857
-86.820545279
-86.3572492085
-85.3381569583
-86.5167919567
-85.993819232
-86.5992640211
-86.3547184461
-85.2244531127
-85.6855276833
-86.3816308296
-85.7843980928
-85.3889533587
-87.8330671127
-87.1848925925
-88.9297387945
-88.7179392332
-87.0593072691
-87.1630546547
-87.5037365444
-88.9913040263
-88.0953872098
-86.719131413
-86.8081918025
-84.3174919471
-85.1337917254
-87.4436651844
-87.355712378
-88.8859772204
-85.5840347853
-84.8235499359
-85.627370268
-86.2387455897
-84.5193985433
-83.3315509362
-83.8618839685
-83.7587585795
-85.1677996058
-85.45142021
-84.7898256884
-85.7793772398
-85.4858125766
-85.7594101724
-85.1748745122
-84.3039332809
-87.1659409027
-88.593904481
-88.3135074628
-85.6790823496
-87.1168231226
-86.9791009701
-87.3368327407
-86.0920251398
-83.4043066379
-83.9372099033
-86.9659953224
-85.0412738277
-86.7037576726
-84.9869452114
-85.5810874862
-87.2733344166
-85.9971500759
-87.4984394723
-86.295412716
-85.940487011
-86.153947367
-87.1024566081
-88.5289305153
-89.0719668507
-88.7547273128
-86.3463768199
-86.5479486411
-85.3333176397
-87.4518651296
-89.0621403581
-85.9066821107
-82.7127069804
-82.4654992824
-85.9355307794
-87.6698685001
-86.4978369129
-85.2212579742
-84.4031755738
-86.3071692105
-86.5399151572
-85.3881928834
-87.3566569685
-87.2297561917
-84.9484748324
-79.6592802806
-75.6570252205
-77.6621351831
-82.7540431129
-83.9738187124
-84.2316194615
-85.4475967896
-84.4416720669
-83.3968791446
-83.4890581343
-86.2370139628
-85.8221328381
-85.4603880076
-86.6107687025
-83.9709212658
-82.0789368933
-84.5470253122
-84.8386976738
-83.3908224046
-86.8713988598
-88.1550458508
-84.6048837771
-85.6313723922
-85.232871417
-86.2107028662
-86.7682343907
-84.1268881882
-84.3615246142
-85.1993989395
-85.2773990804
-89.6191976069
-83.6276376116
-84.3267848007
-84.9607117795
-86.7253234597
-83.6776748297
-85.2762347809
-84.9318040462
-86.2215446292
-85.9318790713
-83.7411029249
-83.7446807383
-84.6252442525
-83.3265945352
-85.3173130349
-84.2302819256
-85.445134207
-87.6945321328
-84.3062271587
-80.7562455944
-82.9951087134
-86.939964138
-86.0642199478
-82.2617225727
-81.6393505434
-82.5311645476
-82.9492911792
-84.549861958
-87.7687738228
-87.2307630496
-81.7959352881
-82.6882634939
-81.9888013579
-83.0129097874
-87.7515348968
-84.6670320142
-80.3487563754
-81.1053814799
-84.0160714234
-85.6373874791
-84.5086959096
-83.5032506181
-86.9206314866
-84.7104110366
-85.6873881583
-86.0407231014
-86.9405380588
-84.1633324827
-82.1623231471
-84.3796748031
-88.2359233986
-83.5672491638
-83.4792615975
-85.9674103122
-84.1742105434
-81.504823885
-84.645063916
-85.2721419263
-86.4609604124
-82.67178165
-81.6193528822
-80.9616826312
-80.5282671691
-83.6151951818
-86.679482487
-86.1006287321
-83.7297070492
-81.0010551382
-84.8591199678
-87.1210012851
-81.7720847066
-80.7257406634
-85.2848634165
-84.0272498023
-82.3060488904
-85.4645511146
-82.7688857961
-80.8393452094
-80.2567978177
-84.039688532
-86.9099774362
-83.5073458252
-83.0379102755
-80.4701277055
-81.7967334942
-85.8375365155
-84.9725350829
-81.4571486443
-80.0191210252
-85.7603111675
-86.8021343552
-83.062168656
-83.1809088886
-83.2766469056
-86.5263439264
-84.7166436169
-84.9932923957
-85.8083294476
-83.1567842527
-80.9325849134
-80.6124532147
-86.4393805585
-87.7664360525
-86.0921893499
-81.8751059954
-81.3964826873
-88.418830633
-86.4986711252
-84.3277765352
-86.7374855653
-83.1993799466
-81.6719908821
-84.2764457468
-81.6556044234
-85.4447106873
-87.2510442284
-82.2634776896
-83.5559893542
-87.0938491817
-86.0921504021
-85.2440418915
-84.2008556816
-84.3168232367
-83.7189473879
-84.4952559433
-81.8213587881
-82.717577384
-86.4068845517
-84.3003363874
-85.074592541
-86.8429731438
-86.2274932419
-85.2594936543
-85.7179555976
-87.9364032572
-86.1333109161
-83.3046385756
-82.6650659973
-85.2139020699
-86.3096079427
-87.6108199927
-84.5331248986
-85.0510847992
-88.2304451822
-86.4131706285
-84.9836068939
-87.2074726255
-87.4979760311
-84.9433682183
-85.7231505187
-86.5576728651
-87.3974287184
-85.2199277905
-85.8974775167
-85.4622409715
-86.9511106063
-83.1971785409
-84.8604086962
-87.2072875532
-84.4680717491
-86.1647613852
-88.5789948434
-87.1289012352
