3368750000.0
97656.25
-68.9608502684
-69.0419980371
-68.3116920336
-66.1491396959
-67.4436138006
-70.5518459944
-67.9279113168
-68.5355940391
-69.6150663594
-67.7766809361
-67.3794300387
-68.0945445289
-67.8859894317
-68.700756298
-68.2899150258
-69.0094397097
-69.7025407431
-67.4583198556
-67.8812318413
-69.9534997727
-69.4011726513
-69.1061162892
-68.8309572402
-69.7207553171
-70.1672988121
-68.2585294622
-69.5929275112
-70.5461042157
-70.5351563476
-66.341225649
-64.2115567845
-65.6547688914
-71.0148048641
-69.5341303758
-67.7211256997
-67.7834574104
-69.1656734182
-68.128331776
-68.9685160098
-69.0942070341
-69.6950719247
-68.5296250035
-67.0223751922
-67.0684140663
-67.8341773501
-68.392638892
-66.8901994201
-65.7086413012
-67.5284146219
-68.798591985
-68.4630385312
-68.4564828925
-68.0315711055
-67.8920449567
-68.1038426626
-68.5476584597
-67.2251755282
-67.8565785662
-67.5730573467
-67.067780643
-69.8545694414
-68.9080903036
-66.6931056618
-63.3382362003
-63.4684853078
-66.7899558209
-68.8766323947
-67.0303655521
-66.1269706415
-68.1333963639
-69.1965035033
-68.8850529342
-67.908556824
-66.2714453918
-66.5300260653
-66.6595032691
-66.3727647587
-66.9876487025
-68.1431478715
-66.332741679
-65.8272630722
-65.018770359
-66.1895596007
-64.2606757131
-64.6004379204
-66.2989098066
-68.6147728731
-66.6558624164
-67.0543402997
-67.6643264515
-68.4644636275
-67.2541797788
-67.3256981346
-68.2609869756
-68.4378927696
-68.7384570434
-65.0127607234
-66.2651480557
-66.7982601852
-64.3748587469
-64.2700232956
-67.0274295898
-67.5480310516
-66.7477204822
-69.0352389512
-68.0901194245
-66.8125637327
-67.514468821
-66.5311338804
-67.4510091955
-69.051675155
-68.5409751185
-66.7772351337
-67.8109462484
-68.3959738475
-68.0025389182
-66.3631891747
-65.2789809512
-69.7850494984
-70.1813802706
-69.0044764977
-69.7851220273
-67.6476396309
-67.730813974
-69.2926814231
-70.3248162763
-70.3492371309
-68.1605453044
-66.7135390488
-67.0711271923
-69.5535181542
-69.2286642529
-67.1820126938
-69.6356433612
-67.7293866584
-67.6510737313
-66.994958284
-68.3390892299
-68.0616293017
-64.9888238085
-64.7488146362
-66.8806155692
-69.2124442427
-67.5630993709
-67.2368790334
-67.395858737
-67.8276503406
-70.3530244427
-70.3362285552
-67.5291170515
-67.1092802153
-67.3355428969
-68.7192419334
-67.4228585784
-69.4324574573
-68.7465338858
-69.2487383587
-67.9511648337
-68.4207993455
-69.1156242859
-67.9826768962
-67.3609708126
-67.7861701674
-68.5878625413
-67.7862806236
-66.545159314
-66.7908989332
-68.8886464016
-70.7959721112
-70.3248729618
-69.15242593
-67.0264374535
-66.9643323039
-67.9810917788
-66.6790326332
-63.8882012225
-64.4434994733
-67.0139754917
-67.3216868892
-66.3072956689
-68.1096918272
-66.8858185183
-65.9377538974
-65.1681165357
-64.9592852664
-67.9960407772
-68.4499991636
-66.5532957943
-64.9379340033
-66.0981057042
-67.6690289097
-69.1152668364
-70.0989519964
-68.7003141166
-68.1631593399
-67.0894037852
-68.7769610663
-69.1089986865
-68.82213207
-67.9631903221
-67.710315234
-67.5404659079
-66.7635127529
-67.5457605011
-67.700321296
-67.1327480281
-67.3190883566
-68.3510940656
-67.9396433811
-67.4343585544
-67.3941468321
-68.7193230423
-68.4634534212
-68.3905895114
-68.4170123233
-68.5062748151
-67.5997193523
-66.9910765666
-66.3117701524
-68.3509076379
-69.4511317336
-68.655427034
-69.6177728274
-70.2184660609
-70.0672457505
-67.8119321295
-70.1061828729
-68.2093525089
-68.6659701728
-68.6091309501
-66.2985618507
-68.3838978694
-69.4784599711
-67.6432500786
-66.2351801437
-66.2762896621
-68.7619522256
-67.8277508055
-68.1235795883
-69.3379153149
-69.0087981469
-68.0990118433
-67.5344809245
-67.9679459904
-67.9852258515
-69.1139508112
-67.36580431
-67.9131543893
-67.4769866786
-69.2884487493
-69.4350837262
-68.1052097708
-69.11755901
-68.5778978472
-67.272624666
-69.3207320617
-69.3151809308
-68.4138845277
-71.4156726064
-69.9053782678
-68.4103904568
-67.90422792
-67.2253325046
-66.5457317595
-68.671074913
-69.8180952378
-69.2201553933
-67.9234542193
-68.2277967644
-70.0771453937
-68.8096995676
-69.9697934444
-70.8218952599
-71.631205054
-68.8772294599
-68.1664961005
-69.0907303778
-68.5082446902
-67.4376532737
-68.3053730887
-69.0725961318
-69.1912724619
-69.1287530435
-68.1784625089
-66.6696395905
-66.4681893992
-69.9538657079
-69.6733741406
-68.7137408605
-68.5687146238
-66.8725861554
-66.4600258874
-68.7928317666
-70.3150501826
-68.3725990467
-67.4873898455
-67.2422557835
-68.1873610494
-69.2074303547
-70.3248975109
-68.550092693
-66.8923502197
-67.2588473359
-69.1134283624
-68.506543502
-70.8354459556
-69.7762438846
-67.4151043546
-68.0830675884
-68.6278090064
-68.8691541293
-70.0465011122
-69.8421533736
-68.3067024962
-68.1407507257
-66.9638550964
-67.399405641
-70.5432631589
-67.9733454965
-67.4310214017
-67.8936823049
-67.7388207405
-70.5673646863
-70.4739070639
-70.4937181172
-70.5649280806
-69.9383685624
-67.0538959742
-67.1939267478
-67.5110368739
-65.8760241822
-65.8166297092
-65.8490980654
-67.4066175674
-69.9065970233
-69.0309343295
-68.1513082953
-68.6761862712
-69.0976477813
-68.7511573088
-69.5806828005
-68.4390497036
-69.5178188955
-67.4694405656
-66.3965168426
-68.0547013409
-67.7959878464
-70.2243119314
-70.7127710549
-68.8227188464
-69.2824675016
-68.7014730959
-68.9815881749
-70.0644246036
-70.0418178677
-70.2923422106
-69.254946817
-68.0138941329
-67.6766847375
-67.4971261925
-68.6010172989
-68.9314794777
-68.6531080038
-67.5199372253
-70.5227408633
-69.8917759223
-71.3018811705
-69.1029794262
-69.642886985
-70.4789944935
-71.0103035216
-72.2891189529
-69.7508545676
-69.4956800397
-69.9061239904
-69.8380667175
-68.5039565767
-68.9271137002
-69.6181718499
-70.1911322162
-69.7422112268
-69.0291570379
-70.6417477727
-69.4532521942
