2768750000.0
97656.25
-70.2715116117
-70.7705014953
-69.6120342982
-69.0254351989
-68.4794684263
-70.2931321785
-70.6091161787
-70.6587786979
-71.3749251426
-70.0546444755
-68.9745181115
-70.2219583415
-68.6394153578
-67.4953455245
-70.2124871247
-71.8765819916
-68.0735944951
-68.1633289255
-69.8680049474
-71.1567330242
-69.8657403201
-69.8617381364
-68.5128475818
-69.0208910159
-66.8534237588
-66.97466337
-69.6243568329
-67.5229219595
-66.9824877848
-66.6827747838
-70.0018384999
-69.4355816021
-69.1418825193
-68.0051927038
-68.2097304184
-66.5378912218
-67.7203591763
-69.3066210741
-66.8254139978
-65.6694659227
-68.0241981369
-68.4903726486
-68.2624161243
-67.9986440919
-68.411654147
-69.5111223032
-67.5596368221
-69.6129643043
-71.3627029245
-69.3956284429
-70.4414318525
-68.99418625
-69.8705517538
-71.7659161231
-68.455529103
-68.2021086568
-70.3909869705
-69.8212094979
-69.6056179501
-68.8267197549
-68.8363164702
-68.5575886968
-68.4637808256
-69.7218048541
-69.2817474546
-68.2641340012
-68.4876199039
-68.5736203643
-69.3837155068
-69.5934166606
-69.6078523009
-70.5182860489
-70.6180341754
-67.1956770272
-67.5080257596
-67.1365888595
-70.279280078
-70.185651104
-71.185140894
-68.2270526971
-67.6187218989
-68.814452864
-67.2826009321
-69.0507037762
-69.5008624673
-69.8497580677
-68.0551258433
-68.7626605064
-68.5724559454
-66.9167340252
-65.4398281954
-66.662929739
-69.5657388742
-68.4973157783
-68.6241219956
-66.4374885329
-67.0265402074
-69.3615826963
-67.8626924438
-66.2785626269
-69.5635066019
-68.422612725
-68.6758684097
-69.2829664437
-68.1558885881
-67.7501174401
-69.1834648065
-67.8096284199
-69.073279979
-66.5768430259
-68.8771926806
-68.1410897775
-68.2925860417
-68.6559163365
-66.6744878341
-65.636760335
-67.2765585313
-70.1497413395
-70.3825915345
-68.4843298385
-68.6062370144
-69.8775028839
-68.7952376244
-68.6250679745
-68.8289078786
-68.088775995
-68.1463163045
-70.4341150557
-68.7847517211
-70.4537955884
-68.8800022358
-68.5383936402
-69.5516858606
-68.9624282573
-67.3771213966
-67.8459198725
-67.215858504
-67.2872290708
-68.9319429194
-70.9101011353
-68.7166084143
-67.2147259776
-67.7521488758
-69.3227327315
-70.4970001258
-67.9650691001
-68.7342199988
-69.5681774009
-70.3256072632
-68.1328361544
-66.7750033981
-67.8187032191
-69.7764059589
-68.6996454029
-67.4650541095
-68.5400295228
-69.1653384828
-68.4178408749
-68.5790470047
-68.7158271749
-69.6185458719
-69.6969738477
-70.0004208227
-68.854883249
-67.1614631072
-67.9941347241
-70.1505075029
-67.9226757884
-68.1627596869
-69.1895506862
-67.0121566135
-66.3882354734
-69.1576584644
-66.9218063386
-68.7187997162
-68.6830612496
-69.4179032896
-67.1974475633
-66.8282731426
-66.1449530161
-68.0531674971
-69.9477230679
-70.5616905109
-70.4389755123
-68.2381081329
-67.3695174951
-67.5415131173
-66.8389592246
-67.6081205463
-68.0239224818
-69.0166501229
-67.3595328159
-66.9238786157
-68.8050423718
-69.2267206536
-69.8088748273
-69.0010037783
-67.4785336302
-69.077550437
-69.4234905329
-69.0121019216
-69.3109114395
-70.7227254325
-65.9994965108
-66.3626944225
-68.8234149962
-67.2720425178
-65.7960042555
-68.3815938086
-68.9284416129
-65.7051821
-67.0344060053
-68.1221515856
-69.3187726743
-68.4335741911
-66.9060582241
-67.8278638314
-68.8083674862
-69.4786237936
-68.7938993035
-68.699481464
-67.1187785916
-67.3577860289
-66.2199535211
-67.1539506769
-65.9875521713
-65.745311545
-66.9406620664
-65.6705622675
-67.2421284826
-68.9273621676
-70.5472785548
-69.3626018472
-67.764779784
-69.6527376919
-68.0219918105
-67.1062789482
-69.8751310797
-70.7479283842
-70.4713441151
-70.5096509154
-69.6793397637
-67.5599844169
-67.951955108
-67.9041931548
-66.7242555293
-68.4183072923
-69.5784853084
-69.2998282504
-69.8809352757
-69.6789289271
-68.1180105607
-68.8523627231
-68.0956012198
-66.7877523318
-67.7792498728
-67.4381997282
-67.4116066856
-70.0804794083
-69.5264050048
-67.2252087595
-67.4818110205
-68.2512857018
-67.4955879615
-68.5876758406
-68.9999443107
-69.4802388407
-68.9266753581
-66.6709987393
-67.557617922
-67.4662154788
-67.6870552249
-66.4776244605
-67.386445927
-65.8679031484
-66.5761681826
-69.2893717557
-70.65398335
-68.6703460375
-68.3324814894
-67.4295375687
-67.1932686759
-68.9106862552
-70.0835297108
-69.4792350602
-68.3889998056
-67.1224734196
-66.9640078465
-67.4095450201
-68.1969742877
-69.3077969176
-69.0093381611
-68.5845850763
-68.9058744851
-70.3776965984
-69.1893850412
-67.4937465243
-66.6078908591
-68.5492150967
-68.6063686244
-69.9192993894
-69.2908222391
-70.044776264
-68.7400330957
-70.5139765926
-69.1089349273
-70.202889829
-69.9960269757
-69.7346727628
-69.0257896327
-68.3463868095
-70.846539898
-70.8479408448
-70.4797483855
-70.1944258531
-70.2385119505
-69.9316957094
-70.5933101507
-69.2713010815
-68.7438111954
-70.1601271225
-70.114794109
-67.9389836671
-68.1071121778
-67.1529429766
-68.3363922924
-67.6174773908
-66.8052433167
-68.0607554805
-71.0172677253
-69.6932017084
-67.8080844577
-68.6795507385
-66.9571480388
-67.373982218
-68.4598321029
-68.7515723846
-67.2002920966
-68.8128930631
-69.4352008255
-71.4294038137
-69.9508678332
-70.5518455241
-69.3420217249
-67.9905071299
-67.7671960459
-67.9745554786
-66.3149935028
-68.4479819351
-70.810740215
-71.1194222965
-69.8532522789
-71.0310926557
-71.1690556479
-70.2200229705
-70.6296614799
-69.1861994953
-69.9416961694
-68.5309486799
-67.7609795791
-69.2056200654
-70.0789147809
-68.3331922056
-70.8307846066
-70.5460586577
-69.7974964519
-69.6982170161
-68.5135893212
-68.1765400272
-69.8095018882
-70.1171005303
-68.8465904946
-67.3234871975
-69.1921912049
-68.7596416163
-69.2260066704
-69.0180291565
-69.984528729
-67.3953253142
-67.4654362688
-69.1125733977
-70.2542720333
-69.1672978796
-70.4267415668
