2281250000.0
97656.25
-68.1475173304
-69.1641247293
-69.6492883766
-71.6240583559
-70.1762974716
-72.0842675716
-70.6255228244
-70.6963486209
-68.5267074312
-67.9777480408
-68.4151705131
-68.7101208409
-70.7635676135
-68.7580571886
-69.5016120234
-68.262420566
-69.8583681817
-70.357823722
-71.4113005331
-70.0870207503
-71.7429466295
-70.3021887447
-69.018118685
-69.907104162
-71.3944282137
-70.0479661597
-67.6402416585
-68.0165910694
-67.7103470145
-68.9637735387
-68.5960127829
-67.6998310793
-68.4112292372
-68.2535809258
-69.5080591142
-70.0572104044
-69.2110518171
-69.447806361
-68.7573969476
-70.2807104888
-70.6669000772
-69.7307883373
-70.2333116259
-69.2518250927
-67.8219116254
-69.0627261398
-68.5330763243
-66.3256137263
-66.2057557569
-68.127921858
-68.1883011119
-67.6276223822
-68.7777912039
-71.8994671464
-69.4673660241
-68.5174206186
-69.1698352649
-67.7372210593
-68.8392962575
-68.9562649964
-66.9608896805
-68.1619344506
-70.394633985
-71.3880751933
-67.6206209394
-68.6453041636
-70.6622819633
-68.6416643779
-68.7968184098
-66.7976812077
-67.4945941025
-67.4355562615
-67.4628690076
-70.2135432965
-70.4780238768
-67.8518555941
-70.7472558535
-70.8052731282
-70.1614311234
-71.2075676687
-70.5345525064
-69.629236937
-71.0204276335
-70.5869035846
-68.8327726724
-68.2040959033
-68.9893648104
-69.9775295697
-69.9847598486
-69.0763288253
-66.1990308577
-66.2668702164
-69.6036580705
-70.2536511214
-67.490200306
-68.7431562174
-70.0943888049
-68.7062852144
-70.8862704291
-71.2251263128
-71.2314511714
-69.9572835473
-72.2455538161
-70.6254673373
-68.8406867004
-68.7383659739
-70.4699898265
-71.5398322618
-70.8820926104
-72.2067153408
-71.6962495769
-69.6993453701
-68.9489801047
-66.6853326109
-68.6299218077
-64.9018376234
-65.215294441
-67.5018951448
-67.42915993
-67.7613031029
-69.4409356462
-69.6133572018
-67.9004738671
-68.742991248
-68.4101802126
-67.8118580555
-70.4709526481
-69.8300451162
-68.1328070546
-68.0722811438
-68.8899225077
-68.7237212258
-68.1157582163
-69.6395167625
-70.0323888882
-71.2028610506
-72.183223193
-69.4162022664
-69.9136150651
-71.1399834173
-69.7192917491
-67.0774286362
-66.6840334356
-66.1596485487
-68.0229238059
-68.7003346893
-70.3276179647
-68.8656115148
-68.0889317646
-68.4555682837
-68.0002573212
-69.5010588902
-71.6200160599
-67.3810418784
-67.0899988327
-70.009064572
-69.3768197776
-66.0540606651
-65.7984692204
-67.590922428
-69.220258878
-69.3589618951
-69.4160002304
-71.6482716008
-70.9726873355
-68.4570013821
-66.4859078211
-66.8995541633
-69.1205163253
-68.4169775161
-68.3202907559
-69.4066061674
-68.3402416164
-68.5222666635
-68.0865670158
-69.5285209317
-68.2380278017
-69.8618729408
-71.3545170811
-68.9010011518
-67.2544434558
-67.0577387697
-65.2821119355
-68.5828310128
-66.3495746785
-65.9431766844
-68.447053473
-71.0218902751
-68.9620196013
-68.5874326032
-67.6758028105
-68.9981635398
-68.2234993451
-68.2097202709
-67.8130749306
-69.6106947575
-70.2025079402
-67.6062326909
-66.7904463403
-65.7136682475
-65.8390358705
-66.7721999765
-67.6936225565
-69.7601076842
-70.7729236231
-67.9521143173
-68.393691699
-67.6624647851
-67.7674779233
-69.4696095262
-66.4647285099
-65.2314718633
-68.1755788332
-68.3748595945
-68.5330432334
-67.6592391094
-65.1168269376
-66.3404398487
-68.4381722904
-69.4925145888
-68.7860721931
-70.245424301
-68.9057299374
-68.9172825087
-67.3388402222
-67.8573209619
-68.521568231
-70.6047437769
-69.7756011544
-66.2079543867
-65.5984605775
-67.4468939242
-70.0257463485
-69.7472362034
-66.5378774115
-66.4711204238
-68.854643348
-68.5406960058
-66.4032215722
-66.530346494
-67.8488990863
-69.986046089
-68.1872587327
-65.077362342
-64.5949848191
-65.9394413885
-68.6049794089
-67.7813103909
-68.4104912743
-68.0132558093
-69.321100453
-70.6157045229
-69.4988651443
-69.5029146388
-68.9922488873
-66.4526132805
-65.7470777017
-66.5336859486
-67.4500107493
-68.6366815174
-69.4168033609
-69.2263151244
-69.8059650547
-69.2551959262
-69.4744765067
-67.014150424
-67.8432602896
-69.1546815531
-68.7854562152
-68.406344182
-69.3340323501
-68.6653734316
-68.8584069294
-69.5297011871
-68.4243389753
-69.2546931869
-66.5862067465
-65.3986916487
-66.002131227
-66.288407115
-66.147240129
-66.7788434039
-65.625020428
-67.3521455592
-67.7655036796
-65.4097920393
-64.6546801295
-64.8213537001
-65.9940553491
-65.5086005298
-66.4663040364
-68.342819344
-67.0543566948
-67.8760634263
-68.2117831672
-67.7458814306
-69.210701622
-69.3090931861
-68.2202480027
-65.9005851588
-67.7324687935
-67.6686298623
-67.0611937953
-65.8728153229
-65.3216195878
-65.8423826815
-66.6324313869
-69.167838134
-69.0296979333
-70.6243735255
-69.2693995688
-70.5420021582
-67.9661087513
-67.7531718629
-68.0896090538
-68.60728129
-68.1557106251
-66.8522715469
-65.0408437063
-66.3895500963
-68.0243542353
-67.4984610086
-65.5081738309
-66.4574822847
-66.7785112081
-65.607045685
-66.8905892545
-65.8422071388
-65.8671089267
-67.5969471723
-67.9334506545
-69.5643622082
-67.9939601358
-66.5417830097
-65.4027886757
-63.9102123731
-65.9890041924
-66.6036392686
-66.5509500621
-65.4829024201
-65.5929888982
-64.134409546
-63.7304052242
-66.7910599631
-64.4215958467
-64.6952220176
-68.514193806
-67.2157838947
-68.0803953517
-70.2600731079
-68.5167732981
-65.9618289365
-66.8970673246
-66.8782812395
-66.1374494088
-66.4820650243
-65.982940169
-65.1088775039
-63.3618852449
-65.8565633645
-68.1488906861
-65.7481287783
-66.6400643887
-67.2053294684
-67.5736495349
-65.2589139042
-66.1256214554
-66.8705152342
-66.0796101413
-66.8596946435
-65.8807565764
-67.2503118609
-70.1211935928
-66.5376788459
-68.0654924413
-66.0358903252
-63.9970225116
-64.9562444333
-67.6375011953
-66.995647947
-66.9765950285
-65.689232162
-66.4958468699
-68.368075789
