2206250000.0
97656.25
-62.6424278622
-63.0034274333
-62.1565517203
-63.0803835881
-64.5364134472
-64.1800854044
-62.7931541385
-60.8882141365
-61.0789685901
-62.2928048857
-63.3578477384
-62.4306808987
-62.2804420352
-63.1451579264
-61.3425486475
-63.0234488735
-62.0076091567
-63.4942455185
-62.9887557219
-64.1708945803
-63.0416946737
-62.0633332091
-63.6944293696
-63.7613709854
-63.2152235621
-63.5816592164
-60.9428459547
-62.9517993236
-62.2602582489
-59.0399086774
-59.9183819835
-64.091181784
-62.5933547395
-62.2148853875
-61.1945038311
-61.9222501773
-61.0414390118
-60.3341295923
-63.3911076453
-63.548671427
-62.6896040206
-63.8699089024
-64.6431463987
-63.8235664648
-61.7171820253
-61.7440155008
-59.5100483133
-60.8035325285
-63.5376224494
-62.4035932607
-64.4096971828
-63.4689036119
-61.3977292665
-62.501630205
-62.8067571928
-61.6332136923
-62.4606975104
-62.9734135222
-65.7979715196
-65.8536918277
-63.7453614816
-63.0524147443
-63.979925293
-62.0599969639
-62.0425871716
-63.1260528981
-63.0499811013
-62.9774699047
-61.216432574
-60.9420650694
-62.0794512567
-65.1183252184
-62.2148978025
-61.2348922466
-62.8303829296
-64.8339061793
-64.3477489021
-65.4884278824
-63.3103016507
-61.9383001811
-63.4432097393
-60.6985530495
-61.3192588624
-63.8181056769
-65.0751845789
-63.6730217034
-64.3767413892
-63.9876670234
-65.2222572278
-64.0391216685
-64.5036589931
-64.9909605131
-65.1894562333
-65.1162527381
-65.0798296066
-64.7833348053
-64.1194399587
-64.1759427712
-63.1182369997
-62.1030388268
-60.6921545047
-60.5578131316
-63.0381354146
-61.2933607483
-59.9891313986
-61.1291683797
-61.4410970763
-62.8226440174
-63.8821956586
-63.8268938223
-63.2191364802
-63.8418038608
-62.3744739822
-62.473105446
-61.3443526824
-61.8813223496
-61.9527279218
-63.5891316301
-62.9900433943
-62.0624413042
-64.3567366089
-62.0520160416
-61.9083128888
-64.3201298384
-62.0569564411
-62.7963701735
-64.8337181028
-63.4255385178
-61.1042476062
-62.6250674871
-61.9482219181
-61.5291916083
-62.6756770823
-60.8114120653
-61.7681358506
-62.1921728043
-60.7737381296
-61.290988955
-60.8112970376
-63.2955780133
-64.4219049327
-61.7939235982
-59.689366984
-60.7249290029
-62.6237790131
-64.8119417706
-64.5327385789
-64.8472617548
-65.3672965405
-65.1196137173
-65.1001193149
-64.2329673435
-64.7310388551
-63.2291004403
-62.835721747
-65.3242860871
-64.6762563351
-64.8930170033
-63.4907226083
-62.2183378433
-60.5611117185
-61.1457638201
-64.2459421246
-64.2855975243
-64.7443105193
-65.5084812619
-61.7443957394
-61.7550455349
-66.632913207
-64.8260325954
-64.2512203362
-66.2545552511
-63.7962515161
-63.7719840759
-64.1636634113
-64.8219389778
-65.5985585903
-64.1365368785
-63.9130336779
-63.3670155573
-64.0749627936
-65.3871833892
-65.9519655512
-65.3587803092
-62.9768543503
-61.4780333896
-63.2508244399
-65.758365642
-65.7430991083
-64.4391849507
-63.4837629448
-65.8254893529
-64.4734699611
-66.584094791
-65.4105967052
-67.3046656126
-65.1993479112
-63.8090059219
-65.2136140258
-64.0081660282
-63.0379553441
-63.3392021674
-65.1231923427
-64.4604914643
-65.2902658748
-65.9205215252
-64.411703881
-64.876293833
-66.4256151706
-65.0347638617
-65.2789912863
-64.5238166286
-65.5007552683
-67.3731542333
-65.9426315298
-64.101262814
-62.4477884167
-64.3393646748
-65.1441483427
-64.9947080334
-63.6656236788
-64.9830923589
-65.1685225337
-66.214832071
-65.1175823381
-65.454567063
-65.7897175682
-64.6003958702
-67.6578684514
-67.6082131936
-67.0954198914
-66.8294633122
-61.9228372218
-61.0866763899
-62.3444177912
-62.8714439602
-62.5368262576
-62.1931787765
-62.7875148038
-65.2590084385
-65.6891108989
-66.5740949758
-67.4633179494
-65.8115295976
-64.6401429656
-64.041828414
-64.5028188409
-67.7407026332
-67.2844529255
-67.1422056948
-65.4937405565
-64.352392748
-66.0586248469
-67.3529560386
-65.7379010854
-65.9351368196
-65.9582666787
-66.4412128579
-64.0813221088
-63.3291456287
-65.4735674208
-65.9332256238
-64.1057244993
-65.2708247326
-67.6816497668
-68.1531990637
-67.5290429581
-64.5159185474
-65.0223381661
-65.5840290545
-63.5710859262
-63.4223594108
-65.896209758
-66.9094125076
-66.6342154953
-64.4222566938
-66.4862087823
-67.4701256558
-64.3295035982
-66.5223744726
-63.900277178
-64.5225876785
-68.640845922
-67.5542469971
-66.320188363
-67.1833580094
-66.2831131843
-67.3817707333
-66.6890651236
-64.3489622732
-66.8175233235
-65.7050699425
-65.8815048424
-66.8260872254
-67.1390491355
-67.3749999958
-66.464129578
-64.7754299067
-66.3429372094
-66.72162523
-65.9150635512
-64.5972203403
-65.4626378298
-66.0138177038
-64.8564804575
-65.4943076098
-64.1419429715
-64.5108241757
-65.1252748784
-65.4864898599
-66.5581526845
-66.0778464932
-65.4685664643
-67.0080365577
-65.3903360729
-63.5061092669
-62.8520866236
-63.2020789262
-64.4039877187
-63.5961118141
-62.8223514506
-64.9776561597
-67.3159144822
-68.9552180137
-65.397571112
-63.996730588
-63.5328883441
-66.8694837697
-67.1353024943
-63.99028624
-63.7404767002
-64.4106279156
-63.4199348245
-63.5261970151
-65.9300225871
-66.7090562428
-67.1138107269
-66.4575482383
-68.3339718984
-68.1848363039
-66.9619323871
-65.9512767872
-64.5759534176
-64.8503183098
-67.3969635354
-66.6467481644
-65.0747136603
-66.7298329963
-67.9822893465
-68.4618054342
-67.3949147187
-66.2765729269
-66.637159579
-64.6718326353
-64.1628070214
-64.7600959034
-65.4961390051
-67.1487203187
-67.6983266304
-66.1640689432
-64.831286952
-63.3765005254
-65.5390503715
-65.9955167939
-66.4671948363
-66.4810282287
-63.7512093388
-67.0880109978
-66.2319250237
-66.3799594277
-66.8210652613
-65.5587182277
-66.2839267007
-67.3134706704
-63.9986841882
-65.7257168368
-66.3281434736
-65.5296632786
-65.9327762057
-69.2828944605
-68.5591471144
-68.0331189322
-68.2434403657
-67.0884401846
