4831250000.0
97656.25
-91.8126757501
-93.9734630096
-89.9132814829
-89.5473707055
-89.9101330504
-88.1500946898
-88.0456776855
-90.282195969
-90.497868146
-90.4885463738
-91.7228347196
-91.2423023776
-89.2941917163
-87.1444214618
-88.4529068081
-91.2412519553
-90.0984840884
-90.218759654
-87.4168862349
-86.2123428678
-87.7462096859
-89.8592590675
-92.2347498532
-89.528398839
-89.7353783293
-90.079859873
-90.5347585742
-88.8684984663
-89.102287729
-89.6825541194
-89.4493755072
-91.3101749861
-90.3094917383
-90.1864672959
-91.2341116002
-88.6744852124
-86.8348610338
-90.0544423986
-92.9863574222
-92.0748125487
-87.7176045585
-88.6261292587
-90.246461062
-90.6438595843
-90.2678631921
-86.8368329738
-86.2491054015
-86.374185897
-87.1213868359
-93.01856181
-89.8961281802
-89.7048656676
-88.7318587738
-90.6342797678
-90.3042987027
-91.6308037498
-88.9098840776
-87.8513420057
-87.9253207626
-87.5492883374
-86.5446112079
-85.5607543665
-86.4856169073
-91.0466570167
-89.9604302564
-90.0423614871
-86.7906372104
-87.4235376177
-86.6220791678
-85.6427488191
-86.5736928348
-88.4725377414
-87.7532840291
-90.5943794545
-89.0759276403
-88.8211554036
-89.7884532294
-87.2040854192
-86.291931423
-89.4996022677
-91.0472318664
-88.8868716132
-88.8491286635
-90.2073476908
-89.7217419456
-90.8121624285
-88.0175255142
-88.8317285519
-90.2107966642
-89.9876253219
-86.7063660018
-85.3142019869
-85.2219092195
-86.445354477
-87.5697334869
-89.1169084473
-86.5889798228
-87.6235342297
-91.4238039978
-89.2963793739
-88.8974369728
-87.4599976519
-87.0834924806
-90.0735921672
-89.1399348185
-87.8092434408
-90.360592394
-89.3502497442
-87.2145483655
-87.3412954925
-86.4568922393
-84.5437593785
-85.9491247776
-88.0343111138
-87.744610854
-87.690721813
-87.5405017737
-85.2806205244
-85.6555814156
-86.8051919488
-86.3098871137
-85.568437822
-86.058309197
-86.46192855
-87.4818297927
-88.4014007319
-88.168243643
-89.0393562421
-89.2565946069
-88.0720988188
-87.0116581608
-86.9548565363
-90.377668784
-89.7163540402
-86.6373682592
-86.1328391194
-89.0794491086
-86.5975483945
-84.0748867163
-84.9770161162
-90.4659266688
-87.9621149391
-87.2141363961
-87.4548699572
-89.0251238935
-85.7707193055
-86.0022622335
-89.9366007107
-90.9163907445
-89.345882473
-91.0254728538
-91.9644879848
-90.0819551868
-89.1249904873
-87.2122869341
-84.9894914648
-84.7068592579
-86.5573465474
-86.5524316084
-85.0697152642
-87.7088812277
-89.6398346708
-86.658292778
-88.2988863604
-92.3170082701
-88.2990263353
-87.3942985574
-89.01066594
-90.6217819041
-90.2309817108
-88.9436771965
-89.2250781371
-90.9590026951
-89.985379586
-89.2384904407
-88.9072828086
-89.2737478866
-88.4635007058
-88.1946457124
-88.1470068268
-88.2421575348
-87.2141312851
-83.0235416403
-84.2341660669
-86.491874088
-88.1119386302
-88.4986262347
-87.7507112937
-86.6637456905
-87.4130438963
-83.9533474073
-74.2394449417
-70.8463360609
-73.8254466841
-82.9640906719
-90.2961857802
-89.5817059347
-89.5968026175
-87.6165008514
-88.6341811346
-89.7146823703
-87.6068996162
-88.2344453445
-90.50289983
-89.7746635717
-87.1372577738
-84.8314823565
-85.7209832801
-86.8042403083
-86.6061457542
-86.5970807214
-91.5375976389
-90.7817560242
-89.0976109167
-89.2614505352
-90.2136423122
-89.6020837032
-90.696433738
-89.8724188499
-89.1128143671
-87.4252707362
-87.8429155746
-85.4737907573
-85.4612609096
-88.3752701518
-90.6140396528
-90.87841371
-88.4106585006
-83.7087335596
-84.2513255812
-90.3618227736
-89.4616462998
-89.1574355154
-86.9452122262
-88.2915911701
-87.7022985466
-90.7164918855
-89.1485824632
-89.0128668837
-90.3260090611
-89.1881228181
-87.3463079644
-87.8931804955
-91.9152908327
-90.1782901547
-85.7826568469
-86.0134586719
-88.053832104
-88.9661380062
-89.964789939
-89.4152332332
-89.208776852
-86.7980800019
-86.1674579902
-86.8947085369
-88.0227825194
-87.7206240778
-86.7638533628
-88.7091258873
-90.6533955117
-89.0963827144
-91.1893806404
-91.3451423668
-90.1199894318
-87.2538468625
-87.2777838791
-88.295612236
-88.9430520935
-86.9749254832
-85.9832593808
-86.4448652322
-88.0524899485
-87.5063033171
-85.5652796394
-86.4462834517
-85.5130258791
-86.6589928708
-87.506228606
-86.3255799478
-86.6261485983
-86.5289080566
-84.2141077974
-86.017536613
-89.3786743096
-86.3234514095
-84.5612933293
-84.2949640245
-85.8772838973
-88.9778652311
-88.8522105253
-88.182595138
-87.6968349335
-87.456368107
-88.306509744
-89.0549246984
-87.6103081951
-89.3532996631
-89.4564612085
-88.4251764194
-86.3821931818
-87.2120349041
-88.6717847312
-87.579211308
-87.2051006237
-87.7799059295
-88.2099641601
-89.01690003
-90.4419429673
-88.277508818
-87.620860204
-85.2076683056
-87.8824039317
-92.8164513082
-88.3812627877
-87.4576191824
-87.6076437902
-87.9353414857
-87.5053762621
-86.0140825773
-85.7432338556
-83.3955887638
-85.6399966536
-86.8897509692
-86.1745469016
-86.4678632856
-87.0677723146
-87.9476407801
-89.1324412533
-89.3206275829
-88.4579552773
-88.2673068449
-88.6590634928
-85.9962958886
-88.3290535082
-93.1446064662
-92.0778887845
-90.8671984853
-91.4656266494
-91.4096508588
-91.2634565471
-91.0067608953
-92.6822958712
-90.4652509498
-89.5340179029
-87.3121615231
-86.851407902
-86.4846454916
-88.3109310681
-89.3323341224
-90.9954388222
-86.8404634469
-85.1466442008
-86.6215383911
-89.627671661
-91.6618877468
-93.6037838301
-90.8511752437
-87.5960889825
-88.8209541377
-89.4928259122
-88.8894962621
-90.1100943862
-90.4245450437
-90.1125632952
-90.9043367043
-90.5057653892
-90.0707233249
-91.5207229171
-91.2416296302
-89.2214049893
-92.9662541441
-91.4082579924
-90.0175978762
-87.8412858662
-87.1209936144
-89.4804407065
-90.6190380447
-92.4498662125
-92.7169363471
-90.5795057577
-90.7890939905
-92.2232076054
-88.870927399
-87.2011519757
