4943750000.0
97656.25
-87.0307377565
-87.486422733
-86.9086357252
-86.0761044417
-88.2867126994
-88.1632905647
-86.7300342539
-87.8450706896
-87.1365444644
-87.5963609671
-87.0127032015
-86.9913712394
-87.5432690059
-86.9398227488
-86.3057135941
-86.7959983858
-87.2280945658
-87.9369191489
-87.9741750012
-87.0427163877
-85.9595263031
-87.5133132844
-87.5109266046
-87.7271184263
-88.9139859518
-89.5980829079
-88.4725782596
-86.8527837789
-86.3396564193
-86.5900512983
-84.4366411912
-85.1071367192
-86.5688624565
-88.737323167
-85.1979109334
-85.0079894074
-86.6204020577
-86.6847192668
-85.6086186161
-85.4727058605
-86.8544759308
-87.4018154491
-84.837382648
-85.3771333853
-85.9068591291
-87.0254326635
-87.7590849257
-88.5760490741
-87.0002233917
-85.5684000333
-84.5049090086
-86.913848613
-85.3504687951
-86.0078780089
-85.5875608786
-85.2426601322
-86.97845706
-86.3604689032
-86.9151617191
-85.8288922536
-85.6509986783
-85.6661449186
-87.61199351
-87.1681999009
-85.7183409447
-86.1843190343
-86.0780448133
-86.5541470627
-88.1819274453
-85.2061701678
-85.4979237657
-86.1726658846
-86.1626013476
-87.7658046059
-85.1821654077
-86.6162783254
-85.1961172636
-87.0990168993
-86.0220684137
-85.0064884857
-85.2009268933
-85.8823290227
-87.7511288594
-86.0352104286
-85.3973394972
-86.1471555473
-86.1260152253
-84.6617280519
-84.7847447891
-85.0935961696
-84.9701024012
-86.7050966435
-85.4162636725
-86.1213506583
-86.7814611119
-85.8166809041
-85.3058570122
-86.9493053718
-86.1739303531
-85.3976817209
-86.0769482486
-87.3171394162
-85.4282856318
-84.2353685396
-86.796311261
-86.4552104746
-87.5888302028
-85.0858928926
-85.2834056972
-85.1773692512
-86.0204678968
-86.5870382075
-85.1726529161
-85.2992974449
-87.3788425281
-83.7291608572
-83.6349273611
-85.8582249418
-85.9664423071
-86.6184659528
-88.2760813782
-87.5244392209
-86.4355760499
-86.2994739363
-84.4253245176
-84.2188161261
-85.512866049
-85.1172466369
-85.682484857
-87.3407906342
-84.8216199627
-84.1953576683
-85.2468621831
-83.7338842675
-84.3170764392
-86.1142762978
-86.627259051
-86.4580046165
-85.9726165916
-85.9072701828
-87.0322154307
-85.5914790982
-84.542549837
-87.1976359506
-86.6014800806
-86.2633551307
-84.8833088431
-83.9587343461
-85.5485384537
-85.7577734527
-85.6646388381
-85.9373730223
-85.964372533
-85.0181252801
-86.0062956126
-85.4949471562
-86.8646081286
-87.7510212833
-87.5342741459
-86.6845322594
-87.3030104732
-85.5511626181
-85.5075581509
-85.3918433944
-86.7287134732
-86.820258038
-87.1989983527
-85.2955924316
-83.2735838269
-84.1461556751
-84.4751252382
-86.5868403188
-86.9465428603
-86.9327824679
-86.9021204743
-86.4716861447
-85.5285523357
-85.1116076997
-85.069810926
-84.4408565729
-85.3501657643
-86.1007542428
-87.4949946751
-85.5694139093
-86.4714434738
-86.2650156876
-85.4468622686
-84.6294957418
-84.8878626347
-85.5350825551
-82.5556221392
-75.1304451004
-72.9477155596
-76.1913569788
-81.9119007295
-84.2401285052
-83.6689830957
-83.3006118603
-86.1040486116
-85.6707174042
-86.5246184856
-86.4201925869
-86.3877398655
-85.3701890079
-84.6630144254
-85.4839966573
-86.3188949544
-86.2467786626
-86.0643499017
-86.2359953932
-86.3325430847
-85.1506000843
-84.6516332042
-84.6105310607
-85.6319806746
-84.5208149715
-84.5103435937
-85.142610286
-85.2490098123
-85.5490135565
-85.8676390048
-85.5200974499
-85.2751449236
-84.8515732124
-84.8651218337
-85.7864372968
-85.8215096961
-83.4765888772
-84.5141008374
-86.1632347474
-87.2602629794
-86.6491904585
-85.6931524911
-85.7295541507
-87.2900516939
-84.5145773554
-85.6590417712
-85.4901591294
-85.2030150375
-85.3721635106
-85.3592245535
-83.8380693319
-82.4035237835
-84.5742203506
-85.5418331137
-84.72837165
-85.7869828162
-85.7802730801
-86.1317395221
-86.0557275162
-86.4409823437
-84.9064866029
-84.7092338054
-85.9123204904
-86.018581277
-86.6201916473
-86.954836635
-85.2085060285
-85.8139599698
-86.0006174634
-86.8280619934
-87.0560586002
-86.6964368448
-87.6405989076
-87.0815798263
-86.1762602343
-85.9896241831
-87.3073299701
-86.2535747081
-86.3941370687
-85.9848662667
-85.3238822506
-86.8397872495
-86.551742925
-86.2297319819
-86.4843836614
-85.7156056236
-86.4532448058
-87.9653900108
-86.4545132926
-85.772439146
-86.6226958365
-85.496951222
-85.152539953
-85.7900796429
-85.8463571694
-86.8837878122
-87.8339292787
-86.7904338418
-85.0150972302
-84.9814117093
-86.1467179534
-85.3501475742
-85.0320085858
-86.1881600652
-86.3200646126
-85.9364548499
-87.2363080268
-86.0481453655
-86.7823695205
-86.4063048483
-86.3388992698
-86.828127462
-86.9124252843
-86.0831286629
-87.4787533874
-84.3136730796
-81.3802628518
-80.9310366929
-82.9269359369
-86.4980628596
-86.1422677674
-86.4886111677
-86.7665321645
-84.2521916962
-83.7230691203
-85.0425421281
-84.8741861366
-85.0922493252
-85.3563516928
-85.7082853166
-86.6908687522
-87.2673915201
-85.4706937909
-85.5596889667
-85.6600951389
-86.1847123129
-86.6334477829
-83.0191760004
-83.6789473453
-85.8576474622
-84.4789367057
-84.1465585099
-85.7949880458
-85.7841642194
-86.5019161657
-86.5529047392
-85.2544976755
-87.2388821844
-88.4015861508
-86.7244180765
-85.6123499392
-84.974060931
-84.2544442659
-85.5000219706
-88.1023235245
-85.6781769954
-88.849654983
-87.6033587968
-85.7734949511
-87.7623054563
-88.071775007
-85.8930893976
-85.8388411193
-86.7584976434
-85.3236855763
-87.8814649404
-85.3854036745
-85.5327730031
-85.3547165576
-85.9879595269
-84.8800989841
-85.9678757269
-87.7498007308
-86.8387201785
-85.3162969015
-87.6652517775
-87.1597513661
-86.2243128161
-87.9112433464
-87.9890703549
-87.6510997608
-86.5595348681
-86.5516902689
-87.1925930459
-85.972217226
-87.9028732908
-86.3564400431
-87.2187186457
-87.8755582838
-87.159724783
-86.8837107628
-88.1604356521
-86.9373760385
