2543750000.0
97656.25
-66.4089912268
-63.8942776471
-64.1657035267
-65.3292690675
-65.0406210681
-65.8165206428
-65.6709309363
-67.5516785653
-65.2887863243
-63.8899560675
-63.5897514097
-66.1121221412
-65.740114913
-65.322959687
-64.6148066081
-67.2781972556
-66.3062459752
-67.1444159225
-65.4011993333
-64.645940887
-64.0884271251
-64.3171097204
-65.7723834043
-64.0258986871
-65.5247203087
-65.3262007685
-64.7830631859
-65.1585931468
-62.0722457948
-63.1317190248
-67.0217363477
-65.7349483807
-64.8871238968
-64.9704478623
-64.7225998419
-66.0633089364
-68.0822917114
-67.3513910488
-65.3884642401
-64.5968569838
-64.2323030702
-65.0713654012
-65.6388980015
-66.045084948
-64.4463260903
-62.5754533385
-64.3811283115
-65.0417420432
-64.9563982137
-65.1463563667
-62.79744934
-63.3767258382
-64.0272234464
-63.4487966467
-64.1623607458
-63.746654393
-64.1659906029
-64.4652542672
-64.5485869866
-64.4633532417
-63.940492874
-63.8637628066
-65.2121157957
-65.6748518885
-66.344940774
-66.4881356488
-66.2610771187
-65.9149603924
-65.4866006143
-63.8264471751
-64.0291200124
-64.3425570152
-63.6385001097
-65.0073166713
-64.8880392376
-64.5232007018
-64.324907022
-64.120349447
-64.4730936098
-64.592378403
-64.9263028733
-65.3294188374
-65.8462836603
-65.764567405
-64.1786047884
-64.4790768619
-64.6982525567
-62.7521594537
-62.5486324742
-64.2316647961
-63.7353299759
-65.0887894198
-65.7695894897
-64.1382498056
-63.3963247629
-62.711019223
-62.8161195738
-63.9090418189
-64.867583835
-65.0931634613
-65.4117620798
-66.0673111011
-65.9629483409
-67.3095603086
-66.3181826987
-67.1030722854
-64.3705574611
-65.4338619263
-65.4366718328
-63.1840209693
-62.9917141452
-64.6673013403
-66.1779996135
-65.8982954323
-63.8141661956
-61.8593897068
-65.9075164705
-65.7323917577
-64.8202185666
-64.9221023677
-65.6236948001
-65.2394428911
-63.3385874687
-61.889220129
-62.9778961088
-64.7213226776
-65.0274320267
-66.2920374552
-65.9079987965
-65.1816877814
-68.1908382495
-67.567486205
-66.8936954156
-66.1374300074
-65.3924220267
-68.1346086472
-67.368115528
-66.4081901721
-67.1634753723
-68.4498875699
-67.2563173888
-66.8786449749
-66.9353930369
-65.9769816966
-65.5078935105
-66.6306056858
-67.2177909371
-67.5811256266
-66.3392041863
-67.3361829628
-67.3990524586
-65.369602474
-66.7277720938
-67.0331955663
-66.9239671408
-66.2478479894
-65.4885466008
-66.1909170839
-65.9428017409
-64.8756584193
-65.1623685619
-67.5579426957
-67.6768021472
-67.6073063856
-67.4326625971
-66.2645767241
-67.3129682413
-67.7329951464
-67.9109300121
-66.0594110839
-65.5552266277
-68.0383290952
-65.7798348055
-64.9518418274
-65.7679257575
-64.9353963375
-65.2526017246
-66.3555572654
-65.792241211
-65.505412345
-67.6844109491
-66.8380388155
-66.715413954
-67.9041589012
-66.0415569815
-66.8070724628
-64.7742375786
-64.2381322079
-65.3432867186
-65.9831582849
-65.2168604048
-66.1243408972
-67.9428872299
-67.2591276018
-65.3460749213
-64.5167701437
-65.8614186429
-66.5790407593
-66.523303633
-66.8918849056
-67.8675879254
-67.1359852528
-67.1177657948
-65.3942095145
-65.7292540975
-64.7440600982
-66.0605127907
-65.4419032617
-65.9738835816
-65.9690463785
-62.6776135359
-63.0031505488
-64.2795610181
-66.0175622531
-66.3333402094
-67.5750474193
-67.8886422061
-66.6807218144
-66.1358478932
-65.7228649072
-65.4581372763
-66.3734331599
-66.9821756124
-67.4078345534
-67.889734037
-67.5655308046
-66.2875913496
-67.7382838393
-66.2666507011
-67.8950968058
-65.1012326962
-66.2054055039
-67.9509079867
-64.6104464656
-64.6498370547
-68.4564799896
-67.4499052995
-65.3733141559
-64.4007754759
-65.7979368936
-67.6554412693
-67.6353439006
-66.3958907576
-65.9513687465
-67.023273322
-66.2928427675
-66.3991037871
-66.3660616428
-67.7337506309
-67.2607165578
-67.3052530412
-66.6732280946
-67.0572074388
-66.3956653457
-67.0919443254
-65.7054809955
-65.5368118851
-66.5454057068
-66.3344762554
-66.6685262674
-65.4558440882
-65.5161643829
-65.0327984334
-66.2634959563
-65.5907353492
-66.0726641304
-64.7885521968
-66.0518754852
-67.5796185612
-66.6960171786
-66.4940333411
-64.3508657528
-63.4600442531
-67.4273084175
-66.1738880051
-64.3347958621
-64.6060787343
-64.7377460622
-65.2150596502
-66.7013263159
-65.7725142126
-66.5832777545
-66.6656515671
-66.1464248701
-65.8906754691
-64.9038719925
-64.236780209
-66.0867563468
-65.6741096333
-66.068131741
-66.3211544363
-66.9806948564
-66.6042573749
-67.1488131181
-67.1476695907
-65.2378513331
-65.847363165
-66.1022893098
-67.2381164649
-65.7339355385
-67.3022196641
-66.2797695463
-65.7752010369
-63.974051406
-63.5554061397
-65.2924536435
-67.6469717359
-66.9126652177
-66.3773248662
-67.8005366014
-65.6605340175
-65.2986949777
-64.1075080689
-64.1110180646
-66.7393428112
-67.7595902836
-64.2477683703
-64.2555135564
-66.8831075513
-65.1489265854
-66.1418063682
-66.2466132579
-66.0136410477
-66.5787875526
-65.3513346127
-66.0308381304
-66.3665844075
-67.0034093302
-66.8704898476
-67.0076035983
-65.6935258292
-66.6998139045
-66.2589319437
-65.8989703669
-67.259106449
-67.9539259932
-68.3013433295
-66.419815412
-65.4817183867
-65.3862072519
-64.9650747501
-64.7696479084
-65.4931729902
-67.8489430027
-66.4695104486
-65.6197420956
-66.03874419
-65.9949992867
-64.657224968
-64.4052826925
-66.6352547824
-68.6794914544
-68.2958391414
-65.7183427991
-65.8212462031
-66.3346853344
-64.4685502688
-65.9991806369
-67.3719098385
-66.777021768
-66.4219746953
-66.4836228937
-67.7361855909
-66.6875639295
-66.6453973479
-64.4570392913
-66.6810142097
-67.3331256715
-64.3451298798
-65.0088645189
-66.5178497961
-65.7655733571
-67.3216082043
-67.9755771342
-67.6713682395
-65.4074410809
-65.0072718029
-66.026531642
-66.3136296493
-67.2462628412
-65.428733845
-66.4938223601
-66.5894749999
-67.3766056642
