3856250000.0
97656.25
-83.1914788328
-79.8566874904
-80.7246608239
-80.3680595005
-81.9002916683
-82.3246147165
-82.6301069679
-82.1562873812
-81.5612157612
-82.579117393
-82.7961416225
-84.5810563941
-83.1059925933
-82.5909314258
-83.9588583327
-81.795071089
-81.3029118558
-80.2913620394
-80.9523518224
-82.7561700891
-85.8378795069
-81.7209258428
-81.4006877567
-82.0478893542
-82.3918977841
-81.1544671105
-83.2931503146
-81.8576176747
-82.2415927975
-83.8968922404
-81.7890976339
-80.2429071464
-79.9925827595
-81.4538971242
-81.0977321376
-82.5285758901
-81.4470517049
-82.5280361049
-80.8604913523
-81.5314991983
-82.7529095092
-80.9578907116
-80.6521857369
-81.4208411378
-84.551251816
-81.4570324249
-81.4490233199
-83.1845970364
-81.6024951452
-77.8400109541
-78.0864520511
-82.6403116964
-84.0456863617
-80.6272773711
-78.9378151148
-80.337407133
-83.0989462754
-83.397150793
-82.6373792227
-81.8551555794
-83.8260494748
-81.1433330788
-80.0102577708
-79.9491461585
-80.7924500269
-80.5342201133
-84.4572310163
-82.2263231677
-81.0932894982
-80.6641995881
-81.1091320085
-82.3113373847
-81.6165237502
-82.3436363419
-82.3746430489
-82.5881612785
-80.0867965362
-79.8661891953
-80.1831589501
-80.1949641695
-82.4186628464
-81.4777311515
-80.528696933
-81.5128093993
-81.8969798558
-83.8511390452
-81.4192325564
-81.081841751
-81.6975303936
-83.47038175
-82.9645240486
-82.0471767623
-82.0520075049
-82.1960474709
-81.6216900906
-82.4934535373
-82.0497580782
-82.5814464856
-81.8768970314
-82.9472843671
-82.2462119202
-81.7216553537
-81.1391211683
-80.6079821703
-82.5321953416
-82.0385118313
-82.0334128574
-83.7559620404
-80.7764260007
-82.2739044542
-83.6593746943
-84.2843266659
-83.504906687
-82.4338072639
-81.6820009921
-82.7816634011
-81.8258070829
-82.2566373068
-82.5956661462
-80.5819485161
-81.9928982382
-85.4953333992
-83.7050266581
-82.4169044079
-82.5083264511
-81.077135344
-82.6098281792
-84.4526847027
-83.6655354083
-79.5490505856
-78.8082091497
-83.7917287249
-83.5470401467
-80.4905683064
-81.0293249248
-81.9765428317
-81.3403150147
-82.3348690704
-80.2754109872
-81.1392520662
-80.5576528854
-79.4557994479
-81.0035586129
-82.5179602383
-80.7738477369
-82.5028544356
-83.0128214641
-79.1679897079
-78.7300894943
-81.3075813029
-83.3133846056
-81.5635300453
-80.1374526581
-81.1030742497
-80.1860390246
-82.3018107645
-83.5322355241
-83.066001918
-84.0920749592
-80.7275727219
-83.032755486
-83.5353005562
-80.7843827126
-81.651950248
-81.5262226711
-79.8370470503
-81.8951841245
-82.4818559873
-81.8375350229
-80.7170050332
-79.4136741446
-80.591738652
-79.4656081658
-80.6143725758
-80.2278166109
-78.4930712975
-79.7718123959
-81.5381106171
-79.2623461969
-78.4687475465
-79.6187588816
-82.428199624
-82.8054543545
-82.0071558481
-80.2446655289
-83.3130015756
-84.3156899518
-83.4891786607
-83.456813907
-80.3798725996
-79.6607251012
-78.5382726525
-75.4563870104
-76.7991001568
-80.3934741253
-81.2294928689
-79.6444481911
-78.6089311561
-80.6341042257
-82.304105756
-79.0871812296
-78.2053310996
-77.750778996
-76.9553612244
-77.0718603984
-78.2312531024
-81.215819421
-83.326478159
-85.6617102271
-82.308887473
-82.8933074202
-82.7670546077
-81.6635400872
-80.943427645
-80.3289966458
-79.91095453
-79.7096771501
-79.0689494548
-78.7744762122
-80.5157982842
-80.9000392165
-80.1384130218
-80.5387995627
-80.0686924619
-82.71473545
-84.0475897473
-82.9737689534
-83.2983391888
-84.1169570812
-84.2305801868
-82.177644251
-77.1136243826
-76.8059457812
-79.5862260195
-80.629768552
-83.2558161826
-83.0707787028
-78.8585854177
-77.3238697361
-77.6189431355
-74.6062725179
-73.1120294822
-75.2314248256
-78.3226290831
-73.4831872013
-72.0298126824
-71.8221129284
-72.7980290965
-75.3192460175
-78.364150644
-78.471225611
-79.6258693067
-82.5027968575
-82.8117799604
-81.8936977903
-79.6398626066
-77.9403396685
-80.4203733051
-81.0941059954
-81.3601158926
-79.5301538088
-80.6798728334
-83.0065455259
-84.378195122
-82.41820431
-81.941074246
-80.4641311302
-81.9696383198
-81.6449660209
-82.3908593525
-80.8983067676
-80.384876679
-82.1039121995
-82.0929977947
-81.0891022022
-80.692973119
-79.2313730824
-79.3339056897
-81.8905182151
-81.9105280266
-80.4433392358
-82.7200850939
-82.8623469554
-84.5873802471
-80.4368902721
-81.9108109729
-81.2521114241
-81.6975556495
-81.0002236831
-82.2657795498
-83.9859884658
-83.3840049706
-82.3668329823
-82.1840004084
-82.9476471783
-82.3804470218
-81.4520155108
-79.9054557724
-80.7189522333
-79.3332520173
-78.6941169556
-80.8280634933
-78.8655204508
-82.3849298318
-83.5938100368
-82.5759036367
-83.7408591183
-82.3500095249
-79.580296796
-79.6839477954
-79.733184731
-80.2170687372
-82.2341294432
-81.9806939181
-79.4740871676
-79.5369218089
-81.1723511842
-81.7102649661
-81.0641911795
-79.8371652328
-79.4107937152
-82.149626374
-83.0686850646
-81.3900557885
-79.8791543914
-79.4606166738
-80.1189849777
-82.0633907909
-83.5765937411
-81.7871182028
-80.5437127165
-80.9429702579
-80.8823483095
-81.8054375458
-82.0242731971
-79.1354027625
-77.8381493654
-78.8428002491
-78.8859656035
-81.6133969426
-82.7537190565
-80.669842957
-80.2400047173
-81.7170310358
-82.2231138837
-81.7550272634
-79.140474812
-80.5722418256
-79.5847140183
-81.2188542468
-83.1005856673
-79.484383269
-76.0556990193
-75.5715032495
-77.7183628197
-82.1157443156
-83.4422854396
-83.6368386548
-81.8596529436
-78.7109633082
-79.4509574478
-79.4513023763
-80.8744492707
-82.6428779279
-83.6364068734
-82.7835302436
-82.1235584608
-83.2611684942
-83.2316105
-81.9140915214
-83.0529942149
-82.4851706083
-81.6130336461
-84.9453118479
-84.793449903
-83.150940215
-83.6648629931
-81.5877471359
-82.2097587242
-83.2609496459
-84.2872447582
-85.3938716873
-82.8820424337
-82.0242880495
