2693750000.0
97656.25
-59.5834431022
-60.4207421692
-63.1281264421
-62.1091874784
-60.2931389136
-59.8298236779
-62.347960021
-60.6520983603
-60.7856041351
-60.4911487408
-62.7853490841
-62.0228014828
-60.8749716142
-60.1265494722
-60.1377313287
-59.8129140198
-60.8835163438
-61.2367080454
-61.4390281144
-60.7820338268
-62.197094267
-60.6798567889
-64.5759040012
-65.7733279417
-64.7179244687
-65.6521351344
-65.6158340374
-64.0802240605
-63.5487824489
-63.0824809167
-63.2530894794
-64.6198771403
-63.8424338831
-63.3347186512
-64.677928911
-66.8829503461
-61.1626424701
-59.6807365909
-62.7541715514
-64.888496725
-66.0119433324
-66.8140630276
-65.5524169238
-66.35637158
-64.9990561218
-63.857681778
-62.7103190784
-62.0792704864
-63.61185618
-64.118711992
-65.1813919823
-66.3986049268
-67.1842805297
-66.900308364
-66.7194409517
-66.8232291202
-67.9231527919
-67.745940092
-65.6996580881
-61.6443245303
-61.4471087488
-62.8694063129
-62.6897797521
-63.9888734932
-62.1301163667
-62.4151353415
-60.7679028713
-59.7599455899
-61.3229243091
-60.9569916238
-57.8255750544
-57.9331668547
-60.417974536
-63.1874098796
-63.688808491
-64.7032497699
-65.4792132225
-64.6684588397
-65.6152373119
-66.1583127732
-65.9667238807
-66.3936729101
-65.3962709283
-66.7784169196
-65.966624069
-66.1621799525
-67.4802415709
-64.5122993692
-64.5462711131
-67.0330888898
-66.0129619481
-64.6376466705
-64.8696855962
-67.9989285976
-65.3259711993
-63.775885462
-64.0694431791
-63.5810719543
-64.2878166897
-67.3135523317
-66.0474364074
-67.7114355152
-64.392312037
-62.4815679714
-61.1044253528
-58.469674777
-58.0080802298
-58.8850777331
-59.6520057112
-59.6001368962
-60.8463650505
-61.7692750532
-60.9206768939
-60.4801513783
-60.9475469934
-60.2394939416
-60.1716326802
-59.9818764387
-59.4861989898
-59.8412636984
-61.5947640671
-59.5250486941
-60.4421552227
-61.1827582812
-60.8277858253
-61.203488305
-61.6194853894
-62.4980567401
-64.3872363288
-64.114129716
-62.4385800338
-61.0274114621
-62.0174033306
-62.9272416689
-66.2003243085
-65.1007484891
-66.396395448
-66.3075997241
-64.5086560688
-63.9391873283
-63.9779130371
-63.6637449436
-61.9802295244
-63.5169457054
-62.6815246684
-60.2435113889
-59.3139436016
-61.7717227601
-60.0850666895
-58.8300878992
-57.2763412908
-60.2296106484
-60.9717798437
-56.9941966715
-56.498969081
-59.7988557286
-59.7772796906
-60.1260906666
-58.3618238439
-60.9103182026
-58.4886873359
-59.5846742136
-60.3991464833
-60.0766292193
-60.1992412123
-60.7901220257
-62.4742668029
-61.31684417
-61.7004458931
-64.8093848894
-67.6041466916
-67.544771097
-68.1101729346
-68.4018710844
-67.6925667529
-68.6988948345
-70.017666922
-70.1426610495
-69.3267574108
-69.8933097086
-70.0262971791
-68.5115223543
-66.3718643764
-67.2878549574
-67.8034373792
-68.5792960439
-68.7663370749
-69.0461324256
-68.4614162761
-64.0117701975
-60.0588473325
-59.5940531277
-63.472240072
-65.4984523994
-67.2252245008
-69.5677806956
-66.9206024168
-64.3181215663
-63.2684588773
-64.53790207
-67.3586715089
-67.6921075974
-67.951639808
-66.7950710214
-68.6763123841
-66.5802289929
-66.2755692828
-67.0294350238
-67.4991432408
-65.6886924904
-65.439886169
-66.8208278206
-67.8980206154
-69.8468455723
-68.8741148782
-67.2874410903
-68.4434689518
-67.5160329242
-66.6458760169
-67.0730988683
-64.5665241358
-66.3558854785
-66.433886563
-66.7828412153
-65.3115034838
-64.5319351158
-63.6387287117
-64.6303169789
-63.4680935524
-63.1809493273
-65.7310270634
-65.4281619906
-66.2910679628
-67.3771263777
-69.8476344969
-68.1220615447
-69.6111851549
-69.9598853183
-67.2185422345
-67.4849493012
-65.0599144332
-68.1426720092
-67.2922529004
-66.9477641224
-68.2119159723
-69.8821633136
-67.257755529
-67.0182762867
-66.6537274398
-64.846907716
-67.7626479144
-67.8587955094
-65.3256772669
-65.1656329043
-66.0973937082
-66.7316497728
-67.1555614183
-67.0249114681
-64.634314247
-64.5721860842
-68.9425329611
-65.796268247
-66.5588592394
-67.9084017622
-68.3621472544
-67.3059755226
-66.1453226378
-65.9777509933
-66.8491178722
-65.5794779269
-66.4097898925
-64.3388782875
-63.4180338351
-62.3980115413
-66.0546346825
-67.566403389
-66.9807886805
-66.3881903973
-66.3739064933
-66.9629872815
-69.1238273499
-65.5136672852
-65.5812806165
-62.942402419
-63.9835235039
-68.6214179645
-66.6422171264
-65.5578317357
-66.2023591828
-67.5127202727
-68.2570084317
-65.9376160658
-65.8585537903
-67.2515100148
-67.3423183842
-66.1560194814
-65.4386286059
-66.4769563935
-67.4901914754
-67.3419761021
-66.2133922744
-65.2767050348
-66.3841823042
-67.2041988138
-66.447779707
-65.1053369508
-64.6788858615
-64.1010059666
-64.688706903
-64.7886310393
-66.1127614203
-67.1512253072
-66.8615327979
-66.2128197449
-68.0659620438
-67.8507469834
-70.9449062805
-68.9359070263
-68.086248721
-67.4838567013
-66.9899742362
-68.3859995033
-70.78039987
-69.498538189
-68.4386293326
-69.9901186682
-66.6219449276
-68.4008621482
-67.5440722486
-69.0190101058
-68.5539471401
-67.2587922543
-67.0129052262
-66.0093456212
-65.7628134819
-66.3914796518
-65.1978661084
-65.0869934122
-63.5017510836
-64.5305214193
-65.1526716259
-64.2537846411
-66.1884336251
-66.9663347586
-66.0929267506
-65.0534267562
-65.168844146
-64.6888078493
-64.2994560763
-66.5743554369
-66.4227728445
-68.1856007192
-67.2949207319
-66.9725056679
-65.9049059305
-66.8382683995
-69.1689516803
-68.302470893
-66.7115146093
-67.733930551
-68.3158294928
-66.9283503691
-65.9630022914
-67.1324543993
-67.4033622449
-66.7993450346
-66.9692907045
-68.7709782065
-67.9373940649
-68.2817618
-66.8146167443
-68.4537689448
-67.4448476386
-67.6769355712
-66.868382871
-69.6936517219
-69.3955527661
-68.9774646727
-69.5987103142
-70.0049260968
-70.2031671534
-68.6631845596
-68.5855804965
-69.2614562567
