2431250000.0
97656.25
-70.504267896
-71.9560132178
-71.8363214515
-70.6749549065
-69.0821271678
-65.1026861781
-65.1060186863
-66.9661609178
-66.4281609165
-67.0078373328
-66.9275190158
-66.8225543428
-67.8667606465
-66.3092453183
-66.8872523038
-69.7706756661
-68.3043448365
-66.8832595082
-67.7827707856
-69.6408480654
-69.3979743569
-69.1569386894
-69.7285198108
-69.6278707913
-67.2334080389
-67.6072395405
-66.692258964
-66.9956778086
-66.1756289453
-66.9751694236
-70.6085581905
-70.1209887416
-69.1884029857
-66.7541868744
-66.1794108819
-69.8963020702
-71.2751291316
-71.7754437845
-68.8013869612
-67.1989997652
-66.962708613
-66.6975611828
-67.1426334068
-67.0201623789
-68.6709712162
-70.0819589194
-69.2811991616
-68.0862527195
-68.7631034743
-70.1293486388
-68.5934184639
-68.4793336025
-68.0893372184
-66.5650705407
-66.3130178801
-66.1013710484
-66.0474177373
-67.4815507977
-66.8232745609
-67.5084121859
-70.5452344699
-68.9380730333
-68.7399683322
-67.6900821471
-70.2773225307
-70.0028272536
-68.5532492342
-67.3562576031
-70.3127608598
-69.1951853449
-70.4424594447
-70.4657759557
-71.7967670855
-66.1979921635
-64.4273455111
-66.3007888969
-67.3835353587
-69.0727255995
-67.3215339913
-67.8920041711
-67.4788947267
-67.552848718
-66.8853231736
-66.6970043798
-69.020802422
-69.543425112
-67.0723178577
-67.1808500049
-64.2827989566
-66.2970279978
-69.1576669932
-66.850404818
-65.9952410679
-68.8610934676
-66.8849075319
-65.3053389955
-65.670032552
-69.7856561765
-67.5485943997
-67.5663996051
-68.5155163179
-68.1264579887
-67.8375099865
-68.0538844759
-67.4082928924
-68.6698715718
-67.7145460422
-68.4112542307
-69.1402182655
-67.8819825327
-65.3847078238
-65.7079919129
-65.8542731263
-67.7699323679
-69.1175992344
-64.4523986315
-63.6895987963
-64.2947179255
-66.2475323786
-65.1485115726
-67.4214456931
-69.3375177593
-70.1598929252
-69.8089675727
-66.2481384833
-64.310601935
-63.9874367242
-64.1273909479
-65.0333680389
-65.0425588263
-63.8513201046
-67.3823174547
-69.1743545162
-68.7412200824
-66.9344605517
-67.0965234234
-67.8811321657
-68.875714411
-68.4859484017
-65.8929055193
-66.0107080853
-69.2999741905
-67.4287965296
-68.4846094424
-67.5632085506
-67.9846370376
-66.1892685206
-65.716839771
-66.5076905541
-67.2272144763
-65.6036826901
-64.5642072099
-64.1555664347
-64.113981044
-66.7056750587
-69.3386916845
-69.459813264
-70.177415203
-68.9450485575
-70.1614878653
-69.9504186171
-67.8196713083
-67.8292409732
-66.4885474738
-66.1391237022
-68.5117775475
-67.5078736254
-67.3597285503
-67.6911908923
-64.4494646789
-63.068636811
-65.0329929566
-67.3320903216
-68.3582637167
-68.5400792391
-67.1177734731
-67.6871237962
-66.7776094363
-66.6126482153
-67.4437292138
-69.7964304409
-68.1828398594
-64.1848707153
-63.8668155973
-66.6379444195
-66.9290777296
-68.5599188036
-69.2367760123
-69.4529114926
-66.8543281643
-66.0692249402
-65.8830467025
-67.2307168603
-71.5545520693
-67.7994969079
-66.3018245461
-65.4534491742
-65.1236421354
-66.0871001881
-66.8556628375
-66.1102454581
-67.9768186706
-68.9720550173
-68.5664446999
-69.4476236379
-68.4268197889
-66.0600128921
-65.2735790606
-63.6725111033
-67.4436317332
-67.3052196372
-65.6529668028
-67.407238101
-68.4920417574
-67.0410344619
-68.4697747089
-67.3833725587
-65.6256245501
-66.082351396
-67.717162214
-67.4368530027
-66.4447204446
-68.0937513783
-67.9196573507
-66.9643232451
-67.1465053235
-66.506727669
-68.6231291657
-67.512268998
-66.0512537811
-67.2848381366
-68.5685344042
-66.1090120323
-65.5512640488
-66.7894412307
-65.2181131969
-64.3562938962
-67.7436730849
-69.3589861942
-68.2982644017
-67.5100777591
-68.1698490142
-68.8547483428
-66.9618439078
-67.9748389302
-67.5293674778
-66.3315106962
-68.4567194856
-69.1609890613
-69.1860981925
-67.0590347661
-66.9678707916
-66.2930406792
-67.9619622599
-67.0050632753
-66.1226078407
-66.7516732657
-66.2174405794
-66.1672838621
-68.1262400651
-66.2268620628
-64.6796624746
-64.7509937469
-65.0546149698
-69.1177378254
-69.2425290223
-67.1722382302
-65.5612312362
-65.3801969179
-66.8577805254
-67.8978123264
-66.4186855134
-68.1632133353
-68.0505125318
-66.412126942
-66.3012815948
-66.4521430017
-67.4404468839
-66.0971303228
-65.0000833784
-66.5611462049
-68.5942418132
-66.6694114399
-65.1599746386
-67.8520339073
-69.6049920387
-64.6191668133
-65.9604059048
-67.1604243693
-67.7412871064
-65.4964960968
-64.4967561552
-63.7011660933
-63.276622333
-65.3945046799
-68.1975597888
-67.1289730302
-65.7085965871
-66.4003689078
-68.0270947548
-67.3491858928
-68.5424491194
-66.5120102262
-66.593492702
-69.9864246861
-69.8018414628
-67.8245641861
-69.714515772
-67.9212271281
-65.4969181254
-67.7163782741
-65.4176072021
-66.2781438704
-68.166700575
-67.8040903088
-66.36929432
-67.9317786957
-68.7990376908
-68.9247099946
-66.7938854874
-66.3495525189
-64.7344818426
-66.0801277528
-68.0466677072
-66.1268069786
-67.7667601378
-67.1497953658
-66.5593408426
-68.2040460536
-68.403145488
-67.1529158842
-66.5877125712
-67.4591093261
-67.9740504558
-68.969718119
-66.9430854933
-65.3594634634
-67.1309433383
-66.5439238218
-69.2234736704
-68.4719891165
-68.3518183195
-68.1668898515
-67.7119730202
-67.8712588486
-67.7426725285
-69.199728655
-66.8107493634
-64.9317073634
-65.7266738831
-67.4451157907
-67.8196838432
-68.0547217182
-66.4951560357
-66.6757687448
-66.4987799805
-68.3216205172
-66.6564638348
-68.6024754971
-66.9401321731
-65.6146554552
-67.5547526578
-65.4809264792
-66.4338883851
-68.2007908994
-68.1546825371
-68.3928957762
-68.8413556033
-68.4777393808
-68.4954519047
-66.8633721329
-67.7618448367
-67.7537338184
-67.693847581
-67.7428779415
-68.4755681076
-65.0514523355
-66.1476618041
-67.8569593569
-67.7605235207
-66.9487675763
-67.2534236117
-69.8812834599
-69.9208079532
