2956250000.0
97656.25
-67.9646481251
-67.3445245494
-67.3168218324
-69.5693924893
-71.0402048491
-67.7791500268
-67.7220747293
-69.9329797857
-68.0321684238
-68.7485791977
-68.7541099935
-69.0427295771
-68.565331614
-69.7320159138
-66.58418269
-65.608988242
-66.0169891417
-68.7521963155
-70.0827512094
-68.8766550989
-68.2100642018
-68.795632453
-68.9862409411
-68.4739353371
-69.1865796593
-68.0365970382
-69.4744119202
-69.8092660361
-68.2278223767
-67.4950179537
-68.1537402467
-65.2712382166
-65.9971543807
-68.2234982446
-66.9082055125
-68.2992875754
-69.6372988309
-70.0677017465
-69.492733851
-69.671100842
-68.6439645738
-68.7379295483
-68.1209497605
-68.1283662292
-68.1549297868
-69.3806909258
-70.4920785064
-68.1317221476
-67.124441635
-70.0317705294
-70.4135697227
-69.0403075282
-68.7482684122
-68.8081282523
-68.4355364914
-68.2423926829
-67.5810140972
-67.7693826857
-68.1900535277
-68.9470751495
-68.2326404473
-68.7268208955
-68.6719841966
-66.6076048627
-67.814514497
-66.1812228022
-65.9973610175
-69.035462172
-69.049225487
-69.386640421
-68.1633519896
-66.1963171063
-67.038585512
-66.7662476255
-67.288000907
-69.9008568248
-68.7831872138
-66.8699797285
-67.5154938854
-67.8866864619
-66.4498018814
-66.5948146099
-68.5738792328
-67.1050670276
-66.9703119274
-68.8352457421
-68.1139287444
-67.7031456313
-65.9733607795
-66.5243334554
-65.8307961927
-66.656358734
-69.8393130255
-69.1476149189
-69.6303387596
-70.4552239456
-71.4063376437
-68.6917122119
-66.4639332549
-66.761445241
-67.9696682649
-68.062193125
-69.5095904386
-68.5871992517
-65.8522661738
-66.4212446407
-66.9635072086
-67.489367525
-67.7379974535
-67.5299443572
-68.8623615021
-68.1499495939
-69.1482269397
-67.9254507417
-67.2525712111
-68.5188704483
-68.4767806203
-69.1157702472
-69.6420783203
-67.820910938
-68.3486629179
-66.4702604222
-64.5079426506
-65.8208281601
-68.3038977854
-68.4914058169
-68.2956494758
-67.6502379772
-68.0462987048
-69.0822032752
-68.9264550715
-67.8033169951
-69.1823629727
-66.909484881
-66.0381240301
-67.8722245155
-69.2104723183
-70.0116576912
-70.1421650181
-69.5353977517
-67.5039316606
-68.1004662215
-66.6941374714
-67.2018866323
-69.9145339824
-67.0891291754
-67.1029438981
-67.2185789078
-68.5625497006
-69.5086394004
-66.800779497
-66.3498752743
-65.7444632488
-66.6803546122
-67.2040169269
-68.2179945035
-68.3515564861
-68.3105867754
-68.3621083394
-68.653576085
-67.5724676075
-69.8207420972
-70.1458243142
-69.6891293925
-69.2462408152
-68.2582873373
-68.1247963955
-66.7477894272
-69.4530429498
-66.9035416728
-68.1230238695
-68.7838031831
-68.7417746372
-68.350541889
-68.19472709
-68.9784158775
-68.7273674351
-71.1538270429
-68.8251441666
-68.7747180507
-67.2159505674
-66.5529774134
-65.2707801244
-66.7519383242
-67.3012739758
-66.861593118
-67.3721255804
-65.7392539667
-65.0318478496
-67.5406243603
-69.7694972076
-68.9607762582
-68.0101098652
-67.4775093735
-67.5884900523
-69.0588640496
-69.9704598092
-67.4194977817
-67.4484412397
-68.7825319035
-68.2809144772
-67.3855270909
-68.6806696485
-68.1985688081
-66.7815046495
-68.7781966413
-69.3447790614
-66.3470724275
-69.0058421169
-69.295763285
-67.1906829329
-69.5037258776
-67.4291315168
-66.7591430496
-67.3838187993
-66.6148736455
-69.1196193826
-69.6907911089
-67.8861854442
-67.8553585417
-69.1467814431
-69.3225463366
-67.0952599026
-65.7699407028
-69.0946774114
-68.9314176244
-68.4192745273
-70.8267760363
-71.516284961
-70.2832486614
-67.5729076543
-64.8865277272
-66.2260004558
-65.5065330946
-66.9392158643
-68.8342012446
-64.3030310451
-62.8882354762
-64.6382780812
-68.257277381
-67.2908219372
-68.9908162942
-69.2717997931
-67.2627682948
-69.519879097
-68.5524315417
-67.9045433755
-68.1717650014
-68.3805479236
-67.6051917136
-67.6761923304
-67.361940421
-67.3898366395
-67.0288465446
-67.7097945557
-69.0102073358
-68.5846134795
-70.0289581495
-69.3492602615
-68.3752823852
-68.6576317619
-68.7072683303
-66.2802398152
-68.5798858518
-67.8785459781
-66.0053364018
-68.0627374018
-68.1997717867
-66.8267824982
-67.5743763786
-70.7373742396
-70.4693197622
-70.50820222
-71.4316780499
-69.816761692
-70.0832003927
-66.3376384492
-67.1961990779
-69.6098318683
-69.6773113474
-68.0005693754
-67.5727262302
-67.9890630399
-67.6793112046
-67.104479268
-68.980761065
-70.9937517957
-71.8932964232
-70.3832768498
-69.3421940071
-67.4814496814
-67.4237784819
-68.2185619597
-68.3915886281
-68.4068621726
-68.5361607927
-68.766945358
-68.8080206013
-68.4795594785
-67.406015812
-67.7281630571
-69.0017050774
-67.7132816021
-67.6440815997
-69.3851888622
-70.655239726
-70.064097992
-68.8804752593
-68.0245195375
-67.8136952626
-68.9229707898
-68.6190332393
-69.5436436039
-69.6395590743
-67.86710482
-67.5180442744
-68.0196700469
-69.370027766
-71.1064747713
-70.683084808
-70.2953233968
-70.1174647693
-69.4655576274
-69.7413362483
-66.0614308144
-66.828562473
-67.5561199344
-69.1546348473
-69.2982884221
-68.4140742535
-68.1385534694
-69.7735123483
-71.1149635821
-70.6703074421
-70.3748326274
-67.6307243199
-69.4715028559
-70.4831045614
-70.6323416494
-68.0780408326
-67.8981926655
-71.4711832677
-70.88574576
-69.1117793633
-69.9492423578
-70.0134047471
-70.3027708949
-69.8087892179
-69.2338065375
-69.9940850478
-71.2558447424
-69.6013744878
-70.8108680073
-69.1269437439
-69.7968762601
-70.0243487525
-71.3862963931
-69.8127932622
-71.151039345
-69.183432547
-67.8470191784
-68.544560189
-70.0279021527
-68.0091701401
-65.9222457377
-66.5499565786
-68.9012005339
-70.1123163478
-69.8521344659
-69.8967129633
-69.3759346798
-70.7182782493
-68.5378017498
-68.6967420829
-69.2050816439
-70.7183246729
-71.9234808437
-68.3400720455
-68.0204274639
-65.9687058642
-68.8029838205
-68.5449610171
-69.5609145897
-70.4139141364
