3818750000.0
97656.25
-81.2535176237
-79.4477718035
-80.6475378017
-78.8121062839
-78.3959168078
-81.104414644
-84.1407385224
-83.3379645942
-86.4387594483
-85.164416735
-84.9434005377
-83.3514027786
-84.5251737979
-84.7511145332
-83.2746854941
-82.4139997789
-85.3987955922
-85.8029785133
-85.2807667922
-85.6688110598
-83.7336295521
-82.8895389389
-84.7599166352
-86.6745222355
-84.2229774948
-83.2049627972
-84.9974181573
-83.0333196397
-81.705568028
-82.7281525004
-82.5395510778
-82.7876558632
-79.9026598962
-80.2273067756
-82.7579175567
-81.4027099398
-82.1526836272
-82.8697969804
-83.4734999004
-83.395817615
-83.5298453895
-84.9931967699
-85.7983340666
-85.7361912576
-85.6157967585
-85.4824138391
-85.1060691832
-86.6347243971
-86.3572595583
-85.1204006407
-83.8688641558
-83.3378942501
-83.7715747738
-83.1932969036
-82.2273182335
-83.3085500812
-82.5184016928
-85.9086085201
-83.9131502608
-84.6148295909
-84.6889628242
-86.1375503528
-85.4177928189
-83.2592760129
-83.7346604311
-84.5102785081
-85.4796914606
-84.8938496622
-81.6481489421
-83.2221847803
-86.9674981286
-86.9127088319
-84.3655972978
-79.8926579045
-80.8816775357
-83.803741157
-83.4837141126
-85.3211842679
-83.1820228407
-84.232294729
-87.3156191153
-86.14741434
-86.2812018905
-83.6191996145
-83.446744266
-84.7525088509
-85.8210201471
-87.0148106356
-85.5655281254
-85.3189130022
-84.070853885
-83.3736831658
-86.352708869
-85.9468397814
-84.5631113608
-85.2543384025
-85.3110804151
-83.8774650176
-80.2505087327
-81.5267458045
-80.0267606163
-78.3361449405
-78.4657370432
-81.3564295758
-82.2377390443
-82.9089684302
-85.1860089696
-83.2159174699
-82.9647156497
-85.9380099661
-83.0580655276
-83.8734019645
-83.3856147674
-83.5105879425
-85.4894883838
-82.9353423112
-83.9760177198
-84.0846142342
-82.2544742708
-83.525831523
-84.6236488583
-84.1798261842
-84.327071185
-83.3582606133
-85.5521985055
-85.9166871495
-84.2592545309
-83.9175498996
-84.0858741526
-82.0643233968
-82.0610364359
-82.7942614706
-80.1010554311
-81.2582120511
-86.6278806237
-83.0900063142
-84.8512231726
-83.0907195579
-81.6591971944
-84.5400835343
-84.5568474846
-83.7602996591
-82.9507111045
-82.9250196343
-82.5042213325
-82.8030059592
-81.5897247062
-82.8298099034
-84.0358944267
-85.7095203347
-86.9461869382
-82.9304447482
-85.4678470052
-85.120805468
-82.8802719466
-82.9675389034
-83.131303391
-82.247105587
-82.4766877889
-83.6462291479
-85.5428519367
-84.3042335053
-81.6736384138
-80.9890388082
-81.1454245602
-80.6411524519
-81.1245747202
-82.8685370505
-83.1644601694
-82.2261922095
-81.4572760909
-81.8960540582
-86.4024367648
-83.3614808493
-82.812187519
-83.8894954205
-86.4036919096
-83.0409637517
-82.4637026085
-84.0839128169
-83.8993464603
-83.8264621067
-84.5686237619
-84.4818839591
-83.2730304856
-81.6262150737
-81.8938110894
-82.3381886503
-85.0668268544
-85.3700860499
-82.4349349217
-79.0015217611
-76.8551568662
-78.2135702711
-81.8533726921
-82.4398361747
-84.2016750073
-84.6499891951
-85.6652360555
-81.8697588147
-83.2000045663
-86.8503310785
-85.8480430468
-84.3953343737
-85.3029226762
-85.2770016392
-83.6682908693
-82.5203483254
-81.3793345594
-82.0974383895
-86.2200079313
-83.4529437609
-82.4443002999
-82.8916174708
-81.832607688
-81.4036521833
-81.3621762982
-79.3060698084
-79.4253646753
-82.4359544638
-83.3671370492
-81.9739361427
-83.840179655
-82.8586092317
-80.5504819459
-81.5729478969
-85.4313918204
-81.2397302196
-80.9069351023
-83.0380960235
-82.6986189676
-81.9218719677
-82.0364696201
-81.8211863371
-83.4385996233
-84.7340433277
-83.5160611288
-84.4949465918
-80.4748903908
-79.8256582828
-83.7103324117
-83.0097838211
-85.5849750467
-87.5232185086
-84.9445981398
-83.5011508421
-86.3512823262
-84.5479078306
-82.8343998309
-81.8719834173
-85.7492133955
-85.7081513795
-85.6401915867
-86.372338235
-83.3809828172
-81.1996535933
-82.5549008975
-84.2132697321
-87.1516762506
-84.0800808895
-81.5694045668
-79.2646931344
-79.0806197956
-80.1456747266
-81.7542215652
-80.0794883208
-81.6521384504
-86.2952580123
-86.4062850452
-85.1107351361
-81.0178509361
-79.5593521538
-81.9171559797
-84.1053451801
-81.4172453579
-82.8498040704
-79.9332264297
-80.6761832462
-83.2483332451
-82.0433859808
-80.7347498845
-82.7408286512
-83.8875428441
-83.6034835143
-82.5621313189
-81.4032802677
-82.2405836152
-82.1859496226
-82.3084817846
-81.9297899038
-81.4800727
-81.7166005449
-83.3866757818
-80.2200457358
-83.1151962645
-86.2496249282
-85.9172386622
-86.438452774
-81.8944985538
-82.3863825288
-84.0740456555
-83.3275044933
-83.0523971795
-84.7344306353
-86.1997230054
-83.5259446211
-83.3396950837
-84.0827389589
-84.2709422717
-83.5281398304
-81.3892497974
-85.6590193822
-87.0048963588
-85.1501954362
-85.1499857119
-84.2272045177
-85.5380256575
-83.5934544541
-85.3234368798
-86.1580595181
-83.5276703139
-84.4106575046
-83.4530268858
-83.2188692445
-86.7535698706
-79.3081389607
-77.9311006912
-80.582249536
-80.9137767809
-80.7667026983
-80.4409409546
-81.2585302432
-82.724996265
-83.1613441116
-80.6211477995
-81.7124212361
-84.6838268665
-85.1838683508
-82.1708689264
-80.864203247
-82.9123863156
-84.248877002
-82.9968414902
-81.3567055165
-80.6198288121
-83.4653584399
-80.18254661
-80.7923145737
-79.8197051323
-78.6866243397
-79.5896185254
-79.4239353021
-81.5975449054
-83.3646908357
-86.8024783549
-85.4165258509
-87.8460901231
-89.6881155478
-88.0485105632
-83.4541475069
-83.0484166022
-84.3480051681
-84.2393417431
-83.3676752493
-83.8346635243
-84.597900462
-79.9115556183
-77.7634778678
-78.4232869239
-82.688861068
-82.8215402122
-84.6103439717
-85.4586641093
-84.6573968697
-85.2768197271
-85.344096292
-81.7013771032
-82.1845568706
-82.1218556019
-79.6868847326
-79.8707523627
-82.0514196109
-87.7725885604
-87.6781831021
