3593750000.0
97656.25
-75.7147337341
-77.1924879417
-76.038033542
-76.3822873175
-74.0840253808
-74.335180927
-73.0666169806
-73.5306725365
-75.0424001129
-73.5939073904
-73.9921923393
-75.3469607885
-73.9431262959
-73.1901353801
-73.7278643235
-74.2067117721
-75.9272569307
-77.0431416324
-75.1898091589
-74.6046501463
-76.3191829306
-75.9017193524
-73.7683090927
-74.3896309597
-72.4773377248
-72.4670841683
-74.7722735873
-77.6710413528
-77.5638875585
-74.0019045342
-72.9202327767
-72.911979469
-73.3364804629
-72.5468154345
-73.2138816107
-75.3858018571
-75.4069112909
-73.8873042984
-72.873467795
-73.1947197138
-75.2924760591
-73.4939572656
-72.9469599549
-74.9046465942
-74.9627221905
-73.8512084119
-74.1880383602
-76.1796579956
-77.2698276867
-76.1969879661
-72.1523765727
-71.1552023794
-71.8471024598
-71.4779041682
-73.2532299886
-76.7736103277
-76.750066891
-75.5781160019
-74.6783040401
-74.2641284495
-75.9667964502
-74.0178899197
-74.3236552935
-76.3837091104
-75.9711970647
-76.342768414
-72.9316138636
-74.2641295551
-74.6708176232
-76.062577948
-76.1993092141
-74.189684019
-74.5991829191
-76.4810317285
-73.4621680537
-71.7301957386
-74.9118980464
-74.3829426004
-76.0075039829
-73.1984848692
-75.1743869843
-74.4643918719
-75.2967592158
-77.7970430354
-75.0019856364
-73.3841362152
-73.8301638029
-75.8384862362
-74.9541077593
-74.2976125383
-76.3443076219
-75.6960801924
-73.2526071926
-74.4802164599
-74.8841673317
-74.135527822
-73.792664259
-72.0545245576
-72.8828867725
-74.5246096104
-72.9089251357
-74.1162363961
-72.6493940053
-72.1266709946
-74.2775160188
-74.5280705859
-72.3932575936
-73.329212934
-72.8010584984
-73.5660469061
-74.4020718887
-74.2802292307
-72.6714333139
-72.2831222174
-73.6568800481
-73.3941445918
-73.142904231
-73.6762661687
-74.8113127551
-75.722313848
-73.0821187714
-73.3226397695
-72.6146680646
-75.8692622664
-74.1952115081
-72.2427578771
-73.5761427837
-76.6969827945
-76.847610437
-73.752694745
-73.7710928704
-73.2179132277
-71.5640974724
-72.1921956523
-74.3563046812
-74.9521992139
-75.9701869684
-72.6748065578
-72.4259754285
-74.1056676286
-72.5597002704
-74.0893740014
-70.9304868321
-70.4858671501
-73.8990244237
-74.5470182321
-75.4042291693
-75.5019537662
-74.1593843365
-74.8661771509
-76.1587893123
-74.9791303825
-73.0178025957
-73.7215968722
-74.3644928665
-73.1856076285
-74.6097381581
-74.5921203751
-72.9658461658
-71.1965359273
-73.3596986791
-75.7885153467
-75.267953318
-74.8942018766
-73.2433336376
-73.0694500781
-71.5342150127
-71.6926743498
-75.0343972399
-73.3443738159
-73.1119624921
-72.4685112341
-73.4274978725
-72.6574872182
-74.1758427769
-74.893335332
-76.1959558839
-75.9629875776
-77.5428802891
-74.6556411051
-75.110365924
-75.1008164518
-72.4865324087
-72.5632915836
-74.8452005792
-76.9387356777
-75.3938355667
-74.6253858767
-73.8080006811
-72.4623698518
-71.5331655345
-72.7481216764
-73.3171458671
-76.6275221964
-74.2786623333
-72.5127473522
-73.6810317553
-70.5397593548
-69.5985113128
-70.2073938763
-72.3917648798
-73.676315899
-75.012785419
-76.3881616391
-74.7026645533
-74.7480241999
-72.1906826647
-72.0337742133
-72.3529805913
-73.077167149
-71.0164770606
-73.2980553959
-73.6375484962
-76.0367205133
-74.8693170791
-75.6738362149
-77.1834308727
-74.9769619678
-73.8994559289
-74.9136326356
-75.2342269111
-76.7193218621
-74.8207138942
-73.3760666962
-74.2295040745
-75.2276355074
-74.6396590698
-75.0162159247
-75.7539325579
-76.7861732659
-73.3798062241
-73.8574624978
-71.4389659269
-70.0596909285
-70.5671074664
-73.8714014368
-72.4982243738
-72.9347086227
-73.0996217229
-73.9281021189
-72.0171041278
-72.2596926299
-73.543765854
-72.9543162565
-73.7918753052
-73.9484695923
-72.3974539508
-74.3866429948
-78.0893384189
-75.3572721879
-73.6894157349
-75.4500041125
-75.5411814149
-74.7824627554
-73.4172350272
-73.7035457546
-70.2031458869
-72.2251390685
-74.5967845907
-73.3273697696
-73.1190679329
-74.7547555446
-74.4715820944
-72.9372720331
-72.3579218612
-72.8624172092
-73.3550028565
-73.3202344424
-72.9721189465
-74.8200444016
-73.3907502949
-73.3255238244
-73.8656169385
-74.1617409827
-74.744259088
-74.5408564555
-73.634817905
-73.7050123204
-72.2968449435
-75.4691755466
-75.6319695022
-75.8531864034
-75.429573477
-75.8741497102
-75.7191639057
-76.1614577172
-77.1000616029
-76.5786290234
-75.2048410782
-74.6701978526
-75.5319646262
-73.5744648737
-73.2759401671
-74.2365258222
-74.6839680546
-74.8160132916
-74.539059861
-74.585930932
-75.6104305053
-72.6868750165
-72.4627802242
-75.6447166832
-74.612990009
-72.6783163313
-73.0636456835
-75.5301640855
-75.1421361779
-75.2395624683
-73.8441838783
-74.5627878858
-78.3598686834
-76.4719808716
-75.2410124655
-74.7801117286
-74.6695274953
-73.3128052997
-74.2344683696
-77.5135621001
-76.1683533741
-75.2986363332
-75.9024335128
-74.0346104487
-75.9134671279
-74.5944180064
-73.7452860344
-75.1320147175
-76.3319958568
-75.2372825569
-74.1881977918
-73.268837779
-72.661718368
-74.2672642281
-75.6848596216
-75.8739122547
-76.4885494113
-76.2927640992
-74.7315520635
-73.4506150769
-72.2438742314
-75.0193031331
-76.504162315
-73.3718086567
-73.6444486363
-75.4722591097
-76.4017487941
-74.8362561828
-75.713607505
-76.7838613886
-76.957776527
-76.2106095646
-75.8878178511
-75.7145148723
-74.6266887962
-74.6624845312
-75.6855386108
-76.5725978151
-74.9792196704
-72.5206425694
-73.6220412141
-76.4803106488
-75.6690898916
-75.606473509
-75.6013684554
-74.6927634878
-75.2772213398
-72.5427575607
-72.5973386178
-73.5603258263
-74.6075092881
-75.0991083235
-76.0384423334
-74.9058165739
-73.4425200247
-74.0151984136
-73.4557064223
-77.7340143073
-76.1748188115
-76.3679181551
-76.3485823419
-74.4627426473
-73.9999690438
-76.5769687233
-76.14467565
-75.8246048234
