2581250000.0
97656.25
-69.9793128245
-68.5941327434
-68.9032251021
-67.8191453749
-67.8772862334
-68.0479326432
-67.978428752
-67.0629179166
-66.8439138235
-66.379813661
-67.635563042
-67.0804781153
-65.8956897837
-65.1829586083
-66.9559696246
-67.4018659707
-68.4200364377
-68.151693365
-66.7955403352
-67.3410320467
-66.2217064356
-64.3473391108
-65.8811528333
-68.5100920211
-66.9063820374
-67.5356610114
-67.5689720276
-67.1876812543
-66.2123903108
-68.5046947443
-66.9230195672
-65.5378962951
-63.4530062248
-62.8633698907
-63.1341825534
-64.7923017959
-68.0623187824
-65.8761860335
-67.7927442127
-69.2875547628
-69.7883693284
-66.9809048268
-67.5004833358
-66.9334342316
-69.648779524
-66.9568323388
-66.3903762221
-64.5439187403
-66.5047721648
-64.1068482078
-64.3137289103
-66.7067847532
-66.1744121707
-68.0690316291
-68.5695306211
-69.3331204066
-68.2019996953
-68.2949247386
-66.9628135747
-66.6406361056
-67.6991555978
-65.4277283797
-67.3888085686
-66.0017739228
-67.138656495
-67.9981245057
-67.5854285751
-67.0665680342
-65.6821845708
-65.7097586859
-68.7717628759
-67.7574718331
-68.9738512739
-67.5317838481
-67.4884982014
-66.5289948923
-66.9213292961
-67.6154228185
-67.8529907611
-68.7162062202
-66.1040652784
-65.1272267806
-67.1140263805
-66.4305053266
-65.0966750829
-66.738533569
-66.6505246432
-69.8042040521
-69.4557635479
-68.5648178867
-66.2173701991
-65.7717303601
-68.6553334346
-68.8367356466
-69.1343792225
-66.1278060297
-65.6874681944
-66.9725547603
-68.6253975313
-68.7787196707
-69.5892020533
-69.7616638772
-66.5352978867
-66.4324375036
-67.7523310407
-67.9452900955
-67.8643096427
-65.2993426451
-67.0451175782
-67.0769223586
-67.5158267445
-67.2400482995
-67.3065301599
-67.894460657
-66.9405117732
-68.5841892441
-67.0370142189
-66.5351621057
-64.8309972
-63.7573074871
-64.4792915484
-65.7962732816
-67.4684092021
-67.6152204761
-66.5437451624
-67.3419473553
-67.4294582802
-66.293165922
-67.2497674347
-66.6362309388
-65.1656108617
-65.0380507142
-67.7204689514
-67.1167711459
-66.5871953452
-67.3201729007
-67.4176485546
-65.7069486548
-65.1540289799
-69.4344550075
-69.2359381022
-67.6771839934
-66.5965878686
-66.484918411
-67.2809206843
-67.0342649863
-66.1149828769
-67.6083106187
-67.3295814063
-65.3396983236
-66.8276318953
-67.5094848389
-68.6264352554
-66.5744017344
-66.7854618411
-65.400609261
-66.6572667509
-66.9647502637
-65.9009780717
-68.6997163222
-69.8131292813
-68.5513982935
-67.0750330019
-66.9864719171
-66.6618004679
-67.4505776433
-67.0887427169
-66.3949397001
-66.1417228931
-66.3363312487
-66.0904168622
-67.8095523843
-67.4061689782
-65.7784855209
-64.7777503386
-64.676268978
-65.4635593102
-66.7340936304
-65.5049050419
-65.785474995
-66.7818414174
-67.8497012598
-65.6492051684
-65.3610623675
-66.0109755381
-64.5322686196
-66.1463907621
-68.1781376799
-65.3656144121
-65.2240813804
-67.3075304679
-66.6893661978
-65.7317189675
-66.0666798163
-65.8644730113
-66.9540495809
-64.8864720957
-65.7158762403
-64.4963516548
-64.3909735682
-66.1915049988
-66.3296125766
-66.1229569071
-65.042302507
-66.1394414074
-67.0980726611
-67.4514550704
-67.2372951253
-66.2601778858
-64.4394980538
-66.813419898
-66.0742035977
-66.7927287752
-68.6014888035
-65.6101444863
-66.3305942713
-65.5650603121
-64.4046308179
-64.8991817241
-67.0337030477
-66.4207668467
-66.5329025733
-68.1236925151
-67.7282146064
-66.9141831963
-66.1492069313
-67.1994830947
-64.9585914099
-64.8930957207
-65.0940237013
-66.9482879735
-65.8350236068
-63.9202888342
-64.9161737998
-63.8767743622
-64.8715706762
-68.8569773775
-67.0557265341
-65.0082130855
-66.0485817674
-65.0981088206
-68.1336707017
-67.1428509255
-66.3895789539
-66.3707041431
-67.4351978325
-66.6612321023
-67.2099652693
-66.229512228
-65.5527733181
-66.5413011081
-66.7938165986
-66.4542825406
-65.7787992196
-65.1552727341
-66.6409816181
-65.8596867969
-66.2666682339
-67.6275753711
-67.9415973409
-67.3998366899
-67.9017684597
-65.0550497568
-63.7798975568
-65.8806638543
-65.8420303311
-66.910668236
-65.5911684369
-64.8290173255
-64.9188431991
-64.4910686183
-64.7112365062
-65.3063218587
-66.6768184101
-67.8127780637
-66.3343840073
-65.9232953683
-66.5232459732
-66.5630075041
-66.1962063558
-65.3959770776
-65.4382782688
-64.9072235299
-67.9548460803
-67.949027317
-67.1044677858
-66.1515307756
-66.8058717382
-68.592495827
-68.1630041411
-67.4199664995
-66.939656389
-65.5481962632
-65.9135228918
-66.3079360147
-66.4655073917
-66.9774321134
-66.3107636558
-65.7002271318
-67.4548254853
-66.75280419
-67.4340451859
-66.748631741
-65.3964456986
-66.367567677
-67.3667709325
-65.8915714688
-64.8360002775
-67.1642682082
-64.2284647439
-63.8362732198
-64.3021882203
-65.04630853
-67.9106765576
-67.1667032355
-66.7779419576
-68.3585330502
-67.6279860158
-65.6156505137
-64.3029105678
-64.2916989543
-68.000598648
-64.7997271717
-65.6301943372
-66.1874938709
-64.9865150183
-65.3804513881
-67.028729527
-66.7076785349
-67.5240595631
-66.2390139707
-65.4454729436
-66.0702651252
-66.6097036189
-67.8227158536
-66.0572806845
-66.662633565
-66.0092421813
-66.6878401721
-67.0155226374
-68.151614887
-65.1737453478
-64.4608935636
-66.1246765278
-67.0038505977
-69.03445694
-67.5586163953
-66.8656243981
-67.7016019738
-68.7557872142
-66.4579839236
-68.620278342
-67.7824948735
-66.8331584278
-66.3342251601
-67.7387902274
-67.6223981515
-66.2152620932
-67.0362857204
-65.6625113317
-66.521023862
-68.0795914727
-67.7692954567
-68.9223774213
-67.9922876793
-66.2899915121
-66.7655781029
-68.6207995767
-69.605061622
-68.0799582573
-68.6047871649
-67.3202229563
-65.1564628044
-66.2540985939
-67.2775254057
-66.7644635099
-67.0749168451
-65.4918526733
-66.3175103288
-68.2071814009
-66.4394504567
-66.5350830265
-65.8770158968
-65.3855072826
