4493750000.0
97656.25
-88.3520332671
-88.1642098254
-89.2927947451
-89.0248669366
-88.8546020269
-90.0817273433
-89.5694564995
-90.3175052992
-89.0204049287
-89.9935930328
-89.4539936801
-90.3806086308
-89.9712698553
-90.1966914615
-90.358944815
-88.2033840581
-88.3542398579
-89.6485974097
-89.2986251248
-88.2473492628
-88.7886238775
-87.0580139525
-88.5074443849
-88.9584394113
-88.0902283997
-86.8554872718
-88.9264427394
-88.4470861143
-87.6128614372
-86.938187192
-87.0361543211
-85.4945641583
-86.6733481893
-86.5634777406
-86.9085629975
-88.7687620432
-90.5941527593
-92.2650391827
-90.1122129746
-89.2876468818
-88.7026809637
-86.5719514222
-86.7792108044
-85.3370616258
-85.0604493904
-86.4724484204
-89.3884727536
-89.0188227535
-89.4835780137
-87.629830903
-89.0542404351
-87.3081429222
-87.508031141
-88.4735794981
-87.0724209509
-84.8814246204
-85.8230701925
-84.973414892
-86.7679702667
-85.5630546213
-86.6921300302
-90.3990866036
-86.3143255484
-84.4458516269
-85.4986082109
-88.0327548643
-86.048629414
-87.4262026716
-87.6836973155
-87.8894892683
-87.8480883078
-87.0537021741
-86.6254020076
-89.3555418538
-88.3189377247
-89.5915765432
-87.8643681685
-87.8920591362
-88.1870736308
-85.270899313
-83.6387839973
-85.1544255541
-88.8633218767
-90.8605846081
-86.9592990478
-86.5684486656
-85.5692197942
-86.9344511333
-87.3823787867
-88.2599786283
-91.8158627224
-90.8856435826
-90.5476765223
-89.5388081956
-88.5148358139
-89.6108856083
-86.5941165146
-89.3134883223
-92.2028340637
-91.786878552
-90.4503104502
-89.38527165
-87.6227030991
-88.7554599941
-87.6789278365
-87.1290041435
-88.5358550854
-84.5270938611
-83.9824404222
-87.6563518016
-86.6418603096
-86.1595209931
-87.2216318979
-88.4627479756
-89.5989050763
-87.5041437748
-86.7903408146
-88.7145049354
-89.2297702127
-87.2390370799
-85.8404470946
-87.6899822772
-88.3690221557
-90.6021807444
-87.6514912768
-86.6224430929
-87.6362786628
-87.4221376086
-88.3852441829
-85.6244099628
-84.7513019882
-85.9516193823
-87.7493223956
-88.627062749
-86.5292412661
-86.069593136
-87.8888058454
-87.0918981713
-86.1995994573
-87.5918785575
-86.8062399559
-86.866000145
-87.7185979473
-89.7300695772
-89.9927495069
-88.3187953489
-86.5515510259
-85.0690806223
-85.7806336236
-88.8400031953
-88.3538331798
-87.3560323821
-88.2765604757
-88.1488365474
-88.803824038
-90.6601504183
-90.3500572001
-87.4509244332
-87.7230729262
-89.426291956
-89.552203777
-90.8725049975
-89.3884193498
-89.2560610287
-88.977894383
-86.3015708688
-85.3086988504
-85.0159224418
-83.3279417198
-84.9102901187
-85.4298068173
-83.5668789766
-84.8482467984
-86.8222983893
-86.6144871093
-87.1089823419
-87.2830174399
-87.8344858085
-85.8770013912
-90.9272307254
-90.0820023397
-86.6252077186
-86.2107918427
-86.0837497885
-85.9295240395
-85.1487093662
-84.8970145451
-86.8190955755
-87.4860625046
-86.3499592956
-82.8379948589
-76.5685047556
-73.7669679124
-77.2940608702
-83.8598458637
-88.5990858952
-88.4362264785
-88.1905595772
-91.0090237945
-88.1574433149
-86.781008675
-86.2280490174
-89.1808685898
-89.979768389
-87.3335014671
-86.6343391671
-88.5846573928
-87.4883869205
-87.2006570336
-87.495347284
-86.8766384644
-86.0562818348
-86.861930373
-85.4849823217
-86.6320934675
-86.0916225357
-88.4419494455
-89.0292973065
-88.8300900466
-89.8868816747
-92.5202958913
-88.2774300354
-87.2010592335
-86.3314429142
-87.6723123638
-86.7183862975
-86.6359900527
-85.9329281917
-84.7250598654
-86.5852386669
-87.2143963855
-85.1974037654
-87.3524876024
-88.0674241559
-89.8384835354
-88.4915041979
-89.5506644166
-89.7531899658
-90.9845139247
-91.9480727081
-89.553675361
-86.0051306026
-85.7264290476
-87.2700953115
-87.7008308995
-86.0779168096
-86.2127795486
-89.2118574442
-86.0111416506
-84.0782095564
-84.8126183414
-86.0196453437
-86.985014235
-88.8873719727
-85.7262147238
-86.8621028687
-88.5349890256
-90.3412927434
-89.2422280785
-88.0410725805
-88.6215072174
-86.9578623538
-86.536787081
-85.773157985
-87.7282033606
-88.7077929791
-86.5555153468
-86.2675574459
-86.9982737795
-88.5278016231
-87.9962088076
-88.4952410901
-89.2394620963
-88.4836137276
-84.9795414804
-84.6547843555
-86.8198339023
-87.8972704327
-86.3897228843
-89.2333641988
-85.1593717783
-86.7041918309
-89.0804761525
-87.9165886804
-88.2031555652
-88.2656296792
-88.3202065692
-87.8616053959
-88.2595932522
-89.2690485531
-89.4781184799
-89.5157043893
-91.0978727099
-89.2351079074
-89.1712414754
-87.3698809557
-86.9835748264
-87.5264291028
-89.0338725963
-89.7363322678
-88.6240314067
-87.409844364
-88.0698745522
-88.2101908686
-89.818921277
-87.2238295605
-87.1902759184
-89.7910449632
-91.39773687
-89.3094045843
-90.1558337843
-89.4923986745
-89.0063343194
-92.7979322432
-91.6055997804
-90.7671264486
-90.2455385501
-88.733770046
-87.4850694012
-87.9931521689
-88.9890057891
-87.3194983663
-89.0101429289
-88.1612665873
-89.6305902697
-89.5688760352
-88.9559870044
-88.2925803635
-89.2065272074
-88.8079237925
-88.236476559
-90.3481219202
-91.3523339183
-91.2043068635
-89.1147343804
-91.2133519766
-88.2510972279
-87.9398494656
-88.6951087829
-88.6053388942
-87.5220328872
-85.7527676923
-86.9440785938
-89.4167558768
-90.6625370579
-89.8493248519
-88.8559991697
-89.8237528639
-89.2591628063
-89.0186694205
-86.8989229151
-86.6655693551
-87.3319953848
-89.5286926104
-88.657946828
-91.2524695801
-90.8155682817
-90.1364773473
-91.6318128278
-91.3033594939
-90.4010177624
-89.5400764485
-90.0947599938
-90.6011441969
-89.2893064795
-88.3656401118
-87.3434088861
-85.5776961449
-86.433630064
-89.2069132093
-88.2177128125
-85.7746601067
-87.0280316791
-85.2615836387
-86.2636888339
-91.2956105316
-91.6522061409
-87.9173670305
-89.5641165764
-91.3122414186
-88.9549678661
-87.5070672658
-90.0255574593
-88.8330525637
