2056250000.0
97656.25
-69.5177010298
-67.4761985847
-64.9522630777
-65.056273177
-70.9708154142
-65.3431410054
-66.1079807826
-71.5590886276
-74.6950255673
-65.3513164355
-61.8109149778
-61.8556382512
-64.4385542084
-61.2209153823
-59.3107146667
-63.9763325441
-65.8204541391
-62.2696634977
-64.8203020074
-67.0867249623
-70.219331571
-81.0609951158
-69.1611116312
-69.0132877776
-80.725348464
-64.5661472194
-60.4362078703
-62.5984770237
-62.9884837273
-61.7553388815
-63.9951868798
-68.831643635
-63.2387548271
-66.7079230666
-67.4797282836
-65.0542903006
-67.6287018585
-71.556869695
-79.2514208731
-70.1632571246
-70.0372411782
-62.1630421759
-58.297297773
-57.3162875802
-58.9441357465
-67.0606287828
-67.0962288378
-63.6892195093
-65.7518777601
-66.5630795849
-62.709841041
-64.4661293427
-76.2598124506
-65.3726373821
-61.330826247
-58.3458230625
-60.8604547196
-69.730851012
-66.702965647
-67.1545632389
-70.2396033572
-74.9619353442
-78.2095476301
-72.6842726731
-66.347488238
-62.8865145309
-62.6894498382
-62.2931369016
-59.95194352
-60.1945062443
-60.8643512834
-58.8111990652
-57.586219733
-59.6344985385
-63.9690295132
-62.0642679345
-63.4483751435
-69.1445659716
-63.3973544499
-62.3618291295
-66.9408115456
-67.6911704476
-64.7179475434
-62.4609623206
-61.8744550579
-65.0477453318
-72.6789936056
-72.6137761885
-65.029089379
-62.4961106891
-67.3343836625
-66.9571209075
-63.6182193363
-68.7624349902
-72.4033201125
-65.8696833977
-66.5263435774
-65.7947225986
-67.9370947592
-66.6741277061
-63.488864744
-62.7665770001
-62.3163131067
-64.801961517
-74.3577668248
-75.7984589101
-66.4810477538
-66.4523936887
-76.7535266612
-71.0533999303
-70.3514546022
-70.508955146
-70.8458579621
-66.9664871839
-63.6038997481
-66.1666334233
-69.7099406823
-67.1419204338
-65.7671311681
-67.6331396448
-69.3813474678
-61.9825587565
-60.5648810983
-64.3837986881
-72.7211864264
-79.590669068
-66.0778008332
-66.6543638352
-66.7244137175
-61.9499432421
-66.5041128715
-71.8480483838
-61.8929720258
-58.6997382429
-59.670798363
-66.5865415388
-76.3833497914
-73.9503205496
-81.7706153866
-66.4602238671
-63.6074210456
-64.7402023764
-64.388443491
-65.6993383608
-69.4157381045
-65.000125553
-61.004960054
-61.6819409762
-64.2528767728
-62.5685134902
-59.056456319
-59.7549944416
-66.0249469547
-74.9456882286
-67.729677388
-68.9316423729
-65.7425946589
-60.3183789318
-61.531425139
-64.0773670444
-64.2756048919
-65.5519609127
-69.7356021283
-67.0852767221
-64.3746142312
-65.7742939735
-66.0039317219
-70.9273942323
-66.6891725649
-66.7393678337
-68.7768966873
-63.8421441417
-65.390501147
-71.6417102525
-69.2210806136
-74.0032377667
-63.3267682367
-62.0686407397
-67.9967293234
-76.9639331177
-66.4507792984
-67.582585739
-69.8808409806
-61.8432513015
-60.2540857504
-63.7265014807
-68.1014606879
-65.764010795
-64.0575118914
-60.0460725358
-59.3192420252
-60.7959657433
-61.9540033689
-60.4982746964
-59.9849501188
-64.197426707
-79.236320561
-65.904567182
-64.0832619659
-66.4986519946
-68.6533780328
-67.7511463649
-72.3172606861
-73.6513266334
-63.1476236204
-60.6510766353
-61.8086375424
-65.0615233881
-73.6293012094
-67.1599578583
-63.6287220833
-68.6156189509
-68.4061249514
-60.7064368264
-60.7436775967
-67.6269729066
-76.4537085685
-81.7800514259
-65.6900239857
-61.2757304648
-62.8851222979
-65.1433495919
-64.8244152132
-69.0736038738
-70.4332825504
-69.7338690318
-70.5953266414
-68.3023551817
-69.1102150135
-64.4968700006
-65.5841791828
-68.717992493
-71.322359817
-70.5342827022
-66.7456788755
-67.8590257155
-74.0974526601
-74.0345818721
-62.4771662795
-58.5504877433
-59.6923620135
-65.8947700806
-68.3018245742
-72.7308622518
-71.7928884996
-67.5680094973
-65.1636954931
-66.9786717249
-75.2723584179
-83.9094606037
-73.8859005333
-72.2298576787
-75.9577093396
-76.3483076512
-68.3192814671
-61.8712324527
-61.722220886
-64.4263051435
-64.9975782624
-67.1082738872
-70.8171879336
-71.5874354494
-73.5310059142
-73.5493638601
-77.2893755254
-73.8337889903
-64.0761293899
-62.2675230603
-64.2015445587
-66.0755291841
-67.1955554271
-65.3065644468
-61.5319079098
-66.3215251587
-70.8692958206
-65.6119843813
-75.6730894688
-70.8514620703
-66.7211794094
-64.2870065984
-64.1213712443
-63.5973109748
-58.6809596769
-58.2772509493
-62.5288313778
-69.6689262106
-75.1684571794
-80.7912432136
-72.3699665817
-65.5801383173
-68.1226496665
-79.7300961535
-67.6925959691
-65.9965315637
-66.4798962893
-66.2705538369
-71.4180404153
-65.8932671701
-62.2487362864
-64.4103717727
-69.8172687724
-74.6970915488
-68.5561665789
-64.3316330253
-60.9629721731
-58.3390204016
-59.029534432
-62.2570720631
-66.4098428039
-70.7360349997
-79.2587502537
-69.0190259667
-64.6660524606
-65.7810402702
-77.1811973505
-74.392207618
-73.1389629481
-75.567584905
-68.6899811304
-62.7758091196
-60.3073163028
-60.997411227
-63.3703858576
-66.543926812
-68.2609797602
-67.0844037767
-64.3659213252
-67.6398606412
-75.1749126066
-67.7525457978
-68.031532147
-74.2185335781
-76.8635742941
-67.0260465096
-69.4453003322
-68.9082458817
-62.7454516003
-62.1508494588
-66.1729493337
-71.7850017646
-72.1635065992
-71.4790812722
-66.4362508392
-68.1938340015
-73.0797832387
-68.5544785856
-67.0968783109
-67.7453081681
-67.2885386119
-66.0395191817
-66.1227733809
-72.5144237514
-80.4535996054
-69.7514251963
-70.7522169247
-72.9161661719
-66.3261351994
-67.6539941052
-64.1220405919
-65.6481884037
-71.4741159666
-63.436891193
-62.0128450307
-62.6859257549
-66.5439294284
-74.2881578113
-74.8477742772
-67.7501307628
-64.3568093446
-65.1347780954
-70.4761387536
-68.819846356
-65.2254753122
-65.3061102025
-66.1582720735
-66.8542205731
-72.26756432
-73.7021476816
-70.5790637492
-74.1778907907
-70.3050642869
-68.0234066939
-74.4475047558
-71.1174815088
