3143750000.0
97656.25
-66.6689090121
-66.9308658144
-64.8005722346
-65.8270776818
-66.9150441626
-66.7348719715
-66.0785556273
-67.4785591239
-66.2337346305
-65.7399546373
-65.706566128
-65.934597546
-66.1356696054
-66.5599635553
-67.0781940812
-66.6101259967
-66.7055051375
-64.3896742045
-64.8580829539
-64.324276068
-65.2559310138
-66.1771837131
-66.2131394239
-67.1715618418
-66.458693059
-66.6373925339
-67.5497439319
-67.6904890111
-67.0721468984
-66.2093152102
-66.3599359581
-66.6122791297
-67.5343109583
-67.2598362793
-65.6053066482
-66.758027358
-68.3289321886
-65.8099084344
-64.6658729697
-65.7288094974
-67.3016411009
-64.9360348739
-65.3069630741
-67.0234290111
-66.2107044997
-65.017030156
-67.3542008692
-66.1659930179
-67.0239599823
-67.3493195203
-66.2433080561
-68.2398871179
-66.7410387997
-66.2980694612
-67.3358667307
-68.0623102991
-67.4713304924
-64.7675835671
-64.3142840685
-64.5908400016
-64.2691155687
-65.1948026504
-66.4168291375
-65.6869996218
-67.218070312
-63.5386944249
-62.6959964809
-63.6253155619
-65.9473012456
-66.797904309
-65.8919815806
-66.9484073564
-66.2834109749
-65.5056186377
-63.8107517591
-65.420152383
-65.8562245373
-65.6248111073
-65.2191412576
-64.8820850649
-65.1322421583
-65.3957578504
-66.0773153899
-67.1428582192
-65.9632347769
-64.6427454027
-66.2490956446
-66.7255741997
-64.8216734812
-65.7231337721
-65.4388456609
-65.8099750369
-66.4926881898
-64.8411616568
-66.3185453604
-65.9270411178
-66.0297512297
-66.7260699736
-65.6819525552
-65.0716679144
-64.7330952549
-67.158274872
-65.6238057829
-64.5147991188
-64.9688907568
-65.40421846
-67.2243784907
-65.7978966019
-65.2590687747
-65.6106410183
-65.9164481858
-64.4160323933
-63.4147827498
-64.1266243714
-65.8321948266
-64.0873778065
-64.0458652024
-64.7204442616
-64.4532900593
-65.9172851319
-64.352213578
-65.9576043465
-65.9411793118
-66.4854084782
-66.0806360193
-63.9598635342
-62.6612344901
-63.4552206501
-62.9212522752
-63.1372117318
-65.1331223291
-68.280622316
-65.7223460976
-65.3583672252
-66.8812040943
-65.9536223585
-64.170840042
-63.3403821324
-63.075582106
-65.3117235648
-66.2529277989
-64.1269825759
-62.3951089121
-64.3469780397
-65.3924111314
-66.8675802327
-65.6660689198
-64.0891619265
-65.74612237
-66.6016362385
-67.0274145495
-66.9863167194
-66.3417928832
-64.4078779131
-64.1739476535
-65.8203927546
-66.4406317594
-63.9435647729
-63.1324414423
-66.3922877365
-65.5003634357
-66.1148592824
-66.8525572637
-66.8934539707
-66.2597521458
-67.4841537276
-65.7615746697
-66.3921296446
-65.9523184546
-66.0068561464
-66.2169274883
-64.4942364566
-64.5994173608
-65.8488091857
-65.0491359816
-63.9532945301
-61.4711325319
-61.7814844607
-64.8040297485
-65.2497638318
-65.2766639955
-67.0328127981
-66.0262562623
-65.5000236606
-66.9390480181
-64.6336988209
-64.8223397676
-66.5865090776
-63.9566301151
-64.2173883119
-67.1407053891
-66.360855371
-67.4372671234
-64.8859790989
-64.6027670897
-65.078265865
-65.6571330205
-65.6435519585
-65.1628485384
-65.8193227793
-65.7005475401
-66.459582299
-66.6407538214
-65.8018334226
-63.9212981351
-64.6810540103
-67.4098319884
-67.1075133363
-64.9406178489
-65.166391399
-64.7489387459
-65.4501033351
-66.7970301979
-67.3190401013
-67.1738708939
-65.2440730987
-66.6991231677
-66.5445121788
-65.3287754284
-66.533541269
-67.6657427036
-67.5203078649
-66.675810742
-65.0265811854
-64.9003402481
-66.7768955678
-66.7471709203
-65.5830855526
-65.539616847
-67.8240391656
-63.5183146407
-65.5219698492
-64.3495855483
-64.7452105738
-64.5647853776
-65.1793978444
-66.4962457483
-66.6839407901
-64.9313654536
-65.0686024813
-65.227933783
-64.6256716023
-65.3556140511
-64.680313652
-64.7265609973
-65.4438554306
-65.8654269231
-66.7860012526
-64.0498270287
-64.621245327
-63.8292097667
-64.7771948746
-65.4780889725
-65.9166306373
-65.1827649007
-65.9924564588
-63.8967444091
-63.8372599743
-63.2089105589
-62.1686267245
-65.0094582956
-65.8956279704
-64.3121617875
-64.5369610843
-64.9131568303
-66.1357015878
-64.6980311673
-64.3761028601
-64.4369298935
-65.634563088
-66.0111186932
-66.4936786329
-65.0857944379
-65.3135031968
-65.6028110492
-65.6382119283
-65.1913350936
-66.0822579653
-64.7031196198
-66.0223848794
-64.9178632521
-64.7388815464
-66.507603819
-66.7971145899
-66.8705809178
-64.394762335
-65.8296294759
-66.2056492604
-66.0280986524
-64.9050317685
-65.1521824638
-65.5936255193
-64.6492257073
-64.0738244469
-65.3390720824
-66.493677894
-64.1018519592
-66.5648095091
-66.3812744277
-64.6650023017
-66.3125178247
-65.8979942423
-66.4827961619
-66.3078499926
-66.510965516
-65.0209610706
-65.7835519719
-64.5523509084
-64.6519157962
-64.0452356654
-65.7142761828
-66.8976029372
-66.4710388266
-65.4714237405
-66.1972901758
-65.0307383946
-64.4301294674
-65.8200023191
-66.7597726916
-66.2159018344
-64.9003719929
-63.9384795181
-63.9851302557
-64.4631018408
-65.9170919762
-65.5503118788
-66.7474541142
-67.1037993183
-66.2063764622
-66.8421731858
-65.4236441558
-67.0889495018
-67.8953753734
-67.6864969683
-66.8115022108
-67.2555181385
-67.2776267519
-65.8508859161
-64.3442410062
-64.6591009138
-64.9562239469
-65.5899611211
-64.8288360081
-65.342889279
-66.8271044436
-65.526704747
-64.6136724253
-67.3788610304
-65.3440573222
-64.3903734633
-65.1063287234
-67.5253516128
-64.7282097569
-64.1332035903
-66.2863051124
-66.8211784088
-64.4662720398
-66.0091093324
-67.4351748867
-66.2612280596
-64.4648202692
-63.6982294525
-65.8964006992
-67.3639913437
-67.5733828033
-66.3737451157
-65.6791497323
-66.0379144467
-66.1520887926
-67.0532163325
-67.8798386252
-67.0294705525
-66.5193908238
-66.1746253563
-65.1579264706
-66.9456882094
-67.0630253283
-65.7751255715
-64.7427627828
-66.2558321179
-67.7634179792
-66.5111828959
-67.5536366978
-67.8346537876
