2656250000.0
97656.25
-61.9328260357
-64.8011026718
-64.1395104497
-64.8605682207
-66.3521681357
-67.7118854693
-64.6746208589
-66.0261099532
-67.7501949094
-66.3560691025
-60.3572292891
-59.4842412785
-64.1437956797
-64.5498516557
-64.9355769971
-65.3426908562
-66.352565836
-62.0702973217
-61.9856392138
-65.1293876245
-67.0842594316
-67.6534893041
-66.7150259225
-68.3855316876
-66.5668636326
-64.2308642328
-65.1183163354
-65.28169462
-64.3117866385
-63.0694811475
-64.016384361
-65.5379078581
-65.6888723735
-67.2815354742
-65.9984869819
-67.2124618106
-70.8945266912
-64.9751876446
-64.7662335339
-67.2202985337
-67.6297979214
-65.5968626189
-64.9801479819
-66.8100324115
-67.8504889375
-67.5282992805
-67.5109822351
-67.9468820747
-67.0348663368
-67.3585799769
-61.9504987373
-59.2569857457
-60.1973170631
-64.1325586916
-65.5725483901
-67.568316121
-65.506018597
-65.1535201259
-69.0337854778
-68.1811821694
-70.4213826912
-71.203974107
-68.7444278085
-70.4061282236
-72.4622150594
-68.486956254
-65.2416974201
-65.7608271202
-68.9044388802
-67.562911267
-67.1848947857
-67.8397015994
-68.4386969824
-70.3585406754
-69.5963904567
-67.9547824593
-67.7571357446
-67.6873669656
-69.1132203461
-68.2108432209
-67.1122396767
-67.4155319392
-68.6533865379
-67.6504313486
-68.3574734085
-67.811600308
-67.2145811612
-66.8997395571
-65.9057077405
-66.8983693713
-66.6720460973
-64.3203946019
-63.8486977425
-64.2288709272
-66.3972272134
-67.6102352119
-67.5399304098
-67.6504646228
-65.9553937112
-65.9694566682
-67.0324116597
-70.94179774
-65.6635216895
-67.3882346985
-67.7445265235
-69.525083445
-68.9619416578
-67.1251820823
-66.6189582763
-67.6994199254
-68.2267878157
-69.3680392129
-67.9193608039
-68.7300767412
-67.59462663
-68.6273521482
-67.6802885277
-69.4087613814
-67.9653887469
-68.0216319897
-67.769908575
-67.7438238535
-67.7233074048
-69.2541559726
-68.9977751827
-70.5892619502
-66.9120516655
-67.9465175818
-66.0586288579
-66.8898541444
-67.5001749423
-67.1585870451
-64.2034433706
-64.648863289
-67.6544323548
-70.4194708971
-67.7323036763
-67.4501092942
-66.7657177422
-65.2013866276
-66.1876147293
-68.7130041738
-70.7926889443
-71.0591839222
-69.1682467887
-68.5993111864
-68.8423263142
-67.1475437437
-67.1365614405
-67.9858053683
-67.887405503
-68.4248988865
-68.388871191
-67.1350609417
-66.4654816959
-66.2206633455
-64.1024952964
-61.663364891
-58.5910440892
-54.208304448
-52.8931756672
-50.7457138046
-49.7278297351
-48.9922425163
-51.5999764854
-51.2832076351
-47.9690390548
-47.8231599637
-46.2881475476
-48.5789043959
-50.419897095
-50.0535967069
-52.0829599051
-49.6592068556
-49.0773672805
-51.0939357251
-56.2307833518
-58.0271628626
-55.0200689163
-54.6717108067
-54.8079296742
-55.8663673578
-57.0259103558
-51.7654411932
-53.1664499316
-55.0878330782
-52.6497084334
-53.6537232274
-56.2409484678
-55.5853021031
-54.7935069877
-53.9230978062
-52.7576594382
-51.3825755538
-52.2621650028
-49.8619358992
-51.5599239633
-49.395971124
-49.6408124062
-52.1053019345
-55.048793496
-55.5882563853
-55.4181457687
-52.7601650853
-51.3542978867
-52.6535865692
-51.5375231178
-49.8859306995
-51.6367109293
-52.3572036031
-52.1507504521
-53.2446070861
-54.6941033583
-50.0975590942
-46.6579548833
-48.0468471006
-52.9480830652
-50.2227399512
-51.3078314607
-49.6981713317
-49.4363399815
-50.7540488785
-49.5375468995
-51.3649271776
-52.7013323739
-50.925653148
-50.0748571896
-51.8281210895
-51.0110703863
-48.4620678842
-48.9032457966
-48.4460038691
-50.7219934268
-48.5122342632
-46.2661269951
-46.7555923368
-50.0088313751
-48.206336588
-48.3899681733
-49.6614316546
-54.4283209099
-51.108473108
-48.7560400661
-49.1915384923
-46.8765861906
-47.6037943612
-48.8072118942
-50.0380658465
-50.6626643157
-49.8216779506
-50.815833993
-48.5653873479
-46.7682280653
-44.4494238253
-43.6621894559
-45.9185638259
-47.9267373849
-47.7063279704
-47.3516713728
-47.7139837711
-48.9455742953
-48.0664600477
-50.0593480624
-51.3563726889
-50.0133945933
-48.7317432938
-46.8565179828
-46.8907436758
-47.352843571
-47.5880701192
-48.2657818355
-49.1830915723
-47.6764124367
-48.2107747494
-49.8435684275
-47.4805075397
-48.0896641058
-47.5360442494
-49.4715652575
-52.5728033315
-48.0354651402
-46.5546669716
-46.4825388051
-48.1609253906
-46.8500390764
-47.3223039362
-49.1756115826
-49.7862645165
-46.6567011419
-47.3587505797
-49.663689976
-52.8036595827
-49.9681075209
-48.153433245
-49.0028884925
-48.5360481574
-47.6671414288
-49.1818258623
-47.0535991044
-46.0711052029
-47.6283547464
-48.2987406584
-47.514817456
-49.0616393094
-50.0474536425
-48.4276693155
-46.5971113151
-44.0121846706
-45.207554137
-49.7182216569
-50.7617842569
-51.1911114765
-50.589919201
-49.1189784188
-48.6292944627
-52.2080843911
-51.6387917974
-47.7210893505
-48.7500244783
-48.4450502238
-49.2570089225
-51.7185289233
-53.0686823486
-48.788396109
-47.4670992334
-50.3037492429
-51.5204955126
-51.0413360041
-52.1878636782
-49.3258480006
-48.8530030093
-48.3852207065
-49.3859114959
-48.2144723506
-47.326769918
-49.7684805335
-48.680917712
-48.2362149757
-47.6890310182
-48.2212961971
-45.1169318408
-45.6291142264
-48.7969399495
-49.7799474226
-51.1107921095
-57.5178123675
-60.3021853702
-62.9153161898
-59.1812177873
-58.4647811611
-60.1945346589
-60.9366973511
-62.0580683469
-62.6749740236
-64.4076191897
-63.2928256866
-61.9041141604
-60.3878485656
-62.5095624252
-62.716841225
-61.5971009841
-61.1018931499
-60.871578187
-61.7440496615
-62.5571155417
-61.5173240238
-61.4737973987
-63.1909164566
-60.9995240934
-60.3301018386
-61.1672092235
-61.8832174887
-61.74005765
-63.5293309734
-64.6813056928
-62.3250556241
-61.6037631195
-61.7294405523
-62.7351033312
-61.8072021303
-63.8469341772
-61.8473540523
-60.4129667001
-61.7106660272
