2843750000.0
97656.25
-70.1280734297
-71.8856777264
-70.3204942835
-68.8698124256
-68.7571956594
-68.7609139962
-70.7969572469
-68.9740111878
-69.2469751968
-68.6280847147
-69.7797994994
-68.7809306584
-69.2464194371
-69.49674849
-69.7079505908
-69.8411897468
-67.6426603584
-68.2125336791
-68.561198219
-65.9704142708
-65.3374625668
-66.39951774
-68.8770529222
-68.0317951231
-68.8671412303
-69.1442744927
-67.6392531033
-67.0635561077
-69.3808184193
-69.0799370537
-70.0119384355
-67.7977859236
-65.5767407429
-66.3838476228
-68.8439062453
-67.2445983478
-67.8460495146
-68.8802268996
-67.8214586541
-68.2829768913
-68.9684657113
-71.660344049
-68.9078529209
-66.6336297416
-68.989411085
-69.0955016191
-69.793882482
-71.6578119042
-70.1378041789
-67.7647604752
-67.2324842227
-67.5045690545
-68.9200793683
-68.9785167057
-68.1330929418
-67.2351431894
-67.8707408363
-68.1305149785
-67.9542905913
-66.6093492024
-66.2134490812
-66.882614132
-67.8854513336
-68.703981284
-68.9244371067
-70.3138047517
-67.9631556
-65.2136280586
-66.2176482599
-68.7431593184
-69.077853549
-70.8865178024
-70.4533574262
-67.7504391688
-69.6381127031
-70.0781982525
-68.2037302606
-68.3199874945
-68.0825844136
-68.3238521445
-68.8835194601
-69.3652126795
-69.1434569594
-69.1390108319
-68.5389785106
-68.8332845867
-67.9460338757
-68.6645462323
-68.5830632331
-68.7218100884
-67.7035922865
-68.5059033793
-68.3930033403
-67.4696505682
-69.3093199845
-67.8198212285
-66.010256197
-66.45364368
-67.3696390926
-68.0363788338
-68.492192196
-70.1140363457
-69.4159234737
-66.8211262172
-67.2676852947
-66.9218675016
-67.8388725643
-66.4969160499
-67.3094970011
-67.6747746069
-66.8962788254
-67.9414349071
-66.3693395594
-66.4338373665
-68.0756793456
-70.5218402871
-67.3399306086
-66.8930569931
-69.815804873
-67.6344770545
-69.9882314244
-67.8673714592
-67.6923495853
-66.4133167936
-67.2806505233
-67.689905981
-68.3395147691
-67.6767982659
-67.0258243221
-66.2143518548
-67.2082632314
-69.0367304028
-67.8650984545
-67.7362229717
-66.7300834603
-67.4174721306
-68.175850134
-69.7482057826
-67.7530375574
-66.3432302083
-67.4133716061
-67.9053722584
-67.3405515644
-68.4567284851
-69.3680542526
-68.7963901975
-68.5689410261
-68.6111098432
-67.3899474532
-64.7389249591
-66.532045534
-68.8834531617
-70.7325276481
-68.6494889879
-68.1205112525
-67.7721035244
-66.9166945197
-66.4574984066
-67.2646272918
-67.3446818544
-68.8534570828
-68.0170567253
-67.9583637579
-69.4502780733
-68.3590632519
-65.3033582058
-66.8358036056
-67.5404014942
-66.6651634109
-66.0776333055
-66.0581759667
-67.4582040541
-68.5931155897
-66.6000453082
-67.0118214867
-68.1747326579
-68.3158269634
-68.9136923701
-68.9568323939
-70.4718538136
-68.9722854747
-67.8085835471
-67.3811347915
-64.6608822143
-63.4355100414
-65.0730633165
-66.2266595003
-66.2345901157
-67.3552198782
-67.1804825629
-67.9145998463
-67.8856228865
-67.9631802164
-66.6087527552
-66.5338932815
-66.0776064479
-67.9405217809
-67.8372275543
-67.2645716956
-68.3521549857
-67.5188783624
-66.9614863052
-68.496713638
-67.5866221139
-67.3376491453
-66.8075184513
-67.2339350833
-67.7203008594
-67.3428709436
-68.2839565743
-65.8681488331
-64.8031499663
-64.8134170003
-66.1602096628
-66.2967546947
-65.855804071
-65.2166095593
-67.8989968476
-68.5363455874
-68.7927351585
-68.0198265076
-67.8086715688
-67.5690425458
-67.1360229489
-68.7054713985
-69.9008888063
-68.5383921611
-67.6479991609
-65.8131087219
-66.5033162973
-65.3217369357
-64.4893863524
-66.0179301305
-67.4790379684
-69.2281566004
-67.6079123359
-67.5652853775
-66.8393468868
-68.3958490338
-67.0479765343
-67.4189340154
-67.0048675118
-66.0760355703
-66.8911188052
-69.16973058
-68.3024397935
-65.9552073392
-66.5636465126
-67.893992915
-67.1830968808
-67.1974506046
-67.4157165079
-66.3898101827
-68.1048063127
-67.7374803339
-66.536281306
-65.8269243049
-68.7747386665
-68.1292796072
-69.141493332
-67.0998586426
-67.335462615
-68.5632824246
-68.7997982289
-67.9717064021
-68.1326882323
-66.0916709515
-67.6272765268
-68.2400218899
-66.1687986176
-65.3337197203
-66.7299547153
-65.7197811129
-66.9055654403
-67.5518204566
-68.3477998946
-67.6249128794
-67.6622022136
-65.598796416
-67.6866749412
-68.243091847
-68.1276126283
-65.9109843406
-66.7524665288
-67.5193481045
-70.0936202043
-70.906371317
-69.2850720419
-68.4399964102
-68.1869962672
-68.5771175847
-67.834294568
-67.2343929584
-68.8204050452
-68.2444551262
-66.6652206799
-67.7416525037
-66.624266888
-66.278799272
-65.9015089957
-66.6449279131
-68.0102827464
-66.3501244164
-67.8454189961
-67.3952079972
-69.4402798652
-68.9369730337
-69.8128198413
-67.4529086269
-66.4878633343
-67.1785350772
-67.8711857854
-66.2354979914
-66.1552500793
-67.4330111845
-67.1399262753
-68.0805052977
-66.009734617
-67.2234513481
-68.2146478836
-67.0012829832
-64.6766161837
-64.6349509532
-66.8880322877
-68.1526482038
-67.6058035738
-66.5655798793
-68.4920642936
-66.7819420976
-68.1807620566
-68.9767309537
-69.2452214528
-67.1027551501
-67.3159412714
-67.9885667529
-67.0478573211
-67.6954289264
-67.061518437
-67.7940260234
-68.5645095604
-68.7074454808
-68.1891663129
-67.2266676889
-66.8141390004
-68.2922352339
-69.3430288186
-65.377903071
-64.6255000205
-67.36981268
-67.378194262
-68.5796110958
-67.3145056075
-69.8465145306
-68.5927690029
-69.8555809121
-66.8066952153
-64.7900968731
-66.2910076632
-66.3778705735
-65.9288188535
-70.403564046
-70.7277202505
-68.6141828238
-68.3167896298
-68.0680169528
-65.312089453
-65.6375438621
-68.7290003577
-68.8405760194
-67.3069538703
-68.596736184
-68.8862805522
-69.4226136413
-68.3798924481
-70.098273249
-68.4668571897
-68.8987137364
-69.4848815872
-67.2542088309
-69.2118421046
-68.4702446992
-68.3252044019
-68.9699448584
-72.0002712983
