3518750000.0
97656.25
-72.0642039788
-71.2452677222
-71.4196568108
-72.5093828387
-72.3438089905
-73.2653374936
-71.7137628326
-70.9047366387
-71.532677142
-71.4134070207
-71.7108584957
-71.3612823913
-70.8142283977
-71.0763142701
-71.5115945958
-71.7833443896
-70.9321928335
-71.808417075
-71.6730564936
-69.975021806
-73.0223978762
-72.3209194915
-72.9890559248
-71.5846528274
-70.7986693273
-70.4661720284
-69.7814884029
-70.5896196344
-71.8575815448
-73.8260363562
-71.7038766869
-70.9878017925
-72.5052764453
-71.4938959569
-71.0792668008
-69.9118740005
-70.5845019575
-71.8345701316
-72.4259967886
-71.8006801738
-71.2821025763
-70.3034814815
-72.0047329555
-71.3813229838
-72.7497931607
-72.272668957
-72.7683713206
-71.41496547
-71.081460734
-71.3532765356
-68.7988818928
-68.9408784503
-67.8957692761
-70.0111809659
-72.8369964279
-71.774164868
-72.5281570295
-72.3606281921
-72.5004166501
-70.8936774111
-69.8959866471
-70.8672234075
-70.5706343578
-68.8233199165
-70.6093372972
-70.3364196481
-71.1290976367
-71.9139262888
-72.1288775354
-71.7652391513
-69.5332144935
-70.345262525
-71.2768582445
-72.7867271587
-72.72434571
-72.1859820813
-72.2681874523
-71.7045217765
-70.6560898761
-70.3932571537
-67.7583260104
-68.9170652802
-72.0941205775
-70.9751834495
-70.7439955315
-67.6481611037
-67.9680933352
-69.9445020655
-71.4665973575
-70.9451570164
-70.7636683476
-69.778443418
-69.4896964889
-71.3210529098
-70.7020798937
-69.5964919835
-72.0913506999
-70.9910126526
-70.9135964707
-70.2098430367
-69.3157848325
-70.084465448
-72.1532322659
-71.8932733655
-71.0424978668
-72.8753135006
-71.8360806111
-69.6174504501
-69.9522034712
-70.6878221569
-71.8803001203
-72.2610071313
-70.5459248046
-69.760271509
-70.8598532904
-70.477813505
-69.508528441
-71.3759842566
-70.466711557
-71.4769895424
-71.098711622
-71.466120457
-70.7014767323
-71.8234495337
-71.1115723257
-70.2938354285
-68.5825509902
-69.7677607427
-68.6042444221
-68.8925442074
-70.9470346491
-69.2213648305
-70.8703660524
-71.4424854189
-71.6852799434
-71.7622542086
-70.6075586607
-70.9938543682
-71.5289271625
-71.0626088224
-71.3669363913
-70.9880661969
-72.2618004854
-71.9840115968
-72.7976863604
-71.6952336402
-72.6655224705
-70.5274298655
-69.9390868908
-69.4368329082
-70.0599403606
-71.0858285278
-68.7643422796
-68.3543589802
-70.94812885
-70.8863359537
-70.2755860731
-70.2757272944
-70.7778279164
-69.7720057442
-72.2446693228
-71.2787570611
-71.5965270454
-71.4698572416
-70.6898636032
-69.3194475415
-69.9591015872
-67.8845977425
-67.7923789759
-69.7867921026
-70.4551761115
-69.5720135874
-71.1698979023
-71.036209701
-71.0230346909
-69.6803585598
-70.8567702041
-70.4328853474
-71.2138059168
-72.0649968294
-71.1700714157
-71.5210482969
-69.8022126473
-71.0592441797
-70.5481158177
-70.4763296325
-69.4154962676
-69.9532567892
-71.0131479551
-70.0723157195
-69.5048155257
-71.0171483705
-72.6275956741
-71.7574260116
-69.977253925
-70.2526751431
-70.9806328731
-72.0960824551
-72.9309582499
-69.70020729
-70.2075550543
-70.6867037969
-69.3658919392
-70.3827815121
-71.5629347941
-71.0771596927
-70.4147237983
-71.8364115331
-71.0541825634
-70.2797535899
-70.4413071456
-68.6101726136
-70.0345129245
-70.8631729942
-73.1525809529
-70.9267379344
-69.9059452485
-70.0942368516
-71.5513259863
-69.6506406403
-70.4408734505
-68.9595466345
-72.4642402086
-71.6752579415
-71.7322720517
-72.0101939326
-70.8329781792
-72.9128598201
-72.3783635195
-71.4452783413
-71.9256897469
-70.4299989378
-69.8453305033
-71.5603917598
-72.3181512603
-71.5515077321
-71.4612534355
-69.8714837188
-70.8218106821
-69.8103621632
-70.3218812423
-70.1207553678
-70.6046480906
-70.7002925598
-71.5170965974
-69.7590766704
-71.094881077
-73.0729715704
-74.2565931537
-71.2822714499
-72.0611471956
-71.7979765452
-71.0793576062
-72.0614254803
-72.989219141
-71.9771740571
-71.6760931394
-70.8524497953
-72.6068198699
-71.9140083412
-70.327969922
-70.3363493858
-71.6846987505
-71.5246655634
-69.4998162589
-70.9308870972
-71.5316295085
-72.1787724624
-71.4860508818
-70.679225711
-70.3226431432
-68.2655430729
-68.6592100775
-70.9427887317
-71.1591389887
-71.5636892974
-72.0427617147
-71.5858449056
-71.5497412127
-71.523636331
-71.0735992043
-71.1280317969
-69.2287641259
-70.7241481625
-69.2598175036
-71.0705307518
-71.8671111673
-72.9119657023
-70.5260430165
-70.8619479488
-72.7904782111
-72.2822069241
-72.1070884729
-72.7324179341
-72.2748373175
-71.2976363479
-69.9183002036
-69.8739239376
-69.2753999896
-71.5826008685
-72.3439230275
-72.6626312323
-72.3253659186
-71.52792901
-71.3091804732
-73.2925089503
-70.6951979266
-69.2392948844
-70.8681009135
-73.6003133624
-73.8248825728
-74.2649411401
-72.670802415
-72.6521974923
-72.1495499384
-73.2488556632
-73.3990333304
-72.863155443
-74.0524490024
-72.8235676996
-72.7915693833
-70.5730373055
-72.1111720016
-72.9664504855
-72.1883725254
-73.6027545927
-72.3735591936
-72.5357561752
-72.4600565731
-72.4736941384
-72.2876142584
-69.5026464756
-68.9560122646
-69.7446142265
-72.2377333241
-74.5626351132
-72.8107665716
-73.8951971362
-73.6814421349
-72.4680623012
-73.0887444893
-72.885018156
-71.1929675591
-71.855811155
-72.4920397572
-72.5797685878
-72.3995120895
-72.3515333282
-72.5738425176
-71.8742404067
-70.6903442543
-71.5594999291
-74.07458123
-74.8958124091
-73.082897
-73.1276625998
-72.2869476594
-73.082514185
-73.289454598
-72.0949387016
-70.9211209047
-70.8549836316
-73.0931807659
-74.0056796607
-74.8712314972
-73.9939693049
-72.9384031671
-74.0063484985
-72.8775391849
-72.3155439684
-73.1184572868
-73.1698942448
-71.7753674253
-73.8029491322
-72.6983464327
-75.0189245937
-74.7167210727
-73.7143456961
-72.9374927786
-73.7513077803
-72.4396162666
-72.1707718042
-73.7255251162
-73.062854128
