4868750000.0
97656.25
-92.6843429022
-90.4060350524
-87.9135983576
-89.1719190218
-86.8700800301
-85.5539604067
-88.6911179366
-87.2794321146
-87.9040653441
-90.2312513066
-90.4313810645
-91.2480508204
-90.6514668758
-90.0437820853
-88.3030035059
-88.4574194522
-91.510392044
-95.1530363968
-94.3369523115
-94.6112041799
-95.8316052137
-94.3762687625
-92.5291029403
-95.186632572
-94.1554086076
-92.5883127216
-94.9977987949
-90.0314468597
-90.9531752097
-89.6723520724
-90.5971192831
-91.6483565597
-90.1207425922
-89.1198109228
-89.1551806035
-95.6168470004
-90.8749404224
-90.1027788993
-92.8963242211
-92.4920766997
-92.1122945466
-88.6269938743
-88.7793562893
-90.439254883
-90.2535576657
-90.7577076118
-88.308336036
-89.9710712092
-90.2916501514
-89.1106315383
-90.1585929569
-92.80104889
-93.230542171
-89.0752732727
-87.7742415304
-89.8154860133
-91.024308493
-88.8358656353
-89.1540396055
-90.2197704357
-91.7872296342
-93.7589754818
-87.9500947328
-86.386623372
-91.1439669359
-90.3840852736
-88.9981649374
-87.9657278627
-90.4487547827
-92.6005557259
-91.6847741997
-91.0545773649
-91.4797011883
-89.0154677027
-90.2113968983
-92.2173900051
-92.1999145441
-91.5670894718
-93.0342202126
-88.0598258139
-87.0147761379
-87.0245378577
-85.3380419265
-85.1097183462
-87.9123848771
-90.8440071935
-93.5471366626
-89.3859516836
-86.8371228751
-86.2475305566
-86.4835743631
-86.7968689836
-87.05459447
-87.9765067262
-93.9315432225
-91.7176772367
-91.0717327525
-90.5477124948
-91.4146006692
-91.9015139453
-92.1989099527
-91.1358378978
-90.0199406285
-89.4884961746
-88.6166439495
-87.337541509
-86.4374095027
-87.4852456623
-89.8194951716
-90.1925788146
-90.123098392
-90.8540426286
-89.7562009176
-87.8115539369
-85.8542395034
-85.1107523505
-86.8285149941
-91.4887072149
-94.51630508
-94.9312931783
-89.5200129679
-91.5012765187
-89.8333334808
-90.4237276842
-87.9216149612
-85.1276262931
-84.2659133897
-85.0294467675
-87.2044406797
-86.5720678081
-89.1440229398
-88.2729861425
-87.1113932545
-87.3658936514
-87.3662631042
-87.4457039261
-88.7340838379
-89.5500403651
-90.004018973
-91.0713853025
-91.3851917256
-91.0701369482
-88.4898643475
-86.3200654446
-86.3038050292
-86.6512145413
-85.8277857534
-85.1776873237
-85.0773377931
-84.7200671787
-84.4113737035
-84.5613218169
-84.8213127864
-85.3986713161
-85.5351895
-85.1677881195
-85.9153134748
-88.0062883111
-91.0859107784
-90.8808144039
-94.2837538855
-95.7812078728
-93.5652184511
-90.6739952736
-91.1994987692
-92.4036720745
-91.4920272488
-89.7452588314
-86.8738742026
-85.3319416475
-85.4504444027
-86.6102764763
-86.9531065362
-92.3349894428
-94.3618652427
-90.1238853854
-87.2914409746
-89.7217780614
-93.3125716091
-94.8918656449
-92.6804096517
-90.7502659093
-91.5880553373
-94.0023499784
-90.0456838062
-90.6233911024
-89.8713704666
-90.0489029693
-92.4866099635
-93.6047628943
-86.3634548359
-76.9827495308
-73.1940149475
-75.2613070894
-82.4399533061
-84.8510855375
-87.1399463731
-90.910142473
-90.1486424799
-91.8022442957
-91.9273707844
-91.3041174565
-90.6877122944
-92.0502662662
-92.4289800553
-89.0860803445
-86.2926277891
-86.4343304501
-89.2022309399
-88.2316608659
-87.8978746238
-88.9699666467
-88.6212914381
-86.8190601091
-86.6489559126
-85.1647504398
-88.3429039172
-90.5919216863
-88.4697456273
-87.9580561127
-88.0809756778
-90.5677074584
-91.7910020173
-89.2655721969
-85.9007911597
-85.5009993363
-86.6105406703
-84.5116133255
-84.0113176091
-86.4823379543
-90.1003781298
-88.5497165824
-85.6024941595
-85.1110160337
-86.1422257058
-87.7058656617
-92.1080399428
-91.8926339043
-91.0398366927
-89.2918754092
-87.7425677322
-87.3514000798
-88.9442354003
-89.9952262751
-87.92008093
-87.5063390331
-88.5785516377
-88.3283162351
-88.5187336411
-90.4973097119
-90.20907557
-91.926532171
-87.1310006461
-85.1623823282
-85.678259771
-85.3911800476
-86.5345379271
-95.2231397236
-93.4923746261
-90.6397184208
-91.508100035
-92.7945404118
-91.9886981363
-89.523527512
-88.8407821214
-88.5922727797
-90.6168847827
-91.4376434102
-90.9398238109
-93.3211404549
-92.8406363874
-88.8164231928
-86.047033665
-83.4977150587
-84.5678707829
-88.1138349504
-91.2786191452
-94.0296288208
-92.8005490773
-86.3529340966
-83.1855103319
-83.1318642547
-86.1973443782
-93.1449021677
-94.3646126246
-91.6789986412
-90.882279483
-88.196864327
-86.596614281
-90.2304309683
-92.3937558965
-93.5325963473
-92.4983998045
-91.1859442835
-94.5941110535
-94.8622547761
-92.3146946527
-90.9674074529
-90.949110562
-88.1191180001
-88.4376172229
-89.2075092615
-89.9553078509
-92.2001720383
-93.0376880005
-90.6037968247
-90.7592639245
-88.9430378877
-88.6487384083
-91.1818568637
-94.1266386377
-94.7472724262
-92.6886907534
-92.2555465164
-90.5189217774
-91.5882409776
-94.0651211205
-92.5243768916
-91.0451831797
-94.2459354534
-93.794589485
-91.4880416894
-90.2817560816
-92.185274598
-89.4923459924
-86.5162287329
-85.1897947923
-87.479158644
-89.6565044912
-92.0360805295
-93.0606508716
-91.0739804604
-90.5143592226
-92.5688086915
-90.0568001987
-89.0735065543
-91.4443666974
-92.3753225528
-95.2175360783
-90.6379832321
-91.8015740231
-93.0065128086
-92.1857827835
-89.4107052299
-89.5961285595
-92.8498800964
-93.8780314489
-91.1214781959
-89.5865726822
-91.6497325729
-93.4453455624
-92.5954795663
-91.3040056105
-94.1553071003
-94.6520530871
-94.0604838615
-92.3151263976
-90.5076020128
-91.1817328308
-93.4546491423
-90.540356826
-87.7450047312
-87.3897146881
-87.8419185409
-88.2736310188
-89.7392386107
-90.7092880415
-92.1204332138
-93.684647067
-96.0660312857
-91.081372624
-91.0634429502
-94.4394489825
-92.5747961495
-91.772851675
-90.2824069512
-89.1684481807
-88.9713202098
-95.7079626459
-90.6436832043
-91.3543254855
-94.371044704
-93.6400189822
-92.1152665882
