3218750000.0
97656.25
-76.491526711
-72.9017854256
-69.6776539656
-70.3172667483
-70.7352465675
-71.0916827925
-73.8180087027
-73.6767982637
-75.2141455182
-70.8809332408
-68.9685568368
-70.5944583813
-73.0927463896
-72.4991174989
-75.4616389788
-73.0960599765
-70.2645893421
-70.061586384
-70.7117018758
-70.2548218823
-70.1068569148
-74.8425867225
-72.58666665
-68.914987472
-68.0537521831
-70.3595758339
-77.6032449062
-76.4906354298
-76.0349353811
-70.4066849047
-72.3724247399
-72.9796196038
-67.6708551165
-68.1791018914
-69.9235198058
-70.590385861
-74.6974577089
-74.1545713823
-75.0583387294
-71.7621777703
-71.5526481092
-73.5245413649
-74.995657064
-73.2957936818
-71.9350778525
-70.7310943291
-71.758028195
-71.048250476
-69.9158487416
-69.6068568022
-70.8877518315
-71.232682977
-72.0900701324
-71.8160095387
-71.1274577642
-71.4410186413
-70.1304654476
-71.2479023867
-70.5586710809
-70.0180736559
-70.000803989
-70.8826706349
-70.6008827688
-71.4434326513
-72.057481561
-70.5449184554
-70.5878670733
-68.0538844759
-67.5295330296
-70.6009536388
-68.930577673
-68.542908089
-70.9594698453
-70.7311036412
-72.2782915212
-73.9986079534
-74.0209617727
-71.5063022683
-70.261547792
-71.5200681164
-73.5456184047
-73.6971648185
-73.6545619394
-75.3309791539
-70.8531337753
-67.7793989009
-67.053912788
-68.8266299769
-70.3930159358
-68.1662400457
-70.5094119941
-70.0326801565
-71.1594570358
-76.6601521248
-80.4479477777
-72.5163990977
-70.4566343689
-71.3563281897
-71.5307750861
-69.0810410228
-71.6100638607
-67.8885265686
-66.8821741026
-68.2122861468
-68.5208643128
-69.8850060198
-71.2956391191
-67.6940740786
-66.5610343797
-66.4087872355
-66.2433690921
-67.6940701817
-72.1058177184
-72.1620492237
-71.2330801775
-69.8750236304
-66.7874637307
-69.6663042818
-72.503544234
-73.0832229878
-69.6970472381
-66.4480019904
-66.9610966383
-70.3793121129
-72.6288617613
-69.4751719729
-66.045411843
-66.4269742684
-70.6716937625
-72.911651104
-72.2615153353
-69.469723528
-69.7017166415
-70.6411524519
-71.0235780467
-70.5803294045
-71.5905041886
-71.8924693059
-73.2005441369
-69.6097232147
-70.5774739197
-76.0114488277
-77.1695715128
-73.4395563317
-73.5235306765
-75.7256317006
-72.0886696822
-67.8681699538
-68.8904546768
-69.2019617692
-68.9324575888
-71.7641612518
-70.9960860498
-69.6864925446
-69.818978272
-71.0267302223
-74.0022808063
-71.3467933399
-70.0098972238
-70.6949855165
-70.7444954854
-66.9744611302
-65.1971371833
-67.5677265521
-71.1938992456
-70.6508375039
-71.9223655294
-70.9401558466
-70.5022881209
-67.3672231509
-65.8733367293
-68.8125023339
-68.8558553974
-70.8372832691
-72.1530282713
-66.9015854078
-64.9211484374
-67.0782993352
-73.2107202529
-72.2263556702
-70.7403889175
-68.79854927
-71.5393581732
-70.664432096
-69.3896745478
-69.7399624741
-70.9563575776
-75.0003359081
-73.6700591876
-74.027322694
-72.4163151087
-69.8484891603
-72.2898385145
-70.5239308632
-71.2475913203
-70.2035430236
-70.8837746269
-71.3353936728
-69.4632206842
-69.2401084085
-66.6855202802
-66.4616635241
-67.67762556
-69.8547164405
-73.6605028881
-75.5973400511
-71.6783704941
-69.8114756201
-71.1190474136
-70.0155635766
-69.1841375052
-70.5532491066
-72.5152784542
-70.9031030854
-67.9544291983
-67.2265526536
-70.0673799362
-68.8496154771
-73.697377802
-72.7900529998
-68.4263481322
-66.5662016088
-66.6465284846
-69.5656804114
-71.3974409363
-71.3751394459
-74.0098535069
-70.0200467306
-68.429092878
-67.9173388745
-68.3007078209
-66.7879733421
-66.9420243607
-66.5722785805
-67.4973435901
-70.1829127077
-70.7591953409
-71.5176228914
-70.0494991476
-68.3154388654
-66.2197745222
-68.7051978037
-73.8628228324
-68.8313990015
-71.6041675281
-73.122441622
-70.2324516275
-71.1059436524
-69.9987311517
-72.8968442328
-77.2241516044
-77.3431970091
-73.9058583216
-73.0861145682
-70.6766268113
-69.3183081887
-69.3169911182
-70.2822969491
-69.8431771368
-69.1229747354
-68.3184641939
-67.4738282154
-67.1912421283
-67.8352716746
-69.3407141687
-73.2507494084
-69.1360958931
-69.7763705538
-73.3084584195
-70.1106433406
-69.2801210304
-74.4491828145
-76.1552928013
-68.8026449103
-68.5628013653
-67.3328567257
-66.7827097122
-68.9446438073
-74.3125251741
-73.9676038366
-73.4951717981
-72.6037090741
-77.179595572
-68.0791651046
-67.3820885124
-71.3937176769
-71.0984035927
-72.6610831461
-72.1885377394
-70.3836473723
-68.3759910223
-69.7352490629
-72.5353444182
-70.1824431578
-71.2956246073
-73.3243967759
-72.8331195101
-72.0022329302
-69.6234961623
-69.1194364317
-69.1559905425
-71.0284678994
-74.3265074079
-69.5849181289
-67.5821518312
-68.7059033445
-71.5513620981
-74.6113432699
-73.3929864789
-78.8303562987
-72.7445503818
-71.6128189851
-69.4211974981
-66.9403909691
-67.4856465923
-68.601926139
-70.2283196306
-74.5660157212
-72.8034253322
-69.7363028883
-67.8266603831
-68.006584065
-70.1793933995
-70.203719251
-69.6631741595
-71.899651233
-73.0645564862
-70.9574587772
-66.9365114651
-69.1020443327
-69.4623781847
-66.0873050929
-65.595341858
-68.7270028618
-70.8318418777
-71.2930403289
-73.7746567162
-75.2756726787
-73.4453520576
-73.2071217274
-72.8570823572
-73.6946243761
-72.6736485063
-70.2914301381
-67.984020444
-68.5369662598
-67.6970898128
-69.9892720338
-73.5612092274
-71.2389384253
-70.8546714855
-73.19430747
-71.6734832985
-71.3795569047
-78.2561268384
-75.2484194985
-76.1191510884
-72.8261254725
-76.0673651916
-75.2352807088
-74.4099961618
-72.7633024966
-70.892663988
-70.0407917683
-69.6308108375
-70.1140099836
-69.8866100464
-70.0514060853
-69.9832990492
-68.9023268931
-69.1139440564
-71.5437287736
-73.2859191281
-76.7588974825
-75.6554115878
-67.219924682
-65.9471979698
-67.7575153288
-70.459143073
-68.0886335668
-69.81689749
-70.8304566441
-69.9916338491
-70.7907257999
