3893750000.0
97656.25
-80.6972359138
-82.7341293428
-82.0190742858
-81.0481634821
-81.3722625806
-81.519731056
-80.8886046544
-82.4414663112
-79.0094077282
-78.1669523118
-79.8971746578
-82.824842826
-84.7234492764
-82.8513101203
-82.4719181288
-82.7671412535
-78.2078003535
-76.0521197028
-79.3765992038
-84.5620200066
-80.9291164602
-82.1262164235
-80.4604199574
-80.156019061
-79.422575295
-81.9343155597
-79.824368354
-80.0255972988
-80.9535874858
-79.5208622728
-78.8351644979
-80.6988513519
-79.1461605242
-75.8741809448
-76.5668069884
-82.2409123218
-82.1310061281
-84.2688506064
-82.1853296151
-79.4441466158
-78.9843197393
-79.4524290602
-79.5041076298
-79.8050221939
-80.3061306623
-81.1264508398
-82.6436648415
-81.7243674693
-80.8364114024
-81.2101367991
-79.3859297725
-78.3466242023
-79.1252247606
-79.3903276803
-79.4372231967
-80.146746689
-79.5201093872
-78.5303101173
-79.7848472912
-78.3314243766
-77.0266297014
-78.1674068737
-79.3889759064
-81.0457102454
-80.9379431403
-80.6253588765
-81.216854888
-79.931740558
-80.9455556751
-79.2569296195
-80.0035294324
-79.9904182733
-78.9448698098
-79.3769113652
-82.686825903
-80.315431297
-79.8489557567
-79.2592356523
-80.5509985494
-79.4532392302
-78.5711707507
-79.4607090398
-78.1825462499
-76.6292657885
-76.6107044134
-79.3949439762
-79.0586552956
-80.7803724823
-81.3176858919
-79.0380859583
-79.1094848391
-79.0245795971
-80.9925317202
-79.0054131325
-78.7813559413
-79.9791662873
-80.1530547779
-80.2858990725
-79.112744411
-77.7494485847
-77.6335470932
-80.9321164751
-79.4181604747
-78.541930394
-78.3030569214
-81.3981939435
-81.812807094
-81.6480116077
-79.7476459326
-80.1528778057
-78.8139592394
-78.4225026969
-77.6079258263
-79.0678649292
-80.6402230263
-80.1268821259
-79.4820331437
-77.9668182422
-78.8105131537
-81.3449567766
-80.4198606021
-82.2652470353
-81.197190369
-80.7182817922
-79.5060122735
-78.7073707446
-77.7375171724
-79.7042212384
-79.2977008655
-78.1853029003
-78.5731309274
-80.7105195464
-79.6693096191
-78.6912923996
-78.8591136808
-80.1547795616
-77.3494124322
-77.3250443437
-79.3325957796
-82.0090416571
-80.7863225152
-80.4046212448
-80.1054054989
-79.8072309069
-77.9751350672
-78.3670677054
-77.4154832285
-81.5166709392
-82.762966598
-80.9708033725
-81.066606897
-80.3119225893
-78.7768201993
-77.5634231368
-77.6985882257
-79.4157875235
-80.815324745
-79.6004956927
-77.832931791
-80.8786319721
-77.3872639682
-77.5272765802
-76.5576404666
-75.0911428085
-77.1616596488
-76.9008706512
-77.478292549
-77.9579961003
-80.7709052749
-78.6136811945
-76.8226774928
-79.3839202693
-82.4145932777
-79.7218972154
-78.3523003724
-78.6288025292
-81.0845527385
-81.5999343847
-81.5801445496
-77.3614100761
-78.0338386661
-80.1515890759
-79.6791424188
-80.0029553709
-81.3196375141
-78.3728703386
-75.9748397838
-79.0582651594
-80.3678634041
-77.5626081555
-78.0488579996
-76.0408401309
-75.3096344412
-76.7239589421
-77.7010260489
-75.6786045747
-76.9873026291
-80.1390287925
-80.6169279717
-78.1292088694
-79.9849738516
-79.913287319
-80.695605885
-80.5143354729
-79.5576226957
-78.7305289203
-78.0309761064
-78.6642225985
-79.5288623218
-75.9866833286
-74.6629886714
-75.4665491291
-76.769372183
-77.8270288912
-77.9691937799
-77.2399619759
-77.9916705856
-78.422012357
-77.4979360189
-80.0496200086
-78.0901514414
-76.7328985645
-77.9370190345
-77.7686284109
-77.6944345506
-77.2094876338
-76.1402665108
-76.561730332
-78.3380636286
-81.3994188771
-80.4399892317
-78.2630905467
-78.9777890278
-77.4851858198
-80.2926848964
-80.9199247084
-79.5602625239
-78.8790514641
-77.9069790851
-78.0861141725
-80.1844835526
-77.7735292615
-78.1193454716
-78.9605314141
-78.9016252966
-78.5799055632
-79.7073630917
-80.1765608632
-80.0797047756
-78.5020631563
-77.6940664676
-75.9836429259
-77.0953357586
-80.2506757421
-80.1198116731
-78.9287874901
-76.275216692
-76.505458325
-78.1659476241
-77.7429999871
-78.0071550525
-79.2257523855
-78.2101534116
-80.0235521573
-80.4537544945
-80.543889337
-79.3096852892
-78.3977793945
-80.1489460574
-78.6142753148
-79.4258568114
-78.6928783999
-80.4479509345
-81.746719235
-77.860620987
-76.945732387
-79.2612703768
-81.8441418768
-80.890570609
-79.032498053
-79.657740721
-79.8691264513
-81.9541925098
-80.7851257773
-79.3007015851
-78.2505752509
-79.7707293918
-80.5982210463
-79.6932667375
-79.503222345
-76.6981866064
-76.5693576478
-77.2721025745
-78.3408904275
-79.3273787107
-79.3203474981
-77.8312146245
-79.6475308529
-80.7049607308
-80.3115421164
-81.0428614602
-82.0820409291
-80.5149276496
-80.9358766353
-78.0426181239
-76.825129762
-78.8977623143
-80.6128761883
-80.0588605361
-79.1551298861
-79.5718557741
-79.0005929571
-78.6706232398
-79.2875940444
-79.4017285443
-80.1865267438
-79.2140406754
-80.7206436098
-78.8480872354
-80.0162562294
-77.3327037142
-78.6417566986
-77.3927190557
-78.2834693552
-79.5126816412
-77.927757233
-77.7331823464
-79.0418200709
-79.7913300959
-79.4895430195
-79.9304431935
-82.3295253044
-81.162730678
-80.1410220934
-79.3282922878
-81.6101932494
-80.3543903173
-80.6707651496
-80.7969873517
-78.6310914639
-77.5319173483
-76.2001573399
-76.7453641822
-77.3863341816
-76.5599981635
-77.6269267419
-76.8170844661
-75.3259639284
-75.1624780136
-75.6336752255
-78.1168373972
-79.3314646904
-80.9281669194
-83.0508244729
-80.9897845681
-80.8306578567
-79.2971992591
-80.274826867
-81.8105450363
-79.4419488242
-81.7314370879
-80.797646726
-77.9961157104
-79.1094325439
-81.227683669
-79.0431502186
-76.9945716664
-76.6124811356
-78.2212173477
-76.9729654669
-78.3435292087
-80.8550588349
-83.0105676258
-80.1987351215
-81.015041617
-81.8530220723
-80.932828457
-80.7755751777
-82.0550848671
-80.0475462531
-80.4024095238
-82.7193708785
-83.5708290721
-83.5054689078
