4756250000.0
97656.25
-87.3238902142
-88.689492378
-86.2897512819
-86.9907245367
-91.0726576267
-90.1351195703
-91.3753648809
-90.6972094711
-91.6114651205
-91.8401512503
-89.9429837429
-87.8205073268
-89.020826905
-88.1009675554
-89.4780344082
-88.1161921514
-87.9287549712
-88.7135428367
-90.5909754493
-89.932188942
-88.6044598066
-86.8083978665
-85.8111450296
-89.4867173014
-91.6318519331
-88.3603295192
-89.6283723166
-91.8964809782
-89.5987799857
-90.0840986876
-90.0698295019
-86.4474356677
-84.0209473986
-84.8706810632
-89.6659951327
-94.0586389113
-93.3058708989
-90.7375913253
-89.8402288163
-88.3530668856
-87.7267928838
-88.8427553321
-91.8503199975
-92.689749769
-90.0166726926
-90.2466007914
-90.1561078115
-88.3688447896
-87.0691901437
-87.2387560788
-87.6234316401
-89.1779855511
-90.0772520331
-90.1177819342
-89.2552770032
-90.2444245374
-90.2150262258
-87.977714697
-87.2093819837
-89.5898724225
-89.7823497938
-89.7535075983
-88.0229959697
-88.4707858043
-89.3727111769
-89.9857478819
-91.1344133183
-90.8044469947
-88.0218611094
-87.1486568157
-90.1697686755
-90.6085686432
-88.9657264102
-88.075906664
-89.5179413977
-89.6893739438
-88.4651001796
-88.6856070976
-88.064555295
-89.1069593093
-88.5752938313
-87.9255784448
-91.2113453123
-86.8105711328
-87.80814159
-90.2652043356
-87.2398829342
-86.3123916017
-86.9540971428
-89.0228934764
-86.9223977579
-85.0194267164
-85.680606374
-87.2192279315
-87.7996815064
-91.5073262283
-90.8422701576
-88.4895759405
-88.4845691222
-89.7692016734
-90.4984894385
-88.3673999035
-88.2749667348
-90.8321991504
-88.0795070009
-86.3205988003
-86.6461196285
-88.4659933239
-90.652487679
-89.3057090877
-89.2608576786
-88.2595225964
-85.2049746039
-85.8218563696
-89.2931384463
-91.0405640073
-92.6426995957
-89.4577501896
-87.7026401792
-87.1245025152
-86.7344291826
-89.1850936095
-88.2906637603
-85.4345594917
-85.6034365452
-86.4176152456
-87.9601938873
-88.0102533267
-88.2737658331
-88.4296152481
-90.8898688568
-89.791504466
-87.9515663167
-90.9649293315
-86.9464025383
-87.5845106594
-93.5516800207
-92.0318195701
-92.3745624928
-90.5053851441
-87.4531505497
-89.0244487032
-91.0832412145
-91.0205266796
-93.228592076
-91.8477973651
-87.1574442913
-87.7431942695
-89.5747859796
-89.69268221
-88.3706521294
-86.0835977162
-86.3263175587
-87.2579855407
-88.596977638
-91.0982572863
-89.2145119209
-89.2191766392
-89.458871006
-86.9274351773
-88.1873400743
-90.2577013679
-90.2655513946
-91.0205397768
-91.348105475
-90.6192507429
-91.3616743871
-91.2132655482
-91.5747370145
-91.6068873584
-91.0663332335
-90.4036446365
-88.8891184233
-89.4196832958
-88.4959184573
-86.5160180868
-87.0377853201
-89.6184575319
-88.6221282317
-86.055743174
-85.8898454233
-88.3259110584
-90.122766526
-90.0883198487
-88.6596209822
-88.4177965304
-90.6746245184
-90.1571681944
-86.4996320983
-84.9461182447
-81.8553524004
-74.4519483107
-71.8900314593
-75.1219103925
-84.704474537
-88.2156839161
-88.9156705398
-89.4535876498
-88.6796658329
-90.1380723677
-90.0506249137
-87.058037948
-87.2468812582
-89.4531933546
-88.5581585881
-86.9111797378
-87.0879772641
-86.8660054913
-86.3856090875
-88.8487478664
-90.430192987
-91.3770102531
-88.4476102549
-89.5029139
-89.4629485444
-90.025331579
-88.4452141181
-88.5226036532
-90.6907938964
-91.3617412403
-92.1508211737
-90.1609015541
-87.9305239273
-85.5491514994
-85.5172854212
-86.6941560922
-88.9147812863
-87.7454752745
-87.5957924606
-85.7926834709
-84.841155296
-84.3981078274
-86.4000705033
-88.3906876543
-88.7807377385
-88.6263782956
-89.8639871171
-87.4128623374
-88.8935382865
-89.3028150299
-90.5795460622
-90.5611123812
-89.8273722329
-89.9202646853
-87.0487566562
-86.7095158428
-88.169062064
-88.2816436417
-87.8759888218
-88.3368346527
-86.703836139
-86.8575426759
-87.280605212
-90.1054269817
-89.3302123128
-87.2563519602
-86.7560325982
-88.4154558721
-88.9436117392
-90.0556040959
-87.6250898447
-85.990273464
-86.7401524243
-87.7450705734
-88.6341121468
-90.0588398072
-91.4901060626
-89.5292021129
-91.4555262897
-93.1025515603
-90.3892953751
-88.4875137716
-88.8282831667
-86.8219279111
-86.56604834
-86.5761173947
-87.3810288055
-87.8683431071
-88.2662534936
-86.6329312215
-88.4566795687
-92.0106168406
-93.3279264022
-89.3982209555
-90.6762587132
-90.0404713448
-90.859129983
-89.6063810554
-88.4027252627
-88.7512225502
-89.1377486663
-88.6876798989
-88.6743855355
-92.6447687947
-95.2652471228
-92.2727524178
-89.5695646309
-89.3245047466
-89.7121666839
-90.664846949
-91.0121125445
-91.5725790447
-88.334785515
-86.1407679095
-86.832688689
-87.6237963309
-88.7751813842
-88.6462652116
-86.9750502831
-89.4660629352
-90.6069359022
-90.2439549164
-91.6761413464
-89.0521120738
-93.1046346751
-92.5089467052
-91.4725496666
-90.2565845746
-87.3108896323
-86.7491650296
-87.9801450604
-89.6481671032
-89.1455966466
-88.6615145092
-88.8415443356
-91.9283265877
-92.9236531223
-90.9342655305
-88.8644228681
-87.6402286688
-87.9653835295
-87.0857423983
-88.9457327555
-90.4441735565
-89.6035291689
-90.9450231676
-90.3646762466
-91.7492841138
-92.7835530314
-92.4699640493
-90.4007399037
-89.7809811018
-87.7411802815
-87.446633427
-91.4742104715
-90.2819653161
-88.7673775761
-90.5575397182
-87.8984725167
-89.6152011595
-90.3130019593
-91.8498850076
-92.8260163916
-91.9761513206
-92.9306440647
-88.6919328595
-86.9227233782
-87.9166543721
-91.1267022302
-88.4729852837
-89.0370606975
-91.4735230865
-88.3048239436
-86.8997240651
-90.8890666754
-88.9112779679
-90.5332191942
-90.1649651408
-89.9241228139
-89.6123458446
-88.3844067477
-90.2085690163
-92.5017156259
-92.0890358014
-93.8635387232
-92.8743350545
-91.1597315088
-88.9647753492
-89.9107197604
-95.1059297308
-93.0769019808
-92.4337022552
-92.5742792705
-92.5537280863
