3668750000.0
97656.25
-79.3984160697
-80.4817191247
-79.2375040171
-78.3079059314
-76.3909152727
-78.2368824848
-76.8958772322
-79.5335483478
-78.0977026777
-78.4383677777
-75.6943951231
-74.9122789228
-77.2679800966
-78.8388849969
-78.7810466334
-76.9044963772
-75.5952297976
-79.0548933589
-79.9783157065
-78.7664595197
-78.7466382389
-77.6706697966
-76.0747096616
-78.8165134698
-78.0132104618
-76.5670798829
-76.6884847743
-75.833767281
-76.8227063878
-76.1726191309
-79.0822342885
-78.4591198927
-76.1515032864
-76.3914777572
-81.0632556237
-81.4714219896
-79.3537696464
-78.6850616571
-77.5274321496
-78.0749672681
-79.1768351201
-77.6891753572
-78.0223636127
-77.6566849341
-77.6820297928
-79.5119153664
-79.2458325019
-77.9137288509
-79.0394651765
-77.7121487997
-77.5532101524
-78.6170807053
-77.721879122
-79.2799118927
-80.4421089768
-76.8650596125
-76.6669017087
-76.3710203927
-75.8681312381
-76.5316473608
-78.4249602707
-79.8904775163
-77.8270910447
-78.6722772149
-79.270061205
-77.0077879439
-76.5236724882
-80.2249711368
-81.7264768228
-79.4816053582
-79.3296856411
-78.0704928661
-79.9607176233
-81.1378551283
-78.2077071487
-77.1239057653
-76.9244317232
-78.1223542517
-78.3091242917
-78.0458640381
-74.757738494
-75.3803201482
-75.403553957
-76.8107294907
-78.9583252607
-76.3755250939
-73.9232677646
-72.7621796759
-75.370618962
-78.7836703886
-78.40251211
-75.7093857811
-75.216382682
-76.704744938
-77.7872148865
-78.8157976135
-79.1724585142
-78.320333518
-78.6522731917
-79.8847762157
-75.3264026751
-73.5847812766
-76.1750046362
-79.2782077608
-78.9379622749
-76.6329801625
-75.2138586445
-76.041446862
-75.8049726655
-74.6297389816
-75.9030627322
-78.2164091796
-75.5205032851
-77.3455381996
-78.8407930234
-80.0883749962
-81.4920760649
-79.1930863238
-78.0583147748
-76.4266449137
-74.6620364893
-74.4038951783
-75.7605487337
-75.7616552068
-77.7552675912
-79.6680777663
-76.7507288324
-73.9782995548
-74.8135446011
-79.7008955959
-79.2478888203
-77.2563172787
-78.098304083
-79.2756725347
-77.1813163849
-76.4707765865
-78.8782872377
-79.2079690674
-77.2998851887
-76.3219841669
-77.985086128
-79.2631588077
-77.7689554785
-77.1265633346
-76.9694109753
-78.9601304342
-80.2473715755
-78.5301875831
-77.6316266683
-77.6249610003
-76.9873388496
-78.9691916652
-76.6665455734
-75.088557827
-76.9633171172
-78.5579797345
-77.3982703029
-77.3178576801
-77.172813902
-76.2224161994
-77.7388934561
-77.4612163019
-77.5682511746
-75.9437249998
-76.9088471824
-76.0247710062
-76.1372728422
-77.632111647
-75.8956923592
-77.5438180321
-78.4982948374
-77.2864033247
-76.2141535126
-79.7907414713
-80.5791908779
-77.5125669228
-77.2515058356
-78.7604878304
-77.7351811028
-80.427324432
-80.8386474461
-80.4421783344
-80.1047552301
-79.0892687114
-81.4192329154
-79.5986987968
-79.6216259504
-78.8764709901
-78.8400822707
-78.3935310436
-78.5104101016
-79.1899055382
-79.3516402951
-79.3360196965
-80.0229832502
-78.581603769
-76.987396803
-78.7189074138
-80.706165121
-78.7294217446
-78.7343662217
-78.0336483845
-80.0956886672
-77.1125923892
-75.7418865704
-76.961451637
-79.1573402648
-79.8607422778
-82.7212062859
-81.1486611314
-80.0023143044
-78.8618619243
-79.2552017703
-77.6426252184
-77.9271378687
-78.0362620278
-77.5172478185
-79.29439723
-79.2979184372
-78.6684970267
-74.181160132
-73.8481337175
-75.3227299364
-75.1478888567
-77.2724194465
-78.0561623301
-81.0003602381
-76.2977564486
-75.9566738064
-77.0850878407
-77.1321363952
-77.5845210494
-77.5054321567
-77.5618231531
-77.3368124118
-77.967499058
-79.0044974925
-77.724699182
-76.6305343819
-78.1881711419
-76.2874423083
-74.2605466838
-76.5672668327
-77.3866688592
-77.0491200351
-75.2613874182
-76.4943660911
-78.2777169674
-78.8678211615
-81.3966276465
-80.4804024813
-80.0375458275
-78.8546670512
-79.0705387155
-74.5174738208
-74.6772694579
-76.8615264643
-77.0364450167
-78.5182574357
-80.9568019216
-77.2272285843
-78.5327910714
-76.6531648251
-74.8749286101
-75.7956386585
-73.888984852
-74.7715385155
-78.0353951395
-78.5527804149
-79.0638838343
-82.25965587
-78.5737963216
-77.261660124
-77.3446496064
-80.3325367864
-80.6022820709
-77.4683414552
-78.6035203699
-80.971682311
-80.5761299386
-79.1070200574
-79.6129409097
-80.2964715795
-80.2367985928
-76.8832702182
-76.7319407384
-79.4324727217
-77.1787232542
-76.4111110573
-75.2747210041
-75.9732896571
-75.194561979
-77.038323887
-78.2902280683
-79.8514580926
-80.0605792809
-77.115665389
-77.0934127128
-77.6221112215
-78.222426067
-78.5301650696
-78.1350423807
-76.809003391
-76.7815813379
-78.3992817854
-79.6475938651
-78.9804132345
-79.731593445
-80.9815288603
-82.2250025289
-80.0299719687
-78.7700053696
-77.1922804531
-77.1299502122
-78.6445579256
-79.2518326755
-78.3201917998
-78.4097517136
-79.0631773469
-79.8861280904
-78.6214073357
-80.0292109306
-80.6670669894
-80.262898009
-79.7327061643
-79.5507019384
-77.7839747502
-79.8641334444
-80.134222008
-79.8146614333
-79.7651492045
-76.8580403869
-79.616769554
-81.149244247
-79.1266793579
-76.0236178159
-74.8105917348
-75.840501134
-78.1354582287
-80.8043649835
-81.0992199183
-80.1326756401
-79.4077028837
-79.5856141909
-79.1054136008
-80.8699008613
-79.2585328895
-77.7077723248
-75.0653360441
-77.87989887
-79.8316659219
-78.4007048097
-76.1659128453
-78.4100870134
-81.1341553471
-79.0124111401
-78.6095919095
-79.8996093254
-79.4134583854
-81.9809377668
-81.5201777328
-81.7937942834
-81.0797036533
-81.112281105
-80.9968955457
-78.3881204432
-78.1746968827
-80.4189368631
-83.1938066939
-83.7946786379
-83.5327563335
-80.9728781474
-79.121035568
-77.6816530453
-77.8424419157
-78.728440787
-80.0346294552
-79.893141293
-79.6185322154
-80.6725131104
-81.6980213791
-82.88300663
-81.1880336762
-80.1143717311
