4006250000.0
97656.25
-82.5642499557
-83.5055745137
-84.7747259173
-83.0310473382
-84.731974935
-80.3798649716
-81.4300532169
-82.4005659995
-83.9097070565
-82.8441184268
-83.3838656053
-83.8575384467
-86.3820257907
-84.1146598553
-81.9477449637
-81.4373047032
-82.5237850361
-83.2708631776
-82.9464557814
-81.8773157906
-80.8237792946
-84.138131988
-83.9269996743
-80.3906245446
-79.3885054708
-80.9277656229
-82.5282228213
-83.1199398872
-81.2910695356
-79.8818918418
-79.2971697546
-81.1366994278
-82.1547285192
-78.0402304479
-79.365768641
-80.0464330847
-80.1283459107
-79.6809541545
-81.7933451625
-80.5965211389
-81.6254336723
-81.9137343566
-84.2503914455
-87.080191977
-83.8803810942
-81.3711570927
-83.6486275474
-82.1750456158
-79.9904084583
-79.1912079131
-78.4855487455
-80.7987333568
-78.5740968075
-78.9576137454
-78.9800456191
-83.3983139798
-85.6277585382
-81.1959407002
-80.1172014802
-82.8515092693
-83.4101037881
-82.959233768
-83.4247443772
-83.7204183111
-82.6592459399
-81.4138611761
-79.8784691656
-81.6276642002
-80.5335249045
-80.5527389384
-80.4427123105
-80.9493867618
-79.089100383
-77.1405005741
-79.8914135655
-82.0692766408
-82.7407561526
-81.1827149113
-82.464629846
-85.060341484
-85.1378406907
-84.1619861128
-82.1606484474
-81.7019999107
-81.6228157226
-82.4293937611
-82.0629133243
-81.4208874549
-79.1749620111
-78.9123014125
-81.4395160111
-84.1307968377
-84.7682437944
-85.0746629104
-83.8522516217
-81.3865740956
-82.5936624195
-82.7755320508
-81.7539699606
-83.0275025916
-81.658779604
-81.4342480744
-82.1191454877
-80.1380666892
-79.7143511433
-80.0854594146
-82.4004706207
-82.6941153742
-82.9171951346
-83.2569054058
-81.0683634531
-82.3276349046
-82.7489707927
-83.1030051915
-83.156778898
-82.209906411
-81.2181537668
-81.2901454787
-83.0859355528
-82.3554035047
-81.4802565113
-81.8058898807
-79.6521145103
-81.0455310919
-81.719444497
-80.5751336473
-78.3762524094
-76.3099497014
-77.1981778048
-79.6920642426
-80.6180437257
-80.1166722907
-80.7766915882
-80.2133313238
-78.4748950729
-78.0379926989
-80.3901782098
-84.8377130429
-82.4452161308
-81.4867505872
-81.2877999822
-82.5660415146
-80.90478478
-83.1609150312
-87.3939597399
-84.6169328605
-82.3181634442
-84.1696709876
-83.3392901801
-82.8024847611
-79.5425171459
-79.8234456486
-81.88678014
-81.4245714187
-81.7774945296
-80.6478494125
-80.885785946
-82.8142857647
-81.6293439696
-83.7974403394
-82.5560921531
-83.3748032036
-83.1007188753
-81.7537645007
-80.4519723105
-80.3749809511
-81.5706152108
-80.9295983626
-84.0736332877
-84.07237989
-81.1570866437
-80.1762341198
-79.1465411976
-81.5667221378
-83.5253651706
-83.2528353656
-82.0418650433
-81.5869371855
-83.2311523596
-81.4124081894
-81.1567639724
-78.6091077982
-76.1245826912
-77.2927386159
-81.3267640829
-78.1865995297
-77.3793849592
-78.6812871437
-79.5685272665
-83.1302510686
-82.2763089096
-77.4905806175
-75.1286824464
-76.5428759849
-79.8364372395
-82.4725511584
-81.3435640445
-83.7785372472
-80.1641328306
-79.9954262877
-82.1439610465
-82.5158973226
-82.0410979406
-81.9548794491
-81.6045532313
-82.8315326073
-78.7453322603
-77.3679165346
-78.1868801817
-81.4442033502
-81.2752792627
-82.453526516
-82.6968113825
-83.7792364573
-83.0394981175
-81.3742158
-80.8203587907
-79.4050959145
-78.1316634917
-78.7800903036
-80.7927560547
-83.8339165325
-81.3796005785
-78.6689104496
-78.8426614343
-84.0559387373
-83.7011468882
-81.4213488567
-81.1174821115
-80.4764511893
-79.9901160855
-78.3933554453
-79.161670068
-82.8005426643
-83.6398551451
-82.7655393201
-80.236227569
-77.8162652772
-80.4465064912
-82.6590659196
-82.6366371504
-82.0949443206
-80.469467772
-82.0116053356
-80.0716504907
-80.5072274982
-79.1718090136
-80.3321184564
-82.9463603817
-83.2181020572
-82.7422871529
-81.2458013969
-83.0784207232
-82.5629481047
-83.2685021724
-83.039601058
-83.1013366013
-81.8913307963
-81.1622205098
-80.6376125187
-82.4051970926
-82.0367944061
-81.3988222638
-81.4939860732
-82.5749865263
-83.4026765822
-81.2807523104
-80.6611140348
-80.7655434647
-81.0794543877
-82.708420091
-83.4186828041
-82.6682158067
-82.8410376381
-82.8349497351
-83.7621087412
-83.5113458308
-85.8191109391
-83.457442816
-81.9914624369
-83.638270359
-81.3190917431
-81.6486616195
-85.4103409485
-82.626006002
-82.4280167059
-80.4615244261
-79.6819134733
-84.5045157109
-83.2617943845
-81.8500215441
-82.0782137589
-84.200320445
-82.8884398898
-84.2172565975
-82.2185770625
-79.2682275125
-80.7023037274
-82.9251237043
-83.9813911093
-82.0295890407
-81.2421908201
-82.3311158778
-84.4159778509
-82.6207922283
-84.3838987995
-84.5962356389
-85.5371788771
-86.1691237941
-84.1009355679
-87.1227869134
-87.1903033669
-82.8995347679
-83.4578812699
-80.7446113875
-81.3818947799
-79.9182889245
-82.4595076332
-82.7656689994
-83.096921936
-84.8631038974
-81.5371335856
-82.1571580531
-81.7767961091
-79.9184886004
-81.3318493469
-84.0247608326
-83.1144986106
-82.0086058918
-81.2832860122
-83.93329069
-82.4330221119
-82.7990255121
-84.4921306482
-83.3081988052
-84.1385078985
-87.1913848398
-83.6968227446
-83.5203460176
-83.5456346854
-83.9150652888
-84.144657646
-82.4215900366
-81.1825171009
-81.1674369963
-81.9938461436
-84.0722483225
-84.4692886121
-83.4749369434
-83.5947617561
-81.7878151597
-81.7821216729
-83.5722780661
-83.0824320674
-82.2932086381
-82.9561704722
-84.0192251302
-82.8747364828
-82.8166682376
-82.6727692489
-80.1354938431
-79.3271144301
-81.7757362212
-86.2637101874
-87.3764023199
-83.5133238188
-82.4036741568
-83.5614430955
-83.0660834633
-84.2728158004
-84.5943667839
-83.1419527286
-83.7819376456
-85.2263766715
-85.2210546954
-82.7613989585
-85.2355340869
-86.1579141725
-83.9091737299
-80.194449784
-79.635220453
-79.7922420542
-80.7203456768
-83.9048296377
