2018750000.0
97656.25
-63.3035891712
-61.8554406553
-62.2968455761
-63.0087021959
-63.0164520016
-64.9340421458
-65.5897084765
-62.5348122737
-60.4713310964
-62.7648537968
-64.6590674942
-64.1471917825
-61.7259480364
-61.2431727763
-61.6617347623
-62.9611677899
-61.2649156393
-60.8136697005
-62.8382289672
-65.1505984233
-65.0529276974
-62.4032699796
-61.3526900444
-65.4595708427
-64.0185775146
-61.5815676519
-62.9141152972
-61.7876290644
-63.7050661719
-62.9134321845
-62.9036118476
-64.0940287692
-64.3983327307
-65.0158122183
-61.3432907573
-58.867062546
-60.8067000231
-61.6566374539
-60.302132088
-61.0916525443
-62.620399571
-62.4362551475
-62.1877281821
-62.0689475159
-61.4947210077
-62.619995838
-62.6360285936
-61.1980427369
-59.0747709653
-60.0375189022
-60.9522733424
-61.6789965645
-62.3398990114
-62.3837300015
-64.9918483282
-61.9934457533
-62.7293176862
-64.7359990224
-61.8652408602
-62.160690969
-61.7893201555
-61.0491584805
-62.6725277023
-59.9417393233
-59.1451998104
-58.1665142394
-59.6848749192
-60.1525615047
-59.5766738623
-60.0203691304
-61.1256374711
-61.4822357603
-63.8682699272
-65.9541976099
-63.3027586818
-61.916295492
-61.6870939851
-62.9657079303
-62.1747298693
-63.1645602249
-62.2063385139
-60.4494124631
-60.3312113246
-61.2067029303
-61.0952740262
-61.2714043217
-60.9714586715
-61.5557818391
-61.8406870242
-60.8003422437
-62.3672250675
-65.2518768795
-63.9110652178
-63.1356467449
-60.4852314046
-59.6672887199
-60.8216585463
-60.8355067016
-59.2861332007
-60.5597738154
-63.4637391269
-62.6297786722
-60.1839046746
-61.7084341633
-62.1151385803
-65.5674417672
-59.6182792736
-59.8062432689
-60.282814287
-58.9331453781
-55.4044228765
-56.4315383607
-55.7171326106
-55.7246331615
-52.4038120798
-52.6835822359
-52.51989371
-52.3071996816
-53.8248588907
-55.1279950534
-53.7688036194
-54.4106280986
-57.1235966624
-55.9347107229
-53.4115992201
-54.0676843851
-55.9642364706
-58.4761091182
-55.8112159887
-57.0134833867
-55.1286654609
-55.5439712684
-54.8593645654
-55.4888425609
-54.3984553371
-53.4781113449
-54.4542700095
-55.4232198896
-55.7313074077
-56.4745695651
-55.7430790908
-56.6858024173
-56.7345244541
-54.8906524662
-57.8438126469
-57.3446038304
-55.9707817135
-55.798395994
-56.0723740069
-56.6195218966
-56.6773861983
-54.1170948198
-52.6548593719
-52.5188970294
-53.5364282848
-52.8402311343
-52.7786930346
-53.5825911383
-53.8586424728
-53.9079881823
-55.6447924383
-56.1707350791
-54.9318343359
-55.3298286118
-56.5603865256
-56.8705246636
-55.8015568689
-52.4808640813
-53.2089224904
-53.5111293419
-52.4391230157
-55.3501943681
-53.3308559169
-53.493054481
-56.4935035803
-56.7068599588
-56.5811071305
-56.0486389267
-55.3042933631
-55.3898857623
-58.8340465865
-55.9577460144
-55.3681262162
-54.7580758362
-53.9847389413
-52.2742959055
-53.5226756164
-55.1518448845
-55.0091091598
-51.2761486471
-51.6581505344
-55.1410055245
-54.4455740518
-55.5302130817
-52.4974144763
-51.8930774699
-53.9865227847
-54.9510659634
-53.1481305398
-51.7435383683
-51.4730234422
-53.4724052486
-56.5913657137
-50.9758484787
-49.7118761831
-52.6477123852
-49.299109267
-50.4991156849
-55.2500229814
-56.3656907584
-56.535976258
-54.3939769774
-51.6436523272
-51.3110609225
-50.5738391824
-49.7173487968
-50.1438749432
-51.7542099779
-54.2787741193
-52.9737706578
-53.6088963851
-53.8676614147
-54.5352824162
-54.5396850387
-55.2771509088
-54.5576544642
-54.6470823702
-56.6013986033
-54.5838724246
-53.0680977843
-52.6374729286
-50.8160227092
-50.0431029496
-51.3959713782
-50.0418925056
-51.1342315208
-51.1289237009
-52.1884160152
-52.8580453703
-51.0808306608
-51.7001142779
-56.0572826894
-53.1330960154
-51.087774426
-53.3051133887
-52.0848247471
-54.1275384512
-54.6891520598
-54.8414005664
-56.1087611287
-58.7898510798
-60.0508511391
-60.0960374377
-61.0213751113
-59.449423705
-59.8888377859
-59.3185038897
-61.1119002839
-59.8828183017
-61.2701949454
-60.7085909938
-58.9341339746
-62.0430342493
-61.2364772299
-62.1605307616
-62.7648744637
-62.6064484946
-62.398907174
-60.2958454811
-60.5443034902
-58.2114239553
-58.4079547759
-58.380081094
-59.1633776467
-58.0861664053
-58.8126296322
-57.8037010371
-58.0400407961
-60.2416684153
-58.945491747
-59.7303466815
-61.4472206427
-61.4940815665
-62.2198696816
-58.8086249292
-57.7234686493
-60.2651500964
-60.951283278
-59.7109894688
-60.997249062
-61.5801543378
-57.7923978101
-58.7496482091
-59.6347577574
-59.6736622766
-59.2728642295
-58.8013450987
-60.51496246
-62.5915180684
-62.0408780407
-62.7266521587
-59.8309991821
-57.4748065885
-57.6558520467
-60.3486229582
-60.0760687649
-60.5187655355
-56.1899134702
-56.0908261862
-59.8482531012
-61.0947491782
-58.6454991191
-56.5233594336
-58.1107537653
-61.3053098897
-60.8777082194
-59.9530270121
-60.5544315912
-60.4174032744
-59.4804440344
-59.4310944885
-60.8415236554
-62.5757639124
-61.1892612194
-58.8629701245
-59.1209160859
-61.9704331943
-62.2472517699
-60.687717538
-61.7914488352
-62.8754851855
-63.8380557134
-62.3601662388
-60.1481318506
-60.4425408004
-61.1290459097
-60.9660334152
-61.8722256516
-62.3296533079
-61.181317598
-59.8773737136
-59.6455404629
-58.5582971666
-59.9919763879
-60.4746888103
-58.7913398505
-60.0484672113
-59.6152248032
-59.5808248768
-61.4564159567
-59.9550842934
-60.8575997827
-58.9925015692
-61.265002984
-59.7152132152
-59.4238689058
-57.6872744624
-58.4149307672
-59.2765192338
-60.5654830384
-58.8448816534
-62.9205238985
-60.2811528717
-59.7458136861
-58.0340538457
-57.9371493642
-58.2558781395
-60.9986124366
-59.4088377225
-60.3005705018
-60.0287352556
-60.1535774564
-60.4556182292
-61.9184564205
-64.6440826826
-66.4668863771
-62.7581450821
-60.5081107789
-61.0269984241
-62.4083611381
-59.4835854719
-60.2836503617
-60.7863534152
-58.5672468702
