3443750000.0
97656.25
-67.5532641461
-68.1749530285
-68.4719439608
-67.5927203606
-68.1968597126
-68.9421508452
-68.0122509348
-68.9680306871
-69.0045891302
-68.8670876253
-68.1349067838
-68.5150284568
-68.6044525606
-68.9768088359
-68.4117509713
-68.9188595973
-68.9503791209
-68.4208719007
-67.9008278748
-67.5012777131
-66.871555005
-67.8288043202
-67.8555218322
-68.461867633
-69.0574409868
-68.473661374
-69.0068180105
-66.8356784838
-67.2583137349
-67.5296793584
-67.4114816253
-67.1276376132
-68.2009009253
-67.0177168299
-68.0585869267
-68.2920468437
-68.0934961054
-67.3329459242
-67.9078429713
-68.6982610199
-67.4282434678
-66.8674127163
-67.6388548584
-67.2553803212
-70.1949707757
-70.5662018906
-68.874189983
-68.2536557272
-67.6869409418
-66.1830385745
-65.8170315398
-66.3469570508
-68.5414052181
-68.7688387208
-68.8391732478
-69.360452255
-70.1177413731
-70.2355931073
-68.8949818728
-67.5859640115
-67.8905274806
-67.6383556611
-68.2627853536
-66.8931517783
-69.6780158397
-68.421465632
-68.7492927537
-67.722349771
-66.6962374406
-68.1836197349
-67.2370131956
-66.558790979
-68.7714551088
-65.5583795163
-66.578311323
-66.3567804056
-66.4100638789
-67.3959274092
-67.9562583976
-67.7598998567
-68.1726927201
-68.3604446915
-67.612924096
-69.1123390885
-67.8442353818
-66.0296237285
-65.5563960383
-64.732010044
-65.7534122827
-67.5808138262
-65.2237807492
-64.0976500311
-65.2931937005
-67.2501733292
-66.6167527979
-67.750302974
-68.48989872
-68.5934229577
-68.3247216861
-68.9580123751
-68.0631475766
-67.7111000362
-68.9655144764
-68.6369396331
-67.4653091867
-64.9414220339
-66.4928311454
-68.4043634735
-68.0479524603
-68.4648905786
-68.8528416504
-65.8571661084
-64.9046453129
-66.0031792249
-67.5366567977
-66.3642889452
-67.0011222722
-68.7866979684
-70.6808726148
-68.4495858467
-68.4268742807
-70.0087869185
-69.0276681844
-68.2326950377
-69.1299725436
-68.8286045743
-69.0868295537
-67.3888480704
-67.9314910952
-68.5794728285
-68.2105848124
-67.2675236893
-68.2545376503
-66.3801883451
-67.1158786297
-67.8669441347
-64.4050656946
-59.7277635095
-58.0503340761
-59.4767811104
-61.238161055
-63.5468485977
-66.8713522705
-66.8462982718
-66.9697293433
-68.8033979053
-68.2314964122
-66.9113979289
-67.5053814361
-68.593822329
-67.9428129516
-66.9842740079
-68.3811393055
-66.9695838125
-67.4456411039
-66.9918779099
-67.1801060646
-67.4685220389
-68.4942959551
-69.1566344413
-67.3458775593
-66.9938769403
-67.4543128882
-66.9947293881
-68.2749942451
-68.536885529
-68.1325052901
-67.7265982141
-69.3601981071
-68.1838304697
-68.1023628055
-69.4529845239
-66.9293575161
-66.0872620251
-67.7279750302
-68.2987839367
-68.3164739641
-68.0552192711
-67.7576685558
-67.9348215336
-67.2993102722
-68.3217021281
-68.6104336701
-69.1120490891
-69.1648074239
-69.5984089836
-69.2928436645
-69.0848034618
-68.6207920396
-68.7097300174
-69.0762089598
-69.1159919016
-68.6210531322
-67.6862839938
-67.0120725171
-69.1519867345
-69.1917311214
-68.6720998152
-68.9361550247
-69.0280307474
-68.745363441
-68.5399590923
-68.4183383694
-68.7984471955
-68.8624214234
-68.7092936907
-68.1891455679
-68.9665805945
-70.2401487257
-68.1588399906
-67.7182803443
-66.78227732
-67.7161946734
-68.8341005452
-66.5781738139
-69.5840193237
-67.4936744273
-68.5772289143
-66.5775989599
-67.4538524322
-69.7831696894
-69.0875784202
-66.8028820903
-67.7469813405
-68.9093308956
-69.9394597823
-68.5718277958
-68.819953038
-69.4659516962
-69.9559430663
-68.0654996043
-68.3999660539
-68.3935686676
-67.4242426266
-65.3644992426
-65.4479488411
-69.2617183189
-70.4081688266
-68.4963447767
-67.4375247062
-68.8827124174
-69.261005896
-69.4647362772
-70.6711745656
-68.4246939904
-68.696412283
-68.467300964
-68.102215115
-68.5413892329
-68.803240693
-67.7704251088
-69.0633356602
-69.6464969152
-67.8182961947
-67.4632361942
-69.0145805777
-69.9923147367
-68.7592746349
-69.2378740164
-68.7645535598
-69.3082196634
-68.0993997903
-70.3560552333
-70.4171760309
-68.6555057441
-69.8796544076
-67.8042871561
-68.639226125
-68.0904374695
-69.9285040863
-68.4184764926
-68.554032642
-67.3462098079
-66.8728022523
-68.9501888517
-68.3277625082
-67.4946745892
-68.4839935779
-68.9331054657
-67.3393968282
-69.4191089314
-67.8492403327
-68.5093920173
-69.5547695199
-70.1202592771
-68.1505133682
-67.50973647
-67.7890354727
-69.051354556
-69.3503293053
-69.4704537965
-69.8014319302
-69.2892110506
-69.457079529
-68.4930375586
-67.818957378
-69.2169593101
-71.2304729064
-69.2867688536
-68.5978330575
-68.3202927252
-67.7666838584
-68.959215817
-70.5707855068
-69.1999594592
-69.9258636311
-68.7769341895
-69.4070259961
-69.3373833525
-70.4406034444
-69.6780400683
-67.3233074014
-67.793949762
-68.1604048415
-67.1431937434
-67.333055744
-69.2330066894
-68.1959331055
-68.4223347798
-70.9183332772
-68.4746136159
-68.8866337449
-69.8143922631
-71.3342224915
-70.2314257952
-69.3315712168
-69.2173276496
-69.4111317615
-70.1817577148
-69.7970557074
-70.8729144174
-71.059218808
-69.9979337559
-69.2848205106
-69.6153654364
-69.017886113
-67.6695602228
-66.0772529509
-64.0547822923
-65.00749405
-66.8960777708
-66.372969221
-69.0581267862
-68.4010636301
-66.1302445163
-66.0667086157
-66.0529425676
-66.1746600299
-69.321793751
-69.792796034
-71.1908252749
-69.5628773669
-68.1975327135
-67.3797512713
-68.41462393
-69.1419032542
-70.4854776141
-70.1638691164
-69.7569323502
-65.592504288
-66.9401784441
-70.898494403
-69.1645316679
-68.1152950064
-68.3572793297
-70.1818561839
-70.0616325942
-70.1924126579
-68.5495961872
-69.7432573736
-69.4436665224
-69.957792128
-69.5722462835
-69.6638556623
-70.9211040077
-71.2231761428
-71.3921268842
-70.0911942489
-69.9610997654
-71.4960715406
-70.0083553251
-70.8137018696
-70.4725907661
-70.5462540437
