3293750000.0
97656.25
-69.3376799064
-69.0031126246
-70.0616288133
-67.2496306793
-67.1743752039
-67.6344712889
-68.1436626825
-68.6956119703
-68.2504789087
-68.3704475355
-68.4106535636
-70.4635021182
-68.9986755929
-68.0939724845
-66.4919066343
-68.828377189
-69.7282727534
-68.096114967
-68.9587012257
-68.1002733995
-66.0037392947
-64.4993664847
-64.3657316367
-66.5339033501
-68.2701200846
-67.5664809606
-67.4626173065
-67.9285184526
-69.1925350958
-67.9072382073
-65.9380936189
-66.1920568015
-68.6233038222
-67.689966811
-67.5349547052
-67.798661041
-69.1201236364
-67.4986938403
-68.5853699711
-69.3268464412
-68.8770756286
-70.2587132184
-68.4950752428
-68.7249513171
-67.800650918
-68.4852768249
-68.7462223156
-66.8514859225
-64.4195446968
-65.0933821184
-66.6532686029
-67.0559296502
-66.3723881994
-66.7752016843
-68.5019238158
-67.33589768
-65.3352902137
-66.2356919143
-67.8340913253
-66.8384323955
-67.2012438774
-68.2342693564
-68.7801637216
-66.0280465424
-66.8305531901
-66.07570502
-66.7380707658
-69.027287112
-69.6604270017
-69.0100246496
-69.1245274379
-70.1871214842
-70.0670505786
-66.0330363407
-63.9079355439
-65.2382871478
-66.8994933136
-67.3852766567
-68.2073993126
-67.9801434833
-68.1142614159
-68.0664656627
-66.5520497472
-66.4571891698
-66.6547721742
-68.4382032209
-67.9490402309
-66.0875369261
-66.4680277856
-66.7099481622
-67.8915713575
-67.3825396083
-67.3225238995
-69.3016528551
-68.033444944
-65.9118712914
-66.4896643214
-70.1199999699
-69.538148478
-69.4567388925
-68.1224757483
-68.6124282021
-66.2414690068
-68.6251769186
-65.4754102543
-64.684314354
-63.9860489628
-65.3888750402
-66.2706654467
-63.4151038935
-62.8293988405
-66.7375747925
-65.9276261561
-68.1060783905
-68.9038895489
-65.6713427452
-66.8515368755
-67.8246495205
-65.4671185498
-65.8239225048
-65.1906357287
-65.792039077
-65.1642341052
-66.0444282334
-67.565524184
-67.1489506022
-67.0443529073
-68.5644488501
-70.004757754
-69.3458616093
-68.5031528065
-65.9405192549
-66.4331107806
-66.6496394817
-70.1257449741
-67.3362646038
-67.1129337322
-67.6353246781
-69.1437976929
-68.5120380482
-66.8880771977
-67.0505231897
-67.2977529313
-67.2274441475
-66.142509667
-65.3235977196
-66.457769923
-67.4649270386
-67.2575528832
-67.4936362862
-67.9499835668
-68.6330846238
-68.1696903151
-67.1227821757
-66.6390812576
-66.0288036928
-66.6674355337
-65.8537667576
-66.6162807483
-65.7941882148
-67.7243093953
-69.2876528357
-68.1656712399
-67.6721387648
-67.4703232002
-68.3159840672
-66.1669061982
-67.2176848666
-68.5210278332
-68.8665468264
-67.6822822106
-66.5853772372
-65.3484502187
-63.9216798509
-63.9898573441
-67.9845982375
-66.3981166054
-67.041164804
-67.8047408382
-67.9442590275
-66.5304124457
-65.9500312889
-67.8259181886
-67.6171409563
-65.9336078607
-66.9788154948
-68.2644478293
-68.7351302199
-68.8458509302
-69.0091363897
-67.2231825531
-67.6016892566
-66.8001391243
-66.9916064974
-65.8190124662
-67.116687558
-68.068190031
-67.231049609
-67.1048012075
-65.6339089198
-65.992494317
-67.3713255348
-66.0925770576
-67.4708765574
-68.4368497117
-69.120520046
-68.8935627045
-67.2857576391
-64.7144739738
-64.6780130675
-65.8649310802
-66.9969491911
-68.5979428201
-67.1566592503
-66.8851545671
-67.6180321102
-68.798718248
-66.61257113
-64.8982389556
-67.0661431109
-65.6429019023
-66.781486884
-68.425855196
-66.7770130917
-65.337354985
-67.5266445157
-68.6353929837
-66.9112803726
-66.8235480119
-67.8207293843
-64.9717179435
-64.1590934878
-66.124416573
-66.6793923969
-67.502886481
-65.3471652232
-64.1331387958
-65.097543252
-67.4885539518
-68.1213246233
-66.8525311793
-65.3325239121
-66.4937602871
-65.890672575
-65.5379941366
-65.4871649778
-64.7477694863
-65.8439081671
-67.6454272005
-68.2767552628
-66.2323643955
-66.270894993
-66.66287711
-67.3019499551
-67.3195968565
-64.9346887403
-65.5933234129
-67.6684836186
-67.0804430127
-67.6501969893
-66.6446211055
-63.9811913509
-64.5821505953
-66.6943607335
-66.3301320395
-64.9673882866
-64.7393556569
-66.670941394
-68.6508002291
-68.0384646101
-67.4665436578
-67.1337553342
-66.5820144041
-66.4797335029
-67.3362201945
-65.7735717772
-66.1638812743
-67.5114226341
-65.6589746425
-65.7672927624
-67.4611327973
-66.3947656209
-65.7696379636
-66.9673066649
-68.5091989631
-68.6802398991
-66.7961218002
-66.8426027746
-67.3131065597
-67.4032948217
-67.8103403178
-69.0165418006
-68.3111226656
-66.9811135673
-69.3909976504
-67.8432275215
-66.2474321839
-67.801145659
-67.8850227356
-67.0946772874
-64.5387038113
-65.076284654
-67.1657572684
-67.1857409377
-66.429454554
-68.5144341525
-69.5916726441
-68.2351070747
-68.2532531998
-66.3411396784
-67.0272386643
-65.7909795206
-64.8363206345
-66.0607475455
-65.6335030698
-67.6699966552
-68.6504459728
-66.3870106534
-65.414525731
-68.9866377795
-68.8230406912
-68.7982807405
-67.5164658868
-66.7273291509
-68.3673974505
-66.3632354261
-67.5570283876
-69.3796833197
-67.7729938189
-66.9924195426
-68.3891818733
-67.5872294622
-66.5451211786
-65.8213363993
-66.5965262009
-68.2500608971
-68.7057111924
-66.2658397129
-66.6669183387
-67.6320465799
-68.1018362799
-67.4030515605
-66.9354498922
-66.3948403802
-64.5261896082
-64.7025501367
-66.0256601085
-67.1144841472
-68.0018735029
-68.0833499535
-69.221943361
-69.2709228834
-68.6412466493
-67.5637535447
-67.3656484961
-67.1329226739
-66.2938190076
-66.0477131334
-65.7218050795
-68.0653375101
-67.8813676275
-68.7179521049
-67.4486166246
-67.674380365
-67.7767573913
-66.7557218754
-66.9307914494
-66.7619895379
-66.4211487144
-66.167693435
-65.8811210672
-66.4101755079
-67.1958520505
-68.4190344971
-66.2892230337
-66.6289126307
-64.8371864732
-67.7476051245
-68.9041431273
-68.7216064315
-69.1025603609
-68.0672254469
-68.1077028326
-69.36150475
