4343750000.0
97656.25
-85.124035338
-85.1041302529
-84.1517408568
-85.1347415504
-85.771307338
-86.0337146299
-86.5540727182
-85.3330025459
-86.5860827629
-83.8191302243
-82.6093735569
-84.1412409402
-85.7262993877
-84.9631801948
-84.3814797669
-85.4682171687
-87.0985072495
-86.4160265905
-85.1327501117
-82.6814445712
-84.9811052462
-85.4225585217
-85.3102459716
-85.6852573791
-84.5596924044
-84.7441998161
-85.2286142791
-85.3471574557
-85.8596859388
-85.5732779523
-85.5452452789
-85.3073130627
-87.2153342485
-86.7940891291
-85.1217069966
-85.6795686008
-85.6923272435
-84.5089046232
-85.6784813112
-85.5106382526
-85.134125618
-86.0361369915
-85.5969812582
-84.3917204287
-86.1456417453
-83.8038191555
-83.4613339193
-85.1790187055
-85.0243852834
-84.6054862229
-84.8708987811
-85.0608714963
-86.7094463743
-85.6614757185
-84.7348125869
-86.2527991015
-84.7474679216
-84.3458890917
-86.1463523484
-87.5722407776
-86.5384406619
-85.4031995934
-84.1965698522
-83.7415452423
-85.4685221671
-86.3563024468
-86.6473012881
-84.8279041685
-85.4851141267
-84.9937349986
-84.0828446661
-84.7441643151
-84.9879977376
-84.4333914515
-83.2240443051
-82.3313363817
-84.8785934501
-86.4177732354
-85.4599620879
-86.1322191673
-84.9530533721
-85.4993405168
-84.6790417447
-85.2086868192
-85.3707221109
-85.3238690211
-84.6978737611
-83.4613037646
-83.7729855679
-85.1947682166
-85.3634105796
-85.4889405017
-85.1435311594
-86.7297041735
-85.4127487676
-84.0319185854
-85.7311148822
-85.3719949585
-84.0289196176
-84.1054737569
-86.4164400046
-85.3576789991
-84.2592469384
-84.1893615886
-85.4105186432
-84.7199109979
-83.5114736594
-83.3320649516
-83.1719782568
-85.2772982988
-86.0841571797
-83.9980224569
-84.1681928765
-85.3739747435
-84.2580954549
-85.6232905649
-84.6738677607
-84.5339093762
-84.1993917687
-84.1886454265
-84.3956121379
-84.7389711781
-83.8937994476
-86.05113206
-83.9243978256
-84.8953305291
-85.3283269952
-84.7988629849
-83.9466573183
-84.236634859
-82.4161132751
-85.0742473726
-84.2596062141
-85.9194120306
-85.8885841692
-84.963169643
-85.2171873208
-84.8304088267
-84.647344904
-85.007124705
-85.3989781992
-84.9011174208
-85.598599818
-86.1390323408
-85.770561435
-84.4662637436
-84.1891571529
-84.5100097657
-84.8241449744
-84.413752589
-84.8385955331
-82.8587957165
-83.6152293997
-86.0265432547
-84.6348033574
-84.9109998144
-84.3266761408
-85.4026714702
-83.7211832296
-81.0935691945
-81.0982754535
-83.6354023406
-84.0211950328
-81.8415995896
-81.6650115989
-82.8569252315
-84.964146602
-86.3346131952
-85.765468182
-83.8632532128
-83.7844935598
-83.9495717166
-85.0925047796
-85.2694192721
-84.8267233681
-81.7621757506
-81.8457202284
-82.7147639859
-85.7314883206
-85.9753219807
-85.3057015532
-85.563851936
-82.9546674907
-84.4466857157
-84.4602770689
-82.7761196806
-83.3637455342
-84.1196548675
-84.2563110343
-84.1325552191
-84.2702799981
-81.1961319632
-77.627541912
-79.8525188818
-82.9416532011
-82.7183847279
-82.3702315998
-81.8766693231
-82.8608620843
-83.9120496931
-84.3950512861
-83.9121866913
-83.3751199292
-83.335649977
-83.8289781041
-83.3464547285
-84.6487013884
-85.0531700599
-84.6183672195
-84.5241253144
-83.9036408693
-84.0506605174
-83.2512606248
-83.8078160439
-85.6786889854
-84.1684669634
-84.7935907973
-84.4256780762
-83.3619498596
-84.5617099328
-84.0625988963
-84.6298933813
-84.1050071012
-83.9060511833
-84.3665491192
-85.9810394682
-85.0940905215
-83.8032710205
-84.0372284956
-84.0783191257
-84.1397194243
-85.1511764023
-86.1151767624
-84.2110097428
-83.3148637517
-83.6736254892
-84.0924721443
-85.9402669414
-85.7724455025
-83.8267648117
-85.9266788122
-84.8969801709
-85.2463830548
-84.3406921966
-84.581863704
-85.3927617662
-85.195940849
-84.2731388088
-85.28178338
-83.2561750263
-83.5535688066
-85.2106077023
-85.2408474563
-86.1998635524
-85.4750453217
-84.9368131687
-85.2314090256
-84.0514513316
-84.9663261707
-84.0544988259
-84.7199562782
-85.2669955859
-85.0674761322
-84.5786056489
-84.6144677843
-84.1913908466
-83.4300405186
-83.3809377096
-84.2476570161
-84.99572543
-85.1258095889
-84.8865497854
-84.9808134744
-84.3374723283
-83.561737873
-84.2048805802
-83.6396899677
-83.843903103
-84.889594831
-84.4097388414
-83.9247988197
-83.5699715095
-84.9150003365
-84.3205458206
-84.1108233936
-84.7788229557
-84.4595166203
-84.7420166593
-84.073113502
-85.0317430593
-84.5537034196
-84.0119506723
-84.2472130317
-84.4558680307
-84.815593534
-85.1412143318
-85.5706884721
-84.7593485312
-84.2717731977
-85.1696650325
-84.2862556372
-86.1714326049
-85.6783147961
-84.6631405461
-83.8267869921
-84.868966321
-83.5716815016
-84.991151946
-85.4901133102
-85.7121360894
-87.1338800464
-85.4706769136
-84.5206877856
-85.3352161995
-86.5645895927
-86.0012415883
-85.8507754682
-85.3365781924
-85.8907909763
-85.5187435562
-86.1487317303
-86.5286496549
-85.3483342753
-84.770425038
-85.2959004413
-85.3257488952
-84.5092913728
-83.281273544
-84.512034701
-86.4931028249
-86.9481725937
-85.3201297771
-84.9015647326
-85.0666572766
-85.8855985014
-85.020448901
-83.0787836122
-84.2340792574
-84.1351003855
-85.0621787491
-86.5850497039
-85.4104124754
-84.829564991
-85.8674670762
-85.4668971239
-85.8832749469
-85.1412781781
-85.712093654
-85.4750973747
-85.2706174653
-86.0621997564
-85.7460177426
-85.955876814
-86.1023735497
-84.6927920883
-85.3150200276
-86.3857937924
-85.993142669
-85.2423861701
-86.2236145687
-86.2527494019
-85.8374168968
-86.5005710226
-85.5849146354
-83.4659072266
-83.3633813419
-85.5616746949
-84.2518998712
-83.2938894265
-83.4345841136
-86.0651140151
-85.735295252
-87.0513417746
-86.9139468675
-86.5250830717
-85.5904661542
-85.3723583792
-84.6552712704
-84.8773164244
-86.1606928799
-86.1537994897
-85.6667709758
-85.2184508124
-87.863266093
