3331250000.0
97656.25
-68.859139399
-67.2304519931
-69.2117388202
-70.75622526
-72.0700998541
-66.9362029891
-66.1305591937
-68.1316715055
-68.7769445027
-67.9233551105
-68.3411596752
-69.0454990506
-70.1554035061
-69.5780372994
-70.368360988
-71.054370522
-67.9651287243
-69.5530431931
-68.1670957025
-66.7024690144
-69.3515152605
-68.901319846
-68.6747907242
-67.6440281503
-68.8889837523
-70.7120961385
-71.2477552691
-70.6492548538
-69.9323391273
-70.3126335623
-70.8525153156
-71.0632814819
-68.121698981
-67.6861848038
-68.1931011939
-68.1640344724
-66.1813981562
-66.5689897793
-67.6349729231
-66.448223554
-67.8362233321
-70.3832813737
-70.3270784712
-69.9071288921
-67.8334378938
-69.9740356565
-71.6744052428
-69.0286754889
-66.40702273
-66.3846305079
-68.0162398273
-67.6174357539
-68.6334432115
-68.7041914919
-70.174961403
-70.3252130908
-71.0412493486
-69.7735673867
-69.1014401323
-69.937451529
-67.1173098147
-65.7426913171
-66.3573188827
-68.0155678511
-70.5919021069
-68.6116480295
-67.0196568942
-68.1877858943
-69.9159758927
-67.6638010993
-69.2141882541
-68.5799034726
-67.6109481345
-66.9882523272
-69.5402690179
-67.7404791065
-65.7229100778
-66.4488645432
-66.4177893581
-67.5447805099
-68.8368538344
-65.9272950355
-64.669445263
-68.6724509608
-68.8908566536
-67.3276017305
-67.2165095349
-67.7062985835
-68.3928957762
-67.4542727865
-69.4513324905
-70.3483583576
-70.4677963505
-67.4186139861
-68.0767750776
-67.3396967069
-67.1450516087
-65.8261876011
-66.9012505888
-68.6295342076
-68.5599571538
-68.4679028235
-68.9100107782
-68.4946482426
-69.7659515837
-69.9490270382
-67.8289525461
-65.6723952211
-66.2229740267
-66.5809527198
-68.9055477306
-69.4348971738
-65.5224729455
-63.4769645673
-63.9703378623
-65.2969216826
-65.9158358648
-65.3437054587
-66.1985831083
-69.1427663929
-67.0834053118
-68.7448683
-70.2096196174
-68.2723028607
-70.6635716257
-69.2295874725
-67.0110518337
-67.1027364458
-68.8901871406
-67.6385537942
-68.9757748832
-68.2013065674
-67.7919126336
-65.7348270754
-67.3140253731
-67.3034914388
-66.8407085796
-67.9211167787
-68.1353928496
-68.9450423852
-66.9457743101
-65.5446703482
-67.1366642627
-68.4866981303
-68.3554428201
-69.3111333849
-67.7907634332
-67.3842968355
-67.046025459
-68.2530853295
-70.0530970924
-70.1081912999
-66.4345746438
-68.0478391077
-67.3864899453
-68.1286545161
-70.1411115139
-67.5094222836
-68.3270569064
-68.9367094254
-68.1095211071
-69.1208095968
-66.6275620149
-65.1916159662
-67.7609231875
-69.8996566769
-69.5889499851
-69.4060126234
-66.3634218711
-67.2857079792
-68.2098804395
-68.9451372437
-68.7362660201
-69.5882989707
-68.4528244524
-68.3536133237
-65.528666128
-64.9044105861
-67.7061632774
-68.0702263413
-66.1516974219
-65.158033773
-64.1563536676
-64.8778573058
-68.1209180532
-66.5464733213
-64.965052663
-66.9348506988
-67.8462013571
-66.5467732728
-70.9572713522
-69.7623974805
-68.8981998365
-69.4305974174
-69.8561778904
-67.6170361548
-64.8316639105
-64.862406204
-66.5971905935
-67.4957675876
-68.3391073131
-67.9982498904
-67.626539817
-67.8932391249
-67.2759519663
-67.2493198075
-65.0987792392
-63.5538910263
-64.8372354215
-68.0908750862
-67.0956134137
-66.8830732
-68.9180701743
-66.2665500644
-65.2564083831
-66.4464140836
-68.7982590704
-67.4252090673
-67.7482921303
-66.7273217429
-66.2630001688
-66.0913900633
-67.4617343895
-65.2684327073
-65.5292667581
-66.9085790801
-69.2516225424
-68.4994780181
-68.3472362473
-68.3681443398
-66.2467322823
-66.8807040247
-68.8606034343
-66.3931234086
-66.3732620969
-69.1190952371
-69.5155170157
-69.2777123462
-68.7482839354
-68.5563973777
-67.7027102477
-68.8321177507
-66.7327196697
-66.3810267323
-67.1260200978
-67.0209912174
-67.6455389513
-67.8292977564
-65.9718330504
-66.2119951996
-67.3524976489
-65.8948592418
-66.3717932449
-67.4937241974
-68.9982562771
-69.1715235722
-67.6392511793
-68.7170457848
-67.4528123224
-67.9488330964
-70.0998885199
-69.694508266
-68.2854792595
-70.7225654779
-69.6089695289
-67.0722553829
-67.3326276867
-67.2085341537
-64.6124647455
-67.8395479691
-68.4860220535
-68.6906002575
-68.6147969584
-68.7106437377
-66.7512423842
-67.8353416201
-68.8876280949
-68.2825247829
-70.1818453867
-66.8222829469
-66.5809399028
-66.2855640521
-65.3610498426
-65.5690695475
-66.8126233764
-69.1928191703
-70.4988362541
-70.1526424975
-66.7318976095
-67.0121387116
-68.5461560187
-68.34796184
-65.9786411855
-66.8553849475
-67.593269071
-66.7666390805
-67.4876522764
-67.9080573707
-66.9476960305
-68.3426454308
-70.5103994343
-69.9910138257
-68.0205600583
-66.7626954571
-67.1642548422
-64.5640655232
-65.9136522021
-68.8661416701
-68.5541825713
-69.4218674438
-69.6428732517
-68.6640687457
-66.3586854247
-67.742146479
-69.4366877527
-68.220825102
-66.8664262723
-68.3109073471
-70.1472294262
-70.5381107112
-69.2440739121
-68.1572093177
-65.3859561661
-65.684767002
-68.8018276106
-70.9621806311
-70.8826868755
-69.1294203707
-70.0253809723
-68.4776754957
-67.0354271702
-65.1104544581
-67.0085423555
-68.4492566125
-69.7221416763
-69.228474223
-65.35055221
-66.4565821184
-70.248911142
-68.413722405
-68.0679505903
-68.7814127219
-66.9587083779
-67.324983103
-68.1978354748
-67.9062805808
-70.0804853152
-72.8418611926
-71.7388404133
-72.056342607
-69.5230515749
-68.1181072309
-69.7655438518
-69.0844260648
-68.5820029513
-71.0978401288
-70.0526074123
-67.9650436953
-67.6745636612
-68.6155539085
-70.4098389588
-68.0502851673
-69.4710877487
-69.4275792279
-69.3478058146
-69.6057737802
-69.4791509324
-69.7279560737
-68.7196626058
-70.4889800614
-70.5188082877
-69.0683773296
-67.9456168063
-68.25920127
-67.5513245643
-68.8848796024
-68.2662770935
-69.9363032647
-69.9816770646
-68.7645195923
-68.7113347721
-69.8863090446
-71.4965219285
-72.5023863712
