3631250000.0
97656.25
-76.194252385
-77.8314848509
-76.8592590402
-74.88445874
-75.7937490251
-76.1234370464
-75.9494507218
-75.6806952281
-72.5960952398
-73.1310842825
-73.0852683404
-75.5695436353
-80.5809979392
-80.3377652567
-78.2523498652
-78.6131710459
-77.7825837973
-76.9555327842
-74.5128327929
-77.1532269735
-76.1744287342
-75.3446007679
-74.1363264601
-73.920475149
-75.8208960379
-75.4169239238
-74.9528537647
-76.5602682856
-78.81055016
-76.8936768814
-75.1007082079
-75.3273389104
-77.1480896259
-74.5578394272
-74.6662791391
-76.2317658798
-75.6023873311
-74.2508795683
-74.5087262474
-74.729342258
-74.9313271
-75.5455419058
-75.9589758258
-75.5901383111
-74.3736879521
-72.0832008622
-71.3577626732
-72.5251757612
-75.4891425137
-74.3579340228
-71.9660259615
-72.3722452287
-73.297150038
-74.9903075777
-78.0831340491
-76.3364660311
-74.7334778281
-75.2022427788
-75.8043882341
-75.9162634777
-77.2915208215
-75.6150516253
-76.4231259888
-76.8955463993
-77.3759300749
-77.6000291764
-77.5257621931
-76.1640151759
-75.5432830027
-76.4250785241
-76.3265253677
-76.7994539507
-76.4011031469
-77.4523637742
-78.2545016966
-74.6798182032
-75.0858781977
-72.947505316
-74.192680295
-75.3745644381
-75.4609369414
-74.89212559
-73.9564410068
-75.655279081
-76.1598681957
-76.5517689022
-76.1258470262
-76.096104756
-75.7284231042
-74.7732204163
-73.5926805627
-73.4296216871
-75.1763885749
-75.8392723006
-75.5470580265
-76.0443822571
-75.1169380058
-75.0871722045
-76.3801307547
-75.1448890107
-73.2942635341
-72.9479135652
-75.371796985
-78.8809236071
-77.5175357371
-77.1095484385
-76.1324117839
-75.5364896233
-74.7131089609
-74.6818094057
-74.1287940819
-75.5330276879
-76.272378298
-77.9575189423
-76.6135364084
-74.9750873053
-71.6372937177
-72.469024566
-71.9753513114
-75.0803384375
-74.428777572
-75.4199947623
-76.7394069315
-76.0509709069
-76.6631015561
-75.6897283782
-73.3485557787
-75.253590635
-75.9054054714
-75.6346967832
-77.1621218178
-78.0074757178
-77.4554748464
-76.9277908418
-75.5656333983
-76.0275092979
-77.1783731325
-77.0044718553
-74.8514850076
-73.5942030177
-74.895987913
-76.6658684683
-76.8276612222
-77.1826714437
-78.1678309253
-75.5564353417
-75.6549600151
-73.8457509326
-74.2469620802
-75.5949710635
-74.6520664227
-75.7396540588
-76.5398021386
-74.6252176703
-73.9514402475
-74.9250902868
-76.6430304142
-75.7909628639
-76.929462696
-73.5682631324
-73.5614857091
-72.7121179105
-74.407944882
-75.3112378255
-75.6528360449
-74.4272459859
-75.3676904471
-75.056325454
-75.6003723773
-76.5572397526
-76.459803171
-79.1806892247
-77.2666205096
-74.9115823327
-74.4404584544
-77.1802708868
-77.3833430831
-75.3421644421
-72.9497295144
-74.1686674532
-77.3978124516
-78.1782145966
-76.8347938399
-75.5404467483
-75.9136166414
-76.0407589901
-77.8673595462
-76.3977349504
-76.4974125576
-77.8109600717
-77.1578682732
-77.1173509213
-78.2381079948
-76.8224154545
-75.0517423311
-77.3210233089
-77.1689936268
-77.1040930359
-76.8983240506
-77.179898734
-73.2003212909
-74.7699274473
-75.6471699767
-75.9563101835
-75.558494428
-75.4119539632
-72.3659541512
-71.747465169
-77.3686488956
-75.381649528
-75.5917395005
-74.3536902584
-73.4185402171
-72.8503705992
-75.2877261824
-75.2840797005
-74.561359554
-71.6727472232
-72.3691028387
-72.7241479451
-75.2642318751
-74.5534865593
-76.7435410737
-75.7177529901
-73.5217671969
-73.6156931236
-75.7775491037
-78.1770643921
-77.7782099855
-79.8660943162
-76.6273688319
-76.0844431906
-75.6484908534
-76.9462649118
-75.958462981
-74.2566753787
-75.3120342863
-73.8904195404
-73.5924683899
-77.9619496313
-76.6660015743
-74.5912578101
-74.7037856404
-75.4321472392
-76.5251311031
-75.9297563418
-76.7149584677
-73.8354123976
-73.4085345406
-73.7554100167
-73.1094600048
-73.7372788197
-73.0447369004
-71.8029381955
-71.5990281879
-71.1314015394
-69.8666704498
-72.8402522745
-76.4907605027
-75.292152795
-75.3459068468
-77.322164171
-76.2069189171
-74.9070935955
-76.061705674
-78.0607531616
-75.9425439047
-76.1389260421
-74.6400755738
-75.2465400436
-75.8885204883
-77.1748791402
-75.9425154289
-75.7243119152
-74.7110567925
-74.3063222603
-72.6488478544
-72.4967967124
-74.1215609322
-75.5161877621
-76.5491120718
-75.2637906657
-74.1707932413
-77.1268641528
-76.8978749247
-74.3805741392
-73.5880818603
-76.4251180747
-77.1391393171
-78.055102222
-76.2631278768
-74.0096819821
-76.2928253933
-77.6016018744
-77.5313044311
-77.9294008399
-77.3311285301
-77.232244759
-76.8031313474
-75.93823683
-77.7937061583
-79.3598936675
-76.5604404035
-77.3656468025
-77.44425206
-77.4012105168
-78.2251173287
-76.4184014507
-76.0205079673
-75.1091153536
-74.6188726376
-75.654129716
-78.8787179233
-77.3472630895
-77.9606021459
-77.219545404
-76.8729383263
-78.908344369
-77.1442255781
-78.2187754962
-78.2138392888
-77.7752538539
-78.5710351362
-77.9255696143
-78.5020162201
-77.5929456899
-77.3654390594
-77.0048552509
-77.9069413563
-77.0777902615
-77.3340247438
-75.6668314867
-76.6452795062
-75.0404338705
-75.3626333845
-74.7803383381
-76.2646513785
-80.4652912883
-79.8103064582
-78.8925068167
-77.4908412076
-77.9582280665
-77.1380211548
-75.2616913595
-74.0937569348
-76.5554662755
-74.3087862776
-74.0396042773
-76.6082754098
-75.9109932253
-76.8187012926
-77.6929557097
-77.0416494302
-74.7337833196
-75.6016742059
-76.6178128161
-79.8610501372
-77.683003841
-76.3136097991
-75.8829254425
-78.6752065784
-78.4376151455
-78.1454059573
-76.9394111471
-76.0638339789
-76.6072033996
-76.5811583632
-77.9299584901
-78.5134940232
-76.5563119252
-75.9954285893
-77.0714720971
-78.0703580745
-80.0027072216
-77.0099256971
-75.7766875964
-76.3331925275
-75.5931915108
-75.7860676384
-75.550498832
-76.5697914418
-79.124697399
-78.1544706394
-75.851291885
