2468750000.0
97656.25
-67.666686483
-66.9882370078
-65.7335478361
-65.2413432296
-68.2245856852
-69.151512494
-67.756299096
-67.8753421976
-69.8490127597
-70.2225014986
-67.4774658132
-65.2831958014
-66.8647562705
-67.058837817
-65.7310747988
-65.7509447264
-66.5309833232
-67.6406366625
-67.1710172659
-66.4995568544
-64.9626580429
-65.862692979
-67.2126100443
-66.4863788197
-67.3075113062
-63.8493966967
-65.0781226435
-67.1830457828
-67.1165788109
-68.2613855023
-66.615361121
-67.7264225236
-68.0644422543
-66.3642530826
-66.1593351775
-66.33588337
-68.1446092729
-68.9297009812
-67.2654140981
-68.2423164172
-68.6109326684
-68.2412474575
-67.6957115442
-67.0149664513
-67.9817480321
-66.391078733
-67.3199494455
-67.4751799732
-65.3095761411
-65.4865220897
-67.0423133248
-64.9370499115
-65.6268993207
-67.0490340652
-67.5224438708
-67.9569859461
-65.0624770356
-65.3266170171
-65.4904236626
-66.6310316268
-66.8639470598
-66.5175458913
-66.1510653609
-68.2644931002
-66.9044821627
-65.6660130381
-67.6044067307
-66.8457405013
-65.3294682909
-66.544545823
-66.2776031683
-65.7135006094
-66.2505752772
-66.8050746151
-67.2502982274
-69.2569386946
-68.8260777561
-67.7374498302
-69.3168690236
-67.0232340875
-65.8519264068
-65.6653251109
-66.6574386318
-66.9087880318
-66.2074002146
-64.0350001055
-65.6795194372
-67.4681974098
-65.8466767842
-64.5628090256
-63.6323021911
-65.0447419886
-66.1439483087
-64.6837190795
-66.2525503032
-65.6547381296
-67.6438105073
-65.2742584289
-64.9222515991
-65.4575062378
-66.8250830059
-66.4281853006
-65.1703719254
-64.4698938532
-64.7648074927
-64.7862648892
-66.5706998707
-67.3162029204
-66.3229522383
-66.0660359
-65.5485008935
-64.9814722872
-66.3412192279
-67.0922148726
-66.5923904115
-65.8637001896
-63.7432573005
-64.5638053813
-66.9464316019
-65.5943799759
-65.8727301359
-66.8341916897
-66.1132454264
-63.6934349821
-67.4179260028
-66.2740199938
-66.0410998746
-67.2328385699
-68.466556031
-66.8231091433
-65.3066335995
-66.2365289807
-65.5334382503
-65.3773372988
-65.2577196127
-64.8125599011
-66.7708788895
-65.4420621871
-64.2513094043
-65.8864449634
-66.3122392929
-68.0509598931
-67.7811980732
-66.2878203827
-64.6676463739
-65.0656915913
-66.8167614716
-65.1553677539
-65.5800425155
-65.4051345282
-65.4476668636
-65.9503657777
-65.5310590822
-66.4748303054
-66.1349391783
-64.8473340834
-63.2513855104
-64.5716724374
-66.3671854673
-65.6236703057
-66.5364854046
-66.7030699432
-67.2840766131
-64.4504556761
-63.8109286524
-63.5934730822
-65.1493855582
-68.1724528863
-67.268697894
-65.5331986459
-65.6105517771
-66.0299019781
-64.7764956685
-62.3530835483
-61.9423706794
-62.9870940182
-65.7819098546
-65.6743914061
-63.8671255552
-63.4526305378
-65.4094371124
-64.2181982096
-63.6180104854
-66.1432362561
-64.8996828771
-65.6460090774
-67.1416472014
-66.7728248164
-66.3681010323
-64.8131389765
-66.6975425957
-66.6404350789
-68.2149166935
-66.7639110389
-67.5515555337
-66.2980429713
-67.5756540989
-66.2785510235
-67.5626825284
-67.0533239249
-67.3785249156
-66.0422072682
-64.8037508227
-66.2287411672
-67.1769010919
-65.7577284249
-63.4745152117
-63.2036825905
-64.8232662012
-64.9602213957
-66.0811433374
-64.1107589321
-65.030852625
-65.0218329259
-66.6668833485
-66.791763105
-67.1988806797
-66.9192415268
-66.2056942099
-65.7061346313
-64.4387052099
-65.641384066
-64.3689651707
-64.1808415198
-66.5952325163
-67.9336436736
-64.2950483989
-65.2558448817
-66.7417119822
-64.695074038
-64.0059564554
-65.0116204126
-64.6108837678
-64.0139084189
-66.0710786136
-66.2559426504
-66.3350579262
-64.564226165
-63.6100808218
-65.564032333
-64.0487554307
-64.2397396826
-66.7693467903
-66.7280633846
-65.5633809481
-65.4835728813
-65.0493325626
-66.7373270225
-66.5341860255
-62.9533010674
-62.4874038914
-65.182160337
-65.0574674784
-65.8800873534
-67.1393616445
-64.707671318
-63.5384556864
-65.1040709245
-64.4341714691
-64.2344802288
-67.0166231374
-68.8537522668
-68.4915193604
-64.800046365
-65.2467747404
-65.8694078657
-65.0514478293
-65.7062175369
-65.79231666
-67.1864087041
-66.59867525
-64.254990573
-64.3366953899
-66.3868368918
-67.3760324987
-65.2387570465
-64.1840418271
-63.9086045723
-63.5580327371
-64.934501409
-66.4194747044
-66.6493116615
-67.227331279
-66.8152361792
-66.9019506944
-66.5386967769
-66.2556817142
-65.2949150098
-64.6022909256
-64.4388534543
-63.6361738011
-64.8218886931
-65.8757056251
-65.2453229569
-66.6285311078
-66.0991889311
-65.8151128255
-66.3517690415
-66.5031019026
-68.4035458054
-67.7835508912
-66.7810218496
-66.2074417232
-65.4058997917
-64.1466485375
-63.7013859747
-65.707190333
-67.626831896
-68.1002011937
-67.7128579208
-66.5659360011
-65.5846083206
-66.3717619904
-66.2685997256
-65.5503692648
-67.0698912884
-65.7798583159
-66.0430534859
-66.8941945524
-65.631370177
-67.2618254248
-68.2419942373
-66.0171278602
-66.2158720285
-67.3165351393
-66.6177533174
-64.4779287944
-64.4562192024
-67.6851478202
-66.4615542313
-66.3971495222
-65.2705096971
-66.1559979459
-66.7381856802
-66.9274736961
-68.1172681513
-67.4614098056
-67.9747407203
-64.7126024016
-65.3607882522
-66.8039430944
-67.6098959936
-66.8433043007
-67.2453288189
-65.3206467937
-66.294685353
-67.3833390018
-65.7746925321
-66.1332698975
-67.6424591497
-65.9079632821
-64.2148978715
-64.7119125364
-65.7824621766
-65.5577462536
-65.6432114263
-66.1949534506
-67.8290314346
-66.3825520113
-65.7374220733
-67.987435462
-65.4540107
-65.0783954885
-68.6149294302
-66.5255957674
-64.1938505563
-66.3710493071
-67.7429030646
-66.8229273905
-65.4703236899
-65.895521409
-65.4054261234
-64.4546797581
-65.1790241308
-64.3295942864
-65.6710633101
-68.069904196
-67.2613734667
-66.7757457369
-66.4429558894
-66.5939917733
-66.0292183393
-65.0797690418
-66.1270850734
