3931250000.0
97656.25
-82.1158188945
-80.691198391
-80.030892951
-80.0832399729
-78.5553187881
-78.9686755641
-81.0619867117
-80.3464546034
-78.9672300723
-80.3472590193
-80.2626892787
-80.543416996
-81.2921952551
-81.1063739125
-78.7520622312
-78.2125338163
-78.0716736339
-79.0283236343
-81.0024801616
-79.651769505
-79.1407534624
-78.4475909719
-79.028850599
-79.2529737247
-80.7749655599
-79.646135749
-79.7055703022
-80.0397924534
-78.6511622561
-79.9678436806
-79.3241166806
-78.5950062027
-77.363413521
-78.0966915022
-80.4584863024
-80.0893758299
-80.3945446886
-79.120644016
-78.6032047048
-80.3221207159
-81.1022614034
-79.9328858831
-80.7861425802
-77.409716332
-77.9083314616
-80.9533682452
-79.0592480697
-78.2467387897
-78.3596568253
-79.1744833717
-80.62152622
-77.8468039872
-77.7846893561
-78.6290445456
-79.8457228115
-80.528665357
-79.5356590126
-80.130611738
-78.642808036
-79.5517594513
-79.4769226919
-79.2641406969
-78.4555979598
-79.5773380353
-81.5286854796
-79.0611378164
-78.4860678673
-78.1017948803
-78.687429044
-77.2286781822
-77.9869017129
-77.110573587
-79.5606658424
-79.0579754976
-78.2874043774
-78.7201877324
-79.9244393968
-79.2117330343
-76.9313865073
-76.2356452606
-77.6277020144
-80.2247833041
-78.2054793934
-77.2588018385
-75.267120329
-76.4629878176
-78.9683379266
-80.9394237658
-80.0854005421
-78.8673979371
-76.512796707
-79.119188057
-79.6031607731
-80.1804896389
-79.2627284546
-77.8103390045
-79.4395382709
-79.8433346372
-77.450127196
-76.1551035461
-76.1451044072
-78.6843071038
-79.7923170723
-79.4123128245
-80.1776127017
-80.7479705746
-77.6186071259
-78.551748419
-77.6643654564
-77.1880585183
-80.2303590425
-77.8149998011
-76.6093695028
-78.7601811726
-77.9303882671
-80.2556349255
-82.8739171067
-79.5009990762
-81.3237252601
-80.0804815707
-76.3409867371
-75.804935619
-75.7277582847
-76.5095364026
-78.946548346
-78.6962645714
-76.9471250849
-76.9577369547
-79.2669215171
-79.1340487276
-80.4885617993
-79.2305265001
-78.3695691469
-78.9520075652
-74.6917760856
-74.9575389007
-80.3039640805
-77.8775272031
-77.3699065964
-76.9325799335
-78.0813823033
-75.0083024484
-74.8154480799
-77.6735122379
-80.6029767756
-80.033254822
-79.9890227027
-80.6568085392
-77.2849659198
-78.1162106049
-79.0279349715
-79.5285901365
-80.7751868072
-79.1817233956
-78.3410034954
-79.3374039755
-79.4156522111
-79.0861588388
-75.7613141833
-77.3055088135
-78.8912540955
-80.1340252446
-78.7636833414
-80.3590617103
-78.2958379524
-77.9465477829
-78.4358556584
-79.4461240301
-78.5470841274
-76.8126893832
-77.3936411194
-79.6797718956
-78.3828296669
-76.725305679
-76.7674632183
-76.3081146133
-77.5492064053
-76.4116693656
-75.6961182437
-75.9436822746
-77.1291356558
-78.068381832
-79.3084771454
-78.9130930122
-79.9417155805
-78.7436378275
-77.9092750808
-78.4776865807
-79.5071379904
-77.9866789568
-77.3551597312
-74.9473545255
-72.4813745047
-75.5145559393
-79.3253003738
-80.5539674187
-79.0542832732
-79.3190607016
-77.6667299865
-76.3771942052
-78.4690958024
-79.2193827967
-78.3063033648
-78.4251821835
-79.3240790169
-78.5642776605
-79.1062403544
-79.3904901015
-76.554634373
-75.8767818106
-78.7350811603
-79.3989479876
-78.7279977094
-77.8368696319
-77.8469165639
-78.0716978769
-79.2938955649
-80.7426888936
-78.4238242263
-76.2962168782
-77.9544421283
-78.6996848535
-76.9113104732
-77.0783289251
-77.9919457661
-78.0501918455
-77.0052656983
-78.3537353701
-80.8433656548
-82.50220546
-79.6885054971
-77.4608899679
-78.0967476168
-77.184846699
-76.4255258764
-78.087745496
-79.5365825766
-79.4463838034
-78.4242020343
-77.0658980507
-76.9359668397
-79.1600752734
-77.229473602
-77.47484321
-80.8805090827
-81.4850693118
-78.7727001237
-78.8185047698
-78.5893074242
-79.0922883957
-78.5660940575
-79.2125487531
-77.00515451
-78.0028130231
-80.3240121572
-80.1033224365
-81.0569537299
-82.0881229423
-80.3559393039
-79.9684681142
-79.3585281071
-77.9670785606
-76.8617109456
-78.3272541477
-79.3542452579
-78.7857042243
-76.9936686218
-73.1224964486
-73.2374847516
-76.2334023836
-78.5411810608
-77.6912783921
-78.4546261566
-78.2481770223
-78.0800657966
-76.0073004139
-76.3335009828
-77.9889467827
-79.8346332396
-80.1653182638
-80.200872599
-79.5033188539
-79.1378764933
-77.9317289816
-78.3844482364
-80.7942302615
-80.3926820727
-78.0437573496
-77.6040776885
-78.7977981358
-78.676950104
-79.872478424
-81.2094349878
-80.5835666326
-78.7900545142
-79.9568724197
-79.9448889177
-79.2034795364
-75.9779933746
-77.2357783796
-80.5887954394
-81.0911407666
-80.9721942169
-79.5363224699
-77.7346113405
-75.9343680501
-76.6642767981
-79.1727503505
-79.6205052723
-81.5747412924
-80.3219570695
-79.5609713974
-76.8661624869
-77.634284212
-77.45482537
-79.1505754082
-80.9467620433
-81.4029023054
-80.7655301881
-78.3597544136
-79.8618043345
-81.5880213818
-81.5779658366
-78.2528269576
-79.2115093753
-80.1952755377
-77.5798658672
-80.1954006328
-80.0452004018
-78.1531456665
-80.0652444984
-81.8226835033
-78.7175708263
-80.4577847021
-76.3530472737
-75.759478033
-75.2257446742
-78.3957747485
-81.2867944608
-81.1477830645
-81.2151245668
-80.1028890326
-78.050460184
-80.1655893268
-78.898527967
-79.0588745542
-80.4491974901
-79.3942031478
-80.5727477333
-80.0744130311
-80.5736350598
-82.515796605
-80.5468577526
-78.1391763442
-78.871918718
-76.1938140071
-77.8648585534
-79.7037671301
-79.7738494699
-77.4386498012
-76.4861305894
-77.8657769371
-79.9060895385
-79.412245448
-79.0564687342
-77.2216305326
-76.9071299069
-79.9014931592
-80.8005323547
-79.9881159772
-79.3904734541
-81.3624533128
-80.9638083159
-78.8819220132
-77.599918948
-78.5356850931
-79.1069028823
-80.8830858045
-78.6809959623
-78.5717449238
-81.5665220063
-80.4224312842
-80.7476775259
-80.2896629614
