4456250000.0
97656.25
-92.4109484901
-91.7304691813
-94.6123874199
-93.4329129832
-95.9724048721
-95.3157356646
-93.3087178969
-92.3526877116
-94.4847094402
-94.4661542521
-96.3516073501
-93.5456225334
-87.4339072915
-86.6063039402
-88.3463863673
-92.5476721385
-95.0740318125
-91.9955811947
-90.491431462
-92.7057206698
-91.8486278443
-90.7969959821
-93.7587229043
-98.8372625805
-90.7722049386
-87.5976962083
-87.5207890826
-88.7872174022
-87.9956417701
-86.9784241409
-88.2411059486
-92.5404814692
-95.5032293733
-90.4121189636
-87.9584661926
-89.0645475489
-93.1083355685
-91.454794813
-90.0524461193
-89.9965148177
-91.1153960921
-92.888333549
-93.8143053706
-91.4510484357
-89.1076471876
-88.7323725208
-90.5556895813
-92.8891003306
-94.6816337127
-93.3191106972
-90.3703123572
-89.0477267244
-86.9251149816
-86.1637534658
-86.4046168215
-88.176383771
-91.6272154614
-95.1409229127
-100.316982285
-93.4437242025
-89.5813045363
-88.8933426666
-90.0865776151
-92.4564690471
-90.7399894537
-90.6710792624
-88.3794385508
-89.1522496098
-91.5768797742
-93.459942855
-95.5578121149
-93.4287543582
-90.1924418272
-87.126882988
-87.2756430754
-88.6526283184
-88.4003197269
-91.3608704585
-97.3957418462
-94.6121937002
-89.676615031
-88.8568227498
-90.9372433285
-94.3319617366
-93.6409718287
-89.1376786257
-87.2954076902
-91.2159738862
-91.8753710955
-89.647191462
-88.01141054
-87.5621191367
-88.8913157604
-89.7938295553
-87.2643529719
-85.4806697475
-86.0630541973
-88.9605299878
-93.6435893975
-92.1634507289
-89.0859990726
-90.7892728836
-91.4643226999
-92.2093871611
-91.5133788753
-93.3638410099
-92.9211097433
-91.8750247744
-91.5969544711
-91.8437967507
-88.5765349232
-85.5235960016
-84.8115286926
-86.4631347977
-90.4208882788
-95.8771489032
-91.699731077
-87.8908906811
-86.476467946
-86.1082666974
-85.8408951256
-85.5504336019
-85.8608325346
-87.4151817969
-89.5613674695
-89.7384263082
-89.6189933846
-90.5688987203
-90.9382532491
-90.1802948831
-89.6174452828
-88.6603064169
-87.2295835034
-86.5478735257
-86.1462017985
-85.7804798011
-86.1066795173
-85.9730206027
-84.7821059408
-84.0052892273
-84.0623617527
-85.4357896502
-87.7952500178
-89.9859246234
-91.1661156115
-90.6453621072
-89.1134498801
-84.611090879
-86.8203881188
-90.0789588957
-90.5108928601
-91.4060921492
-89.4099312017
-86.2319822039
-84.8678783253
-86.0181486862
-88.0373062618
-88.1042842421
-88.1809154564
-89.0310986787
-89.4764843953
-87.3090517983
-87.0402928751
-89.3877864235
-91.3074925415
-92.7394154498
-91.0215884978
-87.8621219716
-86.8457660066
-86.9260402326
-84.2082147186
-86.4124914943
-90.9966072717
-89.4732971753
-87.7562477836
-93.2819936206
-94.6493263668
-90.4057401752
-90.6113848607
-92.2570798046
-87.9772203388
-93.1018965162
-94.9399993349
-88.762433939
-91.7444007177
-92.9563742327
-85.3839538505
-85.1164566019
-93.2402044749
-91.0030738148
-84.8767928291
-84.2994773379
-91.0656582484
-90.1900741509
-85.7640404861
-89.1039332539
-99.6563177897
-89.3963136595
-87.0260287592
-88.8674911746
-88.1268368589
-89.1388187827
-90.5944488382
-91.0073039652
-88.6469471196
-87.1419147368
-89.635542486
-87.0562337245
-86.7867115305
-91.2174541707
-91.0330352721
-91.8630312122
-93.8452998665
-91.8398349106
-91.215037247
-92.0454694854
-92.6310649709
-93.7806050781
-95.3560827371
-89.1395297745
-87.7968337041
-91.9292916833
-91.8500187697
-89.0566625195
-88.502543457
-87.2158584767
-84.8003817809
-83.9142957336
-85.6971792021
-86.8092759201
-86.2629171671
-91.1944480474
-91.3897549948
-85.8186602077
-88.1032496223
-86.4325486732
-85.1820685192
-86.7068452901
-88.428018874
-86.3009608731
-85.2385101392
-86.5598505061
-90.0314090524
-95.4335296885
-95.3202865244
-92.7779616279
-90.422820242
-89.9694023626
-92.3941236948
-96.0792006235
-90.6223748741
-86.5404995516
-85.1351190052
-85.7733081248
-85.039266959
-84.9828000295
-89.1512379216
-97.8665828601
-94.7239294521
-92.8674215734
-92.2611717661
-92.3726289787
-93.896951055
-92.9467389955
-88.7226525696
-85.5860274632
-85.5197740455
-87.6573682563
-89.4938458098
-90.9788961629
-93.9939230083
-90.7332721288
-88.0397932892
-85.9742758883
-84.422286749
-84.9027320412
-88.3238103155
-91.8270257225
-90.145056474
-88.0477186739
-87.7931681446
-90.044129544
-94.1007399108
-103.814359592
-96.3583706959
-91.7027365934
-90.2758129948
-88.4893675315
-88.2565807811
-93.6291842681
-92.0665971505
-89.2666177086
-88.8350450297
-92.7465076799
-93.9230815152
-88.1768183968
-85.8804583448
-87.0573713825
-91.9199071223
-94.3200050782
-94.3738953442
-98.9642376968
-91.9911330394
-89.153160091
-89.2553773156
-86.8130558431
-86.1993623519
-85.5353168188
-84.3905706339
-86.1019509948
-89.1666509023
-95.8616138202
-97.6153900209
-91.053318986
-89.7971427286
-93.7106559483
-96.4241500968
-89.6186063074
-87.264372275
-88.9497685406
-95.2881288924
-100.825392867
-95.7242598101
-92.3323207606
-92.8906764807
-93.9866336478
-92.2378670468
-93.8307394977
-89.5538747828
-87.2781296593
-88.360113025
-91.261491931
-92.6547387266
-90.8743024504
-90.8608422158
-97.709005999
-95.5055724068
-90.3991433589
-88.7015189554
-89.0050233237
-89.1570762711
-88.5257774539
-88.5973618185
-89.7615619433
-91.2344933841
-94.2990894975
-95.1647145175
-94.6973401503
-95.4650609073
-91.5002543496
-90.6836438801
-89.3141176958
-88.6768953219
-92.6032910716
-91.7466254798
-91.0433769706
-90.5315395618
-90.0066710166
-89.3174771861
-89.279798073
-92.9736201391
-90.8668674138
-91.411398392
-87.9538459344
-86.2718979522
-87.0017630753
-90.3822807044
-91.1915653464
-90.8143768855
-91.8828394123
-95.3670157026
-95.6456591466
-95.6852538446
-97.3018841576
-92.9248376447
-89.2913097185
-89.7449836031
-92.5586722483
-94.7733877721
-93.408479996
-90.6850435423
-88.2055146695
-88.2899364673
-91.3163982664
