3706250000.0
97656.25
-80.2870087044
-79.9218026314
-79.9349402736
-79.7094810366
-77.2693829013
-78.6255605837
-81.9038455665
-79.7327417021
-79.5853007798
-79.2642394661
-79.2948941116
-77.3509197151
-78.4356321163
-77.7557233451
-78.2634921126
-77.9874462758
-78.8660060948
-78.510655897
-78.1344277804
-78.3267762051
-77.3766499224
-77.9346841946
-77.7576966686
-77.4243675399
-77.1803052368
-79.2570120814
-79.7706071104
-79.7501218361
-78.8942262364
-76.8345545484
-76.2041247968
-76.9336811805
-77.1162252948
-76.2674785877
-77.7978707958
-77.65971214
-78.4007990258
-78.4233866727
-78.0044211968
-78.2487698829
-78.9774989564
-77.3746120785
-78.291455452
-81.1886336746
-77.512095111
-77.6611896729
-75.9324300816
-75.7421029315
-78.3358802386
-79.0847005549
-78.7637935599
-79.8145344361
-77.5971796282
-78.6036284746
-78.6707093926
-78.6854146939
-79.5305729277
-78.8213576654
-77.9022387008
-79.8042149399
-77.9514983181
-75.7088082892
-76.886042554
-78.0577274882
-76.8724172363
-77.5886005853
-77.6018888832
-78.5926654367
-78.6833542516
-78.184763292
-78.2858627356
-78.0216147217
-79.8065712946
-79.2511908036
-79.4776635367
-77.8835290813
-78.8189832121
-78.4941081094
-78.066741842
-76.7548772046
-74.8446565147
-77.3698040344
-79.4578127923
-77.9322776043
-77.4517392358
-75.4390809852
-75.8408369087
-77.445440999
-79.0474769498
-79.7795284461
-78.4964816678
-78.2466091336
-77.537724116
-76.1056097525
-76.6721144288
-78.7333257476
-78.6709190637
-78.5281688498
-78.113119909
-76.9201304995
-76.2329348103
-77.7467356731
-78.1446574994
-79.2115313953
-76.9222081958
-78.1592218658
-77.0846057514
-78.1516448573
-77.2510021665
-78.561723266
-78.0089641768
-78.9750396505
-78.049747405
-78.7672912382
-78.5312757488
-78.9664852665
-78.7438537631
-79.4853153058
-79.2835693062
-79.1195562282
-78.2806849004
-80.920585097
-77.6538073316
-79.7816956726
-79.0535254703
-78.3274270935
-79.4871560569
-80.297588352
-81.293005396
-80.1447159674
-78.1593848591
-77.4495521881
-79.722662598
-79.010331824
-78.2410358519
-77.6121899362
-80.1910333743
-77.0337141352
-77.0292059233
-77.3817162802
-78.4082970136
-78.8227415864
-80.3870432642
-78.7898723161
-79.3326237498
-79.5993667625
-79.4893165537
-78.4488404685
-79.3811465978
-78.7390843596
-79.268656661
-78.3835700091
-77.555491915
-78.6420903267
-78.5713723174
-79.6302375795
-78.7708970634
-77.0275075083
-78.6556916608
-79.627483136
-80.8950198485
-77.8191990182
-77.0262370695
-76.7228287847
-77.5016309199
-76.7978204961
-76.8490707569
-79.1260692652
-79.8045767256
-79.2533481832
-78.2863508513
-77.8210205258
-76.0303804898
-76.0887244664
-77.2020659835
-77.0530056736
-76.0703604768
-75.6265537371
-76.7716192435
-77.4835479779
-79.396384112
-79.331312007
-77.5166606405
-77.8910894635
-76.4642238896
-79.2132903308
-79.1083332249
-78.1333780394
-77.1017118703
-77.7099167751
-77.2827122554
-76.3552051887
-74.9572311995
-77.1301959191
-79.9925822427
-78.4858702211
-78.3134712984
-78.6825545067
-80.0174573318
-79.5463121619
-79.836253266
-76.4160617491
-76.0663479682
-77.6948017513
-77.4691432719
-77.7560284428
-78.9974538526
-79.0376292199
-79.0046576332
-78.8920222118
-76.8877697152
-75.0093979824
-76.3902347053
-79.2183928109
-78.2926789895
-78.9130099762
-80.4089459611
-80.2871580411
-80.2071349614
-79.7037255421
-79.4549833203
-79.2867351147
-80.4017728615
-80.4727730611
-79.4904098663
-78.2783267608
-79.5154637631
-78.6730956661
-78.737711352
-76.2163201776
-78.1169454508
-82.1823237483
-78.1084710719
-76.2418103262
-76.8321329007
-78.7173515696
-80.189185439
-78.6371616007
-79.3552787548
-80.6478602307
-81.355875271
-79.5338985039
-76.8525049946
-78.6208503016
-79.6355650982
-79.0318840624
-80.3431389774
-78.1161760467
-77.3385818061
-79.2381117222
-77.1603507064
-76.7453235625
-79.1244811399
-79.3129974853
-79.3185756513
-77.9333084692
-78.1322393103
-78.4160448729
-78.4925549968
-77.5776216512
-77.2810833981
-77.3063716133
-79.2464126472
-78.5279427186
-78.6517892337
-78.1176166517
-78.4002885635
-78.1975919239
-77.6290358309
-77.1843309383
-77.2052783258
-79.1769751861
-79.1319387679
-79.4238632111
-79.1249771551
-79.7692077486
-78.257765414
-78.2699903543
-80.0200129233
-80.2542859763
-80.9996817422
-80.0993748901
-79.8815406868
-81.9521092149
-79.8994686905
-80.6624257226
-79.0288878573
-79.5451114389
-78.9811182589
-77.4815185028
-78.6663718541
-79.9068125804
-78.2946684104
-77.8745055699
-78.7797693586
-80.5809183393
-80.4910952225
-79.6339016284
-78.637463855
-78.294843909
-79.5540527811
-76.9907387126
-76.7313211672
-79.8518478525
-80.1821654259
-80.6278414788
-81.0636795587
-78.8927980871
-78.6040642987
-78.7447870228
-80.0399920472
-79.159933618
-77.7753993328
-76.7211445634
-76.2311154505
-79.2931101793
-79.1926495316
-78.7015902701
-79.4053157734
-79.4639238682
-80.308007648
-79.5874866582
-76.7065605604
-78.8496056255
-78.4564596693
-81.5570498946
-78.4611714353
-76.8051116296
-77.5083775905
-78.4807867535
-80.7836620984
-79.8445767635
-79.1936491455
-78.7555749605
-77.7385615704
-78.2532511222
-80.1259456263
-80.7980464426
-80.313864132
-79.6214057774
-79.8224679737
-79.652960893
-79.6497253612
-78.7503667242
-77.9362142195
-79.2860625881
-79.2945437799
-80.2463358574
-77.4365129436
-80.0536845299
-81.157965242
-81.9929428843
-81.2845308007
-80.543233941
-79.8850015829
-79.7842625003
-79.3649705981
-78.8948700402
-81.1583434319
-80.253677796
-80.0105945783
-79.5754042073
-78.6360265381
-79.4731313984
-79.5683805482
-78.3767963931
-78.9100781278
-79.6975609088
-78.3824486629
-78.1335784678
-79.5874028553
-79.9688762288
-77.8539610918
-78.6618651614
-81.6662381763
-81.0026487437
-80.4139924989
-80.2536358083
-79.1782484088
-80.2965652565
-79.8442650748
-78.569425224
-80.3977415089
-80.1383352549
