3031250000.0
97656.25
-67.4619818837
-70.5784362648
-73.8665157503
-76.6782498743
-73.042846578
-71.2169071646
-73.088811544
-65.5319845377
-63.2844270418
-67.4053580793
-68.5583514908
-70.4594266648
-68.7194646009
-69.7739511029
-73.5656736442
-74.2516126133
-72.3634800242
-74.6392459204
-72.2384846428
-71.7437596755
-73.0562016263
-69.4370653853
-65.8967227101
-65.818160089
-64.3521228676
-62.3628663333
-63.3443916182
-65.7804423555
-63.0413265693
-64.8574608454
-70.2819972891
-68.7137784374
-68.035441312
-67.2700389688
-65.2508696262
-64.8050544662
-66.0747245911
-68.5613962752
-69.1432294786
-69.1214442404
-68.5373181812
-70.1144981318
-69.8734299108
-68.1898356656
-69.4840238422
-66.7360094674
-66.7815709745
-67.6158787214
-68.1096738704
-67.8946534814
-66.7554459904
-66.8335971145
-72.2362220659
-75.6774428975
-75.0007688315
-66.5768957524
-65.5060742233
-67.8875796796
-71.2797398691
-72.6399111092
-73.5144227221
-70.9823059822
-72.0180815559
-71.1637567439
-68.8044859699
-65.9145099502
-66.1815989624
-69.2394443667
-68.4893429436
-64.8845626825
-64.5932928321
-67.1154514126
-64.9265496036
-64.572117721
-65.2994453604
-65.0250828658
-65.710944236
-71.1685366055
-75.4440244374
-69.7034597755
-67.5487498514
-66.2674551771
-72.092325203
-71.8300623577
-70.2712426739
-71.9057622683
-67.6677795874
-66.3351505448
-68.6548757989
-70.5746978454
-70.2172980917
-68.2221261247
-66.8964348923
-66.6324195614
-70.2620457704
-70.3939237468
-66.7436523171
-65.1514155967
-65.647281333
-66.5131821142
-66.1224582495
-66.1009416928
-67.4236201165
-68.1228977875
-71.8694326673
-68.4594556126
-68.0187088293
-68.265329169
-69.2546136471
-69.9508854425
-66.5932390294
-70.5734654967
-66.4474704303
-65.959961834
-67.1673163046
-68.9737440138
-68.1937197825
-69.0960151886
-66.7110892473
-65.2472727332
-66.3124448235
-65.6960442938
-64.3456147147
-64.2256304134
-65.3255044744
-66.2163572655
-64.8969321114
-64.2510532282
-63.9544626612
-65.4594223401
-64.8478965681
-65.3360124182
-68.4411125398
-75.4838194994
-72.3371918005
-69.2470810638
-66.9146802156
-69.3336710313
-72.0401496045
-67.5138720299
-67.6524509305
-66.3363251911
-69.8314050583
-69.3646787944
-67.3600478779
-67.7506543259
-68.1659571268
-71.3997965364
-72.9933460981
-69.8527678046
-68.7319333721
-68.9293361767
-67.8358116429
-70.2112107523
-74.1206978815
-77.3197084619
-73.6617191933
-72.7205052527
-71.32307759
-70.2415833806
-69.0987434729
-69.0014862178
-72.6871606735
-68.5003948842
-65.9163378776
-65.2077376875
-65.8082093094
-65.5335958218
-67.7639367116
-68.4033120913
-69.502702988
-71.1432832298
-74.3320448746
-67.9708803377
-65.5838984081
-66.6468886275
-67.2495726364
-69.4055928926
-69.0641088661
-68.5063646692
-70.0356924657
-71.083025395
-71.5777648141
-72.06579449
-73.1281294211
-77.8537466302
-73.1945023519
-70.1547021449
-69.4114319477
-68.8896534006
-68.8054333741
-70.1263922107
-67.3603753484
-68.7624063343
-67.1655429123
-66.0764483741
-68.7684887405
-66.5189883276
-66.2816794289
-66.742581289
-70.4711733056
-79.0271900283
-73.0119213421
-72.8611872316
-72.7805980884
-68.1042516524
-66.3428051701
-66.7705461209
-68.622211656
-70.6001741323
-66.2907625946
-66.5083967314
-66.8421391568
-68.1944835767
-71.0727231913
-70.2648605096
-68.4044495226
-69.5810930971
-70.1884444304
-70.1089115202
-71.1517444711
-72.5587173324
-73.4441504606
-67.399346927
-65.0972943824
-65.2676436447
-68.6464679626
-66.9680636582
-66.367814247
-69.5637740544
-69.354608114
-71.4238217288
-69.8099859206
-66.868844868
-69.5684875161
-68.6487998344
-71.6036734824
-69.0560243889
-68.6105744305
-68.5400964033
-65.9659447556
-65.2391326146
-64.3446392423
-64.8164076339
-68.1986793249
-69.8781294625
-68.0337485941
-66.640450748
-65.2375148864
-68.3345533022
-67.7808119411
-67.4891784056
-68.3452786294
-66.2526583056
-64.690171586
-64.6831487253
-68.5634085738
-70.8888627067
-65.424053965
-65.2621292255
-67.6406679372
-67.7251139015
-66.7381149332
-66.4863670165
-67.5916983166
-69.9187489551
-71.4341352754
-66.8816088777
-65.9072782328
-68.91974573
-72.9802225527
-72.1699853476
-75.0076621205
-74.3613211686
-69.4784893558
-70.2102807805
-74.2823706558
-68.2753442197
-65.8886863418
-66.7749316546
-65.9392992758
-66.5902304916
-66.7835047154
-70.0443143001
-78.3180894274
-70.8739901
-71.1880404143
-73.2864875759
-68.8191107005
-68.2594514909
-68.6552756957
-69.5315454208
-70.5301393796
-67.9060744527
-65.5210169913
-66.205432472
-63.449619612
-63.8693931985
-68.4667114088
-79.2367548193
-71.9118626176
-68.3406415473
-66.5910779318
-68.1154367015
-74.5357987327
-75.698327328
-72.0831366271
-75.2251318222
-70.3436551418
-67.0699663862
-64.634995266
-67.0446674841
-68.8553700915
-70.8489116544
-72.7955067338
-73.6778742413
-74.6351445843
-70.0167891223
-69.3994056695
-69.9241701536
-70.4130112475
-66.8331248689
-66.6279228748
-68.8052449463
-68.8676511488
-68.5575996905
-70.3788140637
-71.7122098228
-73.9389937461
-74.3395334721
-70.1934137259
-65.5842091491
-63.9033052872
-67.7598761187
-67.6617157971
-65.8376823654
-66.3857962702
-67.233381316
-66.9647626178
-68.1374860074
-73.5241446136
-72.9875077365
-74.066534401
-70.6643350855
-67.5908858015
-65.4389201403
-66.6392306425
-64.9379345197
-65.8402073425
-68.5829980786
-73.3001858997
-77.4973270056
-73.4501622313
-74.7577889704
-76.8791271427
-72.4676335185
-70.3046861914
-71.116018454
-70.8020880415
-67.9406305623
-66.7141547277
-65.1757778062
-65.912163427
-68.973062582
-67.6624352873
-71.2827842316
-76.7640916164
-72.7075171561
-68.8894494163
-70.2198299601
-71.6611281146
-70.0960492093
-69.1258622511
-67.0260272974
-66.80679965
-69.7094572131
-75.0445217307
-74.8695093091
-72.9499018791
-74.7519227732
-71.1738912779
-69.0537977645
-65.5507846667
-65.1881293418
