3781250000.0
97656.25
-82.1376424271
-78.0197458483
-78.9374875699
-81.5666605008
-84.1587533572
-81.3600925247
-83.8288302662
-80.4564568907
-81.1877331977
-82.0186111429
-79.7902974652
-79.6995687571
-81.4384224735
-81.7724432572
-83.7011654013
-82.7924594371
-81.1623646229
-82.2882898158
-83.7547755312
-84.9541147251
-82.2941971982
-80.5475680195
-82.0197839297
-81.1956185383
-81.4743042514
-82.4000247973
-81.195090858
-81.5141411968
-82.8933855346
-84.7762355167
-84.5984079068
-82.3893517565
-80.6685984737
-81.8533988707
-81.0205694093
-82.1152715912
-80.0034017127
-82.6776041561
-82.9733413266
-80.2992139921
-81.8746324433
-80.2653966765
-81.710095719
-83.0445142888
-80.9128999
-78.8300806544
-79.5153878213
-82.9151250944
-79.8338428861
-80.4606248832
-81.091880303
-80.3691872272
-83.1623948811
-82.2053657234
-81.358695285
-82.2908772825
-83.0687795163
-82.6048271194
-82.2735907188
-82.5203002271
-81.2616161861
-81.8447997505
-82.7800835985
-82.624682667
-80.9620505693
-81.0171736284
-81.1296088305
-80.2307996236
-79.6271234524
-77.7891282024
-76.8439407574
-78.1792214457
-77.3113775065
-78.6483127741
-81.7048714956
-83.244896599
-83.7186981179
-82.5747799924
-82.8278610121
-82.6432380635
-81.2744429141
-80.6015229596
-81.438388226
-78.9897097482
-78.9261874109
-80.12746934
-82.1565110936
-79.4556213208
-78.0977103618
-78.5676427991
-81.5585261536
-83.608993103
-80.9967180689
-81.4964606222
-82.4773018233
-83.2125023015
-82.7621538583
-80.4604878812
-81.1233853321
-82.2019685854
-82.9235573341
-82.9399448471
-84.5888104621
-84.3707199968
-85.3583874766
-81.5177439744
-80.5334116326
-79.7565774486
-79.0607574659
-79.4135827735
-78.5260551855
-82.2534612213
-83.6245941076
-81.8055548423
-80.865094991
-79.5707985159
-78.9755123443
-80.5681429872
-83.8999767529
-82.2188152249
-80.749651143
-82.6777369907
-81.5555074733
-82.6026037596
-84.3802404149
-81.9531834095
-80.3155646337
-81.2541364128
-83.3950569929
-83.3711260924
-81.0241952693
-81.1870618751
-83.1097471518
-82.1743361963
-81.4984789255
-81.3549380307
-81.8333104048
-81.1981753547
-80.529745794
-80.7069924001
-80.8007103968
-83.7988403176
-82.3054159009
-82.8684774208
-83.8829339123
-83.1387269218
-81.9464366647
-82.3151921832
-80.987698128
-81.9996019198
-81.7057079613
-80.936634518
-80.129865666
-82.499601321
-80.8928296324
-81.0708136235
-79.783606367
-79.5008892349
-81.4879996644
-83.853592685
-83.311201232
-81.0282567855
-80.8369113751
-83.9522967387
-84.1175920377
-81.2823604798
-80.7910581053
-81.1983786551
-80.5342373852
-80.6591835507
-81.1644395687
-83.2409276009
-81.9973954572
-80.9123243535
-80.4647905414
-81.6550242324
-81.1311949012
-81.4042981047
-83.4699523917
-82.2889628473
-80.9997928623
-82.1245437651
-80.9360076497
-82.7484974703
-83.4007174709
-80.3520347482
-79.6079764231
-79.9492633377
-81.0222406172
-81.683699244
-78.7188411143
-76.2873018161
-73.3371555938
-75.5488767327
-79.1241599453
-80.3280479215
-82.5069084673
-83.4671168722
-80.9917266152
-81.4420398061
-83.0712884877
-83.7557914655
-79.7259855144
-78.7877104244
-81.2873128602
-80.9436373772
-79.7586279561
-80.3108507868
-81.041743264
-82.1205950303
-80.7476722986
-81.0203984931
-77.8685367402
-76.4733238525
-78.0123704382
-81.1340178807
-82.3430964154
-82.4633465581
-80.6215369728
-80.8185825054
-80.4728062537
-79.9502720279
-82.6089652399
-83.2666982096
-81.5573103526
-83.1976093274
-84.4661276487
-82.4255666184
-79.3871596589
-80.1023785464
-79.8147383279
-79.763441736
-83.0146921783
-81.0224247088
-80.5650556216
-80.2554150133
-80.2338169217
-83.2055094283
-82.1277963492
-81.5500112196
-81.2145948538
-83.903956634
-80.6367153223
-80.2648353621
-80.8125622349
-81.6111602238
-80.9615566542
-82.3402358365
-81.8241772459
-80.3547967535
-79.6033894737
-79.7150153195
-78.7883699635
-82.6476772723
-82.0100202329
-82.6542334706
-83.5593575943
-83.9419255884
-83.3655967321
-82.2924164599
-78.8793110357
-76.3228383886
-76.6501373868
-80.198539478
-83.3319601366
-83.6970625755
-83.2070419325
-81.0166877988
-82.7218403839
-80.4402951813
-76.668935267
-77.7482767171
-81.0755562893
-83.6687448104
-82.4562526359
-83.8096223168
-81.1684569251
-83.2281644655
-81.710998446
-80.3291315166
-81.0938439137
-81.7116345361
-81.8824905983
-82.1082306361
-80.5405078045
-81.1223531388
-80.3085784614
-80.5207094012
-80.331256494
-80.4017461703
-79.6556942436
-80.4993777652
-82.9445155502
-81.9933242375
-82.2364604181
-81.6157801409
-81.0089842805
-82.7981744422
-82.9304477979
-82.0144561921
-81.9251040265
-80.5974109603
-81.9406525315
-81.6299105676
-80.3482015727
-80.3176002665
-80.4110770686
-82.1745027564
-84.1830648356
-83.4106504621
-84.2833420266
-83.7725162807
-81.2565094279
-82.2162940418
-83.6281031399
-81.8537685616
-80.5303403682
-82.214130744
-80.9788496254
-80.7828548053
-79.0830889178
-77.6624839467
-79.7838255597
-81.4742064731
-79.8020112223
-80.9958386074
-83.0690812511
-84.3138107704
-81.5962934596
-81.661280057
-84.7552736834
-83.5412855871
-81.226067465
-82.0339387767
-80.4016235064
-80.4969364465
-83.4680302959
-82.9494065531
-81.8026915936
-80.9139639995
-80.0853403504
-81.6949252342
-82.7095643615
-83.0619103614
-84.5651215915
-83.8965166716
-83.9640509129
-81.4855794935
-81.2445124964
-81.6498798023
-80.9693806136
-79.4957252139
-82.1821774242
-82.7638523738
-80.5927779268
-80.4969170005
-83.826674529
-83.3083662607
-81.4431919983
-80.9738595426
-82.2054642246
-82.1544904444
-82.2729296763
-84.4756874588
-85.1360496939
-83.7885083047
-85.0338805134
-83.6515439218
-80.9957913996
-80.7927398984
-82.7803266454
-83.1222536126
-83.2938615175
-83.6861940509
-83.5030050168
-81.4171875999
-79.751166957
-79.8763401676
-80.8788997642
-81.1932291498
-79.3107930496
-79.3207180705
-82.4894138771
-80.2230582942
