4606250000.0
97656.25
-88.1315793141
-87.7118132962
-86.6836718277
-88.5114058612
-88.2636234019
-85.6350806873
-85.6270406676
-86.827480613
-86.8864740272
-86.4425556221
-86.6687291035
-88.068927748
-87.7914748761
-87.633501459
-86.1878942596
-88.2050750223
-87.9404551795
-87.2177036634
-88.5925835327
-87.5957582335
-86.3670567595
-87.8146489018
-87.5242247664
-88.1008137607
-86.1109326692
-88.0584880131
-88.6075531246
-86.9825196494
-86.7302811449
-87.8871305811
-86.1110899307
-86.1708047076
-88.1592596485
-87.1704546775
-86.8923045061
-87.766690669
-88.2193427967
-87.0009127106
-88.3339546656
-86.3006629481
-85.7418513205
-85.0529260236
-86.7693485618
-86.8279952787
-86.456841007
-86.7120359653
-85.7519772727
-86.440051366
-86.2777275713
-87.8269731735
-87.06998081
-87.463939882
-87.0797763694
-87.9228350351
-87.971472936
-88.0917720213
-87.2974808042
-87.3934909796
-87.3577479216
-86.1276710429
-85.5406462568
-86.0225449027
-85.6179192024
-86.188220331
-87.5442828619
-88.7839597324
-87.8668562862
-87.646711846
-88.2222178002
-87.1807762922
-87.6667203055
-86.2835955532
-86.2090191481
-89.1989028879
-87.1834591576
-88.1762566236
-87.7660769833
-87.4383080802
-88.5330741453
-88.1048597881
-84.2685656145
-84.3079044756
-86.6766105474
-85.859620585
-84.7350867502
-86.7169663415
-86.5056267212
-85.6568029629
-85.7076681801
-84.9632309248
-87.3974297847
-86.5265556557
-84.1384793684
-85.2418222868
-85.1031095593
-85.3080247944
-86.6127817768
-86.2654470161
-85.3614925399
-84.8524165882
-86.4121931849
-86.0243412702
-87.19262017
-86.6977523825
-85.2275962576
-86.7207506788
-84.8952386343
-86.5144072432
-85.6286269513
-86.2990662634
-86.3877711337
-85.0948442865
-86.1212515737
-86.4941205908
-87.5265228357
-86.7265034203
-86.7350888667
-86.2061437089
-86.2679276439
-88.1887548433
-86.8536987636
-85.5879226431
-86.5836205134
-86.6201164607
-85.6357444515
-87.2626580741
-86.5482634382
-84.4457359841
-84.7631175293
-88.3674834458
-86.5185839642
-85.8283751253
-87.057329972
-87.005185684
-88.2722835407
-85.8718153617
-87.1006086127
-87.140413004
-84.6266693411
-85.0601298291
-86.4016900692
-85.4572792079
-83.9772643077
-87.2456245645
-85.9622577717
-84.7816376806
-85.6981414002
-85.2929842069
-85.7859708143
-86.3645314848
-85.7656029221
-85.7862675718
-86.5131095462
-86.3163842204
-85.5760862902
-85.4553819959
-86.3773189761
-85.8569344458
-86.3613549759
-87.5933180175
-85.2828941257
-84.8223168859
-87.5295863781
-87.8032924722
-86.1130192928
-85.5927442031
-86.8123823461
-87.4584683318
-85.3238950392
-86.9266190133
-87.3975332145
-85.9911670909
-85.5305886217
-86.6001475286
-86.5940349839
-86.2958255621
-86.4581245733
-87.3124075812
-85.4577089576
-85.3461511598
-85.0930383138
-85.1822302857
-86.4012452783
-85.5530375276
-86.0472797878
-85.9626787004
-85.1292666574
-84.1038571638
-86.2210056794
-86.079832537
-81.655375521
-76.0806645754
-72.6643282629
-75.2636327041
-81.3365644657
-82.0587536351
-81.7493843162
-83.6790167934
-87.3730186546
-86.7331302457
-84.8560475054
-87.563029215
-85.6182613247
-86.1597762471
-85.7168214847
-85.7928146366
-84.9955070879
-85.9484480124
-86.8818417867
-86.3732983259
-87.192633054
-87.4406584042
-86.0423683045
-84.6937951312
-83.6946212245
-85.9042812223
-88.2157113795
-86.7186328311
-86.2156301451
-85.9198814349
-87.1850909284
-86.4926863775
-85.4362688684
-85.0104725401
-86.8987964812
-85.7375792675
-87.1287976611
-86.6253909986
-86.0054164087
-86.6330918765
-86.7243243219
-85.148405691
-86.8195877794
-86.4894787908
-87.3665570657
-87.2723642616
-85.5247126235
-87.7776692326
-87.1741162083
-87.177004752
-89.1055046119
-87.4543596452
-87.2862055737
-86.4914793961
-86.8047364129
-85.3586590755
-86.7983800226
-84.7924239707
-85.5570219571
-84.7753321815
-86.5007768731
-87.6655852153
-86.3376167625
-84.5337119568
-85.4298700798
-86.9711254803
-85.0977451175
-87.5067002183
-88.3664574976
-86.0740328542
-84.8946541493
-83.5593346822
-85.9867696297
-86.55416521
-87.2049408135
-88.6386539729
-87.7964888671
-83.7850999751
-85.2097777354
-86.7322049368
-87.4059088895
-87.5923231332
-88.6699005383
-87.6083948078
-87.2144754417
-87.2540996113
-86.1108991032
-86.1976530947
-85.5704112194
-87.127227981
-86.8946930248
-86.457166729
-88.6829135518
-88.0248641071
-87.2987922037
-85.6200615682
-86.3519947009
-85.1009369307
-85.0829957928
-84.5873500993
-84.5489771978
-83.6679634709
-86.0845191621
-87.4835924984
-86.0491791792
-87.7344056113
-88.2863995263
-86.6078443336
-87.0585619377
-88.7507978196
-86.6839212238
-87.768360751
-87.520635506
-88.1765083706
-87.6685861733
-87.0399746869
-85.0730151498
-88.4286457256
-87.6750728275
-88.2499258305
-88.7689555432
-87.1444788002
-86.9985558548
-86.1359915133
-84.8913848014
-86.581387921
-85.3529439689
-87.0520175911
-85.9494196542
-87.2301433118
-86.1257089072
-86.9241896089
-87.0773740252
-85.9611954149
-86.7650201807
-88.4480380331
-87.4892141553
-84.1380547961
-83.1589200023
-87.2669086309
-87.2797320182
-87.7630485191
-87.4946475469
-87.3707608089
-88.8712307993
-85.1939827856
-84.0097865124
-85.013658722
-86.8029259052
-86.8140311697
-86.1397825705
-85.5453956317
-86.6447547812
-86.7079186513
-87.021010994
-88.312102366
-85.0780382331
-85.0952601263
-87.306152765
-87.8372109255
-88.7687747155
-87.4947972993
-86.7295094286
-88.9954352936
-88.2634611349
-88.3372137058
-86.9877683443
-86.172860518
-88.9255917028
-85.5989197499
-86.6761818468
-87.5218485432
-89.234130715
-86.329813472
-86.0830572325
-86.0320724416
-85.3693400115
-87.061998694
-88.3168891057
-85.6970033188
-86.1263109554
-87.1827744162
-86.1539249448
-87.1936055672
-88.1805587408
-88.213774349
-87.6985389316
-88.3068936092
-87.3232972266
-89.763465024
-88.9009200952
-87.0857109714
-88.9110845691
-85.7605008489
