3968750000.0
97656.25
-79.3403904546
-80.4903668894
-77.898961103
-77.4966386586
-79.608061097
-79.7186521513
-80.5976578022
-79.4132557533
-80.9593607207
-80.0286407606
-77.6243375076
-78.1191759161
-77.8890163935
-77.650040998
-80.651995934
-79.3066801235
-80.6465036664
-81.4123211117
-76.8601413456
-77.9437847306
-78.7833929967
-79.4973891514
-78.5215487825
-78.9825319278
-79.6024926961
-79.2080380938
-78.8034715612
-80.6276039823
-78.1191396556
-76.6004119354
-75.9500048829
-77.9640584659
-80.5885710365
-81.2935614967
-80.806293787
-79.3602962257
-78.8419436347
-77.441793001
-76.1855728113
-76.113979323
-77.2439220689
-78.2260466741
-79.194517384
-79.3197551791
-80.1076331157
-80.2334161877
-80.0816704997
-78.5151914634
-79.2303617133
-78.0544637674
-78.6537451352
-77.4919380654
-77.764475618
-77.8481377518
-77.7123933744
-78.4998910531
-80.3122296619
-80.5333539734
-79.9197412305
-78.3513800975
-78.4377278694
-76.7788773351
-77.1083154937
-78.1366820772
-78.2089714104
-79.4312013252
-80.5314999198
-80.263558642
-79.5493268564
-79.3617164239
-79.2016138572
-79.2891660401
-76.9315351568
-79.1772184918
-78.7376219241
-78.8110651312
-79.1786091946
-79.5819911088
-77.0643374402
-76.6176198762
-77.4976875148
-81.0539075039
-80.8394859061
-78.5085687316
-79.7121910916
-80.824989237
-80.0791687994
-79.4037165204
-79.6498051217
-78.5166448905
-77.7385003634
-78.9179037519
-79.3228168068
-78.4841294229
-79.5562402793
-78.6548681265
-76.9208876708
-77.81569918
-78.5790611882
-77.717000677
-79.0924282818
-78.1743853928
-76.2310202421
-77.2024628768
-79.5331889207
-78.085652381
-78.5793523335
-80.6263637677
-77.5392937983
-76.8949648428
-78.1016975693
-76.6662000396
-76.151785443
-78.4432325006
-77.9500203796
-78.1360001714
-78.5986895641
-79.1251549217
-76.2595656351
-76.7092247499
-77.0306201654
-77.5019652813
-80.0952086613
-79.8075092419
-78.5326426174
-79.6604880947
-77.6456576897
-76.9728535553
-79.3682889856
-77.2327574814
-77.5061201497
-78.7946131279
-79.5326351916
-80.0488351006
-78.3807028219
-77.5513231502
-78.1535189193
-78.2513259208
-79.4980246496
-75.5667644267
-75.3278371179
-76.0656674406
-77.126640808
-79.1019873275
-79.2343669356
-78.4683669351
-77.8562156325
-78.1649479189
-78.8494550734
-78.7542690125
-78.3657803891
-78.9077448629
-77.8531228882
-79.4150621354
-78.7376718641
-76.296723093
-77.3616878462
-77.0678511183
-78.8668790348
-78.7855824882
-78.8045820534
-79.4083113867
-76.7123145582
-77.3434424448
-78.5980949478
-78.1767261946
-75.9529692158
-76.3850863252
-79.4064594898
-79.766747929
-79.1002350135
-79.3832203969
-79.1880413855
-78.772977614
-77.6139278358
-77.0527396065
-77.1858710921
-76.889019504
-78.0167358109
-76.7169227654
-78.9350447341
-76.737955659
-76.5004468232
-77.4200465867
-78.7498620057
-78.5862903475
-78.5834210768
-78.3576796268
-76.3361831977
-77.2356403107
-77.9435016219
-74.6001521778
-73.4298224019
-76.8056753219
-77.591506056
-78.7880668137
-78.5891536585
-75.979362201
-75.3414293831
-76.2753901729
-78.6189140525
-77.8792437208
-77.5286815951
-77.5912524372
-77.721922324
-77.5992394665
-77.4536485497
-77.6865782344
-78.3396998606
-79.0928097358
-77.8231332028
-77.4271167707
-75.119474982
-76.4411402163
-78.2627212915
-77.5487741707
-78.4209893736
-77.4029502626
-76.2637125965
-76.6916570156
-79.4312108627
-79.8764579147
-77.8470348199
-77.1771504965
-79.2057280337
-79.5829057671
-78.4796765067
-78.3528080594
-80.1394503143
-79.8519699411
-79.4010167759
-76.1486178891
-78.1452667938
-79.2294867134
-78.6397668229
-77.3640627305
-78.8050125684
-78.2647654299
-76.9998109556
-77.2586074056
-75.1113480958
-77.0847473034
-77.1100615148
-78.6185547037
-79.0272657584
-80.6225182745
-81.074827816
-81.3603201896
-80.1639298687
-77.2156625484
-77.3138463588
-76.8992559068
-78.2187421734
-78.8493843674
-79.8815124748
-79.8275207524
-79.999695074
-79.2482114599
-79.266676632
-77.4236036967
-76.110321227
-77.8770743639
-79.307183709
-76.7849403749
-77.5560047396
-77.1611003178
-76.3363707119
-77.6229703913
-79.9672028943
-77.2910638204
-76.6076424129
-79.670774098
-79.9950306673
-79.3211032869
-77.807649364
-78.4138345105
-80.4237333206
-79.1179261135
-77.9655045696
-80.0441879904
-78.7280815314
-76.464504176
-77.5375041591
-78.2210843267
-78.6435288945
-77.2592229558
-78.0906403954
-79.6859652515
-80.5114710261
-79.8171520235
-79.1729005554
-78.8705090608
-78.9495260642
-77.4466124338
-78.0001194652
-79.4726742261
-79.0492184994
-78.6336715016
-78.0458835156
-78.2089868347
-77.42760979
-77.8522463268
-78.9704102993
-79.0772653468
-78.7787050544
-79.8682162871
-79.9409116278
-81.5813894871
-79.0021619206
-77.6840592052
-76.9127516835
-75.3110753147
-78.6548001387
-79.0243599953
-80.1592294526
-78.2941454525
-80.7493293733
-79.2213301245
-79.4399705791
-79.2299766569
-79.7421001861
-79.757148732
-79.0058697894
-80.1615893686
-79.2801570866
-78.640220295
-79.6019943039
-78.3387031443
-80.9629897766
-77.6689883495
-78.7366569167
-79.528618469
-78.0233152616
-76.0988639515
-75.0642229869
-76.9853694099
-78.0446259089
-78.3000708651
-78.758534619
-77.8819558291
-77.7995080747
-77.9358070399
-78.3032888048
-79.2084160323
-82.7180062063
-81.9242455912
-81.1333154923
-81.3547576794
-82.126600791
-80.2671853869
-78.373337006
-80.2108684026
-80.4913294279
-79.7987621115
-79.1141986332
-78.9366124812
-80.6221066086
-80.7261270848
-78.8846414827
-81.4955067951
-80.8204816757
-81.9566500773
-81.1894390212
-81.1273343356
-80.9242443303
-82.4248440318
-81.8253920784
-80.0037737424
-77.933811929
-79.4592785019
-78.9375240526
-80.0582570766
-77.782937087
-79.4740536846
-79.6900246697
-79.8223337905
-80.0658037258
-80.1063752486
-78.0393828748
-78.0106522378
-77.5754727971
-79.2304102814
-79.4828934371
-81.7042444437
