4156250000.0
97656.25
-86.1849486197
-86.7802229593
-86.2397275054
-88.6317308515
-87.2187786789
-85.9781090334
-85.1381191218
-84.4550816375
-84.0494278712
-83.7077924035
-83.5378164565
-85.6438879602
-86.425082786
-88.7916645563
-85.2780190914
-86.3382113198
-85.7185751636
-87.6703900148
-89.0142168666
-89.3367874947
-86.6044043112
-86.0157676215
-87.4921788301
-85.3976880005
-83.0328684149
-81.3472341572
-83.2653341994
-87.8776717024
-85.8114361117
-87.8748830004
-86.3554764016
-85.0797375091
-85.4450834187
-86.1040327787
-85.1218164386
-86.4638562991
-85.5189363507
-85.6904516966
-84.5315071313
-85.9812918838
-87.7947105665
-86.4812797712
-85.9299985943
-85.7751058051
-86.8138838779
-86.4081375865
-84.9345495796
-85.659637743
-86.018859172
-86.2385754716
-85.3900569337
-84.002371041
-84.1827745669
-84.9875124582
-87.2623762297
-84.9152989589
-84.6763922474
-86.4368636021
-87.089970885
-86.6161524353
-85.1263661925
-86.2854182169
-85.1720941814
-83.3056583758
-84.4999112645
-84.2911697737
-87.7785227978
-84.3586250539
-83.1058827746
-84.1062019866
-84.3432304038
-83.5117798823
-83.2848844285
-85.3684029656
-84.8896215653
-87.1188670332
-85.7338502992
-84.8429498834
-85.0885078674
-85.2671910154
-86.2959419493
-84.4605756464
-85.5977904627
-83.6092085212
-83.8853254755
-84.9592254837
-85.3412210209
-85.7000707643
-85.1423577885
-86.3089304258
-84.7015553716
-81.7139647186
-81.7266551846
-84.2475434344
-84.6644288535
-85.0342121749
-83.5351045467
-85.1844807026
-85.9387775719
-86.2553443741
-86.606914225
-84.4478324439
-84.0935190804
-82.6221801885
-82.5446425903
-82.9195085053
-86.034971222
-83.8796062759
-86.459170256
-85.8716022463
-85.1684675611
-85.5795413871
-84.1720333592
-84.3960694193
-84.4888049349
-85.2658741039
-83.5488337295
-85.2254790197
-84.8437481547
-85.1537394007
-82.2076374104
-81.8527143117
-82.0584001745
-81.028625487
-81.4234600813
-84.5966347205
-84.1365206405
-85.8516617591
-84.6354547523
-83.2315892534
-83.8692963342
-82.4197901934
-82.9392949014
-84.4317971187
-84.8455829185
-82.5494299822
-83.3183609589
-86.5596857971
-83.9068294615
-83.6757708285
-83.6905593901
-82.0190714013
-82.3402939614
-84.9090642622
-83.9072027409
-82.3237226393
-83.8077308198
-87.5209214553
-85.2936195846
-85.0922953143
-84.0736504826
-85.4164127789
-84.6996112421
-85.0366538017
-82.3230976755
-81.7535133101
-83.5898162157
-85.8533078521
-84.0783684493
-83.4373504825
-84.8434078252
-84.7141787896
-84.2321287317
-84.0474046958
-83.7619450035
-83.8645674254
-84.3156969443
-84.8636916877
-85.5995859979
-83.3984940044
-84.1383726341
-85.9013995901
-85.0221052191
-85.6049676525
-85.7730406154
-85.5460964186
-85.3578012188
-85.4590348558
-83.6048647831
-83.959499255
-86.6017156274
-82.5297358443
-82.0867812972
-84.7630605574
-84.6653033475
-82.8012017746
-84.10014035
-85.7593516727
-84.9471839692
-85.7776037368
-84.1137833566
-82.4947715008
-80.0138293117
-81.1547669847
-83.5986602368
-85.3440559754
-84.999773696
-82.4716807666
-82.2465328027
-84.9044225336
-82.6987977436
-82.1316404183
-82.4545212786
-84.8979235616
-85.387758322
-82.348859243
-83.0972594364
-84.6461533288
-86.0073974486
-85.1745225594
-85.5789245045
-85.4027967589
-86.2799511451
-85.5158743279
-85.0793756747
-85.1413589388
-87.4865507972
-85.5702866014
-84.5038066235
-84.853474204
-84.4091818781
-86.6304792128
-84.2267807738
-84.0929896021
-83.7545687474
-83.2872590495
-85.4243624666
-84.4004345343
-86.1281605876
-85.0456514231
-86.0172117266
-84.1722643901
-81.9311844582
-83.6442840629
-86.2498893541
-86.114530758
-86.6870647815
-84.5375796281
-84.9650068487
-84.1835857401
-83.336621832
-83.1699765291
-84.0837918372
-85.7435296499
-84.5401777856
-84.8586306524
-87.7707220228
-85.1943928185
-84.0643671619
-85.3530221039
-84.3807390235
-83.1524030283
-84.9217022021
-85.7709324153
-85.0621687844
-85.0554188227
-85.0644163971
-86.0389495814
-87.7773453097
-88.0611636129
-85.8359881794
-83.0152252242
-82.691680342
-83.2242148014
-82.7689102825
-82.8453468686
-82.6390795311
-83.6956998693
-84.6651498816
-84.1383662569
-81.9245354806
-82.7703586513
-84.6987664722
-84.1476407669
-85.2445263906
-84.5009831068
-84.6755212153
-85.5802177669
-87.2771757186
-86.436692951
-87.1165272636
-85.7751146119
-85.941274372
-85.8784381556
-86.5121296433
-85.5621312054
-84.9470464938
-83.6055805208
-85.1943037892
-86.1162028424
-84.8944787792
-83.2119984469
-83.5701988413
-83.5339645951
-84.4071986114
-87.3456644941
-88.2285187858
-85.6395058024
-84.673859028
-83.9626875577
-86.0173995162
-87.0059992099
-86.7154371864
-84.3387701823
-84.9795447394
-86.2470224616
-85.0604908936
-84.2109878997
-83.7673211032
-84.5139496947
-87.1066788041
-88.1223280443
-85.1767289132
-84.3268082856
-83.738891095
-85.0037905091
-84.7019310033
-84.2389576901
-85.1150038843
-85.4953526663
-86.1967275503
-85.4921311901
-84.5218212278
-84.4731163478
-85.8621880836
-88.0602572101
-87.5613985933
-86.4728698261
-86.7352515147
-85.4585940578
-86.3804366001
-86.5292450494
-86.5706963567
-85.195996513
-86.2948606612
-86.0929825929
-84.8503408809
-84.3912066833
-84.199321309
-85.3009855383
-85.746705487
-85.919184934
-86.462649851
-83.5892737301
-86.8806986981
-86.8520473531
-85.6564854037
-85.5767845685
-85.5556932527
-84.8460537793
-86.8032668678
-83.8589211133
-84.2158992175
-83.8431360192
-83.2649004856
-84.639899715
-83.756397882
-85.0319854959
-86.3656084008
-87.8180021502
-86.4981790159
-85.1470950912
-85.9884497607
-85.9347728838
-86.3564898249
-84.7900327606
-85.5334666654
-86.6637754082
-85.9460783831
-83.977988172
-85.9213238555
-88.5202684361
-86.1480116745
-87.3163952465
-86.5274122755
-86.3037022459
-85.5615377511
-87.7314471241
-88.9643322719
-86.7528991006
-86.4808457489
-86.8029302445
-84.8152585417
-86.2405487066
