2918750000.0
97656.25
-70.0579595757
-71.1681219583
-71.8742432763
-70.0871361102
-68.6155195809
-68.1082903527
-67.3936990745
-67.7370134539
-68.8115467711
-67.6433608105
-65.9462920497
-68.666048465
-69.385131342
-68.1552894479
-67.6015380973
-69.2086034607
-68.5757484345
-68.1290426973
-66.4878083569
-67.8885123052
-68.4326658371
-67.1764449141
-67.1108148461
-67.7250722009
-67.4678015985
-68.3403719079
-65.0117916634
-65.2547680972
-68.9370015679
-68.4111637375
-67.7334615947
-68.5576276207
-70.3282361422
-70.0020456803
-70.8974044867
-68.3977854803
-65.1484665769
-64.2112020214
-67.5740863847
-67.6343084144
-69.264639461
-65.2586002875
-66.0222741676
-67.4052892579
-69.1800706406
-68.9688083399
-68.6450704104
-68.7472557967
-67.5655624889
-67.2137145445
-68.1349528809
-67.9661956162
-69.2675996585
-68.1886297042
-68.7763435669
-68.5159427263
-68.2492842221
-66.9800922812
-65.7485243203
-68.8657971575
-68.9510810753
-67.9187831603
-67.0520834125
-67.4132958085
-67.1480896796
-66.54241965
-67.2049016303
-68.4955157589
-68.2183935013
-68.1954265491
-67.6908647614
-68.7740237286
-68.7017937584
-70.0136486265
-70.7008347179
-71.1441417913
-69.1751059557
-66.4101707962
-66.6089568736
-69.8098840354
-67.9844682989
-68.181812415
-68.082369213
-68.4048436492
-67.8714344085
-66.6987001795
-65.5551471502
-65.7919960107
-66.4131825971
-67.5802216093
-67.8993553311
-67.9568291454
-68.1462192746
-68.486752794
-65.8265060319
-65.01648688
-66.2008264619
-67.7071964973
-68.0408893022
-66.8129247888
-67.4844201403
-67.6380147202
-67.6034158029
-66.9020757107
-67.6915019564
-67.5766785372
-68.7525369053
-67.932863929
-68.9521729405
-66.2934950987
-65.8184396629
-67.3132743324
-66.6413072811
-65.9100827122
-68.2836153896
-68.2799502526
-66.0956309156
-66.8050297614
-68.2874279703
-69.0659977233
-69.377153844
-68.7240626771
-70.9015119435
-69.5434829032
-68.6861788509
-68.347213884
-66.6511942838
-69.0490920597
-67.2388340034
-67.8009574411
-68.1720260042
-66.5292478199
-66.0310470404
-66.831912128
-67.210248063
-67.6472598915
-69.736226493
-67.0653068755
-67.5918919536
-69.183590758
-67.886622304
-64.5856584644
-65.0597803142
-67.4815702791
-68.5673823664
-70.075077103
-68.5061282924
-67.643781136
-70.485830094
-69.0347242274
-70.3694431339
-69.1012798345
-68.3094304436
-66.1261082548
-66.3808823699
-64.9899267876
-65.451275873
-66.2437426513
-65.7009590887
-65.7385608612
-68.0428748443
-68.8814493123
-68.6366521664
-68.0215639686
-70.2761699645
-68.3136699602
-69.0382940577
-68.7248861605
-66.7575196778
-65.9168726239
-68.1651489274
-65.5364511669
-64.9343961354
-68.4056561104
-68.7804902475
-69.757615801
-69.7349069364
-70.2839476597
-69.7638438771
-68.7162425857
-67.3575277228
-68.5897772849
-67.2452018671
-65.4098369469
-65.1384860698
-66.7902904757
-68.3721719618
-70.0694205751
-68.1852030864
-69.1686418012
-69.2984963323
-69.398527136
-67.9803523767
-67.1987033613
-66.9709964501
-66.2633691134
-68.0179797898
-66.4418579243
-67.9953690474
-66.952725808
-66.8033943079
-66.4556751798
-67.8106660388
-68.1037770887
-67.5898052206
-65.9264360558
-67.6279394805
-66.6297188559
-66.3843008359
-65.7728750514
-67.9862617433
-68.2935147708
-67.8077969322
-67.26708659
-68.1015957796
-67.5686085693
-66.7427800569
-67.9023387342
-66.8354730201
-68.2758284396
-68.9027016605
-67.9445810164
-68.319916324
-67.8801553647
-69.9524107551
-67.4281160949
-67.7992259197
-68.6548366013
-69.4386599532
-68.3820432228
-66.8070267942
-67.6933717312
-65.8319010412
-65.6347789427
-68.2311565678
-69.5238903392
-70.0389316928
-68.5850984562
-66.3828599406
-68.0159185142
-66.7665210501
-68.8661767609
-69.5673225424
-69.1154725859
-69.7695027064
-68.6346213778
-68.6273666413
-69.711054261
-69.5287368172
-70.4390836555
-68.3476481471
-67.2176547483
-66.2498423839
-66.1771888656
-66.2162775443
-66.7753400564
-69.3991957574
-68.6294970505
-68.6644198516
-68.3820888802
-67.8180701422
-65.8373777261
-66.1412377471
-69.2408640099
-66.8026865034
-67.7871061483
-68.5395853563
-68.6021128529
-68.8921257073
-69.37207386
-69.9331771813
-66.91003504
-65.2766176522
-66.8233467088
-68.7010999408
-71.4189961118
-69.9664265751
-66.6010113094
-64.3840637249
-66.5972163237
-69.1364482713
-68.2302926063
-68.3510320166
-68.050928957
-68.987585747
-69.4125211105
-68.055566004
-67.4637161238
-68.3999116122
-68.7545070078
-69.2440467674
-67.2431355789
-67.4387118047
-67.7675804738
-68.9845585522
-68.4352585846
-68.1701251208
-69.2733786067
-69.321187242
-69.6129177046
-68.4562596649
-67.6233651454
-70.1097040705
-69.9033695066
-69.6519879733
-68.5203761452
-68.1952362982
-68.318878436
-69.5448212635
-69.1183260414
-69.3497416196
-68.2485306536
-67.8802072247
-68.9389021087
-69.79730829
-69.8258643886
-68.4623882193
-68.2541522198
-68.355900031
-67.7156884653
-66.9442595965
-66.148689894
-65.9944749248
-66.9168411399
-70.0943481706
-71.3927957794
-68.7792643386
-67.632278521
-68.6086742486
-67.652203919
-68.8835652611
-69.0040121664
-69.4139087327
-69.3118943764
-68.6075797435
-69.550860012
-68.3467408868
-66.7742824692
-67.6744889841
-67.2724726015
-68.0182826229
-67.9661087513
-67.9272019855
-69.9179628576
-69.356364102
-69.123093868
-66.5950653489
-68.954710733
-69.9372784332
-68.296198074
-68.3844614415
-68.0982884454
-68.5142891193
-69.3476725147
-66.4405135052
-65.0886693777
-68.3189765888
-69.9039581014
-69.0686757913
-70.9687491305
-70.9520530335
-69.6175354037
-68.7479747231
-69.9674245638
-71.1282084789
-68.442593539
-65.7761364781
-68.2775950886
-69.095949938
-69.5618303422
-70.0269335129
-70.2659008757
-69.3022517041
-67.0490298665
-66.1071214821
-69.0040529992
-69.2656567466
-69.6617164552
-68.1975127489
-68.646823411
-69.0273301506
-70.1069074297
-70.101301739
-71.2301652851
