2093750000.0
97656.25
-64.7340072782
-64.962924768
-62.4192036111
-59.8913108023
-60.6755899126
-61.672197166
-64.5035169315
-61.5009118126
-61.4392925653
-61.6244785661
-63.0799081503
-66.3233440747
-64.1413823262
-61.5005420064
-61.3454202872
-63.9554960006
-63.1262948513
-61.1442754145
-62.8444123042
-61.1233177409
-60.3211326755
-60.3626115617
-61.7578100336
-63.2261026181
-64.2380267052
-65.8111592182
-63.5382435269
-61.3763404226
-62.1833261746
-65.7585974089
-66.7401005863
-62.0936577465
-63.3787429979
-62.2034667823
-60.1757955136
-59.6651390791
-59.9069915405
-59.721001248
-60.3058840362
-61.9830807762
-60.2485558849
-58.7297126823
-61.0789503243
-58.1922394153
-57.8848311527
-59.745862437
-62.9837527578
-65.1801991577
-66.0059000521
-62.8269395928
-63.7064782147
-66.474307222
-67.3718931043
-63.9689278702
-63.0746407402
-64.6709394024
-64.2091461025
-63.2259337343
-61.2843671975
-62.0341339784
-66.0074460907
-65.9924051039
-62.9293180223
-61.162945183
-61.9579416942
-64.235147471
-63.2704323413
-62.3579947115
-60.4958761648
-60.5272278424
-61.6325810374
-65.238125822
-67.205606737
-64.448920119
-62.4636469532
-64.6539070031
-65.7829047749
-64.0539542667
-60.7984164543
-61.7884167578
-65.174822135
-64.0425650382
-65.4930881845
-67.7742499654
-65.4095096498
-63.3386857431
-63.921330829
-62.9732367723
-62.2132499551
-63.7882705542
-66.3780022442
-67.049575735
-66.6084640465
-64.3013308396
-63.6526178736
-63.1199832984
-60.4068521049
-61.0445114143
-66.2696743956
-66.6693206446
-65.2854527432
-63.2465987779
-65.6343963536
-66.428018982
-67.2860964056
-65.0492567904
-65.2563744821
-64.6191836102
-63.6246593879
-66.4288240669
-65.8512268764
-63.0939710285
-62.7484378285
-63.6000321206
-63.9889652268
-65.3773690144
-65.1774630162
-66.6772049698
-64.4919475131
-64.2344745188
-64.4567901047
-64.5585627463
-61.6048724719
-62.2269509922
-65.1802668734
-64.438068093
-63.9918182382
-61.9837527466
-62.826311977
-63.550755437
-63.7134374105
-66.7233302832
-65.0954892317
-64.1287603242
-64.5643664353
-63.933598974
-63.9767356849
-64.2585375029
-62.8522658595
-63.324495086
-62.4079255904
-60.1977980205
-60.2428757199
-62.6259338597
-63.1468012249
-62.4866155254
-64.3226168322
-64.7058085495
-63.8486917141
-64.4650879811
-65.7716634028
-63.9607612401
-64.3749404064
-63.0608339676
-63.3779802326
-64.6257283171
-64.6658530806
-63.99578509
-61.9268666529
-62.1141650778
-66.3749442695
-66.1996999788
-65.0770743636
-63.7980486398
-63.7814496939
-64.8421188898
-68.8593499272
-69.4993094886
-68.3286209947
-69.0300656349
-66.5372783833
-67.6923515329
-69.3430181377
-70.0797495443
-67.0198971172
-67.5040710679
-66.7644957559
-67.3561922592
-64.9889439963
-61.8985987733
-61.8650428269
-63.0090125587
-67.5985203031
-65.174948673
-63.8703749866
-62.8367731706
-62.6798136902
-63.2165895553
-63.8882519189
-65.3822717132
-67.3427361665
-64.5233542059
-62.4639259674
-63.0331735356
-65.5674238566
-63.8075545793
-65.152029188
-65.3524179974
-63.517436104
-62.4299708866
-62.8795279242
-64.8955965074
-65.9546097626
-68.1205096404
-68.1050638576
-65.6653806784
-66.5551203796
-65.2761433602
-65.6650085117
-66.4207806529
-67.1242540864
-67.146127036
-64.1629621269
-65.4300926626
-64.3449199216
-66.0414963863
-64.1829535275
-66.2743684478
-66.389773748
-67.2977831656
-63.578583585
-61.6122592352
-62.7451542126
-63.5241303481
-66.1744180065
-68.6104023906
-66.0064026772
-66.3852654222
-62.5332712265
-62.3994149347
-63.7674613397
-63.2311589399
-64.0221075204
-65.224302592
-65.2675820749
-64.1200397034
-65.4533066961
-64.10741465
-66.7440155171
-66.5227917891
-66.1617815102
-64.5490946045
-61.2575123595
-60.9219930839
-63.1256248339
-66.1399580259
-69.1418413895
-67.7631329007
-67.2916880953
-63.1199523753
-60.9701050361
-61.7344062278
-64.486966356
-66.6381384555
-66.3496268613
-64.3751876627
-63.3601678673
-63.4186132903
-63.2199243553
-61.7443546443
-62.4807052847
-64.3663238183
-63.7752768743
-64.343225309
-65.0727489856
-62.7777521194
-62.851709326
-66.3756762899
-66.5666817726
-64.0277004419
-62.5615416847
-61.9093053479
-63.4511050101
-67.7485747564
-64.2611976139
-64.0689311352
-61.5938581562
-64.5807085686
-64.5271183959
-63.4642676956
-64.4502511808
-63.1250903233
-63.6743299317
-66.4955899658
-67.676607113
-65.8992674358
-63.1473876573
-60.2516908696
-60.9774749589
-63.7666953879
-64.4949168457
-65.8062907033
-65.7572659318
-63.4787365179
-62.1102008017
-61.609106819
-64.6180065425
-66.1038291837
-64.5506338758
-63.1107779543
-61.9268635547
-61.7549760479
-65.3305295568
-66.4120014844
-66.1793998841
-69.2673249954
-67.765814665
-65.1939216692
-63.4605021732
-61.8529250143
-63.6990203094
-64.4203899796
-64.1244868991
-62.80472533
-62.893947213
-62.7844242147
-60.5196128172
-61.3687925916
-60.979862551
-63.445263151
-63.6956936252
-62.3676019713
-62.3981220464
-61.6921792445
-61.1581834728
-60.2412035909
-60.6767986354
-60.2804395669
-59.4074051052
-60.8987610157
-60.642170404
-61.4276811385
-64.8996879964
-61.7242853804
-57.0719036835
-56.2428329111
-58.329870641
-63.7240658625
-67.2320134105
-66.0752600751
-65.4766808535
-61.5845111481
-60.0492905289
-58.1336839609
-55.4814566257
-56.2841166722
-59.4449300744
-60.4333088184
-60.8917613655
-57.6232017284
-57.3793405146
-59.6184880595
-61.2108643537
-60.810675222
-61.5676415095
-61.3380968461
-64.3295660023
-58.662395399
-56.4611681344
-57.2215794817
-56.4168561442
-57.8835967554
-57.3614290147
-60.1157474969
-60.7186240433
-56.6164173409
-57.5359705262
-60.1438762447
-55.6873417638
-51.8331166616
-48.9373326173
-47.8927281112
-48.5876991897
-48.2523052774
-46.3358470429
-46.4657208635
-46.7430368409
-44.8666539359
-47.266274179
-46.3668174151
-43.8097212678
-43.9390624171
-46.7107650523
-46.0044136261
