4306250000.0
97656.25
-88.9691494031
-89.0231399807
-89.6565400686
-91.948277941
-91.7732459183
-89.2622496003
-90.0123096397
-90.7522570174
-88.9410343149
-90.5660391346
-90.2288501043
-89.0884134947
-87.5314932092
-88.0418628465
-88.433529794
-88.7274038555
-87.5173974023
-87.560479262
-89.0259801817
-91.0206932623
-88.5405875141
-86.6805750214
-86.8702701637
-85.5875805593
-87.5487539292
-88.3279181421
-89.7084181227
-92.6709255853
-93.573219479
-87.0057384104
-86.9038557559
-87.6486147023
-90.0830563239
-88.5606601526
-85.6658524395
-87.2392087736
-89.477088212
-88.6721012261
-89.0554031481
-88.791580282
-89.7933605502
-89.3231314943
-87.4604188322
-86.4305104472
-88.922365949
-88.9011301261
-89.8660460617
-89.4384467136
-89.622818293
-87.2507847848
-87.8492835584
-89.3097686485
-88.6407115784
-87.939890542
-87.3958427487
-88.0202748541
-87.6751505004
-87.2812256184
-87.094584683
-86.3112937557
-89.7448673534
-86.7803925484
-86.4680477918
-87.603146745
-86.1132437974
-87.5238837104
-87.2938102966
-88.0754404722
-87.6915904057
-87.0739349824
-88.141799871
-88.5731369845
-86.4370254277
-88.6049633945
-87.7780800869
-87.4033559097
-87.5642017065
-86.2313531002
-86.9094828226
-90.9169406137
-88.1058533701
-86.7185841921
-88.316833763
-86.7813127617
-86.4393563281
-88.1511612478
-89.9046241897
-88.1070648017
-85.9609278237
-86.0984186518
-87.0352082561
-87.1945342018
-88.0846172767
-87.3124758944
-87.4462732488
-86.5200717703
-87.2614150642
-87.4415469706
-87.4344635987
-92.1998009723
-88.3287443139
-87.2544060245
-84.2174063044
-84.2774125354
-86.7966733701
-86.0796887363
-86.3931997191
-84.9031066709
-83.2218137862
-83.3155379741
-86.3876612735
-86.2866677859
-86.7942478151
-88.0653486025
-89.5927418671
-87.5672453834
-84.9751921374
-85.5710254934
-89.5904607059
-88.4980789572
-91.2293979591
-89.1817121929
-87.3105910533
-89.3119865382
-88.1683590955
-87.5992597213
-84.8514636489
-86.2124502753
-88.44093197
-87.9058050911
-87.9708555802
-85.8094063438
-85.6560212473
-87.5399166588
-87.1043014035
-86.3469923913
-87.9102789008
-87.0641229495
-86.9321766812
-87.8954141179
-86.8167914839
-85.5085132872
-86.5866389005
-87.7060858416
-85.1487970421
-85.0193317469
-87.7549134578
-87.201151636
-87.8393742287
-85.7062916218
-85.1426060564
-86.2719906598
-88.5832369768
-90.4829045318
-89.5796766966
-87.5256961521
-91.9149101349
-91.5076009368
-86.8240107829
-86.1152561308
-86.2278950656
-85.1505636433
-87.5447703911
-90.6091814051
-89.5425281541
-87.3749177082
-89.4638622069
-88.4797605041
-87.1247361645
-87.5728532085
-87.1793388068
-87.3066518721
-89.1534244858
-89.2137251002
-87.7243503682
-87.5502958685
-87.9411584612
-86.5580205932
-85.7633319374
-85.019189502
-84.5663407702
-83.9180517141
-83.4726838002
-83.1695073901
-87.8394072826
-91.8228088484
-89.4589469944
-87.8580796085
-87.6644810368
-86.452470739
-84.7611382909
-82.2293116444
-81.60680791
-84.4869624572
-88.9983252559
-89.290928235
-87.7372850155
-85.4773919828
-86.8373365647
-88.666322156
-87.2844782331
-87.9535086016
-86.8997671691
-86.4407291209
-85.4089425875
-88.2875040202
-88.4869829661
-87.2629874901
-88.5579152896
-87.0025597336
-87.2666275451
-87.4979342002
-89.9879279818
-88.9594950139
-87.5635218075
-85.4259256189
-88.2227958662
-87.5122945883
-86.6348031171
-86.8894423564
-87.5191241636
-89.370740027
-90.0028612771
-88.9347653018
-88.719794749
-86.9632125293
-85.6837269312
-87.4559080527
-90.6657200285
-89.6933614728
-86.8007428292
-86.4015727914
-89.8483595202
-89.8458882616
-88.8270880541
-87.5684071836
-85.0863913786
-85.6188375669
-86.7422566479
-87.4253970098
-85.6150959525
-85.4811479997
-87.8657884181
-84.1330814979
-84.0551698252
-86.4816545389
-89.70626864
-88.8570893527
-87.2242578193
-88.3192545714
-92.5335795662
-87.1653808853
-84.5048944008
-85.0064806975
-84.5308950212
-76.9774592687
-74.5267910425
-77.8249111812
-87.1814089771
-88.5547903019
-88.0399939778
-86.7770288299
-88.3091260455
-89.3441065233
-87.4582261127
-87.1856988537
-86.9767443044
-84.6013332129
-88.1152272299
-88.334520014
-88.4204803114
-88.6888573501
-89.8882800577
-88.3725545389
-87.3952895902
-87.2966458835
-88.7118241995
-87.9551741089
-87.1512157963
-88.7628593224
-88.219553245
-85.9062837194
-87.2772624947
-87.5494698009
-88.9381132914
-88.5570313579
-87.6937698775
-89.1494919099
-91.0266440847
-93.1859696798
-91.3170099549
-87.9864562936
-84.8763349338
-83.8139839873
-84.3000148335
-86.4770556538
-87.9468287508
-87.8269331514
-86.5875348858
-85.8063228138
-88.3685856436
-87.4182706236
-85.9617541413
-86.9461568255
-88.6087762243
-86.526041474
-85.5490093765
-84.8746235253
-85.3885840707
-85.363291762
-84.8488076779
-87.5266513555
-87.6567124762
-86.5584779259
-88.100008935
-87.6158755071
-86.3698213903
-87.696843311
-92.3435922706
-90.8461435883
-87.6146901045
-86.5800856636
-85.8340074118
-85.7769605191
-85.5749713342
-86.4467228854
-85.55459189
-87.995161274
-88.1407853787
-87.399576724
-84.7715141292
-84.566041499
-84.8500328526
-84.6060730525
-85.538414361
-84.7071836964
-83.2568437598
-84.7267652132
-87.1870273787
-89.2475307772
-88.5331960224
-88.9157209564
-86.6605865648
-87.5262584848
-87.1036565993
-87.8399133536
-91.3391675933
-91.376236353
-87.8171282635
-88.0535811675
-90.2956540702
-88.737712707
-89.1760322907
-88.2892293723
-89.4953945425
-86.7588296128
-87.4981484516
-88.5241227708
-89.4870766981
-88.9823676859
-88.2383737057
-87.0823277966
-88.5381663474
-90.3025776272
-87.6882542695
-87.3716899522
-89.1460296356
-86.3166571765
-87.3309105308
-86.5298585715
-88.1018411121
-90.15035084
-91.0259891728
-88.9232022126
-86.7949562502
-88.3792037243
-89.048245705
-88.7190309572
-89.6313885941
-91.7509559087
-89.4362272506
-86.2579190258
-83.6017692626
-84.1510167332
