4193750000.0
97656.25
-84.455891502
-85.3629727061
-83.9505767251
-85.8076791987
-83.843166123
-81.5931580163
-83.8215337029
-83.5988668431
-83.2693931692
-82.4601160503
-83.2420881842
-87.0404929004
-85.4239982782
-82.837795831
-85.0140869805
-86.5264960331
-85.1705950666
-83.5689427756
-82.7186204735
-83.5993710986
-84.8563559606
-86.8032414496
-81.4529276407
-83.8770045305
-85.6300846296
-84.038150026
-82.7011176798
-80.952275431
-81.9656907132
-83.484736712
-84.1178876699
-84.5689502663
-85.1320146331
-84.929963109
-84.3266996251
-86.0655306469
-80.9206004561
-81.6411613773
-86.4584738698
-85.7304174957
-85.2603705517
-82.4746649744
-82.4914959485
-83.2472303138
-86.4870533989
-86.3881494687
-85.8212762881
-85.1555058928
-84.9409659468
-84.4447691717
-86.0805400639
-84.87309564
-82.664944547
-83.2999156003
-83.7800232418
-85.1805821715
-86.4125178417
-85.3511050956
-85.26807121
-85.3510784703
-84.4680424182
-83.102685754
-83.7739789209
-85.6409405718
-85.800943342
-85.570395817
-83.8894706988
-84.1745388228
-83.8779508417
-84.0751976491
-83.1803346565
-82.3463778595
-82.9306018116
-83.5331487335
-84.6689346839
-85.4835848861
-85.9188627706
-85.9456855212
-85.024230937
-85.0765199922
-84.1787839838
-85.6848212854
-86.7035540906
-85.9685263683
-86.4480188883
-85.4194261851
-86.9020564176
-84.6919673258
-85.8667159679
-85.4011247439
-85.4794944584
-87.3695076635
-84.0426854265
-84.3698256724
-85.235753601
-85.3711491755
-85.3572981402
-84.6569203062
-83.0416288327
-84.0753554395
-84.5894486641
-85.1741433687
-85.9394594375
-83.9028831913
-85.8891768276
-85.123743069
-85.9184389876
-84.7182520672
-85.4682887434
-84.4709199608
-84.5649956934
-85.1509174735
-82.3114987044
-82.4849683018
-84.055373977
-84.6480887666
-83.4265317369
-85.1344920429
-85.4564898524
-85.1999281978
-85.2577573289
-84.6627114476
-84.37046648
-84.7360025504
-84.2437002728
-86.3422274785
-83.4109507931
-84.531123542
-82.4737753992
-83.4400345934
-85.5348205281
-85.9492042243
-84.3036770083
-85.5052792789
-85.580003054
-85.521568529
-85.2701853633
-85.9154276785
-85.3244418951
-84.7122144462
-84.7153527622
-84.5089883307
-84.0860966657
-85.4917181886
-86.344677894
-85.6059402212
-84.4348027394
-85.2187611471
-85.7932862767
-84.7025818441
-84.9546550174
-83.8144661881
-82.8429321764
-85.6532249811
-84.6512516993
-83.6207008886
-85.8279967294
-84.6910409417
-84.6540109989
-84.303643537
-86.7110517145
-85.3810418019
-85.1782565866
-84.5000859954
-85.5304993639
-85.94715181
-85.3728047817
-86.1797721701
-87.5831227095
-85.961660164
-84.7577778222
-83.9451212359
-84.349157488
-84.6691087641
-83.2626195346
-83.6922817982
-85.9388116118
-84.5016001381
-85.7746224373
-86.9201643172
-85.9830663891
-86.1168250115
-85.5714307004
-86.4002058207
-86.0372950184
-86.9610496168
-85.5733839737
-85.375456047
-83.6679776265
-84.7567250644
-81.6612231349
-82.3178411983
-80.4097478131
-81.7251145031
-84.0048231231
-85.3508242067
-85.4334386723
-84.6646326843
-83.1998439412
-83.4177993179
-84.7342712421
-83.6994913443
-83.6783187394
-81.6786453413
-82.4190229331
-84.6732849863
-82.5577226748
-82.9299410651
-82.9384637646
-84.6781329355
-81.6467258698
-79.7623118021
-81.6704128057
-85.4265310797
-85.5521641113
-80.6696819785
-81.1680297521
-82.1820649036
-82.4608732701
-85.5971442142
-82.3888025274
-80.9492795008
-82.2746303275
-84.3386615736
-85.8227610163
-80.6399800524
-78.971008715
-83.9263181403
-85.7740339557
-81.4426499644
-81.1185707508
-84.8186237604
-85.1822127856
-81.4341645193
-80.0143778017
-83.0828645183
-84.2235860421
-84.998773551
-82.8596557502
-82.4073450603
-86.0996587838
-84.7085965109
-80.9963390418
-80.3292214328
-85.2927350731
-84.5968898536
-79.9137425568
-81.4262894669
-82.8306150383
-85.1394253247
-85.3654746085
-81.8434967665
-82.4111349752
-83.1988467926
-82.4359449385
-83.7900224969
-86.3595709767
-83.5565103782
-82.6930921094
-81.1956076295
-82.9104749029
-83.6634513803
-84.4797165382
-82.6080179978
-79.8155033798
-79.3598525649
-80.3540007698
-82.8156775681
-82.0662179527
-82.9886738744
-83.7001466895
-84.0473054352
-84.6080692406
-84.8523699055
-82.0814748737
-79.9491758368
-84.4571598589
-86.360718889
-80.0621905164
-78.7408018108
-83.4912038316
-85.0450876981
-82.8524287676
-83.1586422285
-82.6767578504
-82.1353613383
-84.2414326453
-84.0960285028
-79.789902338
-81.5588526732
-83.2183138688
-82.384079064
-80.5347227821
-84.7072877668
-86.3089188074
-79.7984719804
-78.7319414139
-81.3785821124
-85.325712278
-84.201673645
-82.1579055155
-81.9651436904
-83.8511726603
-85.6032122163
-83.4165109502
-80.6871343678
-79.6625176722
-80.7162891009
-82.7004702095
-85.5947094348
-83.7829584081
-82.2297744542
-85.9841356503
-83.2810214455
-80.8205292047
-81.5014443128
-81.3046187893
-85.6778549989
-84.149871713
-80.9899289235
-83.2982769519
-85.1864720835
-83.6426997561
-86.1299350859
-86.0982729167
-80.5483383162
-80.9560592227
-80.4784136697
-79.8468406745
-81.4764697495
-84.5613776827
-86.3452675608
-84.7508250568
-83.315281935
-84.9018580308
-84.3791103292
-85.2627531477
-85.2703534946
-82.8130764656
-82.9030942348
-84.8030016427
-84.4702163371
-83.4568879253
-83.3264244265
-85.9509417187
-82.3646567633
-81.863450028
-86.7130398698
-84.9654871833
-85.2595692569
-84.9013718787
-82.3980112895
-83.1597812944
-84.2958587249
-83.0226101155
-85.5218440657
-85.9866699726
-81.2513137093
-80.920300964
-85.4317231758
-86.8704473983
-81.5424758261
-80.566169333
-86.087936102
-85.8579446701
-84.9728641261
-83.4008672908
-83.372112672
-85.2700272561
-85.6074552649
-82.6942800047
-82.532845104
-83.0954713525
-84.7858277377
-83.8108653046
-84.0956941396
-86.2958592092
-85.341955159
-85.0283503672
-85.478505469
-87.5456750019
-85.1957366109
-86.5151425353
-86.8163170077
