4681250000.0
97656.25
-91.5381518387
-90.7975908153
-91.1125958894
-90.6257856503
-91.5676209866
-90.5299918173
-89.2208256867
-87.095341859
-88.0209214314
-91.3446078461
-91.6215220042
-92.2583433993
-92.1526026228
-92.682162657
-95.213131871
-90.6031130679
-89.5102980032
-88.0740139536
-89.6707950347
-90.2101173822
-90.144317149
-91.3346795814
-94.6287960147
-93.3326387611
-90.9272135001
-92.9344787337
-97.5736572709
-91.098551054
-88.2605131829
-88.8392531403
-96.5665699222
-94.8208572665
-91.34145278
-91.9388103382
-91.8622829305
-90.3847106508
-91.0583868948
-90.4597202029
-91.5384709276
-95.6680467513
-94.9487740464
-88.2467476065
-85.9855990603
-85.41673128
-85.6569496098
-87.7833217921
-90.2905930959
-89.9692102277
-92.0640659734
-92.5609147726
-90.8927750263
-89.5964711778
-91.5160140517
-94.2973370722
-94.9750265071
-92.0901050866
-89.9749470907
-89.2849799995
-90.9834420584
-91.999068862
-88.8251886055
-85.2066963888
-84.8081885454
-87.1666384983
-90.8062040273
-93.4276613572
-95.0219075547
-93.5517709217
-96.8175819002
-95.5402043978
-93.7045056572
-90.0146638257
-91.8864934591
-93.4407655474
-89.5186167508
-88.9832944434
-91.4707660081
-90.1071078104
-85.1766679539
-84.4437802488
-85.4781170643
-87.4647700534
-90.4033179657
-88.5677383806
-88.3829575676
-91.2360961249
-90.1619600854
-88.2607217334
-88.5529742661
-90.8733136208
-89.3677922519
-89.3973057883
-95.1507245053
-90.5493264224
-88.9561579866
-91.6383039463
-90.5760136288
-89.6979593134
-87.9842412737
-89.4981906877
-87.4028081989
-92.6770187371
-88.8185845394
-87.7792247869
-88.5793527067
-90.6292062136
-91.9674508927
-90.7542636667
-88.8007149352
-89.6122659406
-93.157874425
-92.0488711742
-91.1542654331
-90.7493564428
-91.8055668075
-90.4381662991
-95.1531286119
-90.412293657
-89.3252235303
-86.6607998415
-87.8748103998
-87.6011169382
-85.8322129509
-88.1345467177
-92.0003354682
-92.7546626819
-93.3820206346
-89.0653907724
-87.8311370946
-88.1639447972
-88.881231908
-90.0040273937
-91.7516072744
-92.6434087459
-89.6872278419
-92.712821797
-91.3875800965
-91.1287620496
-94.473492672
-89.3788515521
-85.8258824799
-87.357236217
-95.3371807231
-90.9262425882
-88.2978747388
-89.9161617766
-93.0905859971
-96.2088212655
-91.4546319778
-86.3962398597
-85.9949384935
-85.586279013
-89.243672762
-91.9004286962
-91.9246860776
-91.570793789
-88.4442560335
-91.0495081287
-88.570895521
-91.6810733931
-91.9771806685
-92.6841745056
-92.310387274
-89.0667819794
-87.9650440841
-86.5813817357
-85.7717869148
-86.1147799424
-88.0357888737
-85.8767013739
-86.6818559204
-91.0309403449
-92.2366738393
-91.1929811186
-90.897218092
-88.4367082217
-88.5535883399
-91.5179816162
-87.554965146
-84.2151940395
-85.8171210557
-85.8171388405
-87.2722924325
-90.8909468724
-90.6755192234
-91.0151004802
-89.8422858865
-95.9295277784
-92.9913590749
-89.5706783359
-89.1622703482
-78.2857189979
-74.8922594213
-77.7087882101
-86.3776890944
-88.5454065857
-86.9430524954
-88.5269505366
-86.172661059
-86.6837601853
-88.9385217718
-90.0604964642
-88.9855932459
-86.8897319965
-89.2175082209
-93.3882539521
-92.1134343214
-91.0552258756
-94.0761410032
-95.4262165998
-91.9244421414
-86.4554113249
-85.2562018721
-87.7058595563
-88.3036909522
-88.4854407094
-88.8379341702
-88.1408929332
-86.0676745919
-89.1112830811
-93.9899595202
-92.5786354474
-90.4662638473
-88.7041491576
-90.2477842191
-91.9535529663
-91.8375994412
-90.0915519462
-90.4545553938
-94.3386316101
-92.2257676488
-92.1108507175
-92.4512352501
-92.4603493603
-92.1898544278
-89.8670981815
-87.6347378049
-88.0149606505
-90.3929493566
-92.2652673142
-85.5726133928
-84.4110381046
-87.2806311614
-90.2819187036
-90.5336373744
-90.1137908025
-93.6472474291
-91.6520788079
-89.3668792785
-89.5479958315
-91.4387122359
-91.4248752625
-91.3235770085
-92.3665333862
-91.2066101645
-90.2641997748
-91.6158782488
-89.2742513363
-90.2618235949
-91.6032111145
-91.6876696342
-89.6215597549
-89.0574687921
-87.4324648808
-88.4254785952
-91.4760978185
-93.0671237595
-90.5512678952
-90.6204450312
-93.8180590695
-93.2749168659
-93.8350872263
-90.7786521911
-87.4288976445
-90.0089903711
-89.6864056413
-90.9154014749
-93.3006598775
-93.0127157245
-94.2961630903
-92.7813853471
-94.9702053448
-92.2814928938
-90.96922885
-90.2156484677
-91.8490270458
-87.7615014525
-87.4160009145
-89.0016028044
-90.6626482454
-90.1908858865
-91.4205123551
-93.5461573239
-97.3435164784
-91.4482879694
-88.1698806392
-89.1200851854
-91.5949190421
-89.1960057052
-87.65734071
-87.8428773744
-88.3625341161
-89.8145039895
-87.7629731245
-87.9354042433
-91.1478835408
-89.334405891
-92.5141391418
-93.99419573
-93.7369825633
-91.9994431647
-88.0196816959
-89.8831037208
-93.4608713542
-90.9590160115
-90.9587944791
-91.5556926535
-91.1925608096
-88.2049632982
-87.3226522654
-89.5625583599
-91.0704921648
-90.2755282069
-89.6016570949
-87.6423975525
-86.9649826941
-88.037463178
-89.3643737834
-89.4095405675
-88.9010406858
-91.0906371086
-91.4218377808
-90.4996270114
-90.0567562691
-91.0336243318
-86.5395067404
-87.8039668623
-88.5568995264
-94.0228859714
-98.7475346052
-92.0430391552
-91.5021173829
-93.0085154211
-93.1178021215
-91.9369256604
-91.7207658939
-92.8309307258
-93.9295063184
-87.8776268436
-87.2934913743
-91.5816150818
-92.1819689638
-91.1872221257
-91.2475281162
-91.3114172659
-88.5531755466
-87.7045619823
-88.7756934475
-89.8021486128
-92.2263070678
-93.1833511652
-90.5361798839
-88.2609003751
-91.2649379533
-93.5167655783
-93.1709768747
-93.7143572335
-93.6277125106
-93.5997812014
-94.4485561521
-92.0465498673
-90.3728759405
-87.9907499662
-88.1204762906
-89.5877978729
-90.804872263
-90.9448582555
-89.6642355086
-89.1334106705
-90.432209874
-90.1839803316
-90.9926331415
-94.6680911198
-98.6477683118
