2618750000.0
97656.25
-58.5783999281
-64.2632557782
-65.1513925412
-60.528447232
-55.6566811774
-53.2383847916
-51.6460815357
-52.0186011917
-55.70048912
-63.8368419189
-59.1824500523
-56.1911996591
-56.8753187185
-60.7901645535
-62.1242379338
-61.1335000246
-57.5577755853
-58.4378802248
-64.5330867297
-63.0331472215
-57.868642529
-60.0823707909
-62.5833573961
-60.0843477097
-58.1894318578
-58.2269838595
-63.741657581
-67.6490721446
-63.2318973935
-64.4959999055
-66.131921133
-65.7019756609
-65.8450994108
-63.4985865326
-62.9693668331
-59.7763845584
-56.6755238594
-57.2033501894
-58.91634931
-58.306508766
-57.9647671553
-60.7251431762
-63.6023395247
-61.9203002941
-57.461149325
-59.6239710673
-65.0117554165
-62.8335859414
-65.0023029461
-67.7455994726
-61.0256932473
-58.0065427129
-60.8557109835
-63.537456345
-59.3571857111
-56.2550916923
-55.2437748487
-56.2336151266
-60.5204049827
-60.7633945934
-59.9422330084
-59.1515213515
-57.6786723979
-60.2613173863
-65.677852492
-65.7650856599
-60.9594101299
-61.5471053477
-65.4101783755
-64.6205727013
-62.8058305985
-65.545220629
-64.1948240746
-63.3216805935
-65.4815079581
-66.2514854527
-64.2863784594
-64.7644660668
-64.3824982877
-61.2787717391
-57.9590346031
-56.8558377727
-57.9182484724
-58.808476342
-58.983458581
-60.2443392297
-63.2149894548
-65.5947575538
-64.2503544424
-61.4812868432
-64.2226805355
-65.7817928755
-64.507091848
-64.3598947305
-61.0505969119
-60.0430359541
-60.1909815143
-59.6634988758
-58.6062498748
-59.4774247267
-61.6025064515
-60.6132190925
-59.384099559
-59.4630186451
-61.5670511309
-64.6985042603
-60.4691729341
-59.4694645174
-62.0630665242
-64.5948001285
-63.2795491299
-64.5132500131
-64.4813069593
-64.5175262687
-65.391555648
-62.527391768
-61.2881044839
-60.5623991183
-61.3686445568
-66.5399277953
-63.1170268937
-59.9310933152
-62.9990400464
-63.6199179571
-60.8459346556
-59.1598007564
-60.5537792369
-63.9062279923
-63.0558588259
-57.8561182233
-56.1362670344
-58.1197550375
-63.8478908094
-63.0532853804
-60.25288235
-59.5955864028
-60.0751914718
-58.468111573
-58.3969853137
-61.9103767383
-65.5378369983
-62.5251077561
-58.3904346603
-56.8814939832
-58.5465652927
-62.4924011823
-62.8584186755
-60.8055810458
-62.1806467087
-63.6258286606
-63.4279662355
-64.6396829378
-62.208921198
-56.3249123423
-52.4537967701
-51.9059019011
-54.3242189414
-56.472816008
-56.5357897177
-54.1812604549
-47.6924308028
-46.2178606936
-49.080203911
-47.3027838285
-49.2515482183
-48.2296656569
-47.183867199
-45.6921675897
-46.6308492259
-46.7536598255
-50.4591158381
-50.6202349351
-50.4724177834
-50.8144572525
-54.1580733944
-55.6751887294
-54.5833549188
-51.446163592
-52.6210979694
-51.7153682853
-53.6296228903
-53.2150268277
-52.7575884126
-52.4881715989
-52.0590765719
-50.6425226762
-52.9966471536
-53.4188433466
-51.7454705885
-51.9626298152
-57.2468970012
-54.4858827539
-54.4829330771
-52.839248379
-53.7221663645
-52.8398936694
-52.0720759492
-52.4613938176
-52.1924235482
-50.5265831523
-48.6976677427
-49.576362125
-52.6723951533
-54.803806306
-51.8035374253
-50.7027413548
-51.8139414766
-52.400338555
-51.5525669585
-50.2762004014
-50.8784322689
-50.8089865853
-52.1095613276
-50.4490544203
-49.6480031267
-49.8364235584
-49.582307381
-47.696425226
-49.3619988815
-48.5911507339
-47.7965826407
-49.4891920615
-50.7638146729
-53.1021995814
-52.0109329182
-51.2233903441
-50.8710235636
-49.9916672336
-51.322486862
-48.102048659
-47.4675791648
-48.1488088728
-49.8426643862
-48.8125106523
-51.2299931586
-51.3697550317
-49.7542299468
-49.6004358383
-51.7706540473
-51.5540604128
-51.285915188
-50.6109908006
-50.5063596526
-51.1544160691
-45.1872341024
-45.4848516586
-50.2858438775
-50.4273106763
-48.6456556235
-48.4188674739
-48.4163758154
-46.0529447974
-45.3813561873
-46.3202359338
-43.649861762
-45.4901123696
-46.4661470749
-46.5154135092
-48.0850832255
-49.5438444174
-49.6126286306
-49.3865788969
-49.403484493
-50.4258587583
-50.196733328
-50.8810614716
-50.6759393313
-48.2032266826
-47.4099075249
-49.9005448921
-46.8177393093
-45.6028619342
-48.9436114428
-47.8405107613
-48.151760186
-47.5626653451
-45.9369435234
-47.2693160974
-48.4619558986
-49.3474569624
-47.3366596242
-48.9900845177
-47.2512417298
-48.4905185121
-48.2755275542
-45.0438344684
-44.0223683772
-44.8585657756
-42.5182003884
-44.0403583461
-46.4249482914
-45.6607312326
-48.8307902434
-47.1795841966
-44.9872037394
-45.398912299
-46.252181913
-48.0069896298
-48.2961196378
-50.5139140835
-48.702665343
-45.761653646
-45.5726981459
-46.4293900305
-48.433645701
-47.3852341206
-49.3290733907
-47.1690383657
-47.9270837338
-49.1882192306
-50.5342816905
-51.0407393994
-50.9662025312
-50.7905737952
-49.1546849214
-49.8869522617
-49.6202308423
-47.9694631959
-47.4811777368
-47.5086380091
-52.1512002138
-53.910709628
-49.470496546
-48.0175259261
-49.0003507866
-48.9735847375
-45.5225284758
-46.5820662282
-48.9871343968
-47.0153386173
-48.5489035349
-48.7785774805
-49.4190391197
-50.7078164
-48.5992660912
-48.0945971436
-48.8524176476
-46.1923016852
-47.1098922993
-48.3773336409
-47.4870310701
-47.1634024335
-47.0753332837
-47.8250313973
-51.4894711225
-58.3246092667
-57.6153477163
-59.6567036038
-62.1881825027
-61.5493121359
-62.880333708
-64.3552175698
-62.2824518241
-59.6285909585
-62.3806629151
-63.8210658296
-63.2993752732
-59.8470399711
-57.554561896
-57.9990555731
-59.947464285
-60.8123451801
-60.1347496235
-60.0322815662
-58.0758079469
-57.768751207
-60.6092180634
-62.2999800578
-60.973840055
-57.8315864855
-59.1090084698
-59.5062000575
-59.399153127
-60.1099840886
-61.231739854
-61.0697227544
-62.4357758634
-61.4766766408
-57.6976474828
-55.8252207283
-55.9885692916
-57.1751273266
-59.934276154
-62.8778711674
