4231250000.0
97656.25
-87.6843708525
-84.6735883229
-85.8532869296
-88.1025338129
-86.6107939084
-85.9964765978
-86.8393633903
-88.9194196055
-87.7040954693
-85.8026712565
-85.8480121987
-84.6405228628
-85.0856833285
-87.0181269444
-87.3909719042
-87.2740591521
-86.9327035863
-86.6507994137
-87.2316651107
-86.9019210137
-87.7535143422
-86.9559605576
-87.3756313053
-86.9366200149
-86.8270133829
-86.6495040039
-85.581219433
-85.4812924916
-87.5088530099
-88.2513503224
-85.9831161761
-85.6561107423
-86.1613615637
-86.3748618755
-87.2117280603
-87.6028471323
-84.7254740366
-84.1458806391
-87.563292121
-86.0847464016
-85.1863648451
-86.7248460855
-87.0349175779
-87.0277538848
-88.4290491036
-86.1184492638
-84.3697329225
-84.2923057187
-85.2837421178
-87.0227135863
-86.8324371556
-86.9135923349
-84.8584812934
-84.8852867619
-86.5154259533
-85.1775078188
-85.8069832099
-86.3497096492
-85.6164929605
-85.8842617161
-84.0065602014
-85.8741533142
-88.7394154796
-89.1071474046
-89.7654701041
-86.6212146708
-84.3656064932
-85.4596940893
-84.8537773318
-85.8761790225
-85.357102613
-86.4238870595
-85.7334669657
-85.0606249516
-84.2034732301
-82.8771603926
-84.145178334
-86.1722560034
-84.8174070208
-84.8764590501
-86.3953525677
-86.6737507352
-86.9223722701
-87.1368564182
-85.2394200036
-85.2026174838
-86.0008643196
-85.5857220628
-86.1300473766
-85.4142460593
-84.2716108761
-84.2600397313
-85.7079610802
-85.256624335
-85.9017169344
-89.3348020402
-86.4166918152
-84.8718261905
-85.7810255525
-84.8001269175
-84.1477208203
-82.1548509627
-82.2981176582
-85.6345851808
-86.1167151793
-85.2265763186
-85.9372267517
-86.0490700023
-86.6632426212
-84.5076524925
-83.5301418231
-83.9313896915
-85.9489434818
-87.8078290591
-90.4702640745
-87.3228646797
-85.4775057399
-85.7374027105
-84.112321139
-84.6949353728
-85.7522332672
-85.8149419762
-85.9688133566
-87.6071797389
-85.4905069133
-85.0605025145
-85.2579810096
-88.00654798
-85.3149663376
-85.3008846465
-88.9738139942
-86.9252629065
-84.3079969615
-84.6607717549
-84.9142097286
-84.3312000921
-84.9569076343
-85.6413447643
-85.1265983775
-87.35113
-85.729029836
-85.2247380147
-85.6950003854
-85.565961728
-86.4283597236
-85.9079678021
-85.2677973816
-84.7225971695
-85.4129783248
-85.6561707241
-84.9457564592
-85.5351987594
-86.760738469
-85.8820120889
-84.3073701902
-83.8542393216
-86.5256579133
-84.544239162
-84.6960526344
-83.5181201178
-85.3870334037
-86.3144321842
-85.4163546673
-85.6201394666
-86.7570191231
-84.2908464644
-83.8624411267
-85.1031242288
-86.0234156661
-86.2094246733
-84.9388236829
-87.0449180739
-86.8738140268
-84.329635815
-83.1198634302
-85.4485646959
-83.9421074827
-85.7484124383
-88.208108081
-88.5377647224
-87.5016914991
-85.4257057596
-87.0114636867
-86.8888451139
-86.6321602196
-86.8874862109
-85.8606019937
-85.83105753
-85.708963738
-86.652192807
-81.9916245858
-81.0640125849
-80.291076922
-80.3930433668
-83.5253234928
-85.5829107658
-85.5107869517
-84.4881886273
-84.7772704628
-85.6850158449
-86.6095355734
-85.1964576955
-85.5814781914
-85.5376638564
-85.3679913176
-86.0325798805
-85.1526628928
-83.9678104966
-85.3395654593
-84.6559869983
-86.041283571
-86.6416446758
-85.345745161
-84.1467387552
-84.440099517
-85.9117817197
-85.1578732279
-86.2610604183
-85.6097709753
-86.496953464
-86.0861723709
-87.4067205608
-87.3333785378
-85.0013062799
-84.1378145032
-85.5000385032
-86.057831379
-86.7332931254
-83.1399069147
-82.2649975915
-83.4472526328
-83.5847022688
-85.5160734482
-84.0142868285
-84.9592753566
-85.239357293
-86.1278185639
-86.8211798904
-87.4645888459
-85.9095046749
-84.4730333288
-84.7153516123
-86.6129413915
-87.3786991983
-86.429349914
-87.5189344604
-85.3711505129
-83.5143225989
-84.5285205127
-86.8876976522
-85.0816785062
-86.4228583562
-85.7164826118
-86.4259787312
-87.0399550464
-84.6323928042
-84.0359924434
-86.1745021124
-85.4515092196
-83.964383999
-84.2171619226
-83.1206123949
-82.7170740801
-83.368918564
-84.9564432403
-87.333478352
-85.6863487635
-85.5270040288
-86.0893362942
-86.6106150982
-85.2475164128
-86.352070415
-86.7295743426
-85.0964932374
-84.3040078992
-88.6221056135
-87.0949407116
-87.1418594429
-84.472442091
-84.8037980811
-84.1927266524
-87.1489068726
-88.4546837368
-88.7509235355
-87.5157600801
-86.9944073035
-87.7338821138
-86.7753946082
-89.6043878171
-88.4097600599
-86.9259774164
-83.9766197884
-84.7665275146
-86.5958582692
-83.6044340911
-83.2379171545
-86.3050278402
-85.7292617273
-85.3199028725
-84.9821783691
-86.4480694454
-85.7196754372
-85.3767918842
-87.7941579419
-86.3346162562
-86.6497212252
-86.9295124786
-86.4742828535
-87.6483002631
-85.4419125962
-85.8283112315
-86.6918943624
-87.4022861764
-86.8717827148
-87.7566380848
-86.6945010158
-87.1101874646
-87.8954105305
-86.5165104807
-87.3946782489
-86.9978231453
-86.0883562437
-87.3852947894
-87.8267546259
-85.988422524
-87.2877703676
-86.8743184585
-86.5580466666
-85.1712464218
-85.3566107234
-87.0515071906
-86.2246728344
-86.3076661394
-84.791179831
-84.5007656525
-85.7813317716
-86.2038323068
-85.4737186354
-87.0148506663
-87.3135634738
-87.9592379272
-86.1677608404
-83.5317746131
-84.808799891
-85.8583241882
-86.2593556998
-84.6765252158
-86.6363044362
-84.1119228017
-86.6002217786
-85.969659085
-84.2917107622
-83.8845314128
-85.196447418
-85.4889061469
-87.5995017439
-87.2185958529
-87.9624100317
-88.4615612254
-85.7989474966
-86.4059981941
-87.3983209254
-87.4987152324
-86.978400904
-87.3856786571
-87.2735772482
-87.9963540463
-86.8256711944
-87.6268427324
-85.7705487274
-85.2794784955
-85.3608244726
-87.5271270219
-88.702900345
-87.7589644051
-85.2219777093
-86.6424705336
-84.0197460174
-82.850165315
-84.2567035232
-86.7069092599
-86.3669216299
-86.595456673
-84.6506447602
