2731250000.0
97656.25
-64.8521175271
-65.4366266468
-68.5460546693
-69.8604043596
-70.3777837982
-69.1531855127
-69.2469783309
-68.0812401174
-68.0145131473
-70.9036992127
-68.6760766506
-68.268616118
-69.7321284493
-69.8338607247
-70.9105490719
-68.0203311058
-69.0363830373
-68.037876179
-69.0415124051
-70.6082923255
-69.7353940267
-73.0349056997
-76.0735200773
-73.9048912793
-72.7229251048
-72.5382788068
-71.2476799182
-69.0103774981
-69.2029417249
-70.7755184208
-73.4120704329
-68.2066496874
-68.3796796823
-70.6082480163
-72.0767212494
-71.8484857651
-70.6222593805
-69.7669100418
-69.6311482848
-68.3525778392
-68.0466555563
-67.8029458734
-68.9930256338
-69.5723791511
-70.6927910591
-69.4624645498
-66.8361466096
-67.6867644167
-70.6060850361
-72.1549383759
-70.5487055694
-70.9347685021
-74.5344857303
-68.9556117017
-67.5609461148
-67.358159766
-67.4470798307
-67.6041686393
-69.2738733521
-72.2878029304
-71.3516903076
-71.1522563801
-73.739179552
-69.8684871063
-68.3140123906
-67.5426890014
-70.6196919494
-70.0786178648
-69.1947053317
-69.8063932363
-71.7456378736
-69.1460052871
-69.3193278565
-69.2039422454
-69.8124414023
-71.0514530659
-71.7483629988
-68.6960536731
-70.7008244971
-72.7421464886
-72.2606823023
-71.3288111128
-71.6723040553
-74.1094071151
-75.5838686686
-74.9269682789
-71.3662479239
-70.7959193779
-71.659364697
-71.026221356
-71.2063621027
-71.1046439142
-70.1324531131
-68.4292988472
-70.2195145394
-71.0401024917
-71.7016628328
-71.4791744296
-71.8548292571
-69.783728818
-70.1501867868
-72.3968903902
-73.2506995048
-71.7441108668
-71.0957165297
-69.8109347172
-71.6507433713
-68.0793945184
-67.2102437055
-66.0376925654
-68.1751217148
-71.7265283659
-74.5582499321
-72.3850075657
-68.7757642722
-69.9960439414
-69.2548254076
-68.9919943812
-70.2912985922
-72.4005323467
-70.9220764602
-69.3256608195
-71.3931850646
-68.5276734423
-68.0024745946
-70.0471676287
-71.4800228357
-72.8145063843
-71.6978801624
-71.19724657
-69.4093647004
-70.1323946143
-68.5659817478
-71.4769586993
-71.3665954061
-69.7119863374
-69.6631680273
-72.2738615437
-73.7988390139
-72.8514262146
-72.2244788789
-70.0131068754
-67.8451521882
-69.9948842193
-72.2710092481
-70.6536679888
-69.7940772104
-69.9840207217
-71.1792873375
-70.5210192812
-68.8081329739
-69.5834491982
-68.2299007799
-68.0194681788
-70.5442113797
-70.088769648
-69.3685928504
-69.3658812019
-68.5169075231
-72.304519925
-73.0664822971
-72.4229690349
-73.4257346687
-74.0572119732
-70.6149676963
-67.4273400254
-66.5528440749
-69.0311006668
-71.6993689468
-70.2254734999
-69.9779886044
-71.1598459721
-69.134415531
-70.411299827
-71.4544013412
-67.7149454156
-68.1965056154
-69.0583521867
-70.1728210138
-69.9184627894
-69.2712762175
-68.7077865776
-70.9147441427
-71.1013474332
-72.7245438717
-72.16633074
-72.0219901709
-72.0422705193
-71.7325038088
-74.5601805352
-73.3466779843
-73.2759256372
-71.6417833908
-71.5534730857
-72.5264508681
-70.5502256652
-69.6283361375
-70.6500085851
-70.7363863323
-72.0020391899
-72.7008596443
-70.7125348466
-71.2470194801
-71.6422703052
-69.525098296
-68.1023767186
-68.3746841086
-69.6168000793
-71.5404188925
-68.1302906577
-68.44938384
-69.1667313686
-71.9306583994
-70.6566005278
-73.1001244399
-71.6745169977
-69.8754453941
-70.1764497354
-68.6229210351
-71.1917199901
-72.373754856
-68.9014140759
-69.7659190109
-73.1973596065
-71.053837554
-68.932405115
-68.4595854632
-70.7506018256
-72.5469870456
-73.5234719444
-73.7320295598
-71.304326424
-69.7417577146
-69.6527418977
-71.2735042708
-70.1318156462
-69.2981545192
-70.3110310892
-68.9756940752
-72.2148894568
-73.264471426
-69.5023262529
-68.7309193009
-69.3664338484
-70.7116721124
-72.096576419
-71.4895874516
-71.8560600774
-72.3455856088
-73.9204302039
-71.8280554961
-71.1862657455
-70.3542245518
-69.7451086559
-71.6810955038
-71.4011562389
-72.953868975
-74.1929519211
-74.8864200375
-71.0953495503
-72.224680036
-71.1909184431
-72.3971176758
-71.2171053143
-71.7341749248
-71.8881924567
-69.8032179334
-70.6355800785
-72.5715424878
-75.6664527824
-72.0189922845
-71.2929887315
-71.9734282041
-71.5628021314
-72.3887153033
-69.7137483338
-70.3859205111
-68.1807696847
-69.922327212
-71.0190016196
-68.7013702063
-69.6417465061
-69.6917543394
-72.7673862207
-71.7827455541
-72.2337909452
-69.4247953184
-66.5558886581
-68.4063203645
-71.2255612674
-72.6874178963
-70.9383788571
-69.1507620598
-69.629593658
-72.0369183691
-72.8309876066
-72.2867814639
-69.4898857785
-67.5659559607
-68.6517927256
-71.528521985
-68.6811896225
-68.9641585408
-74.0408575048
-74.7898700658
-70.648808064
-69.7862574193
-70.1958233833
-69.5148880278
-68.9831366861
-71.4070164621
-71.564993811
-75.1086916383
-72.0146862187
-68.7214823906
-69.9799035578
-69.9565991081
-70.1148846923
-71.6372420907
-72.3681978261
-71.5047396931
-69.6486202332
-68.7475627848
-69.2404175181
-70.9588613654
-73.5874190831
-69.8426234838
-72.1420735668
-73.9840729461
-72.3494817892
-71.6233938083
-71.2929767387
-73.1248520943
-69.3345276579
-67.0977622598
-67.9405470427
-71.8364918179
-70.7121991016
-69.7591613054
-69.5923875119
-70.315649203
-71.4321520471
-70.3306753177
-72.502980373
-73.8304224301
-73.9278575618
-71.6689130046
-72.6889865546
-71.8191450058
-71.8834766141
-73.5068259644
-71.665132304
-71.5033606421
-71.4607200135
-71.6983868798
-73.1258587668
-73.1773792491
-73.5743413086
-71.6444177925
-74.7754346329
-70.8861307482
-70.7363465851
-73.5542465648
-75.3569177591
-72.1470823006
-72.9394416909
-71.371651368
-69.8714049081
-69.9708707852
-72.1513871434
-71.0394568272
-71.3944279282
-70.2471684676
-70.5810703201
-69.9203947742
-70.5387820969
-72.6748583151
-70.4892577277
-70.0559289286
-72.118687403
-71.1110392459
-72.7924835643
-71.4786906153
-70.2610973731
