4081250000.0
97656.25
-85.6900165205
-84.6474750991
-84.0262370349
-84.9956154398
-85.653764488
-82.3908355608
-80.151641883
-81.3111931129
-83.601745829
-84.8874338811
-87.0454880076
-84.4645860203
-83.2964774474
-84.3656347867
-87.2877838835
-86.2500225282
-87.3228716672
-86.0297026692
-84.6878047233
-85.1069940862
-81.2761543202
-81.3226159101
-83.681843368
-85.0555042208
-83.522217436
-84.0459301535
-84.3264441085
-84.3692412393
-82.5232740766
-82.225650698
-82.6564524079
-82.2642720184
-81.8141453191
-83.3037386575
-82.0405285
-82.2893425971
-82.6940985264
-83.0911604829
-83.657233231
-82.2104072058
-83.3082024093
-86.2306852359
-86.7846869001
-84.7102234239
-82.411246374
-82.7377794009
-84.0142809572
-85.3015128456
-83.9731811664
-83.87812407
-84.7273090825
-84.4386699623
-86.7656691629
-86.440128631
-83.5599985927
-82.3303769612
-82.1429891354
-84.0331764109
-84.2724924699
-85.4637007771
-83.8624449064
-83.4944550416
-84.1417766702
-83.4308101448
-85.1450370409
-84.8221137688
-84.1374732162
-83.8813857175
-82.8176244653
-82.4617670506
-83.4932875196
-83.8171837734
-84.5314336441
-82.9671718638
-82.4370595405
-83.7725113443
-85.350952446
-84.0022406014
-82.2379509574
-82.0932111446
-81.73233269
-82.3727136899
-80.9400508061
-82.1479119918
-85.3700931811
-85.2202843035
-83.951306442
-83.1299453202
-81.7717102261
-83.971955777
-83.6531047449
-82.4412601264
-82.4445902542
-84.0877109727
-85.138153346
-83.8431096786
-82.565953181
-83.4465945724
-84.5195608685
-83.1869511369
-84.2216220893
-83.1523709321
-82.0405206319
-82.4168881503
-83.6181847613
-84.7581688009
-86.2015553285
-85.5801620996
-84.3004262734
-83.2063984261
-83.8461794361
-84.4101593799
-85.1611651997
-84.3323690194
-82.6829226326
-85.2589158157
-84.5310776164
-80.3653791551
-79.8428987036
-82.7377575206
-82.607994402
-83.2151095569
-81.1404555696
-82.5645550386
-82.8631241136
-83.5961811351
-84.0877756636
-85.568751807
-85.2464159769
-82.7708088854
-83.263395176
-82.8178755657
-82.3919121524
-82.3681353969
-81.8293289253
-81.5328540563
-81.5383105503
-83.5408281021
-82.4317725985
-83.0690927961
-84.2652988827
-82.7673101443
-80.3724511686
-81.0827779981
-81.3228472354
-82.8691143477
-84.3515487083
-84.7174397138
-83.0623703775
-81.8883056922
-82.2192695817
-82.7347857382
-84.0452080175
-83.0013319685
-79.8436232863
-80.2853464361
-82.2500106232
-81.2725659691
-82.1243643336
-83.8697733576
-82.1638809036
-81.9976209735
-83.6196895567
-83.4875438905
-80.7104201596
-78.7052491398
-81.2479176369
-83.8354923443
-83.0441219023
-82.5256984282
-82.0337427899
-83.4229554756
-82.6165028657
-82.7430976434
-83.7897681848
-81.7477805807
-80.3482571058
-83.3469377832
-82.6576040687
-83.3895736518
-83.1960253026
-82.4922301706
-81.9139740721
-82.2955298278
-82.8893823464
-85.6835630893
-84.823172675
-85.6682906853
-84.8500166412
-85.951215319
-82.3376977352
-78.9224523959
-78.6355969484
-81.9022571842
-83.4720869405
-81.6420340194
-80.7705624524
-82.4004535247
-85.3109445543
-82.7856476246
-82.1207160934
-83.2640631013
-85.2555307052
-84.0353001456
-84.2743157596
-83.9733204297
-81.6233953883
-80.5854078031
-82.0275576262
-83.3955234204
-82.8413637944
-83.8974583537
-87.5707291275
-85.8290482958
-84.8222363451
-85.5529863914
-84.8322182734
-83.5556392025
-85.6597077786
-84.182195783
-83.8758236691
-85.3598447968
-82.5213381598
-81.9023201628
-84.2869971095
-84.6855857659
-83.35676241
-82.4412928247
-84.8297231977
-84.6945115144
-85.6667452064
-85.9640970806
-83.9426727831
-82.8210420629
-83.013450386
-83.6536294467
-84.3516033499
-86.9652629371
-84.6459790346
-82.9311594583
-84.1950465141
-83.2927395056
-84.1306745449
-84.0817618697
-83.6744380113
-82.7781068311
-82.1125238986
-84.9934284821
-82.3868928816
-81.9719089839
-81.877940415
-83.3119620137
-83.5150235681
-82.8350432158
-81.8045067393
-82.8269218843
-83.8753601969
-82.5405699251
-81.1559916859
-80.5624854747
-83.1094605875
-85.4179757759
-83.5715297958
-82.9334975752
-83.9322890331
-84.7550044323
-83.4927271626
-83.7591224218
-83.1640873688
-83.8450574338
-82.922622654
-82.1155340691
-83.3207002982
-82.008723873
-81.5662272098
-82.9412261769
-82.6539749625
-80.97665725
-81.7576404134
-83.0230693624
-84.3260347525
-86.1748947712
-84.0782979399
-85.0499767128
-83.1324763096
-84.8997637632
-84.9699288355
-85.2213949344
-86.3887890227
-86.4918103232
-83.1095485146
-83.0443201783
-82.7265289933
-84.7810320923
-82.7043009923
-83.0891055004
-84.6498158796
-82.2710991182
-82.5252798451
-82.7075508595
-81.0738379247
-81.2242686133
-83.9285063334
-84.2674697461
-84.2740761192
-84.3325220455
-84.64495416
-86.2004856824
-83.2422566597
-81.8443967811
-84.3855815194
-86.2706424796
-85.9661094613
-84.4314836366
-88.3047061197
-85.9951222344
-84.4947079434
-83.3893764833
-85.9509712688
-86.0178227193
-84.6837454285
-85.2494445808
-86.3942264984
-85.8522757959
-84.6723690307
-85.7502027597
-85.7624873931
-86.7104715269
-83.5736845151
-83.9772917981
-83.7471773926
-82.1530903186
-82.3363560951
-82.510088624
-84.0228148046
-88.2076437568
-87.3664575471
-83.0009739438
-81.2975382096
-83.0125479581
-84.6932447638
-85.3370501253
-88.4837903662
-86.413590005
-85.5786958265
-83.9073144446
-82.9658731206
-82.4091365967
-80.5064790021
-83.8091089179
-86.1012433997
-84.6781200136
-86.8604413502
-84.5898873428
-83.4788777847
-82.8954870856
-86.1332992268
-86.09413508
-84.5235729263
-81.911091124
-82.5456924052
-86.7131233619
-85.3375110503
-84.9602400841
-84.0447908235
-84.3939379872
-83.6665484415
-84.4320251525
-86.8681769492
-86.5452283652
-84.5655215273
-84.5817492144
-87.212969532
-85.9801725428
-84.8019652398
-81.9641296013
-84.3710135424
-86.1295050631
-83.7169648986
-83.3073244814
-84.2792437863
-85.2413281377
-84.2391610485
-84.9331423373
