3256250000.0
97656.25
-69.2443509369
-70.4334472997
-69.7527208294
-67.9034283915
-68.8071157462
-70.7010483877
-70.357786843
-68.6691654578
-65.9973906791
-65.175565053
-67.3572613184
-70.2724856589
-70.1371317291
-69.545738105
-69.8512154484
-69.6342135221
-69.5355477329
-70.7670897549
-71.2576140514
-70.2493883726
-69.6898273208
-69.3978185962
-68.5745452636
-67.3586769197
-67.701000862
-68.5678034741
-71.0620690244
-71.5042978221
-69.6386668026
-71.1826655598
-73.7460479249
-72.9874640639
-70.1090342584
-68.1106693755
-69.5341489782
-70.1048563177
-71.4440032268
-71.676986388
-70.4565165861
-68.4678588745
-68.5243449437
-70.3094750178
-72.3756310873
-69.4021127131
-68.046565218
-66.6021097294
-67.6697195809
-69.2489595882
-70.9045902416
-69.2454223123
-69.2359929852
-69.1411252506
-67.4938832793
-69.6061191225
-68.3618126531
-68.1500688894
-68.371303116
-65.5094190019
-66.5832226874
-68.7557100864
-70.5908219351
-70.3557944949
-68.3408803929
-67.84435388
-68.0050820316
-67.5372487411
-69.289297908
-70.466799179
-71.9465982758
-69.7989047622
-69.4437867685
-69.8632565331
-69.2038963861
-69.9852877555
-70.8116812739
-71.5265231524
-69.370309002
-67.1958859268
-66.9296025994
-68.3032299571
-68.63184461
-65.7962663591
-67.2730685124
-70.9693535611
-72.2978870587
-70.9542406307
-68.481614789
-70.4025142611
-68.9817988265
-70.9755054158
-66.969796957
-65.1613712507
-65.6896435607
-66.4623934358
-68.2004939528
-70.3791530202
-70.5586475293
-69.3494809665
-71.0120639176
-70.540411764
-68.7387572145
-70.9214209654
-70.5934858322
-68.15070167
-68.1950050561
-69.6254460193
-70.5196881619
-69.2104968366
-67.2083094003
-66.2858035444
-68.2854251179
-71.0510723974
-71.730952105
-72.4981202001
-70.5487831124
-70.3976522053
-69.2717749262
-69.7097946287
-69.7535965395
-66.5692085793
-68.1899555157
-70.1064298963
-69.7863220825
-67.8836450946
-69.5575882819
-70.0448825561
-67.5604713797
-68.2140941162
-71.256917803
-71.3131521864
-70.9124669874
-70.5718408626
-68.2518644481
-68.0223059557
-66.1651129143
-65.1217179743
-65.333098583
-66.7223117664
-70.7458693029
-68.6414184008
-68.1411842632
-67.6329902687
-68.1249330219
-71.2153669484
-68.6117277553
-69.4838984314
-68.0591482358
-70.3098846669
-72.9380279906
-68.6993509927
-64.6873738515
-64.0755322906
-65.3062355647
-67.2978289621
-70.3815811744
-66.9053428326
-66.8289739541
-68.1780589949
-69.1243087329
-67.9296141849
-71.1056262945
-68.1170203517
-66.6400418426
-68.8451165713
-69.4017637298
-69.2028779504
-67.2804693919
-66.0735501797
-68.0309138606
-71.0974116465
-69.6804474465
-65.6766193092
-64.5789636479
-65.2849221026
-67.5453985093
-68.6636421582
-68.5761169405
-68.4274261565
-66.9236779111
-67.5982363161
-68.6278841978
-65.3906688067
-66.060684341
-69.6468875126
-68.7269871055
-68.7628346354
-68.1395896198
-67.0204505982
-68.9410004802
-71.2542978446
-71.1990175444
-70.4232962403
-70.067543152
-71.285278054
-70.9879778003
-69.3058020559
-67.9258278572
-71.7190386095
-69.0981666524
-68.1933806954
-69.724501719
-69.5020237805
-69.015872442
-68.1704452742
-67.9993207705
-68.208504115
-67.7276873598
-68.3468575037
-69.3555252953
-70.0092932655
-71.5115708385
-72.7755236146
-70.6426207374
-70.422254913
-67.7493349296
-67.0309358396
-64.3435752585
-66.0611736144
-68.290009453
-69.7760593948
-67.1444227896
-67.1895131503
-65.9781703092
-67.6584418817
-70.5118866076
-67.7979735052
-67.0960038796
-67.0391719611
-68.6255517556
-67.9336750722
-67.7846633683
-68.3771931488
-67.1716253297
-66.6797691588
-65.9227219275
-67.7746012752
-68.9580123751
-70.2340948621
-71.4191310574
-71.00447461
-69.7286886738
-67.0603433574
-64.7902391407
-65.985048863
-70.2377782278
-69.8636727403
-68.7477800797
-65.9599752306
-67.2690092726
-67.93107542
-66.2171008231
-66.4563608606
-69.4483965255
-70.898336501
-68.0134303887
-67.8577068757
-70.8599158933
-67.8115232369
-68.9541309168
-69.7786945268
-72.1919136636
-71.5831390374
-70.5413030636
-67.2919402948
-67.7102858984
-68.382694742
-71.290180528
-70.7091463799
-67.7578499638
-68.5988600158
-71.7991932361
-71.0951099777
-66.9991120184
-66.1112938242
-68.091187849
-70.2591475629
-70.401193983
-71.3283932503
-68.9368374987
-67.974360113
-67.0670600359
-67.8830441994
-68.8784878191
-69.1175867276
-70.1782078407
-71.0730020964
-67.9693638723
-68.7400526179
-68.8777959003
-69.7462027711
-68.8552173507
-68.1929569421
-68.5852575355
-67.6307785659
-69.1169908383
-68.3826462243
-67.3490369726
-67.6197934188
-71.0448787588
-68.6053089469
-66.7679285741
-66.0358919877
-65.9894913777
-66.5354952242
-68.4712127948
-70.1061013837
-68.7607527099
-67.9435857143
-68.0327147433
-72.0337090513
-69.5318767298
-69.3865627429
-67.6108597296
-67.2245769713
-68.8893435792
-68.4877701894
-69.0413692504
-70.7241075485
-69.1025115175
-67.1174138883
-65.4599077588
-67.0728649726
-69.1815495588
-72.6737749915
-70.7495582395
-70.5122524222
-70.9579834037
-69.8275390627
-69.1897644531
-67.1186386461
-66.8084892205
-68.4885152612
-68.4986994057
-67.8752584006
-70.6528731876
-70.2944833878
-67.3936218012
-68.0916017874
-68.2558113934
-69.4070310545
-70.2186572685
-70.0841643517
-68.3487419236
-67.5573163007
-67.7660196898
-69.6582190411
-71.2523715591
-70.8251029251
-69.6926845977
-69.5262802211
-69.2193414455
-69.1191932983
-70.2111263988
-72.2651337372
-71.740007569
-67.998922066
-66.5619977469
-68.4119699115
-69.0661938028
-71.2214518065
-70.4974817266
-70.0026788848
-69.2928721717
-70.0319415915
-70.2611545526
-68.6302789258
-70.86433218
-69.8209889071
-68.8789168449
-69.1630417953
-70.3704357891
-69.024875312
-66.4028582834
-67.0885418738
-68.730459815
-70.1328468266
-68.8670263633
-68.3413321155
-68.1064554533
-70.9971181672
-68.8437913565
-68.9119079235
-68.8769870422
-67.3107133811
