3106250000.0
97656.25
-77.4974396069
-78.4659130471
-83.7481808129
-77.0363387837
-73.765696639
-73.063942554
-73.1365685113
-73.6227603249
-74.5493647286
-75.354128486
-76.8669631519
-81.4908976964
-95.7278926464
-90.0289675959
-91.5371758121
-87.3718659113
-85.9516142867
-88.0725908099
-84.0531601004
-84.2089999551
-89.0364582954
-89.9924174398
-87.5768629712
-83.8081638004
-79.1757468713
-78.8528650257
-81.9675814028
-82.0752401894
-81.8657601041
-85.5941870694
-82.3462254582
-78.0877478293
-77.4429266731
-78.0901024157
-78.8646944225
-79.9757711412
-83.4240794678
-97.0920771486
-86.0835877358
-81.6112873943
-82.299713472
-83.4798966501
-80.6825352284
-77.2822229525
-76.5025408794
-79.8413116359
-79.8075879911
-77.2808140573
-77.4967529876
-80.8831625746
-80.1536509054
-76.369506249
-76.9061953441
-80.2896906329
-88.3299979643
-95.2819237909
-82.6882740697
-76.2652866938
-73.9795046673
-75.3555760262
-80.095488085
-88.4121645462
-92.226093129
-83.6127015707
-81.6798891148
-80.3383836491
-78.9304618444
-79.8901327335
-84.5958515108
-83.8826307479
-79.5885187901
-77.0053696152
-75.9855451364
-77.9508784658
-84.0782241214
-85.5400594388
-84.8816695629
-89.2812514715
-87.5665443137
-77.7295064838
-77.4725270423
-87.6389137301
-79.0360627358
-76.7098266143
-79.069936876
-81.8796994987
-83.0269259405
-83.7860403958
-84.8311252712
-83.9105191124
-80.7255812708
-78.4132538929
-77.4800817127
-76.8797282873
-76.3326945051
-77.1824576583
-80.9596396719
-86.7847353592
-86.3717294452
-86.1506845596
-86.9112741186
-93.1496220994
-95.3221749867
-84.8550229105
-77.9757730093
-75.850621531
-78.5778482931
-88.2149883778
-93.4817692545
-88.930822352
-84.5521835577
-80.4026932406
-82.3842050101
-93.3192788521
-113.263473501
-91.7380591491
-83.4756889232
-80.1994698115
-79.6048063627
-80.4386333437
-80.9842149444
-82.6746718001
-83.374465107
-81.5139163288
-82.6573267449
-85.0490746346
-81.7157623631
-78.8231600863
-76.3403772548
-74.11016655
-72.82676664
-72.8149193462
-73.6930222076
-74.6246647375
-76.4032149684
-82.1751852924
-94.0748094828
-89.4178152252
-88.7907792679
-81.062755685
-79.350817202
-81.0138194044
-85.1431546648
-83.1358522814
-78.2821082769
-76.2723559143
-78.1257780225
-81.5764219246
-77.6518212478
-76.4199254757
-78.3799002203
-80.8715875269
-80.3718518766
-78.4018487965
-77.2819621243
-76.8574964736
-77.4765915713
-80.5850636164
-83.7304983552
-82.9088500794
-85.5297802813
-79.8396962083
-75.5118080025
-75.8163897667
-78.1547681793
-76.7054538327
-77.162088958
-79.7397093038
-78.3605511708
-73.8686439822
-70.4514402392
-69.0343796751
-69.5597924385
-71.864625154
-74.9268504379
-76.2397681262
-76.9560526416
-78.8208162168
-79.5300213904
-77.2672142935
-76.9252539161
-81.6124043292
-79.2153930918
-75.4220446383
-75.6756196717
-76.3877753592
-76.9178781097
-79.9018864234
-85.997948808
-83.3029261493
-80.5936681685
-79.8135830673
-83.2469301593
-95.3951632182
-82.3784331683
-76.9411422612
-75.7134342352
-79.4085517395
-88.1574894656
-76.1667176356
-73.661863556
-76.5755933116
-88.3914999379
-88.5603470298
-85.5161642538
-88.5398522835
-85.6865438708
-85.8067707879
-85.15036746
-75.2399572764
-72.177579373
-72.5889585427
-73.6547704417
-74.0856549005
-75.9369268109
-81.6358865719
-85.4719127839
-82.9170998688
-85.3056835485
-85.1445842484
-81.4972301199
-80.1208799316
-81.9445393587
-85.5755255054
-84.6826693733
-79.3150305876
-76.2379968478
-75.9819665004
-78.1240241204
-81.7159537356
-86.7917518888
-88.455522591
-85.7865638591
-94.2312395196
-87.2165109531
-82.6701541823
-82.2848539384
-83.8668956071
-84.0982962713
-79.9239591259
-82.0134708548
-89.2903362872
-81.884597885
-84.7588583254
-82.9772664982
-77.2389332444
-75.9687461352
-76.8097886192
-78.4455613968
-78.0397939485
-77.1756915149
-78.4669503058
-77.5175515221
-76.2758443306
-77.17328023
-77.6079416447
-74.317711259
-72.4779832695
-72.1992843144
-72.6434274202
-74.1954310564
-75.2628875092
-75.4958258399
-77.0962272991
-79.2914197723
-80.8945140958
-82.6593113602
-84.8554548103
-88.2768333368
-99.5563945492
-94.3176490845
-85.2145646836
-80.3073841188
-76.1189405238
-74.5332842824
-77.2510997616
-85.4126438955
-78.668785466
-77.316032244
-81.3796496586
-76.8224034988
-73.1336461363
-73.0449698565
-76.0701866167
-84.4542423252
-84.3134420904
-82.5503277403
-93.9538061696
-79.8977328822
-75.3780841051
-73.3396936316
-73.2172125068
-75.562387804
-74.1594043027
-70.5743626611
-70.4377732875
-73.9010984808
-82.4604321507
-85.2201456561
-79.6666774859
-79.4415973536
-82.2281781851
-87.5202994848
-90.4978031913
-81.2328291723
-78.5549772831
-82.434824274
-91.3113052318
-78.5796293128
-77.3129112421
-78.9813086596
-80.2588929078
-78.7472248352
-76.4306259487
-77.7359587309
-84.4548910181
-81.0832795827
-76.3188302414
-75.7086806962
-79.2777504867
-91.5548376501
-86.7945212759
-87.3187321516
-86.9261030497
-89.2170974986
-93.8023790508
-83.3854685772
-81.614399919
-82.8723415092
-79.8877674436
-75.0481489055
-74.5208968563
-79.4493463188
-97.2736325176
-94.1760575224
-80.509752915
-75.1878485579
-75.551728538
-81.1687601385
-80.6759630534
-76.8073087555
-79.1282547333
-96.0440497217
-78.0188809378
-75.8953289774
-77.6014039895
-80.6959729224
-84.1609242298
-85.2073991178
-81.5660705377
-77.0203646205
-73.8399352987
-72.6824956281
-73.1702208129
-74.581778803
-76.5834906746
-77.9445961103
-76.9176968283
-75.403285195
-75.1682481882
-76.5629361752
-80.365247659
-92.5209066984
-86.4336351883
-81.4391197387
-83.6337872041
-90.4961009244
-80.3046804158
-77.820494241
-79.8764312452
-84.5784994168
-84.6662079597
-81.0475011989
-79.716968198
-83.6014334933
-91.3726272333
-77.3052596664
-73.893007133
-74.8094236226
-80.2056549681
-94.3823231508
-91.2273516749
-87.0173720385
-90.2893868791
