2806250000.0
97656.25
-68.341548665
-70.7851756503
-69.3137862991
-67.1095484385
-66.9882432183
-69.555600599
-72.0622331395
-71.1748970492
-69.3975755919
-70.9147712406
-69.2094633874
-68.0770091533
-69.4311957844
-72.2318358108
-69.4385726044
-66.8625989783
-66.7329621017
-69.0487453675
-71.1915913839
-71.1405176385
-69.4309836035
-67.7605136284
-67.6952652115
-70.3831329925
-72.6323547069
-73.3961901393
-71.8777433654
-69.8882477652
-70.929463758
-70.3397192293
-69.1809293945
-71.7377294959
-70.9529385656
-71.5798332592
-71.1221468636
-71.8465223315
-70.7651302421
-71.1324316524
-70.8336465537
-71.1854317384
-71.3833523287
-68.7811618295
-67.1183417034
-70.4184742691
-70.9957281744
-67.1967559432
-68.5673805796
-74.6749379152
-71.8491422367
-71.493698204
-68.8024481156
-68.5088833952
-70.3781497856
-70.2003109959
-72.4105450152
-70.786897985
-68.65242192
-67.7161692147
-68.4973664732
-70.0139008297
-71.4488070019
-72.722629333
-71.6535877688
-71.1816356969
-70.8399429507
-73.0235003042
-69.4112634069
-67.0664280747
-70.4852738279
-71.2924078153
-70.1256891236
-70.0640761347
-69.8642961224
-70.5558556862
-69.8575728961
-69.7491611137
-68.6301305762
-69.1264752785
-67.8669314626
-69.5718803558
-69.0435134118
-67.3519416123
-68.2314550672
-70.1743124929
-71.1489802333
-71.6397211836
-70.987195309
-70.0121261622
-68.6628509053
-67.767729102
-67.3471716289
-66.2879243325
-66.0796585073
-69.4010203841
-73.4133858873
-72.5928333475
-73.8532889216
-73.494605931
-70.4709184888
-69.3397492355
-67.8989677413
-68.1120069923
-69.3531169031
-70.935360259
-71.4307440295
-73.0258036783
-73.1462751274
-70.2852451501
-68.8134707135
-70.232078927
-71.854668327
-68.5781916014
-67.756157282
-68.1657399271
-69.1602602003
-69.1321334383
-71.6155521263
-69.9680202603
-69.9942314689
-72.9541085552
-73.022193123
-69.3029804503
-69.727780626
-71.2381440901
-71.12803663
-72.8634693505
-75.3579981997
-72.9661040368
-70.2819433701
-70.0645402056
-70.877064658
-69.0577980424
-68.5644509333
-66.6007674221
-69.902345226
-69.2226632561
-67.5915013581
-67.5553263143
-68.2281019185
-71.2722847055
-67.9868909005
-67.5705445247
-69.1837592709
-67.3902644687
-67.7183479409
-68.7934415763
-71.37877455
-70.7729181797
-69.264733521
-69.9409720978
-69.0872457612
-69.1406253489
-68.4713863992
-70.6449446968
-71.6051611824
-68.1867818321
-69.7118196729
-71.8283984271
-71.2964610678
-69.9776535949
-69.5766270492
-70.5811190877
-73.0350294105
-74.9016814093
-71.9541915355
-68.1306668662
-68.933571997
-70.5848530894
-74.3558910895
-70.5048805673
-68.5259407354
-67.5214475927
-66.12694891
-67.1138580334
-70.9582452243
-68.3022380727
-69.7992084667
-69.773927906
-71.2716960054
-70.2240110124
-71.4654326281
-69.7785406324
-67.7152665071
-71.3256115245
-73.436202207
-70.7368657804
-70.1247312494
-68.1661203052
-68.1748961664
-70.8204691682
-71.0712184205
-70.0227338499
-70.7957402885
-69.8161824141
-71.2463699036
-67.8085520397
-65.6358001535
-67.2996305258
-69.7438262241
-69.9531940991
-71.3355857552
-71.1645809123
-68.4776477833
-69.3174841322
-69.6772071446
-68.9972260834
-70.3304500644
-72.9556739196
-69.6039488013
-73.1465456473
-71.1353359891
-70.0255896954
-72.0276905744
-68.893171712
-66.837892832
-68.653534469
-68.2406513415
-69.1144956162
-71.4805621285
-70.0167591863
-68.7023190327
-67.5572615485
-66.3084320024
-67.171501378
-69.4426121432
-72.3615633752
-70.6572023067
-67.4149225525
-67.3941441045
-67.5581697685
-67.5159426902
-67.8753513391
-70.1659754057
-68.5488728852
-70.8811630606
-70.9204082156
-70.020789934
-68.212218366
-67.0681791575
-68.280362231
-73.182477982
-69.3303846597
-68.2088040776
-68.2264998237
-71.4201725762
-70.6784446189
-69.3734077443
-72.3647153052
-70.8788770725
-72.354671574
-68.389556894
-66.2151879365
-68.8836904956
-67.3463622282
-66.2901194875
-66.1186452422
-69.2365095449
-70.9599502844
-68.820614651
-68.6266945742
-69.4733577554
-70.3068187962
-72.8464546081
-71.6956724223
-70.7876377563
-69.686712574
-70.488859544
-71.6401066589
-67.6487636226
-69.0018591085
-68.6811706688
-67.7617053152
-70.0001213551
-72.626168829
-71.7416716791
-71.4517361958
-69.1692961303
-67.8414276686
-67.5618385683
-70.1217894625
-68.8798652671
-71.5078276027
-68.4957782153
-67.6285478368
-69.1809554616
-68.5922292573
-67.643680986
-67.1518843476
-67.4750715948
-68.760387814
-68.2707466825
-66.2758929116
-64.3574486579
-66.515568058
-69.4250115509
-70.4377343491
-73.0565385932
-71.0366476991
-67.4490567292
-66.44350735
-66.3349952317
-67.0971521375
-69.3211397735
-71.0402411616
-74.4334485696
-74.0548486676
-75.6667322264
-73.065127303
-72.5077843808
-69.3532164678
-69.0522445013
-69.4143075526
-69.2558508654
-69.9851680525
-69.9528343661
-68.5848771901
-69.9130560135
-69.7253173257
-68.8226537855
-69.5411163314
-69.0999885761
-67.1803600892
-67.3536860497
-70.2772139266
-70.1423353486
-70.9605382489
-70.5833734098
-68.8609641036
-67.050794109
-66.4515699527
-68.9338078736
-69.0801046084
-68.5582540168
-70.7150815951
-69.5515166441
-70.7225287919
-70.5222326314
-70.3928545267
-68.7022815549
-68.3040855693
-69.623328302
-65.6052524462
-64.9161583834
-67.8750186994
-70.3750818683
-68.2175991143
-68.8599274193
-68.4244611526
-67.5636911482
-68.8496138881
-70.3626620791
-69.2443161339
-71.3929918447
-70.2061494013
-69.5630874763
-71.0529174868
-68.2897485259
-67.677513951
-70.2005525881
-69.9732407235
-67.4554280485
-67.6003089904
-69.262686339
-70.8188654995
-71.5802414646
-68.5860021762
-67.9420723015
-70.4476763557
-71.4827555155
-73.2269758694
-72.3200156304
-72.8027070523
-71.8357054702
-68.5378671171
-69.8543595657
-70.7839009669
-70.5436940574
-70.8535279822
-70.6383660911
-69.5743009305
-71.4821760391
-73.5885625672
-72.4595742174
-72.6188345954
