3068750000.0
97656.25
-64.5100729607
-63.7089748153
-63.9311841045
-66.5316944166
-67.9158786647
-66.8560025942
-67.2434596203
-67.2303977083
-67.188959381
-66.627118126
-65.9567076808
-63.9559309909
-64.2107966135
-66.3054042092
-65.3496172036
-65.1289070143
-64.6984143296
-67.9268057356
-67.4656100307
-63.5527090491
-63.4610171154
-63.4153494044
-64.911121188
-66.9520228076
-68.9740962161
-67.2608836413
-65.5099147548
-66.8823854243
-68.1167518958
-64.7174831275
-64.9194988486
-65.8002744544
-64.5635049818
-63.2131267717
-63.2698923721
-65.1929644621
-67.975673544
-67.7350830025
-65.7982756109
-63.1179082034
-64.4501200872
-67.8510580729
-66.725177855
-67.0678826929
-65.9643574875
-67.6059520177
-65.321194228
-65.9962920171
-65.00888683
-65.9740573166
-66.9331660381
-65.5778471391
-65.3579174862
-66.93044334
-67.6423253367
-66.6254519469
-65.5649836379
-63.9030126772
-65.2925542345
-67.2377722113
-66.3665334558
-65.2076019473
-64.3805740824
-65.506705883
-65.7205797635
-65.9723343694
-66.8000852025
-66.2912763731
-67.1565133445
-65.6505982456
-67.3755051266
-65.8918104547
-68.225059049
-66.2071656986
-64.0532300318
-67.2709792049
-66.3996182516
-65.0961488014
-65.5513077668
-64.5628824535
-65.5736372772
-65.5667337597
-66.0396669416
-66.9869561693
-68.6740221589
-65.0316594465
-64.955827464
-63.8809589393
-64.6699468131
-66.6196188831
-63.7337703562
-63.8505834481
-65.3132619101
-65.5634898037
-65.3314737504
-65.2714470647
-64.97371528
-63.2540387933
-63.7078339122
-67.03996086
-66.3968929706
-68.7141234202
-66.6227696524
-64.8382967755
-63.5881621952
-64.0416927005
-63.8521067601
-64.0909463547
-65.0034486774
-67.3807432101
-66.280410419
-66.06506602
-63.8177297642
-64.590413771
-66.823170925
-65.1932155887
-62.2512577913
-62.7359368803
-63.5894784232
-61.8048568529
-61.2797486
-62.8186548122
-66.9826279596
-66.2752151109
-67.0587902644
-65.8286567643
-65.582203059
-64.5859918332
-64.2017019258
-67.2691665163
-63.0920798394
-64.0302228141
-63.5573163715
-62.1310547538
-64.9412369961
-64.6757453042
-63.9164201136
-66.5700744888
-66.5355739379
-66.9528806312
-68.2922802363
-68.6207441039
-65.9057832506
-65.8683660582
-65.1206375737
-63.9712348423
-65.4666448659
-66.5643318054
-64.0502399971
-65.6872147232
-67.3776453421
-67.0748796756
-65.9833721412
-67.2930820358
-67.150319666
-66.3583924557
-65.3582093419
-66.5337560529
-65.9134776341
-64.5383048064
-64.8533187701
-66.1564980766
-66.3940487918
-65.4248208366
-66.1520310751
-66.7508064493
-67.5371857846
-63.8692708439
-62.8682587725
-65.0170285781
-64.9740761637
-64.6515749111
-66.1942533334
-64.8243991129
-63.7206329259
-63.5329440271
-64.0409999136
-65.33629205
-65.7062421932
-65.2222089802
-65.428369561
-66.9844506436
-66.6502657024
-66.1750867793
-64.847412483
-65.8426523698
-65.6659354768
-65.0253128767
-64.925923276
-66.1824143171
-65.0716868222
-64.8111892954
-63.7703030888
-64.225296414
-65.108225935
-65.4264960049
-64.4848552574
-66.4206393227
-65.6384510251
-66.4037738006
-65.9230536716
-64.8696825457
-66.5006476719
-67.1543494346
-65.8458727487
-66.8350437363
-65.7475456452
-65.8848710666
-65.331016328
-67.3981359569
-65.5156788301
-64.6704814428
-66.1560492211
-65.3502759178
-65.9211782257
-66.2309932015
-65.7861348182
-66.0610083991
-64.888531447
-66.4589239653
-66.2598802836
-66.3131887131
-64.8160284821
-64.7880272816
-65.5369938858
-66.0003796289
-67.1645109596
-65.6729769136
-64.3201567172
-62.3073711414
-64.3765757348
-65.6412113007
-65.229439414
-66.2034314073
-66.2409955968
-64.2767077911
-63.6673116509
-64.5614288136
-65.1478532176
-65.4115152719
-65.6076756327
-67.3321225885
-66.9286321507
-66.8916994419
-67.4354415243
-65.623057687
-64.7321533768
-66.5233992385
-67.0550508104
-66.7756250933
-68.1489290889
-67.5451956377
-66.8879327591
-66.2006593012
-65.2406916941
-66.3578928782
-65.7874877379
-65.480753543
-66.155218978
-66.5114099323
-67.242285634
-63.8946208461
-64.7636944835
-65.6819694119
-68.7751897408
-68.0400568319
-68.0061789358
-66.3211768066
-67.5856252583
-67.1376420522
-65.482251674
-65.1867998475
-64.3083956714
-63.5922988485
-64.327260791
-64.179890649
-64.4551215242
-65.6404204333
-67.1859944255
-67.5408246674
-66.5697928519
-65.209980487
-64.9866878935
-67.146889656
-66.9968595806
-63.6208464564
-63.7361640386
-66.8424930713
-66.1399362293
-66.6065444888
-66.1509195663
-68.9391606594
-68.1793295648
-65.635976646
-64.0123690271
-64.3324164429
-65.7078704332
-66.82177806
-65.8345467776
-64.6885615834
-65.2229617038
-62.8051206911
-64.8494397284
-64.2087731975
-63.3732212956
-65.7364437241
-65.344212707
-65.4643862445
-69.6858036279
-65.6594508725
-63.9837017722
-66.5298006615
-65.429832086
-65.6317676477
-66.2634444479
-65.1368710615
-64.3266640412
-62.8979451891
-65.7684803683
-69.2368767669
-67.2364792017
-65.2698091734
-67.1683838813
-67.2605023123
-66.6115725627
-66.7169041925
-66.7276847494
-65.8453711772
-66.0720126205
-64.5725658991
-65.0403341937
-66.5743979704
-68.8460614503
-67.0804666963
-65.4912574884
-64.8049122133
-67.1727604948
-68.6085978858
-67.141627471
-65.3005248592
-65.1045791154
-66.4288761187
-68.2407424939
-67.667519115
-66.7038923812
-64.6126233541
-65.4394708054
-66.8584861151
-66.3572322349
-64.9739751341
-66.8757980763
-66.1638881234
-67.2427738052
-66.4748406058
-66.9018167524
-68.0176885231
-68.0357843615
-66.6187430398
-67.2099382546
-66.7984734079
-66.6533778454
-63.7916856008
-66.7232644521
-66.6636066742
-64.6904486779
-64.3280555377
-63.659507388
-65.9564079628
-63.7494648786
-65.2379238275
-65.3947450724
-64.8960849706
-66.0043519228
-66.7844160084
-66.5841049766
-65.4882224046
-66.7589835914
-68.0322718901
-67.5113446386
-68.3215090785
-67.4138830467
-66.2892184515
-67.8025802771
-68.0311370548
