2243750000.0
97656.25
-65.0559664273
-64.9486972135
-66.202414118
-64.9233673946
-62.9560047302
-63.825811072
-63.5872887157
-65.0424993081
-65.2555281527
-64.4412338836
-65.1610306186
-65.5619362602
-64.1139383231
-63.1762602155
-63.9023823507
-63.4829752309
-63.9052417309
-63.4962553941
-64.5501766189
-63.2713879172
-62.5565881102
-63.0056537371
-63.090561743
-64.8529146049
-63.7952994412
-64.1774823028
-62.9632699361
-63.5069279349
-64.6616076362
-63.8616331353
-63.385395371
-64.7114840613
-65.5548872956
-63.4038257305
-62.9363598458
-64.2370658694
-64.4198848071
-65.5240328261
-64.1292743268
-62.5715191268
-62.2986835227
-62.8171859115
-63.4186820875
-64.1999014812
-64.6142543401
-63.068588453
-62.0475155234
-61.700867923
-63.0636953282
-63.4353430465
-62.7770383082
-64.6259191342
-64.4133082598
-63.6775436927
-64.2438837838
-64.83424151
-64.097427444
-65.0758288101
-64.2800954024
-64.6538755584
-63.5308584591
-62.1766029866
-62.5559285377
-63.5172476831
-65.0844894901
-64.4652565832
-63.1839464796
-63.2650511276
-63.3080470361
-64.045181421
-64.3544593783
-63.6516072801
-61.4198171051
-61.5002808205
-62.8185254631
-63.2578356696
-62.9485318092
-62.9030984777
-63.8967423773
-64.1847908156
-62.5268777161
-64.5554299426
-63.7209950636
-64.299242073
-61.7604759059
-60.665327784
-61.9915923193
-60.7018341404
-64.3057047163
-63.0460996617
-63.7910272034
-65.9823075634
-62.7719263533
-61.3551315454
-63.5437652921
-63.132699429
-62.2177563999
-64.2336861728
-64.0743146317
-63.6667516184
-62.1205076813
-62.1201211196
-63.566962263
-64.8740351761
-63.4532436141
-60.0415259859
-60.5154862581
-61.5525649688
-61.5378299885
-62.1023962663
-64.8346878175
-64.4138117524
-63.9543918315
-63.44753226
-64.1698537094
-64.0842233094
-63.3134669004
-62.4768239954
-63.4180494852
-63.4246307972
-64.0271250385
-61.8057340493
-62.5330723258
-63.8777857376
-61.4661257975
-61.545310645
-63.0257652718
-61.9706235738
-63.3362470492
-61.624885089
-62.6618894581
-62.804710793
-65.0093128627
-64.213333657
-63.7906702827
-64.228103334
-64.1527370253
-63.8326659797
-63.8504141795
-63.5313769554
-62.4385928146
-62.4019917852
-62.8796700348
-63.5674990257
-63.7458104637
-62.4176654583
-63.6407361019
-62.0998976365
-62.0309255929
-63.245153014
-62.8342546996
-62.5856965956
-62.5197486326
-61.2219179464
-61.3805310905
-64.9752032719
-64.9238744352
-63.5787482486
-63.3327057721
-62.2754910093
-61.9746882098
-62.7384705453
-64.5275130851
-64.0441555304
-63.4571159556
-64.0981041782
-60.7709582124
-62.3305001023
-64.0670800777
-63.0162608832
-63.2525082191
-64.7503843167
-64.1805126824
-62.9527232612
-63.6909379948
-63.3204637052
-63.9486333702
-62.4824845254
-63.5653670569
-64.5492145527
-63.5663227545
-63.6004978305
-64.3121796738
-64.1317568853
-61.3738087761
-62.3451637027
-64.4729465122
-63.8390825725
-61.4669775803
-61.8103961543
-62.6078408625
-61.8992190587
-64.2553025901
-63.4156058418
-63.5741124865
-65.4430335563
-64.3383060311
-63.129845729
-63.5173482229
-62.3512585949
-63.5844783483
-63.9249805988
-63.3819549338
-63.7726510452
-64.1042980004
-63.9461168276
-64.0168990196
-64.4552171845
-67.0190096929
-65.9674357195
-64.5685036026
-64.7572364251
-64.2297588729
-63.1595214796
-63.3699992522
-64.6254260069
-64.7992059065
-63.8725445115
-62.5481719058
-62.9846943892
-63.8241582794
-62.3450647711
-63.0922618305
-64.330647665
-65.3376947261
-64.7779753316
-63.0645712485
-62.827540296
-65.1301546602
-63.6592861539
-64.5281550015
-65.6478201399
-64.6485434196
-64.3447671902
-64.8951387829
-65.1141540849
-66.0864374263
-65.7879829823
-63.229335658
-63.6549314853
-65.6787564769
-66.4748431809
-64.8453770831
-66.2203108473
-66.1273142858
-65.6636541429
-65.1786965777
-65.7366963604
-66.6799916835
-67.0125000933
-67.511256837
-64.720436893
-65.4624953413
-66.3383577911
-65.7803815339
-64.3049011029
-63.6970428549
-64.5157100091
-65.1182307364
-62.9432666101
-64.6842198451
-64.2735612556
-65.8535442036
-66.6807993473
-64.2479256589
-64.2308488726
-66.2911148631
-64.9814761997
-65.0792605443
-65.0894813977
-66.268621476
-66.2164820495
-66.1955915868
-65.6463668521
-66.6443537184
-65.9410524326
-65.0517773228
-66.4124971718
-66.2131660937
-66.8365260244
-67.0665031127
-66.6215282481
-66.8080419406
-66.2750534944
-65.9604568827
-66.2223488623
-64.6340214512
-65.0704342933
-67.4553316881
-67.200544696
-67.3861246526
-67.374467771
-65.2749752985
-65.7270507528
-66.3365910181
-67.6607542454
-66.81495052
-66.8971163825
-65.1010294621
-66.4624007722
-67.053384867
-66.2357796525
-65.5135879749
-66.9164021087
-67.8668214705
-66.2442100816
-65.7250432226
-68.0123683416
-66.3847166231
-66.1689635278
-68.5913299302
-67.083869597
-67.211980522
-66.902406534
-66.1091408712
-67.4789624067
-68.0156806267
-66.5780679536
-66.6001066472
-65.4996847937
-65.680539275
-66.7117076869
-65.6486208722
-65.8624734816
-68.0804073312
-65.7537316537
-65.1541443284
-66.9340630795
-66.1229898137
-65.3708116751
-66.0843149141
-67.1613670211
-66.9532568294
-67.1622193751
-66.7914766114
-67.2526781371
-67.1869851197
-66.6829966907
-68.2426911265
-67.9527977433
-67.0632325773
-67.4295247358
-67.5135481988
-68.1448937766
-68.0202066573
-66.5563594364
-65.8555182536
-67.4182738664
-68.204632509
-67.2101234398
-66.8700051121
-66.9886216643
-66.7763833113
-65.9582441421
-65.0789105534
-65.1152670356
-67.3201389348
-67.5274474432
-68.0836885496
-68.6999852734
-69.5457854816
-68.8366082735
-68.4936230863
-68.5872976766
-67.968281674
-68.4322443515
-67.7877710612
-66.4182726344
-65.8337960841
-65.7650319259
-67.3406144282
-68.505493809
-67.4940363198
-66.3887894059
-68.1435335689
-68.1529511004
-69.1762419243
-68.891435463
-67.3953689678
-67.3806036271
-68.1926397689
-68.0005829662
-65.9686096083
-66.9403954736
