4906250000.0
97656.25
-89.2185076273
-90.0290669478
-96.8979612866
-92.3087018031
-91.8392793948
-93.0092519602
-90.9840422872
-91.6364320453
-92.6722999677
-90.5985722939
-88.6459141109
-89.7856468259
-90.5768512915
-94.0587715501
-90.9224839538
-89.9677733411
-92.2197667102
-89.6022590824
-89.0295793686
-92.467125205
-91.5047814228
-87.8683977735
-87.83572568
-90.1827480139
-88.4963807752
-88.0617541808
-90.2206752338
-92.2261452621
-91.9283220478
-89.8049016655
-92.3705114566
-94.9181694297
-95.5918469351
-91.9720669394
-89.0069052692
-88.4188081499
-90.0754309334
-89.4826570347
-88.6418522212
-92.6232504562
-88.999901522
-87.1079986669
-87.2356094238
-90.708808413
-92.6772584814
-91.9534631617
-91.2437787387
-91.7223045522
-90.2322015094
-88.9503880045
-88.9836078449
-88.5168415507
-89.8241490322
-86.683533113
-86.8982594161
-89.0120260637
-89.8758507212
-89.9409751494
-90.5488402719
-90.0739071315
-89.4752208111
-91.6614441865
-92.2673750308
-91.5408994456
-87.8378902102
-86.3189664892
-88.1527347193
-89.7504988181
-92.4406284627
-91.5909103179
-90.1314283096
-90.3040151641
-90.3454394127
-90.7698028677
-93.9914129065
-96.1773054792
-94.5783749874
-93.337432645
-93.6308760064
-91.2479386838
-89.542437002
-88.9278090928
-88.3787243077
-88.9681787113
-89.5901282777
-90.3200344076
-91.2604991426
-92.0729474612
-93.8641153147
-90.5793822582
-89.0071745529
-88.9832514293
-88.8971869584
-90.9706407155
-91.7972373909
-90.0298709671
-90.2891454684
-90.6107121985
-91.7608419872
-90.6461528014
-91.9795550159
-90.5569371418
-90.1144232902
-89.6425853393
-91.7028984659
-92.7287017295
-92.2154020574
-90.7566513785
-90.4095872317
-86.2395151511
-86.2429783673
-88.4961422862
-87.0034055519
-86.1932471341
-88.9962087069
-88.5248825289
-86.8332960495
-89.4824344319
-87.4563843197
-88.1596709594
-90.5318303053
-88.8544752621
-89.7891189727
-85.4633938403
-84.7981323073
-87.1166748574
-84.7473918463
-86.0400896368
-91.6644513214
-91.0037611581
-91.0414308589
-91.5221707063
-91.739590907
-93.6726549749
-90.8695155065
-88.0926433131
-88.1757489214
-91.2799897247
-88.2985762447
-88.6628047483
-93.5403012789
-93.4030339547
-94.076091374
-90.6237295244
-88.8037306834
-89.3255144014
-94.2174146785
-92.5941636762
-90.7467744424
-90.4981838618
-88.6774775363
-87.6500625459
-88.8842820852
-89.7297871003
-88.1490169841
-89.1361486271
-88.9204263972
-90.3007934255
-89.5389871487
-86.401156269
-86.9773615027
-91.7162473436
-91.209940643
-90.992987362
-90.7616937193
-90.3048877031
-90.3205297463
-86.7256261081
-86.2852820271
-85.694626229
-86.953983855
-87.2824916192
-86.6026292321
-88.024451816
-89.9539546352
-89.821909836
-89.9036002841
-88.4391778251
-88.6326116983
-88.5660369347
-89.3469124224
-90.7971977497
-90.3609538412
-92.7619604761
-90.3260331283
-88.9991798737
-90.2462891463
-91.5576926392
-90.5863825297
-90.4450510564
-85.9190316885
-76.265966365
-73.3525486218
-75.9671617705
-84.5526362112
-90.149868506
-91.8230668364
-91.7839811331
-89.3298301699
-89.8258587186
-89.0275220296
-88.7005899565
-88.5965948969
-85.7973543327
-83.7340873166
-85.8634486846
-89.2899598351
-87.5630343843
-89.1303955339
-87.9953268719
-89.0736968662
-88.971743572
-89.0912534103
-88.5621684756
-90.3144213835
-87.368317016
-87.8191284392
-89.370242901
-90.5958538183
-90.8551310924
-88.5597547598
-88.996745966
-87.0656969837
-88.3161560905
-88.7585310208
-90.8308617429
-92.4051718711
-91.7217422222
-89.2455712877
-88.1059211511
-90.9953647618
-91.4068534938
-92.1258094957
-88.6291927449
-89.9316015543
-91.1992398882
-91.2200614176
-91.8736347846
-89.2197478812
-85.8306506531
-85.8028923414
-87.1187213649
-87.9494771795
-86.1284004714
-87.5719355195
-89.5223574205
-91.1288724096
-90.0506252411
-88.8334512806
-90.5387084979
-91.1443867792
-91.4814826045
-91.2895728329
-92.7999250858
-87.9445729696
-86.4203679834
-86.9565577899
-87.1041273202
-88.5656257473
-90.9932175597
-90.0982153279
-90.7800893986
-88.9908720844
-89.7458130025
-89.8301133222
-85.6555119225
-87.7672092352
-89.4561885555
-90.4710098166
-87.604749502
-87.1494624197
-88.4503972284
-90.1683980974
-92.0434291805
-90.9253623861
-89.6844710282
-91.8516113518
-90.2478664374
-90.1092186375
-89.0163004176
-88.2475187098
-87.7294991941
-87.8405218187
-90.5757280401
-91.3584405416
-89.2214820732
-91.5668513556
-89.3843114699
-86.8302448127
-85.2074360389
-86.8521852863
-90.7534491955
-89.8899735394
-89.3284790737
-88.2060095935
-86.1719729425
-87.1006112683
-89.9414444086
-90.1068514495
-86.9930826502
-87.5347018582
-89.6236169701
-91.2864209313
-90.693201236
-90.0993725727
-89.8032855586
-91.388118151
-91.2250515079
-90.6849245819
-91.2936378571
-89.7072906157
-90.7667724197
-90.2870677471
-91.5739414812
-91.8022834961
-88.6704232079
-87.6167445843
-90.5184459458
-92.2567302314
-92.312738829
-89.9112025639
-90.846294178
-89.0305426582
-88.8161275392
-89.1241406384
-90.7812210695
-89.1017798794
-89.469543523
-89.0188521816
-89.4404491262
-89.6222072203
-90.279340603
-91.3788407069
-86.4194397112
-85.7612030833
-87.8576524227
-90.048594067
-88.2512291813
-86.8116542917
-91.6758914642
-89.2039775454
-90.7501839918
-88.4192960595
-89.2766355074
-89.8616254264
-86.7770938419
-88.5885492178
-90.2724684326
-87.0184168267
-88.7612650793
-93.4832309735
-88.3478340102
-88.5952946724
-90.7006533168
-92.1738466427
-89.8169044016
-88.8203168575
-89.272956009
-88.7000343796
-88.9286266841
-90.0569818227
-90.5454967079
-92.2936623404
-92.6507228672
-92.0729362486
-88.6161545341
-89.8827793022
-91.6760023625
-86.8155335826
-86.6451206115
-87.8672681409
-90.0937256487
-91.8388267315
-90.8467101942
-88.7171064122
-89.4244697882
-89.5374405388
-90.9741979
-93.9068143465
-96.2273872942
-95.1908364938
-91.693004691
-89.7955646971
-89.8466634438
